[ 2015-07-02T09:07:09+08:00 ] ::1 /
INFO: [ app_init ] --START--
INFO: Run Behavior\BuildLiteBehavior [ RunTime:0.000028s ]
INFO: Run Common\Behavior\InitHookBehavior [ RunTime:0.004640s ]
INFO: [ app_init ] --END-- [ RunTime:0.005507s ]
INFO: [ app_begin ] --START--
INFO: Run Behavior\ReadHtmlCacheBehavior [ RunTime:0.001064s ]
INFO: [ app_begin ] --END-- [ RunTime:0.001199s ]
SQL: SHOW COLUMNS FROM `jm_config` [ RunTime:0.1447s ]
SQL: SELECT `type`,`name`,`value` FROM `jm_config` WHERE `status` = 1  [ RunTime:0.0178s ]
SQL: SHOW COLUMNS FROM `jm_notice` [ RunTime:0.2696s ]
SQL: SELECT `id`,`create_time`,`title` FROM `jm_notice` WHERE ( status = 0 ) ORDER BY is_top desc,create_time desc LIMIT 6   [ RunTime:0.2829s ]
SQL: SHOW COLUMNS FROM `jm_infomation` [ RunTime:0.1141s ]
SQL: SELECT `id`,`create_time`,`title` FROM `jm_infomation` WHERE ( status = 1 ) ORDER BY level desc,create_time desc LIMIT 6   [ RunTime:0.0232s ]
NOTIC: [8] Undefined variable: noticearray D:\wamp\www\Application\Home\Controller\IndexController.class.php 第 60 行.
NOTIC: [2] implode(): Invalid arguments passed D:\wamp\www\Application\Home\Controller\IndexController.class.php 第 60 行.
NOTIC: [8] Undefined variable: newsarray D:\wamp\www\Application\Home\Controller\IndexController.class.php 第 62 行.
NOTIC: [2] implode(): Invalid arguments passed D:\wamp\www\Application\Home\Controller\IndexController.class.php 第 62 行.
SQL: SHOW COLUMNS FROM `jm_project` [ RunTime:0.0785s ]
SQL: SHOW COLUMNS FROM `jm_proj_index` [ RunTime:0.3662s ]
SQL: SELECT * FROM `jm_proj_index` WHERE `stage` = 4 ORDER BY is_top desc, create_time desc LIMIT 6   [ RunTime:0.1198s ]
SQL: SELECT * FROM `jm_proj_index` WHERE `stage` = 2 ORDER BY is_top desc, create_time desc  [ RunTime:0.0007s ]
SQL: SELECT * FROM `jm_proj_index` WHERE `stage` = 1 ORDER BY is_top desc, create_time desc  [ RunTime:0.0007s ]
SQL: SELECT * FROM `jm_proj_index` WHERE `stage` = 9 ORDER BY is_top desc, create_time desc LIMIT 6   [ RunTime:0.0007s ]
SQL: SHOW COLUMNS FROM `jm_banner` [ RunTime:0.0335s ]
SQL: SELECT * FROM `jm_banner` WHERE `status` = 0 ORDER BY sort asc,id desc  [ RunTime:0.0115s ]
SQL: SELECT * FROM `jm_proj_index` WHERE `status` = 9 AND `stage` BETWEEN '1' AND '4' ORDER BY stage desc,is_top desc,create_time desc LIMIT 6   [ RunTime:0.0008s ]
SQL: SHOW COLUMNS FROM `jm_project` [ RunTime:0.0176s ]
SQL: SELECT COUNT(*) AS tp_count FROM `jm_project` WHERE `status` >= 9 LIMIT 1   [ RunTime:0.0003s ]
SQL: SHOW COLUMNS FROM `jm_project_investor` [ RunTime:0.0120s ]
SQL: SELECT SUM(fund) AS tp_sum FROM `jm_project_investor` WHERE `status` >= 4 LIMIT 1   [ RunTime:0.0003s ]
SQL: SHOW COLUMNS FROM `jm_product` [ RunTime:0.0371s ]
SQL: SELECT COUNT(*) AS tp_count FROM `jm_product` WHERE `status` >= 9 LIMIT 1   [ RunTime:0.0138s ]
SQL: SHOW COLUMNS FROM `jm_custom` [ RunTime:0.0282s ]
SQL: SELECT SUM(amount) AS tp_sum FROM `jm_custom` WHERE `status` = 1 LIMIT 1   [ RunTime:0.0277s ]
SQL: SHOW COLUMNS FROM `jm_ucenter_member` [ RunTime:0.0096s ]
SQL: SELECT COUNT(*) AS tp_count FROM `jm_ucenter_member` WHERE `status` = 1 LIMIT 1   [ RunTime:0.0054s ]
SQL: SHOW COLUMNS FROM `jm_link` [ RunTime:0.0859s ]
SQL: SELECT `name`,`logo`,`url` FROM `jm_link` WHERE `status` = 1 ORDER BY sort desc LIMIT 12   [ RunTime:0.0204s ]
INFO: [ view_parse ] --START--
INFO: [ template_filter ] --START--
INFO: Run Behavior\ContentReplaceBehavior [ RunTime:0.000342s ]
INFO: [ template_filter ] --END-- [ RunTime:0.000476s ]
SQL: SHOW COLUMNS FROM `jm_picture` [ RunTime:0.0468s ]
SQL: SELECT * FROM `jm_picture` WHERE `status` = 1 AND `id` = 20 LIMIT 1   [ RunTime:0.0225s ]
SQL: SELECT * FROM `jm_picture` WHERE `status` = 1 AND `id` = 20 LIMIT 1   [ RunTime:0.0004s ]
SQL: SELECT * FROM `jm_picture` WHERE `status` = 1 AND `id` = 19 LIMIT 1   [ RunTime:0.0003s ]
SQL: SELECT * FROM `jm_picture` WHERE `status` = 1 AND `id` = 19 LIMIT 1   [ RunTime:0.0003s ]
SQL: SELECT * FROM `jm_picture` WHERE `status` = 1 AND `id` = 15 LIMIT 1   [ RunTime:0.0002s ]
SQL: SELECT * FROM `jm_picture` WHERE `status` = 1 AND `id` = 10 LIMIT 1   [ RunTime:0.0008s ]
SQL: SELECT * FROM `jm_picture` WHERE `status` = 1 AND `id` = 5 LIMIT 1   [ RunTime:0.0007s ]
SQL: SELECT * FROM `jm_picture` WHERE `status` = 1 AND `id` = 11 LIMIT 1   [ RunTime:0.0007s ]
SQL: SELECT * FROM `jm_picture` WHERE `status` = 1 AND `id` = 14 LIMIT 1   [ RunTime:0.0007s ]
SQL: SELECT * FROM `jm_picture` WHERE `status` = 1 AND `id` = 13 LIMIT 1   [ RunTime:0.0007s ]
INFO: Run Behavior\ParseTemplateBehavior [ RunTime:0.308306s ]
INFO: [ view_parse ] --END-- [ RunTime:0.308940s ]
INFO: [ view_filter ] --START--
INFO: Run Behavior\WriteHtmlCacheBehavior [ RunTime:0.002977s ]
INFO: [ view_filter ] --END-- [ RunTime:0.003410s ]
INFO: [ app_end ] --START--
INFO: Run Behavior\ShowPageTraceBehavior [ RunTime:0.004763s ]
INFO: [ app_end ] --END-- [ RunTime:0.005220s ]

[ 2015-07-02T09:07:10+08:00 ] ::1 /Index/getinfo?type=1&id=2
INFO: [ app_init ] --START--
INFO: Run Behavior\BuildLiteBehavior [ RunTime:0.000064s ]
INFO: Run Common\Behavior\InitHookBehavior [ RunTime:0.012462s ]
INFO: [ app_init ] --END-- [ RunTime:0.014698s ]
INFO: [ app_begin ] --START--
INFO: Run Behavior\ReadHtmlCacheBehavior [ RunTime:0.000934s ]
INFO: [ app_begin ] --END-- [ RunTime:0.001050s ]
SQL: SHOW COLUMNS FROM `jm_config` [ RunTime:0.0289s ]
SQL: SELECT `type`,`name`,`value` FROM `jm_config` WHERE `status` = 1  [ RunTime:0.0180s ]
SQL: SHOW COLUMNS FROM `jm_infomation` [ RunTime:0.0199s ]
SQL: SELECT `description`,`title` FROM `jm_infomation` WHERE `id` = 2 LIMIT 1   [ RunTime:0.0003s ]
NOTIC: [8] Undefined index: id D:\wamp\www\Application\Home\Controller\IndexController.class.php 第 146 行.

[ 2015-07-02T09:19:56+08:00 ] ::1 /List/index/type/1/status/0/p/1.html
INFO: [ app_init ] --START--
INFO: Run Behavior\BuildLiteBehavior [ RunTime:0.000062s ]
INFO: Run Common\Behavior\InitHookBehavior [ RunTime:0.004894s ]
INFO: [ app_init ] --END-- [ RunTime:0.005859s ]
INFO: [ app_begin ] --START--
INFO: Run Behavior\ReadHtmlCacheBehavior [ RunTime:0.000967s ]
INFO: [ app_begin ] --END-- [ RunTime:0.001102s ]
SQL: SHOW COLUMNS FROM `jm_config` [ RunTime:0.0119s ]
SQL: SELECT `type`,`name`,`value` FROM `jm_config` WHERE `status` = 1  [ RunTime:0.0006s ]
SQL: SHOW COLUMNS FROM `jm_project` [ RunTime:0.0254s ]
SQL: SHOW COLUMNS FROM `jm_proj_index` [ RunTime:0.0135s ]
SQL: SELECT * FROM `jm_proj_index` WHERE `status` = 9 AND `stage` = 4 ORDER BY create_time desc  [ RunTime:0.0012s ]
SQL: SELECT * FROM `jm_proj_index` WHERE `status` = 9 AND `stage` = 1 ORDER BY create_time desc  [ RunTime:0.0011s ]
SQL: SELECT * FROM `jm_proj_index` WHERE `status` = 9 AND `stage` IN ('8','9') ORDER BY create_time desc  [ RunTime:0.0011s ]
SQL: SELECT * FROM `jm_proj_index` WHERE `status` = 9 AND `stage` = 8 ORDER BY create_time desc  [ RunTime:0.0008s ]
NOTIC: [2] array_slice() expects parameter 1 to be array, null given D:\wamp\www\Application\Home\Controller\ListController.class.php 第 63 行.
INFO: [ view_parse ] --START--
INFO: [ template_filter ] --START--
INFO: Run Behavior\ContentReplaceBehavior [ RunTime:0.000999s ]
INFO: [ template_filter ] --END-- [ RunTime:0.001733s ]
SQL: SHOW COLUMNS FROM `jm_picture` [ RunTime:0.0263s ]
SQL: SELECT * FROM `jm_picture` WHERE `status` = 1 AND `id` = 15 LIMIT 1   [ RunTime:0.0004s ]
NOTIC: [8] Undefined variable: listOfStocks D:\wamp\www\Runtime\Cache\Home\17aa3eae73c20220667e35dc2db3fa96.php 第 263 行.
INFO: Run Behavior\ParseTemplateBehavior [ RunTime:0.115958s ]
INFO: [ view_parse ] --END-- [ RunTime:0.116164s ]
INFO: [ view_filter ] --START--
INFO: Run Behavior\WriteHtmlCacheBehavior [ RunTime:0.001375s ]
INFO: [ view_filter ] --END-- [ RunTime:0.001562s ]
INFO: [ app_end ] --START--
INFO: Run Behavior\ShowPageTraceBehavior [ RunTime:0.001274s ]
INFO: [ app_end ] --END-- [ RunTime:0.001423s ]

[ 2015-07-02T09:20:48+08:00 ] ::1 /Index/getinfo?type=1&id=2
INFO: [ app_init ] --START--
INFO: Run Behavior\BuildLiteBehavior [ RunTime:0.000058s ]
INFO: Run Common\Behavior\InitHookBehavior [ RunTime:0.009332s ]
INFO: [ app_init ] --END-- [ RunTime:0.010791s ]
INFO: [ app_begin ] --START--
INFO: Run Behavior\ReadHtmlCacheBehavior [ RunTime:0.003531s ]
INFO: [ app_begin ] --END-- [ RunTime:0.004206s ]
SQL: SHOW COLUMNS FROM `jm_config` [ RunTime:0.0225s ]
SQL: SELECT `type`,`name`,`value` FROM `jm_config` WHERE `status` = 1  [ RunTime:0.0006s ]
SQL: SHOW COLUMNS FROM `jm_infomation` [ RunTime:0.0122s ]
SQL: SELECT `description`,`title` FROM `jm_infomation` WHERE `id` = 2 LIMIT 1   [ RunTime:0.0004s ]
NOTIC: [8] Undefined index: id D:\wamp\www\Application\Home\Controller\IndexController.class.php 第 146 行.

[ 2015-07-02T09:21:12+08:00 ] ::1 /List/index/type/1/status/0/p/1.html
INFO: [ app_init ] --START--
INFO: Run Behavior\BuildLiteBehavior [ RunTime:0.000028s ]
INFO: Run Common\Behavior\InitHookBehavior [ RunTime:0.004260s ]
INFO: [ app_init ] --END-- [ RunTime:0.004969s ]
INFO: [ app_begin ] --START--
INFO: Run Behavior\ReadHtmlCacheBehavior [ RunTime:0.001004s ]
INFO: [ app_begin ] --END-- [ RunTime:0.001154s ]
SQL: SHOW COLUMNS FROM `jm_config` [ RunTime:0.1041s ]
SQL: SELECT `type`,`name`,`value` FROM `jm_config` WHERE `status` = 1  [ RunTime:0.0013s ]
SQL: SHOW COLUMNS FROM `jm_project` [ RunTime:0.0807s ]
SQL: SHOW COLUMNS FROM `jm_proj_index` [ RunTime:0.0576s ]
SQL: SELECT * FROM `jm_proj_index` WHERE `status` = 9 AND `stage` = 4 ORDER BY create_time desc  [ RunTime:0.0011s ]
SQL: SELECT * FROM `jm_proj_index` WHERE `status` = 9 AND `stage` = 1 ORDER BY create_time desc  [ RunTime:0.0009s ]
SQL: SELECT * FROM `jm_proj_index` WHERE `status` = 9 AND `stage` IN ('8','9') ORDER BY create_time desc  [ RunTime:0.0008s ]
SQL: SELECT * FROM `jm_proj_index` WHERE `status` = 9 AND `stage` = 8 ORDER BY create_time desc  [ RunTime:0.0010s ]
NOTIC: [2] array_slice() expects parameter 1 to be array, null given D:\wamp\www\Application\Home\Controller\ListController.class.php 第 63 行.
INFO: [ view_parse ] --START--
INFO: [ template_filter ] --START--
INFO: Run Behavior\ContentReplaceBehavior [ RunTime:0.000275s ]
INFO: [ template_filter ] --END-- [ RunTime:0.000549s ]
SQL: SHOW COLUMNS FROM `jm_picture` [ RunTime:0.0120s ]
SQL: SELECT * FROM `jm_picture` WHERE `status` = 1 AND `id` = 15 LIMIT 1   [ RunTime:0.0005s ]
NOTIC: [8] Undefined variable: listOfStocks D:\wamp\www\Runtime\Cache\Home\17aa3eae73c20220667e35dc2db3fa96.php 第 263 行.
INFO: Run Behavior\ParseTemplateBehavior [ RunTime:0.082996s ]
INFO: [ view_parse ] --END-- [ RunTime:0.083417s ]
INFO: [ view_filter ] --START--
INFO: Run Behavior\WriteHtmlCacheBehavior [ RunTime:0.001793s ]
INFO: [ view_filter ] --END-- [ RunTime:0.001961s ]
INFO: [ app_end ] --START--
INFO: Run Behavior\ShowPageTraceBehavior [ RunTime:0.001259s ]
INFO: [ app_end ] --END-- [ RunTime:0.001409s ]

[ 2015-07-02T09:21:53+08:00 ] ::1 /List/index/type/2/status/0/p/1.html
INFO: [ app_init ] --START--
INFO: Run Behavior\BuildLiteBehavior [ RunTime:0.000052s ]
INFO: Run Common\Behavior\InitHookBehavior [ RunTime:0.006578s ]
INFO: [ app_init ] --END-- [ RunTime:0.007813s ]
INFO: [ app_begin ] --START--
INFO: Run Behavior\ReadHtmlCacheBehavior [ RunTime:0.001449s ]
INFO: [ app_begin ] --END-- [ RunTime:0.001717s ]
SQL: SHOW COLUMNS FROM `jm_config` [ RunTime:0.0447s ]
SQL: SELECT `type`,`name`,`value` FROM `jm_config` WHERE `status` = 1  [ RunTime:0.0006s ]
SQL: SHOW COLUMNS FROM `jm_product` [ RunTime:0.0516s ]
SQL: SHOW COLUMNS FROM `jm_product` [ RunTime:0.0125s ]
SQL: SELECT * FROM `jm_product` WHERE `status` = 9 AND `stage` = 2 ORDER BY create_time desc  [ RunTime:0.0005s ]
NOTIC: [2048] Only variables should be passed by reference D:\wamp\www\Application\Home\Model\ProductModel.class.php 第 14 行.
NOTIC: [2] Invalid argument supplied for foreach() D:\wamp\www\Application\Home\Model\ProductModel.class.php 第 63 行.
SQL: SELECT * FROM `jm_product` WHERE `status` = 9 AND `stage` = 9 ORDER BY create_time desc  [ RunTime:0.0004s ]
NOTIC: [2048] Only variables should be passed by reference D:\wamp\www\Application\Home\Model\ProductModel.class.php 第 19 行.
NOTIC: [2] Invalid argument supplied for foreach() D:\wamp\www\Application\Home\Model\ProductModel.class.php 第 63 行.
NOTIC: [2] array_merge(): Argument #1 is not an array D:\wamp\www\Application\Home\Model\ProductModel.class.php 第 9 行.
NOTIC: [8] Undefined variable: stocksList D:\wamp\www\Application\Home\Controller\ListController.class.php 第 72 行.
NOTIC: [2] array_slice() expects parameter 1 to be array, null given D:\wamp\www\Application\Home\Controller\ListController.class.php 第 72 行.
INFO: [ view_parse ] --START--
INFO: [ template_filter ] --START--
INFO: Run Behavior\ContentReplaceBehavior [ RunTime:0.000489s ]
INFO: [ template_filter ] --END-- [ RunTime:0.000859s ]
NOTIC: [8] Undefined variable: listOfStocks D:\wamp\www\Runtime\Cache\Home\17aa3eae73c20220667e35dc2db3fa96.php 第 263 行.
INFO: Run Behavior\ParseTemplateBehavior [ RunTime:0.060246s ]
INFO: [ view_parse ] --END-- [ RunTime:0.060405s ]
INFO: [ view_filter ] --START--
INFO: Run Behavior\WriteHtmlCacheBehavior [ RunTime:0.000976s ]
INFO: [ view_filter ] --END-- [ RunTime:0.001118s ]
INFO: [ app_end ] --START--
INFO: Run Behavior\ShowPageTraceBehavior [ RunTime:0.006900s ]
INFO: [ app_end ] --END-- [ RunTime:0.007220s ]

[ 2015-07-02T09:23:57+08:00 ] ::1 /List/index/type/2/status/0/p/1.html
INFO: [ app_init ] --START--
INFO: Run Behavior\BuildLiteBehavior [ RunTime:0.000029s ]
INFO: Run Common\Behavior\InitHookBehavior [ RunTime:0.003687s ]
INFO: [ app_init ] --END-- [ RunTime:0.004438s ]
INFO: [ app_begin ] --START--
INFO: Run Behavior\ReadHtmlCacheBehavior [ RunTime:0.000941s ]
INFO: [ app_begin ] --END-- [ RunTime:0.001082s ]
SQL: SHOW COLUMNS FROM `jm_config` [ RunTime:0.0091s ]
SQL: SELECT `type`,`name`,`value` FROM `jm_config` WHERE `status` = 1  [ RunTime:0.0004s ]

[ 2015-07-02T09:24:35+08:00 ] ::1 /List/index/type/1/status/0/p/1.html
INFO: [ app_init ] --START--
INFO: Run Behavior\BuildLiteBehavior [ RunTime:0.000032s ]
INFO: Run Common\Behavior\InitHookBehavior [ RunTime:0.005692s ]
INFO: [ app_init ] --END-- [ RunTime:0.006646s ]
INFO: [ app_begin ] --START--
INFO: Run Behavior\ReadHtmlCacheBehavior [ RunTime:0.001432s ]
INFO: [ app_begin ] --END-- [ RunTime:0.001692s ]
SQL: SHOW COLUMNS FROM `jm_config` [ RunTime:0.0157s ]
SQL: SELECT `type`,`name`,`value` FROM `jm_config` WHERE `status` = 1  [ RunTime:0.0085s ]

[ 2015-07-02T09:24:37+08:00 ] ::1 /Index/getinfo?type=1&id=2
INFO: [ app_init ] --START--
INFO: Run Behavior\BuildLiteBehavior [ RunTime:0.000058s ]
INFO: Run Common\Behavior\InitHookBehavior [ RunTime:0.007201s ]
INFO: [ app_init ] --END-- [ RunTime:0.008437s ]
INFO: [ app_begin ] --START--
INFO: Run Behavior\ReadHtmlCacheBehavior [ RunTime:0.003015s ]
INFO: [ app_begin ] --END-- [ RunTime:0.003215s ]
SQL: SHOW COLUMNS FROM `jm_config` [ RunTime:0.0107s ]
SQL: SELECT `type`,`name`,`value` FROM `jm_config` WHERE `status` = 1  [ RunTime:0.0013s ]
SQL: SHOW COLUMNS FROM `jm_infomation` [ RunTime:0.0110s ]
SQL: SELECT `description`,`title` FROM `jm_infomation` WHERE `id` = 2 LIMIT 1   [ RunTime:0.0003s ]
NOTIC: [8] Undefined index: id D:\wamp\www\Application\Home\Controller\IndexController.class.php 第 146 行.

[ 2015-07-02T09:24:45+08:00 ] ::1 /
INFO: [ app_init ] --START--
INFO: Run Behavior\BuildLiteBehavior [ RunTime:0.000032s ]
INFO: Run Common\Behavior\InitHookBehavior [ RunTime:0.003859s ]
INFO: [ app_init ] --END-- [ RunTime:0.004614s ]
INFO: [ app_begin ] --START--
INFO: Run Behavior\ReadHtmlCacheBehavior [ RunTime:0.001113s ]
INFO: [ app_begin ] --END-- [ RunTime:0.001275s ]
SQL: SHOW COLUMNS FROM `jm_config` [ RunTime:0.0119s ]
SQL: SELECT `type`,`name`,`value` FROM `jm_config` WHERE `status` = 1  [ RunTime:0.0004s ]
SQL: SHOW COLUMNS FROM `jm_notice` [ RunTime:0.0110s ]
SQL: SELECT `id`,`create_time`,`title` FROM `jm_notice` WHERE ( status = 0 ) ORDER BY is_top desc,create_time desc LIMIT 6   [ RunTime:0.0004s ]
SQL: SHOW COLUMNS FROM `jm_infomation` [ RunTime:0.0144s ]
SQL: SELECT `id`,`create_time`,`title` FROM `jm_infomation` WHERE ( status = 1 ) ORDER BY level desc,create_time desc LIMIT 6   [ RunTime:0.0003s ]
NOTIC: [8] Undefined variable: noticearray D:\wamp\www\Application\Home\Controller\IndexController.class.php 第 60 行.
NOTIC: [2] implode(): Invalid arguments passed D:\wamp\www\Application\Home\Controller\IndexController.class.php 第 60 行.
NOTIC: [8] Undefined variable: newsarray D:\wamp\www\Application\Home\Controller\IndexController.class.php 第 62 行.
NOTIC: [2] implode(): Invalid arguments passed D:\wamp\www\Application\Home\Controller\IndexController.class.php 第 62 行.
SQL: SHOW COLUMNS FROM `jm_project` [ RunTime:0.0993s ]
SQL: SHOW COLUMNS FROM `jm_proj_index` [ RunTime:0.0323s ]
SQL: SELECT * FROM `jm_proj_index` WHERE `stage` = 4 ORDER BY is_top desc, create_time desc LIMIT 6   [ RunTime:0.0012s ]
SQL: SELECT * FROM `jm_proj_index` WHERE `stage` = 2 ORDER BY is_top desc, create_time desc  [ RunTime:0.0013s ]
SQL: SELECT * FROM `jm_proj_index` WHERE `stage` = 1 ORDER BY is_top desc, create_time desc  [ RunTime:0.0008s ]
SQL: SELECT * FROM `jm_proj_index` WHERE `stage` = 9 ORDER BY is_top desc, create_time desc LIMIT 6   [ RunTime:0.0008s ]
SQL: SHOW COLUMNS FROM `jm_banner` [ RunTime:0.0098s ]
SQL: SELECT * FROM `jm_banner` WHERE `status` = 0 ORDER BY sort asc,id desc  [ RunTime:0.0004s ]
SQL: SELECT * FROM `jm_proj_index` WHERE `status` = 9 AND `stage` BETWEEN '1' AND '4' ORDER BY stage desc,is_top desc,create_time desc LIMIT 6   [ RunTime:0.0010s ]
SQL: SHOW COLUMNS FROM `jm_project` [ RunTime:0.0141s ]
SQL: SELECT COUNT(*) AS tp_count FROM `jm_project` WHERE `status` >= 9 LIMIT 1   [ RunTime:0.0011s ]
SQL: SHOW COLUMNS FROM `jm_project_investor` [ RunTime:0.0139s ]
SQL: SELECT SUM(fund) AS tp_sum FROM `jm_project_investor` WHERE `status` >= 4 LIMIT 1   [ RunTime:0.0003s ]
SQL: SHOW COLUMNS FROM `jm_product` [ RunTime:0.0105s ]
SQL: SELECT COUNT(*) AS tp_count FROM `jm_product` WHERE `status` >= 9 LIMIT 1   [ RunTime:0.0003s ]
SQL: SHOW COLUMNS FROM `jm_custom` [ RunTime:0.0361s ]
SQL: SELECT SUM(amount) AS tp_sum FROM `jm_custom` WHERE `status` = 1 LIMIT 1   [ RunTime:0.0004s ]
SQL: SHOW COLUMNS FROM `jm_ucenter_member` [ RunTime:0.0121s ]
SQL: SELECT COUNT(*) AS tp_count FROM `jm_ucenter_member` WHERE `status` = 1 LIMIT 1   [ RunTime:0.0004s ]
SQL: SHOW COLUMNS FROM `jm_link` [ RunTime:0.0106s ]
SQL: SELECT `name`,`logo`,`url` FROM `jm_link` WHERE `status` = 1 ORDER BY sort desc LIMIT 12   [ RunTime:0.0004s ]
INFO: [ view_parse ] --START--
INFO: [ template_filter ] --START--
INFO: Run Behavior\ContentReplaceBehavior [ RunTime:0.000342s ]
INFO: [ template_filter ] --END-- [ RunTime:0.000477s ]
SQL: SHOW COLUMNS FROM `jm_picture` [ RunTime:0.0090s ]
SQL: SELECT * FROM `jm_picture` WHERE `status` = 1 AND `id` = 20 LIMIT 1   [ RunTime:0.0003s ]
SQL: SELECT * FROM `jm_picture` WHERE `status` = 1 AND `id` = 20 LIMIT 1   [ RunTime:0.0002s ]
SQL: SELECT * FROM `jm_picture` WHERE `status` = 1 AND `id` = 19 LIMIT 1   [ RunTime:0.0002s ]
SQL: SELECT * FROM `jm_picture` WHERE `status` = 1 AND `id` = 19 LIMIT 1   [ RunTime:0.0003s ]
SQL: SELECT * FROM `jm_picture` WHERE `status` = 1 AND `id` = 15 LIMIT 1   [ RunTime:0.0004s ]
SQL: SELECT * FROM `jm_picture` WHERE `status` = 1 AND `id` = 10 LIMIT 1   [ RunTime:0.0004s ]
SQL: SELECT * FROM `jm_picture` WHERE `status` = 1 AND `id` = 5 LIMIT 1   [ RunTime:0.0003s ]
SQL: SELECT * FROM `jm_picture` WHERE `status` = 1 AND `id` = 11 LIMIT 1   [ RunTime:0.0004s ]
SQL: SELECT * FROM `jm_picture` WHERE `status` = 1 AND `id` = 14 LIMIT 1   [ RunTime:0.0003s ]
SQL: SELECT * FROM `jm_picture` WHERE `status` = 1 AND `id` = 13 LIMIT 1   [ RunTime:0.0008s ]
INFO: Run Behavior\ParseTemplateBehavior [ RunTime:0.078572s ]
INFO: [ view_parse ] --END-- [ RunTime:0.078807s ]
INFO: [ view_filter ] --START--
INFO: Run Behavior\WriteHtmlCacheBehavior [ RunTime:0.001811s ]
INFO: [ view_filter ] --END-- [ RunTime:0.002025s ]
INFO: [ app_end ] --START--
INFO: Run Behavior\ShowPageTraceBehavior [ RunTime:0.001603s ]
INFO: [ app_end ] --END-- [ RunTime:0.001908s ]

[ 2015-07-02T09:24:46+08:00 ] ::1 /Index/getinfo?type=1&id=2
INFO: [ app_init ] --START--
INFO: Run Behavior\BuildLiteBehavior [ RunTime:0.000054s ]
INFO: Run Common\Behavior\InitHookBehavior [ RunTime:0.003558s ]
INFO: [ app_init ] --END-- [ RunTime:0.005512s ]
INFO: [ app_begin ] --START--
INFO: Run Behavior\ReadHtmlCacheBehavior [ RunTime:0.001378s ]
INFO: [ app_begin ] --END-- [ RunTime:0.001680s ]
SQL: SHOW COLUMNS FROM `jm_config` [ RunTime:0.0129s ]
SQL: SELECT `type`,`name`,`value` FROM `jm_config` WHERE `status` = 1  [ RunTime:0.0004s ]
SQL: SHOW COLUMNS FROM `jm_infomation` [ RunTime:0.0111s ]
SQL: SELECT `description`,`title` FROM `jm_infomation` WHERE `id` = 2 LIMIT 1   [ RunTime:0.0003s ]
NOTIC: [8] Undefined index: id D:\wamp\www\Application\Home\Controller\IndexController.class.php 第 146 行.

[ 2015-07-02T09:24:49+08:00 ] ::1 /
INFO: [ app_init ] --START--
INFO: Run Behavior\BuildLiteBehavior [ RunTime:0.000029s ]
INFO: Run Common\Behavior\InitHookBehavior [ RunTime:0.003219s ]
INFO: [ app_init ] --END-- [ RunTime:0.003902s ]
INFO: [ app_begin ] --START--
INFO: Run Behavior\ReadHtmlCacheBehavior [ RunTime:0.001925s ]
INFO: [ app_begin ] --END-- [ RunTime:0.002231s ]
SQL: SHOW COLUMNS FROM `jm_config` [ RunTime:0.0089s ]
SQL: SELECT `type`,`name`,`value` FROM `jm_config` WHERE `status` = 1  [ RunTime:0.0004s ]
SQL: SHOW COLUMNS FROM `jm_notice` [ RunTime:0.0101s ]
SQL: SELECT `id`,`create_time`,`title` FROM `jm_notice` WHERE ( status = 0 ) ORDER BY is_top desc,create_time desc LIMIT 6   [ RunTime:0.0003s ]
SQL: SHOW COLUMNS FROM `jm_infomation` [ RunTime:0.0222s ]
SQL: SELECT `id`,`create_time`,`title` FROM `jm_infomation` WHERE ( status = 1 ) ORDER BY level desc,create_time desc LIMIT 6   [ RunTime:0.0005s ]
NOTIC: [8] Undefined variable: noticearray D:\wamp\www\Application\Home\Controller\IndexController.class.php 第 60 行.
NOTIC: [2] implode(): Invalid arguments passed D:\wamp\www\Application\Home\Controller\IndexController.class.php 第 60 行.
NOTIC: [8] Undefined variable: newsarray D:\wamp\www\Application\Home\Controller\IndexController.class.php 第 62 行.
NOTIC: [2] implode(): Invalid arguments passed D:\wamp\www\Application\Home\Controller\IndexController.class.php 第 62 行.
SQL: SHOW COLUMNS FROM `jm_project` [ RunTime:0.0095s ]
SQL: SHOW COLUMNS FROM `jm_proj_index` [ RunTime:0.0283s ]
SQL: SELECT * FROM `jm_proj_index` WHERE `stage` = 4 ORDER BY is_top desc, create_time desc LIMIT 6   [ RunTime:0.0013s ]
SQL: SELECT * FROM `jm_proj_index` WHERE `stage` = 2 ORDER BY is_top desc, create_time desc  [ RunTime:0.0011s ]
SQL: SELECT * FROM `jm_proj_index` WHERE `stage` = 1 ORDER BY is_top desc, create_time desc  [ RunTime:0.0008s ]
SQL: SELECT * FROM `jm_proj_index` WHERE `stage` = 9 ORDER BY is_top desc, create_time desc LIMIT 6   [ RunTime:0.0007s ]
SQL: SHOW COLUMNS FROM `jm_banner` [ RunTime:0.0151s ]
SQL: SELECT * FROM `jm_banner` WHERE `status` = 0 ORDER BY sort asc,id desc  [ RunTime:0.0005s ]
SQL: SELECT * FROM `jm_proj_index` WHERE `status` = 9 AND `stage` BETWEEN '1' AND '4' ORDER BY stage desc,is_top desc,create_time desc LIMIT 6   [ RunTime:0.0013s ]
SQL: SHOW COLUMNS FROM `jm_project` [ RunTime:0.0133s ]
SQL: SELECT COUNT(*) AS tp_count FROM `jm_project` WHERE `status` >= 9 LIMIT 1   [ RunTime:0.0005s ]
SQL: SHOW COLUMNS FROM `jm_project_investor` [ RunTime:0.0296s ]
SQL: SELECT SUM(fund) AS tp_sum FROM `jm_project_investor` WHERE `status` >= 4 LIMIT 1   [ RunTime:0.0004s ]
SQL: SHOW COLUMNS FROM `jm_product` [ RunTime:0.0339s ]
SQL: SELECT COUNT(*) AS tp_count FROM `jm_product` WHERE `status` >= 9 LIMIT 1   [ RunTime:0.0003s ]
SQL: SHOW COLUMNS FROM `jm_custom` [ RunTime:0.0336s ]
SQL: SELECT SUM(amount) AS tp_sum FROM `jm_custom` WHERE `status` = 1 LIMIT 1   [ RunTime:0.0004s ]
SQL: SHOW COLUMNS FROM `jm_ucenter_member` [ RunTime:0.0111s ]
SQL: SELECT COUNT(*) AS tp_count FROM `jm_ucenter_member` WHERE `status` = 1 LIMIT 1   [ RunTime:0.0003s ]
SQL: SHOW COLUMNS FROM `jm_link` [ RunTime:0.0303s ]
SQL: SELECT `name`,`logo`,`url` FROM `jm_link` WHERE `status` = 1 ORDER BY sort desc LIMIT 12   [ RunTime:0.0004s ]
INFO: [ view_parse ] --START--
INFO: [ template_filter ] --START--
INFO: Run Behavior\ContentReplaceBehavior [ RunTime:0.000608s ]
INFO: [ template_filter ] --END-- [ RunTime:0.000907s ]
SQL: SHOW COLUMNS FROM `jm_picture` [ RunTime:0.0400s ]
SQL: SELECT * FROM `jm_picture` WHERE `status` = 1 AND `id` = 20 LIMIT 1   [ RunTime:0.0004s ]
SQL: SELECT * FROM `jm_picture` WHERE `status` = 1 AND `id` = 20 LIMIT 1   [ RunTime:0.0003s ]
SQL: SELECT * FROM `jm_picture` WHERE `status` = 1 AND `id` = 19 LIMIT 1   [ RunTime:0.0003s ]
SQL: SELECT * FROM `jm_picture` WHERE `status` = 1 AND `id` = 19 LIMIT 1   [ RunTime:0.0003s ]
SQL: SELECT * FROM `jm_picture` WHERE `status` = 1 AND `id` = 15 LIMIT 1   [ RunTime:0.0004s ]
SQL: SELECT * FROM `jm_picture` WHERE `status` = 1 AND `id` = 10 LIMIT 1   [ RunTime:0.0017s ]
SQL: SELECT * FROM `jm_picture` WHERE `status` = 1 AND `id` = 5 LIMIT 1   [ RunTime:0.0009s ]
SQL: SELECT * FROM `jm_picture` WHERE `status` = 1 AND `id` = 11 LIMIT 1   [ RunTime:0.0004s ]
SQL: SELECT * FROM `jm_picture` WHERE `status` = 1 AND `id` = 14 LIMIT 1   [ RunTime:0.0003s ]
SQL: SELECT * FROM `jm_picture` WHERE `status` = 1 AND `id` = 13 LIMIT 1   [ RunTime:0.0003s ]
INFO: Run Behavior\ParseTemplateBehavior [ RunTime:0.166846s ]
INFO: [ view_parse ] --END-- [ RunTime:0.167004s ]
INFO: [ view_filter ] --START--
INFO: Run Behavior\WriteHtmlCacheBehavior [ RunTime:0.000965s ]
INFO: [ view_filter ] --END-- [ RunTime:0.001085s ]
INFO: [ app_end ] --START--
INFO: Run Behavior\ShowPageTraceBehavior [ RunTime:0.002373s ]
INFO: [ app_end ] --END-- [ RunTime:0.002595s ]

[ 2015-07-02T09:24:49+08:00 ] ::1 /Index/getinfo?type=1&id=2
INFO: [ app_init ] --START--
INFO: Run Behavior\BuildLiteBehavior [ RunTime:0.000037s ]
INFO: Run Common\Behavior\InitHookBehavior [ RunTime:0.003843s ]
INFO: [ app_init ] --END-- [ RunTime:0.004651s ]
INFO: [ app_begin ] --START--
INFO: Run Behavior\ReadHtmlCacheBehavior [ RunTime:0.003031s ]
INFO: [ app_begin ] --END-- [ RunTime:0.003266s ]
SQL: SHOW COLUMNS FROM `jm_config` [ RunTime:0.0209s ]
SQL: SELECT `type`,`name`,`value` FROM `jm_config` WHERE `status` = 1  [ RunTime:0.0005s ]
SQL: SHOW COLUMNS FROM `jm_infomation` [ RunTime:0.0097s ]
SQL: SELECT `description`,`title` FROM `jm_infomation` WHERE `id` = 2 LIMIT 1   [ RunTime:0.0003s ]
NOTIC: [8] Undefined index: id D:\wamp\www\Application\Home\Controller\IndexController.class.php 第 146 行.

[ 2015-07-02T09:25:09+08:00 ] ::1 /List/index/type/1/status/0/p/1.html
INFO: [ app_init ] --START--
INFO: Run Behavior\BuildLiteBehavior [ RunTime:0.000035s ]
INFO: Run Common\Behavior\InitHookBehavior [ RunTime:0.008623s ]
INFO: [ app_init ] --END-- [ RunTime:0.009603s ]
INFO: [ app_begin ] --START--
INFO: Run Behavior\ReadHtmlCacheBehavior [ RunTime:0.001866s ]
INFO: [ app_begin ] --END-- [ RunTime:0.002108s ]
SQL: SHOW COLUMNS FROM `jm_config` [ RunTime:0.0290s ]
SQL: SELECT `type`,`name`,`value` FROM `jm_config` WHERE `status` = 1  [ RunTime:0.0004s ]

[ 2015-07-02T09:25:29+08:00 ] ::1 /List/index/type/1/status/0/p/1.html
INFO: [ app_init ] --START--
INFO: Run Behavior\BuildLiteBehavior [ RunTime:0.000041s ]
INFO: Run Common\Behavior\InitHookBehavior [ RunTime:0.005591s ]
INFO: [ app_init ] --END-- [ RunTime:0.006399s ]
INFO: [ app_begin ] --START--
INFO: Run Behavior\ReadHtmlCacheBehavior [ RunTime:0.001003s ]
INFO: [ app_begin ] --END-- [ RunTime:0.001166s ]
SQL: SHOW COLUMNS FROM `jm_config` [ RunTime:0.0113s ]
SQL: SELECT `type`,`name`,`value` FROM `jm_config` WHERE `status` = 1  [ RunTime:0.0005s ]
SQL: SHOW COLUMNS FROM `jm_project` [ RunTime:0.0238s ]
SQL: SHOW COLUMNS FROM `jm_proj_index` [ RunTime:0.0111s ]
SQL: SELECT * FROM `jm_proj_index` WHERE `status` = 9 AND `stage` = 4 ORDER BY create_time desc  [ RunTime:0.0009s ]
SQL: SELECT * FROM `jm_proj_index` WHERE `status` = 9 AND `stage` = 1 ORDER BY create_time desc  [ RunTime:0.0013s ]
SQL: SELECT * FROM `jm_proj_index` WHERE `status` = 9 AND `stage` IN ('8','9') ORDER BY create_time desc  [ RunTime:0.0013s ]
SQL: SELECT * FROM `jm_proj_index` WHERE `status` = 9 AND `stage` = 8 ORDER BY create_time desc  [ RunTime:0.0022s ]
NOTIC: [2] array_slice() expects parameter 1 to be array, null given D:\wamp\www\Application\Home\Controller\ListController.class.php 第 63 行.
INFO: [ view_parse ] --START--
INFO: [ template_filter ] --START--
INFO: Run Behavior\ContentReplaceBehavior [ RunTime:0.000268s ]
INFO: [ template_filter ] --END-- [ RunTime:0.000416s ]
SQL: SHOW COLUMNS FROM `jm_picture` [ RunTime:0.0102s ]
SQL: SELECT * FROM `jm_picture` WHERE `status` = 1 AND `id` = 15 LIMIT 1   [ RunTime:0.0004s ]
NOTIC: [8] Undefined variable: listOfStocks D:\wamp\www\Runtime\Cache\Home\17aa3eae73c20220667e35dc2db3fa96.php 第 263 行.
INFO: Run Behavior\ParseTemplateBehavior [ RunTime:0.086600s ]
INFO: [ view_parse ] --END-- [ RunTime:0.086871s ]
INFO: [ view_filter ] --START--
INFO: Run Behavior\WriteHtmlCacheBehavior [ RunTime:0.001088s ]
INFO: [ view_filter ] --END-- [ RunTime:0.001331s ]
INFO: [ app_end ] --START--
INFO: Run Behavior\ShowPageTraceBehavior [ RunTime:0.001454s ]
INFO: [ app_end ] --END-- [ RunTime:0.001715s ]

[ 2015-07-02T09:25:45+08:00 ] ::1 /Index/index.html
INFO: [ app_init ] --START--
INFO: Run Behavior\BuildLiteBehavior [ RunTime:0.000028s ]
INFO: Run Common\Behavior\InitHookBehavior [ RunTime:0.003539s ]
INFO: [ app_init ] --END-- [ RunTime:0.004223s ]
INFO: [ app_begin ] --START--
INFO: Run Behavior\ReadHtmlCacheBehavior [ RunTime:0.001339s ]
INFO: [ app_begin ] --END-- [ RunTime:0.001618s ]
SQL: SHOW COLUMNS FROM `jm_config` [ RunTime:0.0099s ]
SQL: SELECT `type`,`name`,`value` FROM `jm_config` WHERE `status` = 1  [ RunTime:0.0004s ]
SQL: SHOW COLUMNS FROM `jm_notice` [ RunTime:0.0118s ]
SQL: SELECT `id`,`create_time`,`title` FROM `jm_notice` WHERE ( status = 0 ) ORDER BY is_top desc,create_time desc LIMIT 6   [ RunTime:0.0004s ]
SQL: SHOW COLUMNS FROM `jm_infomation` [ RunTime:0.0218s ]
SQL: SELECT `id`,`create_time`,`title` FROM `jm_infomation` WHERE ( status = 1 ) ORDER BY level desc,create_time desc LIMIT 6   [ RunTime:0.0005s ]
NOTIC: [8] Undefined variable: noticearray D:\wamp\www\Application\Home\Controller\IndexController.class.php 第 60 行.
NOTIC: [2] implode(): Invalid arguments passed D:\wamp\www\Application\Home\Controller\IndexController.class.php 第 60 行.
NOTIC: [8] Undefined variable: newsarray D:\wamp\www\Application\Home\Controller\IndexController.class.php 第 62 行.
NOTIC: [2] implode(): Invalid arguments passed D:\wamp\www\Application\Home\Controller\IndexController.class.php 第 62 行.
SQL: SHOW COLUMNS FROM `jm_project` [ RunTime:0.0105s ]
SQL: SHOW COLUMNS FROM `jm_proj_index` [ RunTime:0.0104s ]
SQL: SELECT * FROM `jm_proj_index` WHERE `stage` = 4 ORDER BY is_top desc, create_time desc LIMIT 6   [ RunTime:0.0008s ]
SQL: SELECT * FROM `jm_proj_index` WHERE `stage` = 2 ORDER BY is_top desc, create_time desc  [ RunTime:0.0008s ]
SQL: SELECT * FROM `jm_proj_index` WHERE `stage` = 1 ORDER BY is_top desc, create_time desc  [ RunTime:0.0011s ]
SQL: SELECT * FROM `jm_proj_index` WHERE `stage` = 9 ORDER BY is_top desc, create_time desc LIMIT 6   [ RunTime:0.0011s ]
SQL: SHOW COLUMNS FROM `jm_banner` [ RunTime:0.0306s ]
SQL: SELECT * FROM `jm_banner` WHERE `status` = 0 ORDER BY sort asc,id desc  [ RunTime:0.0005s ]
SQL: SELECT * FROM `jm_proj_index` WHERE `status` = 9 AND `stage` BETWEEN '1' AND '4' ORDER BY stage desc,is_top desc,create_time desc LIMIT 6   [ RunTime:0.0012s ]
SQL: SHOW COLUMNS FROM `jm_project` [ RunTime:0.0223s ]
SQL: SELECT COUNT(*) AS tp_count FROM `jm_project` WHERE `status` >= 9 LIMIT 1   [ RunTime:0.0004s ]
SQL: SHOW COLUMNS FROM `jm_project_investor` [ RunTime:0.0124s ]
SQL: SELECT SUM(fund) AS tp_sum FROM `jm_project_investor` WHERE `status` >= 4 LIMIT 1   [ RunTime:0.0019s ]
SQL: SHOW COLUMNS FROM `jm_product` [ RunTime:0.0124s ]
SQL: SELECT COUNT(*) AS tp_count FROM `jm_product` WHERE `status` >= 9 LIMIT 1   [ RunTime:0.0003s ]
SQL: SHOW COLUMNS FROM `jm_custom` [ RunTime:0.0115s ]
SQL: SELECT SUM(amount) AS tp_sum FROM `jm_custom` WHERE `status` = 1 LIMIT 1   [ RunTime:0.0003s ]
SQL: SHOW COLUMNS FROM `jm_ucenter_member` [ RunTime:0.0418s ]
SQL: SELECT COUNT(*) AS tp_count FROM `jm_ucenter_member` WHERE `status` = 1 LIMIT 1   [ RunTime:0.0004s ]
SQL: SHOW COLUMNS FROM `jm_link` [ RunTime:0.0263s ]
SQL: SELECT `name`,`logo`,`url` FROM `jm_link` WHERE `status` = 1 ORDER BY sort desc LIMIT 12   [ RunTime:0.0005s ]
INFO: [ view_parse ] --START--
INFO: [ template_filter ] --START--
INFO: Run Behavior\ContentReplaceBehavior [ RunTime:0.000560s ]
INFO: [ template_filter ] --END-- [ RunTime:0.000817s ]
SQL: SHOW COLUMNS FROM `jm_picture` [ RunTime:0.0094s ]
SQL: SELECT * FROM `jm_picture` WHERE `status` = 1 AND `id` = 20 LIMIT 1   [ RunTime:0.0004s ]
SQL: SELECT * FROM `jm_picture` WHERE `status` = 1 AND `id` = 20 LIMIT 1   [ RunTime:0.0004s ]
SQL: SELECT * FROM `jm_picture` WHERE `status` = 1 AND `id` = 19 LIMIT 1   [ RunTime:0.0003s ]
SQL: SELECT * FROM `jm_picture` WHERE `status` = 1 AND `id` = 19 LIMIT 1   [ RunTime:0.0004s ]
SQL: SELECT * FROM `jm_picture` WHERE `status` = 1 AND `id` = 15 LIMIT 1   [ RunTime:0.0004s ]
SQL: SELECT * FROM `jm_picture` WHERE `status` = 1 AND `id` = 10 LIMIT 1   [ RunTime:0.0009s ]
SQL: SELECT * FROM `jm_picture` WHERE `status` = 1 AND `id` = 5 LIMIT 1   [ RunTime:0.0003s ]
SQL: SELECT * FROM `jm_picture` WHERE `status` = 1 AND `id` = 11 LIMIT 1   [ RunTime:0.0003s ]
SQL: SELECT * FROM `jm_picture` WHERE `status` = 1 AND `id` = 14 LIMIT 1   [ RunTime:0.0002s ]
SQL: SELECT * FROM `jm_picture` WHERE `status` = 1 AND `id` = 13 LIMIT 1   [ RunTime:0.0002s ]
INFO: Run Behavior\ParseTemplateBehavior [ RunTime:0.089487s ]
INFO: [ view_parse ] --END-- [ RunTime:0.089767s ]
INFO: [ view_filter ] --START--
INFO: Run Behavior\WriteHtmlCacheBehavior [ RunTime:0.001223s ]
INFO: [ view_filter ] --END-- [ RunTime:0.001450s ]
INFO: [ app_end ] --START--
INFO: Run Behavior\ShowPageTraceBehavior [ RunTime:0.001173s ]
INFO: [ app_end ] --END-- [ RunTime:0.001361s ]

[ 2015-07-02T09:25:45+08:00 ] ::1 /Index/getinfo?type=1&id=2
INFO: [ app_init ] --START--
INFO: Run Behavior\BuildLiteBehavior [ RunTime:0.000054s ]
INFO: Run Common\Behavior\InitHookBehavior [ RunTime:0.007622s ]
INFO: [ app_init ] --END-- [ RunTime:0.009027s ]
INFO: [ app_begin ] --START--
INFO: Run Behavior\ReadHtmlCacheBehavior [ RunTime:0.006721s ]
INFO: [ app_begin ] --END-- [ RunTime:0.007732s ]
SQL: SHOW COLUMNS FROM `jm_config` [ RunTime:0.0381s ]
SQL: SELECT `type`,`name`,`value` FROM `jm_config` WHERE `status` = 1  [ RunTime:0.0005s ]
SQL: SHOW COLUMNS FROM `jm_infomation` [ RunTime:0.0307s ]
SQL: SELECT `description`,`title` FROM `jm_infomation` WHERE `id` = 2 LIMIT 1   [ RunTime:0.0003s ]
NOTIC: [8] Undefined index: id D:\wamp\www\Application\Home\Controller\IndexController.class.php 第 146 行.

[ 2015-07-02T09:25:53+08:00 ] ::1 /project/detail/id/1.html
INFO: [ app_init ] --START--
INFO: Run Behavior\BuildLiteBehavior [ RunTime:0.000032s ]
INFO: Run Common\Behavior\InitHookBehavior [ RunTime:0.003547s ]
INFO: [ app_init ] --END-- [ RunTime:0.004317s ]
INFO: [ app_begin ] --START--
INFO: Run Behavior\ReadHtmlCacheBehavior [ RunTime:0.001643s ]
INFO: [ app_begin ] --END-- [ RunTime:0.001917s ]
SQL: SHOW COLUMNS FROM `jm_config` [ RunTime:0.0096s ]
SQL: SELECT `type`,`name`,`value` FROM `jm_config` WHERE `status` = 1  [ RunTime:0.0006s ]
SQL: SHOW COLUMNS FROM `jm_project` [ RunTime:0.0102s ]
SQL: SHOW COLUMNS FROM `jm_project` [ RunTime:0.0123s ]
SQL: SELECT * FROM `jm_project` WHERE `id` = 1 LIMIT 1   [ RunTime:0.0005s ]
SQL: SHOW COLUMNS FROM `jm_project_temp` [ RunTime:0.0134s ]
SQL: SELECT `info_key`,`temp_type` FROM `jm_project_temp` WHERE `project_id` = 1 ORDER BY temp_type, sort  [ RunTime:0.0205s ]
SQL: SHOW COLUMNS FROM `jm_project_info` [ RunTime:0.0124s ]
SQL: SELECT * FROM `jm_project_info` WHERE `project_id` = 1 LIMIT 1   [ RunTime:0.0054s ]
SQL: SHOW COLUMNS FROM `jm_project_event` [ RunTime:0.0187s ]
SQL: SELECT * FROM `jm_project_event` WHERE `project_id` = 1 ORDER BY `when` desc  [ RunTime:0.0003s ]
SQL: SHOW COLUMNS FROM `jm_project_team` [ RunTime:0.0250s ]
SQL: SELECT * FROM `jm_project_team` WHERE `project_id` = 1 ORDER BY sort  [ RunTime:0.0075s ]
SQL: SHOW COLUMNS FROM `jm_project_fund` [ RunTime:0.0090s ]
SQL: SELECT * FROM `jm_project_fund` WHERE `project_id` = 1 LIMIT 1   [ RunTime:0.0003s ]
SQL: SHOW COLUMNS FROM `jm_projects_score` [ RunTime:0.0247s ]
SQL: SELECT * FROM `jm_projects_score` WHERE `project_id` = 1  [ RunTime:0.0003s ]
NOTIC: [2] Invalid argument supplied for foreach() D:\wamp\www\Application\Home\Model\ProjectModel.class.php 第 131 行.
NOTIC: [8] Undefined index: group D:\wamp\www\Application\Home\Model\ProjectModel.class.php 第 138 行.
NOTIC: [2] Division by zero D:\wamp\www\Application\Home\Model\ProjectModel.class.php 第 138 行.
NOTIC: [8] Undefined index: market D:\wamp\www\Application\Home\Model\ProjectModel.class.php 第 139 行.
NOTIC: [2] Division by zero D:\wamp\www\Application\Home\Model\ProjectModel.class.php 第 139 行.
NOTIC: [8] Undefined index: creative D:\wamp\www\Application\Home\Model\ProjectModel.class.php 第 140 行.
NOTIC: [2] Division by zero D:\wamp\www\Application\Home\Model\ProjectModel.class.php 第 140 行.
NOTIC: [8] Undefined index: profitablity D:\wamp\www\Application\Home\Model\ProjectModel.class.php 第 141 行.
NOTIC: [2] Division by zero D:\wamp\www\Application\Home\Model\ProjectModel.class.php 第 141 行.
NOTIC: [8] Undefined index: evaluation D:\wamp\www\Application\Home\Model\ProjectModel.class.php 第 142 行.
NOTIC: [2] Division by zero D:\wamp\www\Application\Home\Model\ProjectModel.class.php 第 142 行.
SQL: SHOW COLUMNS FROM `jm_project_investor` [ RunTime:0.0089s ]
SQL: SELECT * FROM `jm_project_investor` WHERE `project_id` = 1 AND `status` >= 2 ORDER BY lead_type desc, create_time  [ RunTime:0.0005s ]
SQL: SHOW COLUMNS FROM `jm_project_attach` [ RunTime:0.0114s ]
SQL: SELECT * FROM `jm_project_attach` WHERE `project_id` = 1 AND `investor_id` = 0 AND `status` = 1 LIMIT 1   [ RunTime:0.0003s ]
SQL: SELECT COUNT(*) AS tp_count FROM `jm_project_attach` WHERE `project_id` = 1 AND `status` = 1 LIMIT 1   [ RunTime:0.0010s ]
SQL: SELECT * FROM `jm_project_attach` WHERE `project_id` = 1 AND `status` = 1 ORDER BY attach_time desc  [ RunTime:0.0004s ]
SQL: SHOW COLUMNS FROM `jm_project_dynamic` [ RunTime:0.0123s ]
SQL: SELECT * FROM `jm_project_dynamic` WHERE `project_id` = 1 AND `status` = 0 ORDER BY create_time desc  [ RunTime:0.0007s ]
SQL: SHOW COLUMNS FROM `jm_project_leader` [ RunTime:0.0113s ]
SQL: SELECT * FROM `jm_project_leader` WHERE `project_id` = 1 ORDER BY lead_type desc, create_time  [ RunTime:0.0003s ]
NOTIC: [2] Invalid argument supplied for foreach() D:\wamp\www\Application\Home\Model\ProjectModel.class.php 第 198 行.
SQL: SHOW COLUMNS FROM `jm_comment_reply` [ RunTime:0.0135s ]
SQL: SELECT COUNT(*) AS tp_count FROM `jm_comment_reply` WHERE `project_id` = 1 LIMIT 1   [ RunTime:0.0004s ]
SQL: SELECT * FROM `jm_comment_reply` WHERE `project_id` = 1 ORDER BY create_time desc LIMIT 0,10   [ RunTime:0.0003s ]
SQL: SELECT * FROM `jm_project_team` WHERE `project_id` = 1 AND `status` = 0 ORDER BY member_type,sort  [ RunTime:0.0005s ]
SQL: UPDATE `jm_project` SET `read_record`=read_record+1 WHERE `id` = 1 [ RunTime:0.0353s ]
SQL: SHOW COLUMNS FROM `jm_proj_index` [ RunTime:0.0110s ]
SQL: SELECT * FROM `jm_proj_index` WHERE `status` = 9 AND `stage` BETWEEN '1' AND '4' ORDER BY create_time desc,stage desc LIMIT 6   [ RunTime:0.0011s ]
SQL: SHOW COLUMNS FROM `jm_project_dynamic_info` [ RunTime:0.0094s ]
NOTIC: [8] Use of undefined constant users - assumed 'users' D:\wamp\www\Application\Home\Model\ProjectDynamicInfoModel.class.php 第 33 行.
SQL: SHOW COLUMNS FROM `jm_users` [ RunTime:0.0192s ]
SQL: SELECT `is_investor` FROM `jm_users` WHERE ( id=0 ) LIMIT 1   [ RunTime:0.0003s ]
SQL: SHOW COLUMNS FROM `jm_project_dynamic_info` [ RunTime:0.0115s ]
SQL: SELECT * FROM `jm_project_dynamic_info` WHERE `project_id` = 1 AND `status` = 1 ORDER BY update_time desc  [ RunTime:0.0012s ]
NOTIC: [2] Invalid argument supplied for foreach() D:\wamp\www\Application\Home\Model\ProjectDynamicInfoModel.class.php 第 45 行.
SQL: SELECT * FROM `jm_proj_index` WHERE `status` = 9 AND `stage` BETWEEN '1' AND '4' ORDER BY stage desc,create_time desc LIMIT 6   [ RunTime:0.0011s ]
SQL: SHOW COLUMNS FROM `jm_product` [ RunTime:0.0176s ]
SQL: SHOW COLUMNS FROM `jm_product` [ RunTime:0.0334s ]
SQL: SELECT * FROM `jm_product` WHERE `status` = 9 AND `stage` = 2 ORDER BY create_time desc LIMIT 5   [ RunTime:0.0003s ]
NOTIC: [2] Invalid argument supplied for foreach() D:\wamp\www\Application\Home\Model\ProductModel.class.php 第 29 行.
INFO: [ view_parse ] --START--
INFO: [ template_filter ] --START--
INFO: Run Behavior\ContentReplaceBehavior [ RunTime:0.000597s ]
INFO: [ template_filter ] --END-- [ RunTime:0.000780s ]
SQL: SHOW COLUMNS FROM `jm_picture` [ RunTime:0.0088s ]
SQL: SELECT * FROM `jm_picture` WHERE `status` = 1 AND `id` = 15 LIMIT 1   [ RunTime:0.0003s ]
NOTIC: [8] Use of undefined constant project - assumed 'project' D:\wamp\www\Runtime\Cache\Home\ff57e010836e1f67afe83b8730415f96.php 第 171 行.
NOTIC: [8] Use of undefined constant stage - assumed 'stage' D:\wamp\www\Runtime\Cache\Home\ff57e010836e1f67afe83b8730415f96.php 第 171 行.
NOTIC: [8] Use of undefined constant fund - assumed 'fund' D:\wamp\www\Runtime\Cache\Home\ff57e010836e1f67afe83b8730415f96.php 第 184 行.
NOTIC: [8] Use of undefined constant scale - assumed 'scale' D:\wamp\www\Runtime\Cache\Home\ff57e010836e1f67afe83b8730415f96.php 第 184 行.
NOTIC: [8] Use of undefined constant fund - assumed 'fund' D:\wamp\www\Runtime\Cache\Home\ff57e010836e1f67afe83b8730415f96.php 第 190 行.
NOTIC: [8] Use of undefined constant scale - assumed 'scale' D:\wamp\www\Runtime\Cache\Home\ff57e010836e1f67afe83b8730415f96.php 第 190 行.
NOTIC: [8] Use of undefined constant fund - assumed 'fund' D:\wamp\www\Runtime\Cache\Home\ff57e010836e1f67afe83b8730415f96.php 第 190 行.
NOTIC: [8] Use of undefined constant scale - assumed 'scale' D:\wamp\www\Runtime\Cache\Home\ff57e010836e1f67afe83b8730415f96.php 第 190 行.
NOTIC: [8] Use of undefined constant project - assumed 'project' D:\wamp\www\Runtime\Cache\Home\ff57e010836e1f67afe83b8730415f96.php 第 200 行.
NOTIC: [8] Use of undefined constant stage - assumed 'stage' D:\wamp\www\Runtime\Cache\Home\ff57e010836e1f67afe83b8730415f96.php 第 200 行.
NOTIC: [8] Use of undefined constant project - assumed 'project' D:\wamp\www\Runtime\Cache\Home\ff57e010836e1f67afe83b8730415f96.php 第 204 行.
NOTIC: [8] Use of undefined constant stage - assumed 'stage' D:\wamp\www\Runtime\Cache\Home\ff57e010836e1f67afe83b8730415f96.php 第 204 行.
NOTIC: [8] Use of undefined constant project - assumed 'project' D:\wamp\www\Runtime\Cache\Home\ff57e010836e1f67afe83b8730415f96.php 第 248 行.
NOTIC: [8] Use of undefined constant stage - assumed 'stage' D:\wamp\www\Runtime\Cache\Home\ff57e010836e1f67afe83b8730415f96.php 第 248 行.
SQL: SELECT * FROM `jm_picture` WHERE `status` = 1 AND `id` = 9 LIMIT 1   [ RunTime:0.0004s ]
SQL: SELECT * FROM `jm_picture` WHERE `status` = 1 AND `id` = 9 LIMIT 1   [ RunTime:0.0005s ]
SQL: SELECT * FROM `jm_picture` WHERE `status` = 1 AND `id` = 9 LIMIT 1   [ RunTime:0.0010s ]
SQL: SELECT * FROM `jm_picture` WHERE `status` = 1 AND `id` = 17 LIMIT 1   [ RunTime:0.0002s ]
SQL: SELECT * FROM `jm_picture` WHERE `status` = 1 AND `id` = 15 LIMIT 1   [ RunTime:0.0003s ]
INFO: Run Behavior\ParseTemplateBehavior [ RunTime:0.100634s ]
INFO: [ view_parse ] --END-- [ RunTime:0.100883s ]
INFO: [ view_filter ] --START--
INFO: Run Behavior\WriteHtmlCacheBehavior [ RunTime:0.000959s ]
INFO: [ view_filter ] --END-- [ RunTime:0.001162s ]
INFO: [ app_end ] --START--
INFO: Run Behavior\ShowPageTraceBehavior [ RunTime:0.001182s ]
INFO: [ app_end ] --END-- [ RunTime:0.001383s ]

[ 2015-07-02T09:25:54+08:00 ] ::1 /attitude/getNumberOfAttitudes?pid=1
INFO: [ app_init ] --START--
INFO: Run Behavior\BuildLiteBehavior [ RunTime:0.000035s ]
INFO: Run Common\Behavior\InitHookBehavior [ RunTime:0.004984s ]
INFO: [ app_init ] --END-- [ RunTime:0.005982s ]
INFO: [ app_begin ] --START--
INFO: Run Behavior\ReadHtmlCacheBehavior [ RunTime:0.001099s ]
INFO: [ app_begin ] --END-- [ RunTime:0.001332s ]
SQL: SHOW COLUMNS FROM `jm_config` [ RunTime:0.0165s ]
SQL: SELECT `type`,`name`,`value` FROM `jm_config` WHERE `status` = 1  [ RunTime:0.0004s ]
SQL: SHOW COLUMNS FROM `jm_project_attitude` [ RunTime:0.0089s ]
SQL: SHOW COLUMNS FROM `jm_project_statistics` [ RunTime:0.0150s ]
SQL: SELECT `udislike` FROM `jm_project_statistics` WHERE ( pid=1 ) LIMIT 1   [ RunTime:0.0003s ]
SQL: SELECT `ulike` FROM `jm_project_statistics` WHERE ( pid=1 ) LIMIT 1   [ RunTime:0.0003s ]
NOTIC: [8] Undefined index: $positive D:\wamp\www\Application\Home\Controller\AttitudeController.class.php 第 60 行.

[ 2015-07-02T09:25:54+08:00 ] ::1 /Pages/investor/pid/1.html
INFO: [ app_init ] --START--
INFO: Run Behavior\BuildLiteBehavior [ RunTime:0.000033s ]
INFO: Run Common\Behavior\InitHookBehavior [ RunTime:0.006096s ]
INFO: [ app_init ] --END-- [ RunTime:0.006885s ]
INFO: [ app_begin ] --START--
INFO: Run Behavior\ReadHtmlCacheBehavior [ RunTime:0.001404s ]
INFO: [ app_begin ] --END-- [ RunTime:0.001619s ]
SQL: SHOW COLUMNS FROM `jm_config` [ RunTime:0.0623s ]
SQL: SELECT `type`,`name`,`value` FROM `jm_config` WHERE `status` = 1  [ RunTime:0.0007s ]
SQL: SHOW COLUMNS FROM `jm_project_investor` [ RunTime:0.0670s ]
SQL: SELECT COUNT(*) AS tp_count FROM `jm_project_investor` WHERE `project_id` = 1 AND `status` >= 2 LIMIT 1   [ RunTime:0.0004s ]
SQL: SELECT * FROM `jm_project_investor` WHERE `project_id` = 1 AND `status` >= 2 ORDER BY id desc LIMIT 0,15   [ RunTime:0.0015s ]
INFO: [ view_parse ] --START--
INFO: [ template_filter ] --START--
INFO: Run Behavior\ContentReplaceBehavior [ RunTime:0.000127s ]
INFO: [ template_filter ] --END-- [ RunTime:0.000496s ]
INFO: Run Behavior\ParseTemplateBehavior [ RunTime:0.034442s ]
INFO: [ view_parse ] --END-- [ RunTime:0.034611s ]
INFO: [ view_filter ] --START--
INFO: Run Behavior\WriteHtmlCacheBehavior [ RunTime:0.000753s ]
INFO: [ view_filter ] --END-- [ RunTime:0.000850s ]

[ 2015-07-02T09:25:54+08:00 ] ::1 /Pages/comments/id/1.html
INFO: [ app_init ] --START--
INFO: Run Behavior\BuildLiteBehavior [ RunTime:0.000034s ]
INFO: Run Common\Behavior\InitHookBehavior [ RunTime:0.004602s ]
INFO: [ app_init ] --END-- [ RunTime:0.005446s ]
INFO: [ app_begin ] --START--
INFO: Run Behavior\ReadHtmlCacheBehavior [ RunTime:0.001622s ]
INFO: [ app_begin ] --END-- [ RunTime:0.001815s ]
SQL: SHOW COLUMNS FROM `jm_config` [ RunTime:0.0111s ]
SQL: SELECT `type`,`name`,`value` FROM `jm_config` WHERE `status` = 1  [ RunTime:0.0006s ]
SQL: SHOW COLUMNS FROM `jm_project_comment` [ RunTime:0.0340s ]
SQL: SELECT COUNT(*) AS tp_count FROM `jm_project_comment` WHERE `project_id` = 1 LIMIT 1   [ RunTime:0.0003s ]
SQL: SELECT * FROM `jm_project_comment` WHERE `project_id` = 1 ORDER BY create_time desc  [ RunTime:0.0004s ]
NOTIC: [2] Invalid argument supplied for foreach() D:\wamp\www\Application\Home\Common\function.php 第 317 行.
INFO: [ view_parse ] --START--
INFO: [ template_filter ] --START--
INFO: Run Behavior\ContentReplaceBehavior [ RunTime:0.000097s ]
INFO: [ template_filter ] --END-- [ RunTime:0.000212s ]
INFO: Run Behavior\ParseTemplateBehavior [ RunTime:0.030728s ]
INFO: [ view_parse ] --END-- [ RunTime:0.030920s ]
INFO: [ view_filter ] --START--
INFO: Run Behavior\WriteHtmlCacheBehavior [ RunTime:0.000815s ]
INFO: [ view_filter ] --END-- [ RunTime:0.000916s ]

[ 2015-07-02T09:25:56+08:00 ] ::1 /Index/getinfo?type=1&id=2
INFO: [ app_init ] --START--
INFO: Run Behavior\BuildLiteBehavior [ RunTime:0.000045s ]
INFO: Run Common\Behavior\InitHookBehavior [ RunTime:0.006067s ]
INFO: [ app_init ] --END-- [ RunTime:0.007153s ]
INFO: [ app_begin ] --START--
INFO: Run Behavior\ReadHtmlCacheBehavior [ RunTime:0.001565s ]
INFO: [ app_begin ] --END-- [ RunTime:0.001778s ]
SQL: SHOW COLUMNS FROM `jm_config` [ RunTime:0.0314s ]
SQL: SELECT `type`,`name`,`value` FROM `jm_config` WHERE `status` = 1  [ RunTime:0.0007s ]
SQL: SHOW COLUMNS FROM `jm_infomation` [ RunTime:0.0351s ]
SQL: SELECT `description`,`title` FROM `jm_infomation` WHERE `id` = 2 LIMIT 1   [ RunTime:0.0005s ]
NOTIC: [8] Undefined index: id D:\wamp\www\Application\Home\Controller\IndexController.class.php 第 146 行.

[ 2015-07-02T09:36:42+08:00 ] ::1 /List/index/type/1/status/0/p/1.html
INFO: [ app_init ] --START--
INFO: Run Behavior\BuildLiteBehavior [ RunTime:0.000042s ]
INFO: Run Common\Behavior\InitHookBehavior [ RunTime:0.007771s ]
INFO: [ app_init ] --END-- [ RunTime:0.008617s ]
INFO: [ app_begin ] --START--
INFO: Run Behavior\ReadHtmlCacheBehavior [ RunTime:0.001496s ]
INFO: [ app_begin ] --END-- [ RunTime:0.001726s ]
SQL: SHOW COLUMNS FROM `jm_project` [ RunTime:0.0266s ]
SQL: SHOW COLUMNS FROM `jm_proj_index` [ RunTime:0.0133s ]
SQL: SELECT * FROM `jm_proj_index` WHERE `status` = 9 AND `stage` = 4 ORDER BY create_time desc  [ RunTime:0.0018s ]
SQL: SELECT * FROM `jm_proj_index` WHERE `status` = 9 AND `stage` = 1 ORDER BY create_time desc  [ RunTime:0.0008s ]
SQL: SELECT * FROM `jm_proj_index` WHERE `status` = 9 AND `stage` IN ('8','9') ORDER BY create_time desc  [ RunTime:0.0007s ]
SQL: SELECT * FROM `jm_proj_index` WHERE `status` = 9 AND `stage` = 8 ORDER BY create_time desc  [ RunTime:0.0007s ]
NOTIC: [2] array_slice() expects parameter 1 to be array, null given D:\wamp\www\Application\Home\Controller\ListController.class.php 第 68 行.
INFO: [ view_parse ] --START--
INFO: [ template_filter ] --START--
INFO: Run Behavior\ContentReplaceBehavior [ RunTime:0.000446s ]
INFO: [ template_filter ] --END-- [ RunTime:0.000714s ]
NOTIC: [8] Undefined variable: pageTitle D:\wamp\www\Runtime\Cache\Home\17aa3eae73c20220667e35dc2db3fa96.php 第 36 行.
SQL: SHOW COLUMNS FROM `jm_picture` [ RunTime:0.0389s ]
SQL: SELECT * FROM `jm_picture` WHERE `status` = 1 AND `id` = 15 LIMIT 1   [ RunTime:0.0005s ]
NOTIC: [8] Undefined variable: listOfStocks D:\wamp\www\Runtime\Cache\Home\17aa3eae73c20220667e35dc2db3fa96.php 第 263 行.
INFO: Run Behavior\ParseTemplateBehavior [ RunTime:0.108985s ]
INFO: [ view_parse ] --END-- [ RunTime:0.109479s ]
INFO: [ view_filter ] --START--
INFO: Run Behavior\WriteHtmlCacheBehavior [ RunTime:0.000945s ]
INFO: [ view_filter ] --END-- [ RunTime:0.001094s ]
INFO: [ app_end ] --START--
INFO: Run Behavior\ShowPageTraceBehavior [ RunTime:0.001307s ]
INFO: [ app_end ] --END-- [ RunTime:0.001553s ]

[ 2015-07-02T09:37:00+08:00 ] ::1 /List/index/type/1/status/0/p/1.html
INFO: [ app_init ] --START--
INFO: Run Behavior\BuildLiteBehavior [ RunTime:0.000033s ]
INFO: Run Common\Behavior\InitHookBehavior [ RunTime:0.007011s ]
INFO: [ app_init ] --END-- [ RunTime:0.007809s ]
INFO: [ app_begin ] --START--
INFO: Run Behavior\ReadHtmlCacheBehavior [ RunTime:0.001189s ]
INFO: [ app_begin ] --END-- [ RunTime:0.001349s ]

[ 2015-07-02T09:37:03+08:00 ] ::1 /Index/getinfo?type=1&id=2
INFO: [ app_init ] --START--
INFO: Run Behavior\BuildLiteBehavior [ RunTime:0.000066s ]
INFO: Run Common\Behavior\InitHookBehavior [ RunTime:0.008888s ]
INFO: [ app_init ] --END-- [ RunTime:0.010464s ]
INFO: [ app_begin ] --START--
INFO: Run Behavior\ReadHtmlCacheBehavior [ RunTime:0.001732s ]
INFO: [ app_begin ] --END-- [ RunTime:0.002998s ]
SQL: SHOW COLUMNS FROM `jm_config` [ RunTime:0.0398s ]
SQL: SELECT `type`,`name`,`value` FROM `jm_config` WHERE `status` = 1  [ RunTime:0.0007s ]
SQL: SHOW COLUMNS FROM `jm_infomation` [ RunTime:0.0443s ]
SQL: SELECT `description`,`title` FROM `jm_infomation` WHERE `id` = 2 LIMIT 1   [ RunTime:0.0003s ]
NOTIC: [8] Undefined index: id D:\wamp\www\Application\Home\Controller\IndexController.class.php 第 146 行.

[ 2015-07-02T09:37:14+08:00 ] ::1 /List/index/type/1/status/0/p/1.html
INFO: [ app_init ] --START--
INFO: Run Behavior\BuildLiteBehavior [ RunTime:0.000027s ]
INFO: Run Common\Behavior\InitHookBehavior [ RunTime:0.003698s ]
INFO: [ app_init ] --END-- [ RunTime:0.004542s ]
INFO: [ app_begin ] --START--
INFO: Run Behavior\ReadHtmlCacheBehavior [ RunTime:0.001101s ]
INFO: [ app_begin ] --END-- [ RunTime:0.001299s ]

[ 2015-07-02T09:37:39+08:00 ] ::1 /List/index/type/1/status/0/p/1.html
INFO: [ app_init ] --START--
INFO: Run Behavior\BuildLiteBehavior [ RunTime:0.000031s ]
INFO: Run Common\Behavior\InitHookBehavior [ RunTime:0.005208s ]
INFO: [ app_init ] --END-- [ RunTime:0.005974s ]
INFO: [ app_begin ] --START--
INFO: Run Behavior\ReadHtmlCacheBehavior [ RunTime:0.001187s ]
INFO: [ app_begin ] --END-- [ RunTime:0.001443s ]

[ 2015-07-02T09:37:49+08:00 ] ::1 /Index/getinfo?type=1&id=2
INFO: [ app_init ] --START--
INFO: Run Behavior\BuildLiteBehavior [ RunTime:0.000059s ]
INFO: Run Common\Behavior\InitHookBehavior [ RunTime:0.006779s ]
INFO: [ app_init ] --END-- [ RunTime:0.008315s ]
INFO: [ app_begin ] --START--
INFO: Run Behavior\ReadHtmlCacheBehavior [ RunTime:0.010524s ]
INFO: [ app_begin ] --END-- [ RunTime:0.010852s ]
SQL: SHOW COLUMNS FROM `jm_config` [ RunTime:0.0366s ]
SQL: SELECT `type`,`name`,`value` FROM `jm_config` WHERE `status` = 1  [ RunTime:0.0011s ]
SQL: SHOW COLUMNS FROM `jm_infomation` [ RunTime:0.0157s ]
SQL: SELECT `description`,`title` FROM `jm_infomation` WHERE `id` = 2 LIMIT 1   [ RunTime:0.0014s ]
NOTIC: [8] Undefined index: id D:\wamp\www\Application\Home\Controller\IndexController.class.php 第 146 行.

[ 2015-07-02T10:30:24+08:00 ] ::1 /
INFO: [ app_init ] --START--
INFO: Run Behavior\BuildLiteBehavior [ RunTime:0.000032s ]
INFO: Run Common\Behavior\InitHookBehavior [ RunTime:0.003406s ]
INFO: [ app_init ] --END-- [ RunTime:0.004407s ]
INFO: [ app_begin ] --START--
INFO: Run Behavior\ReadHtmlCacheBehavior [ RunTime:0.002354s ]
INFO: [ app_begin ] --END-- [ RunTime:0.002552s ]
SQL: SHOW COLUMNS FROM `jm_config` [ RunTime:0.0243s ]
SQL: SELECT `type`,`name`,`value` FROM `jm_config` WHERE `status` = 1  [ RunTime:0.0006s ]
SQL: SHOW COLUMNS FROM `jm_notice` [ RunTime:0.0285s ]
SQL: SELECT `id`,`create_time`,`title` FROM `jm_notice` WHERE ( status = 0 ) ORDER BY is_top desc,create_time desc LIMIT 6   [ RunTime:0.0005s ]
SQL: SHOW COLUMNS FROM `jm_infomation` [ RunTime:0.0111s ]
SQL: SELECT `id`,`create_time`,`title` FROM `jm_infomation` WHERE ( status = 1 ) ORDER BY level desc,create_time desc LIMIT 6   [ RunTime:0.0005s ]
NOTIC: [8] Undefined variable: noticearray D:\wamp\www\Application\Home\Controller\IndexController.class.php 第 60 行.
NOTIC: [2] implode(): Invalid arguments passed D:\wamp\www\Application\Home\Controller\IndexController.class.php 第 60 行.
NOTIC: [8] Undefined variable: newsarray D:\wamp\www\Application\Home\Controller\IndexController.class.php 第 62 行.
NOTIC: [2] implode(): Invalid arguments passed D:\wamp\www\Application\Home\Controller\IndexController.class.php 第 62 行.
SQL: SHOW COLUMNS FROM `jm_project` [ RunTime:0.0145s ]
SQL: SHOW COLUMNS FROM `jm_proj_index` [ RunTime:0.0309s ]
SQL: SELECT * FROM `jm_proj_index` WHERE `stage` = 4 ORDER BY is_top desc, create_time desc LIMIT 6   [ RunTime:0.0015s ]
SQL: SELECT * FROM `jm_proj_index` WHERE `stage` = 2 ORDER BY is_top desc, create_time desc  [ RunTime:0.0022s ]
SQL: SELECT * FROM `jm_proj_index` WHERE `stage` = 1 ORDER BY is_top desc, create_time desc  [ RunTime:0.0011s ]
SQL: SELECT * FROM `jm_proj_index` WHERE `stage` = 9 ORDER BY is_top desc, create_time desc LIMIT 6   [ RunTime:0.0011s ]
SQL: SHOW COLUMNS FROM `jm_banner` [ RunTime:0.0098s ]
SQL: SELECT * FROM `jm_banner` WHERE `status` = 0 ORDER BY sort asc,id desc  [ RunTime:0.0004s ]
SQL: SELECT * FROM `jm_proj_index` WHERE `status` = 9 AND `stage` BETWEEN '1' AND '4' ORDER BY stage desc,is_top desc,create_time desc LIMIT 6   [ RunTime:0.0011s ]
SQL: SHOW COLUMNS FROM `jm_project` [ RunTime:0.0106s ]
SQL: SELECT COUNT(*) AS tp_count FROM `jm_project` WHERE `status` >= 9 LIMIT 1   [ RunTime:0.0004s ]
SQL: SHOW COLUMNS FROM `jm_project_investor` [ RunTime:0.0127s ]
SQL: SELECT SUM(fund) AS tp_sum FROM `jm_project_investor` WHERE `status` >= 4 LIMIT 1   [ RunTime:0.0004s ]
SQL: SHOW COLUMNS FROM `jm_product` [ RunTime:0.0305s ]
SQL: SELECT COUNT(*) AS tp_count FROM `jm_product` WHERE `status` >= 9 LIMIT 1   [ RunTime:0.0003s ]
SQL: SHOW COLUMNS FROM `jm_custom` [ RunTime:0.0248s ]
SQL: SELECT SUM(amount) AS tp_sum FROM `jm_custom` WHERE `status` = 1 LIMIT 1   [ RunTime:0.0003s ]
SQL: SHOW COLUMNS FROM `jm_ucenter_member` [ RunTime:0.0105s ]
SQL: SELECT COUNT(*) AS tp_count FROM `jm_ucenter_member` WHERE `status` = 1 LIMIT 1   [ RunTime:0.0021s ]
SQL: SHOW COLUMNS FROM `jm_link` [ RunTime:0.0231s ]
SQL: SELECT `name`,`logo`,`url` FROM `jm_link` WHERE `status` = 1 ORDER BY sort desc LIMIT 12   [ RunTime:0.0003s ]
INFO: [ view_parse ] --START--
INFO: [ template_filter ] --START--
INFO: Run Behavior\ContentReplaceBehavior [ RunTime:0.000344s ]
INFO: [ template_filter ] --END-- [ RunTime:0.000477s ]
SQL: SHOW COLUMNS FROM `jm_picture` [ RunTime:0.0120s ]
SQL: SELECT * FROM `jm_picture` WHERE `status` = 1 AND `id` = 20 LIMIT 1   [ RunTime:0.0003s ]
SQL: SELECT * FROM `jm_picture` WHERE `status` = 1 AND `id` = 20 LIMIT 1   [ RunTime:0.0003s ]
SQL: SELECT * FROM `jm_picture` WHERE `status` = 1 AND `id` = 19 LIMIT 1   [ RunTime:0.0003s ]
SQL: SELECT * FROM `jm_picture` WHERE `status` = 1 AND `id` = 19 LIMIT 1   [ RunTime:0.0002s ]
SQL: SELECT * FROM `jm_picture` WHERE `status` = 1 AND `id` = 15 LIMIT 1   [ RunTime:0.0004s ]
SQL: SELECT * FROM `jm_picture` WHERE `status` = 1 AND `id` = 10 LIMIT 1   [ RunTime:0.0004s ]
SQL: SELECT * FROM `jm_picture` WHERE `status` = 1 AND `id` = 5 LIMIT 1   [ RunTime:0.0003s ]
SQL: SELECT * FROM `jm_picture` WHERE `status` = 1 AND `id` = 11 LIMIT 1   [ RunTime:0.0002s ]
SQL: SELECT * FROM `jm_picture` WHERE `status` = 1 AND `id` = 14 LIMIT 1   [ RunTime:0.0002s ]
SQL: SELECT * FROM `jm_picture` WHERE `status` = 1 AND `id` = 13 LIMIT 1   [ RunTime:0.0003s ]
INFO: Run Behavior\ParseTemplateBehavior [ RunTime:0.098629s ]
INFO: [ view_parse ] --END-- [ RunTime:0.098827s ]
INFO: [ view_filter ] --START--
INFO: Run Behavior\WriteHtmlCacheBehavior [ RunTime:0.000903s ]
INFO: [ view_filter ] --END-- [ RunTime:0.001022s ]
INFO: [ app_end ] --START--
INFO: Run Behavior\ShowPageTraceBehavior [ RunTime:0.001258s ]
INFO: [ app_end ] --END-- [ RunTime:0.001419s ]

[ 2015-07-02T10:30:25+08:00 ] ::1 /Index/getinfo?type=1&id=2
INFO: [ app_init ] --START--
INFO: Run Behavior\BuildLiteBehavior [ RunTime:0.000038s ]
INFO: Run Common\Behavior\InitHookBehavior [ RunTime:0.011374s ]
INFO: [ app_init ] --END-- [ RunTime:0.015848s ]
INFO: [ app_begin ] --START--
INFO: Run Behavior\ReadHtmlCacheBehavior [ RunTime:0.001125s ]
INFO: [ app_begin ] --END-- [ RunTime:0.001261s ]
SQL: SHOW COLUMNS FROM `jm_config` [ RunTime:0.0331s ]
SQL: SELECT `type`,`name`,`value` FROM `jm_config` WHERE `status` = 1  [ RunTime:0.0004s ]
SQL: SHOW COLUMNS FROM `jm_infomation` [ RunTime:0.0379s ]
SQL: SELECT `description`,`title` FROM `jm_infomation` WHERE `id` = 2 LIMIT 1   [ RunTime:0.0014s ]
NOTIC: [8] Undefined index: id D:\wamp\www\Application\Home\Controller\IndexController.class.php 第 146 行.

