[ 2015-07-07T10:36:06+08:00 ] ::1 /
INFO: [ app_init ] --START--
INFO: Run Behavior\BuildLiteBehavior [ RunTime:0.000041s ]
INFO: Run Common\Behavior\InitHookBehavior [ RunTime:0.094276s ]
INFO: [ app_init ] --END-- [ RunTime:0.109498s ]
INFO: [ app_begin ] --START--
INFO: Run Behavior\ReadHtmlCacheBehavior [ RunTime:0.013058s ]
INFO: [ app_begin ] --END-- [ RunTime:0.013225s ]
SQL: SHOW COLUMNS FROM `jm_config` [ RunTime:0.2116s ]
SQL: SELECT `type`,`name`,`value` FROM `jm_config` WHERE `status` = 1  [ RunTime:0.0006s ]
SQL: SHOW COLUMNS FROM `jm_notice` [ RunTime:0.1498s ]
SQL: SELECT `id`,`create_time`,`title` FROM `jm_notice` WHERE ( status = 0 ) ORDER BY is_top desc,create_time desc LIMIT 6   [ RunTime:0.4007s ]
SQL: SHOW COLUMNS FROM `jm_infomation` [ RunTime:0.0454s ]
SQL: SELECT `id`,`create_time`,`title` FROM `jm_infomation` WHERE ( status = 1 ) ORDER BY level desc,create_time desc LIMIT 6   [ RunTime:0.0013s ]
NOTIC: [8] Undefined variable: noticearray D:\wamp\www\Application\Home\Controller\IndexController.class.php 第 60 行.
NOTIC: [2] implode(): Invalid arguments passed D:\wamp\www\Application\Home\Controller\IndexController.class.php 第 60 行.
NOTIC: [8] Undefined variable: newsarray D:\wamp\www\Application\Home\Controller\IndexController.class.php 第 62 行.
NOTIC: [2] implode(): Invalid arguments passed D:\wamp\www\Application\Home\Controller\IndexController.class.php 第 62 行.
SQL: SHOW COLUMNS FROM `jm_project` [ RunTime:0.0363s ]
SQL: SHOW COLUMNS FROM `jm_proj_index` [ RunTime:0.1162s ]
SQL: SELECT * FROM `jm_proj_index` WHERE `stage` = 4 ORDER BY is_top desc, create_time desc LIMIT 6   [ RunTime:0.0362s ]
SQL: SELECT * FROM `jm_proj_index` WHERE `stage` = 2 ORDER BY is_top desc, create_time desc  [ RunTime:0.0026s ]
SQL: SELECT * FROM `jm_proj_index` WHERE `stage` = 1 ORDER BY is_top desc, create_time desc  [ RunTime:0.0034s ]
SQL: SELECT * FROM `jm_proj_index` WHERE `stage` = 9 ORDER BY is_top desc, create_time desc LIMIT 6   [ RunTime:0.0013s ]
SQL: SHOW COLUMNS FROM `jm_banner` [ RunTime:0.0448s ]
SQL: SELECT * FROM `jm_banner` WHERE `status` = 0 ORDER BY sort asc,id desc  [ RunTime:0.0006s ]
SQL: SELECT * FROM `jm_proj_index` WHERE `status` = 9 AND `stage` BETWEEN '1' AND '4' ORDER BY stage desc,is_top desc,create_time desc LIMIT 6   [ RunTime:0.0013s ]
SQL: SHOW COLUMNS FROM `jm_project` [ RunTime:0.0656s ]
SQL: SELECT COUNT(*) AS tp_count FROM `jm_project` WHERE `status` >= 9 LIMIT 1   [ RunTime:0.0004s ]
SQL: SHOW COLUMNS FROM `jm_project_investor` [ RunTime:0.0256s ]
SQL: SELECT SUM(fund) AS tp_sum FROM `jm_project_investor` WHERE `status` >= 4 LIMIT 1   [ RunTime:0.0005s ]
SQL: SHOW COLUMNS FROM `jm_product` [ RunTime:0.1052s ]
SQL: SELECT COUNT(*) AS tp_count FROM `jm_product` WHERE `status` >= 9 LIMIT 1   [ RunTime:0.0003s ]
SQL: SHOW COLUMNS FROM `jm_custom` [ RunTime:0.0694s ]
SQL: SELECT SUM(amount) AS tp_sum FROM `jm_custom` WHERE `status` = 1 LIMIT 1   [ RunTime:0.0005s ]
SQL: SHOW COLUMNS FROM `jm_ucenter_member` [ RunTime:0.0566s ]
SQL: SELECT COUNT(*) AS tp_count FROM `jm_ucenter_member` WHERE `status` = 1 LIMIT 1   [ RunTime:0.0094s ]
SQL: SHOW COLUMNS FROM `jm_link` [ RunTime:0.0552s ]
SQL: SELECT `name`,`logo`,`url` FROM `jm_link` WHERE `status` = 1 ORDER BY sort desc LIMIT 12   [ RunTime:0.0006s ]
INFO: [ view_parse ] --START--
INFO: [ template_filter ] --START--
INFO: Run Behavior\ContentReplaceBehavior [ RunTime:0.000692s ]
INFO: [ template_filter ] --END-- [ RunTime:0.000968s ]
SQL: SHOW COLUMNS FROM `jm_picture` [ RunTime:0.0306s ]
SQL: SELECT * FROM `jm_picture` WHERE `status` = 1 AND `id` = 20 LIMIT 1   [ RunTime:0.0284s ]
SQL: SELECT * FROM `jm_picture` WHERE `status` = 1 AND `id` = 20 LIMIT 1   [ RunTime:0.0004s ]
SQL: SELECT * FROM `jm_picture` WHERE `status` = 1 AND `id` = 19 LIMIT 1   [ RunTime:0.0006s ]
SQL: SELECT * FROM `jm_picture` WHERE `status` = 1 AND `id` = 19 LIMIT 1   [ RunTime:0.0004s ]
SQL: SELECT * FROM `jm_picture` WHERE `status` = 1 AND `id` = 15 LIMIT 1   [ RunTime:0.0003s ]
SQL: SELECT * FROM `jm_picture` WHERE `status` = 1 AND `id` = 10 LIMIT 1   [ RunTime:0.0004s ]
SQL: SELECT * FROM `jm_picture` WHERE `status` = 1 AND `id` = 5 LIMIT 1   [ RunTime:0.0003s ]
SQL: SELECT * FROM `jm_picture` WHERE `status` = 1 AND `id` = 11 LIMIT 1   [ RunTime:0.0003s ]
SQL: SELECT * FROM `jm_picture` WHERE `status` = 1 AND `id` = 14 LIMIT 1   [ RunTime:0.0003s ]
SQL: SELECT * FROM `jm_picture` WHERE `status` = 1 AND `id` = 13 LIMIT 1   [ RunTime:0.0003s ]
INFO: Run Behavior\ParseTemplateBehavior [ RunTime:1.001834s ]
INFO: [ view_parse ] --END-- [ RunTime:1.002010s ]
INFO: [ view_filter ] --START--
INFO: Run Behavior\WriteHtmlCacheBehavior [ RunTime:0.010502s ]
INFO: [ view_filter ] --END-- [ RunTime:0.010650s ]
INFO: [ app_end ] --START--
INFO: Run Behavior\ShowPageTraceBehavior [ RunTime:0.020896s ]
INFO: [ app_end ] --END-- [ RunTime:0.021150s ]

[ 2015-07-07T10:36:07+08:00 ] ::1 /Index/getinfo?type=1&id=2
INFO: [ app_init ] --START--
INFO: Run Behavior\BuildLiteBehavior [ RunTime:0.000053s ]
INFO: Run Common\Behavior\InitHookBehavior [ RunTime:0.015084s ]
INFO: [ app_init ] --END-- [ RunTime:0.016559s ]
INFO: [ app_begin ] --START--
INFO: Run Behavior\ReadHtmlCacheBehavior [ RunTime:0.001302s ]
INFO: [ app_begin ] --END-- [ RunTime:0.001441s ]
SQL: SHOW COLUMNS FROM `jm_config` [ RunTime:0.0315s ]
SQL: SELECT `type`,`name`,`value` FROM `jm_config` WHERE `status` = 1  [ RunTime:0.0004s ]
SQL: SHOW COLUMNS FROM `jm_infomation` [ RunTime:0.0123s ]
SQL: SELECT `description`,`title` FROM `jm_infomation` WHERE `id` = 2 LIMIT 1   [ RunTime:0.0003s ]
NOTIC: [8] Undefined index: id D:\wamp\www\Application\Home\Controller\IndexController.class.php 第 146 行.

[ 2015-07-07T13:35:30+08:00 ] ::1 /
INFO: [ app_init ] --START--
INFO: Run Behavior\BuildLiteBehavior [ RunTime:0.000035s ]
INFO: Run Common\Behavior\InitHookBehavior [ RunTime:0.007331s ]
INFO: [ app_init ] --END-- [ RunTime:0.008293s ]
INFO: [ app_begin ] --START--
INFO: Run Behavior\ReadHtmlCacheBehavior [ RunTime:0.001035s ]
INFO: [ app_begin ] --END-- [ RunTime:0.001219s ]
SQL: SHOW COLUMNS FROM `jm_config` [ RunTime:0.0122s ]
SQL: SELECT `type`,`name`,`value` FROM `jm_config` WHERE `status` = 1  [ RunTime:0.0004s ]
SQL: SHOW COLUMNS FROM `jm_notice` [ RunTime:0.0645s ]
SQL: SELECT `id`,`create_time`,`title` FROM `jm_notice` WHERE ( status = 0 ) ORDER BY is_top desc,create_time desc LIMIT 6   [ RunTime:0.0550s ]
SQL: SHOW COLUMNS FROM `jm_infomation` [ RunTime:0.0137s ]
SQL: SELECT `id`,`create_time`,`title` FROM `jm_infomation` WHERE ( status = 1 ) ORDER BY level desc,create_time desc LIMIT 6   [ RunTime:0.0004s ]
NOTIC: [8] Undefined variable: noticearray D:\wamp\www\Application\Home\Controller\IndexController.class.php 第 60 行.
NOTIC: [2] implode(): Invalid arguments passed D:\wamp\www\Application\Home\Controller\IndexController.class.php 第 60 行.
NOTIC: [8] Undefined variable: newsarray D:\wamp\www\Application\Home\Controller\IndexController.class.php 第 62 行.
NOTIC: [2] implode(): Invalid arguments passed D:\wamp\www\Application\Home\Controller\IndexController.class.php 第 62 行.
SQL: SHOW COLUMNS FROM `jm_project` [ RunTime:0.1223s ]
SQL: SHOW COLUMNS FROM `jm_proj_index` [ RunTime:0.2083s ]
SQL: SELECT * FROM `jm_proj_index` WHERE `stage` = 4 ORDER BY is_top desc, create_time desc LIMIT 6   [ RunTime:0.0327s ]
SQL: SELECT * FROM `jm_proj_index` WHERE `stage` = 2 ORDER BY is_top desc, create_time desc  [ RunTime:0.0051s ]
SQL: SELECT * FROM `jm_proj_index` WHERE `stage` = 1 ORDER BY is_top desc, create_time desc  [ RunTime:0.0012s ]
SQL: SELECT * FROM `jm_proj_index` WHERE `stage` = 9 ORDER BY is_top desc, create_time desc LIMIT 6   [ RunTime:0.0009s ]
SQL: SHOW COLUMNS FROM `jm_banner` [ RunTime:0.0264s ]
SQL: SELECT * FROM `jm_banner` WHERE `status` = 0 ORDER BY sort asc,id desc  [ RunTime:0.0005s ]
SQL: SELECT * FROM `jm_proj_index` WHERE `status` = 9 AND `stage` BETWEEN '1' AND '4' ORDER BY stage desc,is_top desc,create_time desc LIMIT 6   [ RunTime:0.0021s ]
SQL: SHOW COLUMNS FROM `jm_project` [ RunTime:0.0459s ]
SQL: SELECT COUNT(*) AS tp_count FROM `jm_project` WHERE `status` >= 9 LIMIT 1   [ RunTime:0.0004s ]
SQL: SHOW COLUMNS FROM `jm_project_investor` [ RunTime:0.0154s ]
SQL: SELECT SUM(fund) AS tp_sum FROM `jm_project_investor` WHERE `status` >= 4 LIMIT 1   [ RunTime:0.0004s ]
SQL: SHOW COLUMNS FROM `jm_product` [ RunTime:0.0122s ]
SQL: SELECT COUNT(*) AS tp_count FROM `jm_product` WHERE `status` >= 9 LIMIT 1   [ RunTime:0.0003s ]
SQL: SHOW COLUMNS FROM `jm_custom` [ RunTime:0.0352s ]
SQL: SELECT SUM(amount) AS tp_sum FROM `jm_custom` WHERE `status` = 1 LIMIT 1   [ RunTime:0.0155s ]
SQL: SHOW COLUMNS FROM `jm_ucenter_member` [ RunTime:0.0162s ]
SQL: SELECT COUNT(*) AS tp_count FROM `jm_ucenter_member` WHERE `status` = 1 LIMIT 1   [ RunTime:0.0055s ]
SQL: SHOW COLUMNS FROM `jm_link` [ RunTime:0.0168s ]
SQL: SELECT `name`,`logo`,`url` FROM `jm_link` WHERE `status` = 1 ORDER BY sort desc LIMIT 12   [ RunTime:0.0004s ]
INFO: [ view_parse ] --START--
INFO: [ template_filter ] --START--
INFO: Run Behavior\ContentReplaceBehavior [ RunTime:0.000380s ]
INFO: [ template_filter ] --END-- [ RunTime:0.000516s ]
SQL: SHOW COLUMNS FROM `jm_picture` [ RunTime:0.0316s ]
SQL: SELECT * FROM `jm_picture` WHERE `status` = 1 AND `id` = 20 LIMIT 1   [ RunTime:0.0141s ]
SQL: SELECT * FROM `jm_picture` WHERE `status` = 1 AND `id` = 20 LIMIT 1   [ RunTime:0.0004s ]
SQL: SELECT * FROM `jm_picture` WHERE `status` = 1 AND `id` = 19 LIMIT 1   [ RunTime:0.0003s ]
SQL: SELECT * FROM `jm_picture` WHERE `status` = 1 AND `id` = 19 LIMIT 1   [ RunTime:0.0003s ]
SQL: SELECT * FROM `jm_picture` WHERE `status` = 1 AND `id` = 15 LIMIT 1   [ RunTime:0.0003s ]
SQL: SELECT * FROM `jm_picture` WHERE `status` = 1 AND `id` = 10 LIMIT 1   [ RunTime:0.0004s ]
SQL: SELECT * FROM `jm_picture` WHERE `status` = 1 AND `id` = 5 LIMIT 1   [ RunTime:0.0003s ]
SQL: SELECT * FROM `jm_picture` WHERE `status` = 1 AND `id` = 11 LIMIT 1   [ RunTime:0.0003s ]
SQL: SELECT * FROM `jm_picture` WHERE `status` = 1 AND `id` = 14 LIMIT 1   [ RunTime:0.0003s ]
SQL: SELECT * FROM `jm_picture` WHERE `status` = 1 AND `id` = 13 LIMIT 1   [ RunTime:0.0003s ]
INFO: Run Behavior\ParseTemplateBehavior [ RunTime:0.167255s ]
INFO: [ view_parse ] --END-- [ RunTime:0.167399s ]
INFO: [ view_filter ] --START--
INFO: Run Behavior\WriteHtmlCacheBehavior [ RunTime:0.000686s ]
INFO: [ view_filter ] --END-- [ RunTime:0.000812s ]
INFO: [ app_end ] --START--
INFO: Run Behavior\ShowPageTraceBehavior [ RunTime:0.001211s ]
INFO: [ app_end ] --END-- [ RunTime:0.001407s ]

[ 2015-07-07T13:35:31+08:00 ] ::1 /
INFO: [ app_init ] --START--
INFO: Run Behavior\BuildLiteBehavior [ RunTime:0.000057s ]
INFO: Run Common\Behavior\InitHookBehavior [ RunTime:0.002270s ]
INFO: [ app_init ] --END-- [ RunTime:0.003159s ]
INFO: [ app_begin ] --START--
INFO: Run Behavior\ReadHtmlCacheBehavior [ RunTime:0.000995s ]
INFO: [ app_begin ] --END-- [ RunTime:0.001154s ]
SQL: SHOW COLUMNS FROM `jm_config` [ RunTime:0.0119s ]
SQL: SELECT `type`,`name`,`value` FROM `jm_config` WHERE `status` = 1  [ RunTime:0.0004s ]
SQL: SHOW COLUMNS FROM `jm_notice` [ RunTime:0.0106s ]
SQL: SELECT `id`,`create_time`,`title` FROM `jm_notice` WHERE ( status = 0 ) ORDER BY is_top desc,create_time desc LIMIT 6   [ RunTime:0.0004s ]
SQL: SHOW COLUMNS FROM `jm_infomation` [ RunTime:0.0110s ]
SQL: SELECT `id`,`create_time`,`title` FROM `jm_infomation` WHERE ( status = 1 ) ORDER BY level desc,create_time desc LIMIT 6   [ RunTime:0.0003s ]
NOTIC: [8] Undefined variable: noticearray D:\wamp\www\Application\Home\Controller\IndexController.class.php 第 60 行.
NOTIC: [2] implode(): Invalid arguments passed D:\wamp\www\Application\Home\Controller\IndexController.class.php 第 60 行.
NOTIC: [8] Undefined variable: newsarray D:\wamp\www\Application\Home\Controller\IndexController.class.php 第 62 行.
NOTIC: [2] implode(): Invalid arguments passed D:\wamp\www\Application\Home\Controller\IndexController.class.php 第 62 行.
SQL: SHOW COLUMNS FROM `jm_project` [ RunTime:0.0216s ]
SQL: SHOW COLUMNS FROM `jm_proj_index` [ RunTime:0.0112s ]
SQL: SELECT * FROM `jm_proj_index` WHERE `stage` = 4 ORDER BY is_top desc, create_time desc LIMIT 6   [ RunTime:0.0014s ]
SQL: SELECT * FROM `jm_proj_index` WHERE `stage` = 2 ORDER BY is_top desc, create_time desc  [ RunTime:0.0013s ]
SQL: SELECT * FROM `jm_proj_index` WHERE `stage` = 1 ORDER BY is_top desc, create_time desc  [ RunTime:0.0128s ]
SQL: SELECT * FROM `jm_proj_index` WHERE `stage` = 9 ORDER BY is_top desc, create_time desc LIMIT 6   [ RunTime:0.0011s ]
SQL: SHOW COLUMNS FROM `jm_banner` [ RunTime:0.0402s ]
SQL: SELECT * FROM `jm_banner` WHERE `status` = 0 ORDER BY sort asc,id desc  [ RunTime:0.0004s ]
SQL: SELECT * FROM `jm_proj_index` WHERE `status` = 9 AND `stage` BETWEEN '1' AND '4' ORDER BY stage desc,is_top desc,create_time desc LIMIT 6   [ RunTime:0.0016s ]
SQL: SHOW COLUMNS FROM `jm_project` [ RunTime:0.0142s ]
SQL: SELECT COUNT(*) AS tp_count FROM `jm_project` WHERE `status` >= 9 LIMIT 1   [ RunTime:0.0004s ]
SQL: SHOW COLUMNS FROM `jm_project_investor` [ RunTime:0.0170s ]
SQL: SELECT SUM(fund) AS tp_sum FROM `jm_project_investor` WHERE `status` >= 4 LIMIT 1   [ RunTime:0.0004s ]
SQL: SHOW COLUMNS FROM `jm_product` [ RunTime:0.0350s ]
SQL: SELECT COUNT(*) AS tp_count FROM `jm_product` WHERE `status` >= 9 LIMIT 1   [ RunTime:0.0010s ]
SQL: SHOW COLUMNS FROM `jm_custom` [ RunTime:0.0297s ]
SQL: SELECT SUM(amount) AS tp_sum FROM `jm_custom` WHERE `status` = 1 LIMIT 1   [ RunTime:0.0005s ]
SQL: SHOW COLUMNS FROM `jm_ucenter_member` [ RunTime:0.0324s ]
SQL: SELECT COUNT(*) AS tp_count FROM `jm_ucenter_member` WHERE `status` = 1 LIMIT 1   [ RunTime:0.0020s ]
SQL: SHOW COLUMNS FROM `jm_link` [ RunTime:0.0159s ]
SQL: SELECT `name`,`logo`,`url` FROM `jm_link` WHERE `status` = 1 ORDER BY sort desc LIMIT 12   [ RunTime:0.0005s ]
INFO: [ view_parse ] --START--
INFO: [ template_filter ] --START--
INFO: Run Behavior\ContentReplaceBehavior [ RunTime:0.000348s ]
INFO: [ template_filter ] --END-- [ RunTime:0.000490s ]
SQL: SHOW COLUMNS FROM `jm_picture` [ RunTime:0.0113s ]
SQL: SELECT * FROM `jm_picture` WHERE `status` = 1 AND `id` = 20 LIMIT 1   [ RunTime:0.0004s ]
SQL: SELECT * FROM `jm_picture` WHERE `status` = 1 AND `id` = 20 LIMIT 1   [ RunTime:0.0003s ]
SQL: SELECT * FROM `jm_picture` WHERE `status` = 1 AND `id` = 19 LIMIT 1   [ RunTime:0.0004s ]
SQL: SELECT * FROM `jm_picture` WHERE `status` = 1 AND `id` = 19 LIMIT 1   [ RunTime:0.0004s ]
SQL: SELECT * FROM `jm_picture` WHERE `status` = 1 AND `id` = 15 LIMIT 1   [ RunTime:0.0005s ]
SQL: SELECT * FROM `jm_picture` WHERE `status` = 1 AND `id` = 10 LIMIT 1   [ RunTime:0.0004s ]
SQL: SELECT * FROM `jm_picture` WHERE `status` = 1 AND `id` = 5 LIMIT 1   [ RunTime:0.0004s ]
SQL: SELECT * FROM `jm_picture` WHERE `status` = 1 AND `id` = 11 LIMIT 1   [ RunTime:0.0004s ]
SQL: SELECT * FROM `jm_picture` WHERE `status` = 1 AND `id` = 14 LIMIT 1   [ RunTime:0.0004s ]
SQL: SELECT * FROM `jm_picture` WHERE `status` = 1 AND `id` = 13 LIMIT 1   [ RunTime:0.0003s ]
INFO: Run Behavior\ParseTemplateBehavior [ RunTime:0.076183s ]
INFO: [ view_parse ] --END-- [ RunTime:0.076389s ]
INFO: [ view_filter ] --START--
INFO: Run Behavior\WriteHtmlCacheBehavior [ RunTime:0.000618s ]
INFO: [ view_filter ] --END-- [ RunTime:0.000762s ]
INFO: [ app_end ] --START--
INFO: Run Behavior\ShowPageTraceBehavior [ RunTime:0.001480s ]
INFO: [ app_end ] --END-- [ RunTime:0.001705s ]

[ 2015-07-07T13:35:34+08:00 ] ::1 /
INFO: [ app_init ] --START--
INFO: Run Behavior\BuildLiteBehavior [ RunTime:0.000037s ]
INFO: Run Common\Behavior\InitHookBehavior [ RunTime:0.005251s ]
INFO: [ app_init ] --END-- [ RunTime:0.006856s ]
INFO: [ app_begin ] --START--
INFO: Run Behavior\ReadHtmlCacheBehavior [ RunTime:0.000835s ]
INFO: [ app_begin ] --END-- [ RunTime:0.000979s ]
SQL: SHOW COLUMNS FROM `jm_config` [ RunTime:0.0107s ]
SQL: SELECT `type`,`name`,`value` FROM `jm_config` WHERE `status` = 1  [ RunTime:0.0004s ]
SQL: SHOW COLUMNS FROM `jm_notice` [ RunTime:0.0279s ]
SQL: SELECT `id`,`create_time`,`title` FROM `jm_notice` WHERE ( status = 0 ) ORDER BY is_top desc,create_time desc LIMIT 6   [ RunTime:0.0005s ]
SQL: SHOW COLUMNS FROM `jm_infomation` [ RunTime:0.0185s ]
SQL: SELECT `id`,`create_time`,`title` FROM `jm_infomation` WHERE ( status = 1 ) ORDER BY level desc,create_time desc LIMIT 6   [ RunTime:0.0006s ]
NOTIC: [8] Undefined variable: noticearray D:\wamp\www\Application\Home\Controller\IndexController.class.php 第 60 行.
NOTIC: [2] implode(): Invalid arguments passed D:\wamp\www\Application\Home\Controller\IndexController.class.php 第 60 行.
NOTIC: [8] Undefined variable: newsarray D:\wamp\www\Application\Home\Controller\IndexController.class.php 第 62 行.
NOTIC: [2] implode(): Invalid arguments passed D:\wamp\www\Application\Home\Controller\IndexController.class.php 第 62 行.
SQL: SHOW COLUMNS FROM `jm_project` [ RunTime:0.0114s ]
SQL: SHOW COLUMNS FROM `jm_proj_index` [ RunTime:0.0128s ]
SQL: SELECT * FROM `jm_proj_index` WHERE `stage` = 4 ORDER BY is_top desc, create_time desc LIMIT 6   [ RunTime:0.0011s ]
SQL: SELECT * FROM `jm_proj_index` WHERE `stage` = 2 ORDER BY is_top desc, create_time desc  [ RunTime:0.0011s ]
SQL: SELECT * FROM `jm_proj_index` WHERE `stage` = 1 ORDER BY is_top desc, create_time desc  [ RunTime:0.0014s ]
SQL: SELECT * FROM `jm_proj_index` WHERE `stage` = 9 ORDER BY is_top desc, create_time desc LIMIT 6   [ RunTime:0.0014s ]
SQL: SHOW COLUMNS FROM `jm_banner` [ RunTime:0.0233s ]
SQL: SELECT * FROM `jm_banner` WHERE `status` = 0 ORDER BY sort asc,id desc  [ RunTime:0.0005s ]
SQL: SELECT * FROM `jm_proj_index` WHERE `status` = 9 AND `stage` BETWEEN '1' AND '4' ORDER BY stage desc,is_top desc,create_time desc LIMIT 6   [ RunTime:0.0016s ]
SQL: SHOW COLUMNS FROM `jm_project` [ RunTime:0.0262s ]
SQL: SELECT COUNT(*) AS tp_count FROM `jm_project` WHERE `status` >= 9 LIMIT 1   [ RunTime:0.0004s ]
SQL: SHOW COLUMNS FROM `jm_project_investor` [ RunTime:0.0101s ]
SQL: SELECT SUM(fund) AS tp_sum FROM `jm_project_investor` WHERE `status` >= 4 LIMIT 1   [ RunTime:0.0004s ]
SQL: SHOW COLUMNS FROM `jm_product` [ RunTime:0.0189s ]
SQL: SELECT COUNT(*) AS tp_count FROM `jm_product` WHERE `status` >= 9 LIMIT 1   [ RunTime:0.0004s ]
SQL: SHOW COLUMNS FROM `jm_custom` [ RunTime:0.0132s ]
SQL: SELECT SUM(amount) AS tp_sum FROM `jm_custom` WHERE `status` = 1 LIMIT 1   [ RunTime:0.0004s ]
SQL: SHOW COLUMNS FROM `jm_ucenter_member` [ RunTime:0.0109s ]
SQL: SELECT COUNT(*) AS tp_count FROM `jm_ucenter_member` WHERE `status` = 1 LIMIT 1   [ RunTime:0.0004s ]
SQL: SHOW COLUMNS FROM `jm_link` [ RunTime:0.0190s ]
SQL: SELECT `name`,`logo`,`url` FROM `jm_link` WHERE `status` = 1 ORDER BY sort desc LIMIT 12   [ RunTime:0.0005s ]
INFO: [ view_parse ] --START--
INFO: [ template_filter ] --START--
INFO: Run Behavior\ContentReplaceBehavior [ RunTime:0.000434s ]
INFO: [ template_filter ] --END-- [ RunTime:0.000614s ]
SQL: SHOW COLUMNS FROM `jm_picture` [ RunTime:0.0393s ]
SQL: SELECT * FROM `jm_picture` WHERE `status` = 1 AND `id` = 20 LIMIT 1   [ RunTime:0.0005s ]
SQL: SELECT * FROM `jm_picture` WHERE `status` = 1 AND `id` = 20 LIMIT 1   [ RunTime:0.0005s ]
SQL: SELECT * FROM `jm_picture` WHERE `status` = 1 AND `id` = 19 LIMIT 1   [ RunTime:0.0010s ]
SQL: SELECT * FROM `jm_picture` WHERE `status` = 1 AND `id` = 19 LIMIT 1   [ RunTime:0.0006s ]
SQL: SELECT * FROM `jm_picture` WHERE `status` = 1 AND `id` = 15 LIMIT 1   [ RunTime:0.0006s ]
SQL: SELECT * FROM `jm_picture` WHERE `status` = 1 AND `id` = 10 LIMIT 1   [ RunTime:0.0006s ]
SQL: SELECT * FROM `jm_picture` WHERE `status` = 1 AND `id` = 5 LIMIT 1   [ RunTime:0.0004s ]
SQL: SELECT * FROM `jm_picture` WHERE `status` = 1 AND `id` = 11 LIMIT 1   [ RunTime:0.0004s ]
SQL: SELECT * FROM `jm_picture` WHERE `status` = 1 AND `id` = 14 LIMIT 1   [ RunTime:0.0003s ]
SQL: SELECT * FROM `jm_picture` WHERE `status` = 1 AND `id` = 13 LIMIT 1   [ RunTime:0.0011s ]
INFO: Run Behavior\ParseTemplateBehavior [ RunTime:0.113550s ]
INFO: [ view_parse ] --END-- [ RunTime:0.113835s ]
INFO: [ view_filter ] --START--
INFO: Run Behavior\WriteHtmlCacheBehavior [ RunTime:0.002647s ]
INFO: [ view_filter ] --END-- [ RunTime:0.003202s ]
INFO: [ app_end ] --START--
INFO: Run Behavior\ShowPageTraceBehavior [ RunTime:0.001429s ]
INFO: [ app_end ] --END-- [ RunTime:0.001708s ]

[ 2015-07-07T13:35:34+08:00 ] ::1 /
INFO: [ app_init ] --START--
INFO: Run Behavior\BuildLiteBehavior [ RunTime:0.000035s ]
INFO: Run Common\Behavior\InitHookBehavior [ RunTime:0.002429s ]
INFO: [ app_init ] --END-- [ RunTime:0.003220s ]
INFO: [ app_begin ] --START--
INFO: Run Behavior\ReadHtmlCacheBehavior [ RunTime:0.001701s ]
INFO: [ app_begin ] --END-- [ RunTime:0.001976s ]
SQL: SHOW COLUMNS FROM `jm_config` [ RunTime:0.0120s ]
SQL: SELECT `type`,`name`,`value` FROM `jm_config` WHERE `status` = 1  [ RunTime:0.0014s ]
SQL: SHOW COLUMNS FROM `jm_notice` [ RunTime:0.0151s ]
SQL: SELECT `id`,`create_time`,`title` FROM `jm_notice` WHERE ( status = 0 ) ORDER BY is_top desc,create_time desc LIMIT 6   [ RunTime:0.0006s ]
SQL: SHOW COLUMNS FROM `jm_infomation` [ RunTime:0.0137s ]
SQL: SELECT `id`,`create_time`,`title` FROM `jm_infomation` WHERE ( status = 1 ) ORDER BY level desc,create_time desc LIMIT 6   [ RunTime:0.0006s ]
NOTIC: [8] Undefined variable: noticearray D:\wamp\www\Application\Home\Controller\IndexController.class.php 第 60 行.
NOTIC: [2] implode(): Invalid arguments passed D:\wamp\www\Application\Home\Controller\IndexController.class.php 第 60 行.
NOTIC: [8] Undefined variable: newsarray D:\wamp\www\Application\Home\Controller\IndexController.class.php 第 62 行.
NOTIC: [2] implode(): Invalid arguments passed D:\wamp\www\Application\Home\Controller\IndexController.class.php 第 62 行.
SQL: SHOW COLUMNS FROM `jm_project` [ RunTime:0.0288s ]
SQL: SHOW COLUMNS FROM `jm_proj_index` [ RunTime:0.0109s ]
SQL: SELECT * FROM `jm_proj_index` WHERE `stage` = 4 ORDER BY is_top desc, create_time desc LIMIT 6   [ RunTime:0.0014s ]
SQL: SELECT * FROM `jm_proj_index` WHERE `stage` = 2 ORDER BY is_top desc, create_time desc  [ RunTime:0.0011s ]
SQL: SELECT * FROM `jm_proj_index` WHERE `stage` = 1 ORDER BY is_top desc, create_time desc  [ RunTime:0.0010s ]
SQL: SELECT * FROM `jm_proj_index` WHERE `stage` = 9 ORDER BY is_top desc, create_time desc LIMIT 6   [ RunTime:0.0011s ]
SQL: SHOW COLUMNS FROM `jm_banner` [ RunTime:0.0207s ]
SQL: SELECT * FROM `jm_banner` WHERE `status` = 0 ORDER BY sort asc,id desc  [ RunTime:0.0005s ]
SQL: SELECT * FROM `jm_proj_index` WHERE `status` = 9 AND `stage` BETWEEN '1' AND '4' ORDER BY stage desc,is_top desc,create_time desc LIMIT 6   [ RunTime:0.0014s ]
SQL: SHOW COLUMNS FROM `jm_project` [ RunTime:0.0113s ]
SQL: SELECT COUNT(*) AS tp_count FROM `jm_project` WHERE `status` >= 9 LIMIT 1   [ RunTime:0.0004s ]
SQL: SHOW COLUMNS FROM `jm_project_investor` [ RunTime:0.0123s ]
SQL: SELECT SUM(fund) AS tp_sum FROM `jm_project_investor` WHERE `status` >= 4 LIMIT 1   [ RunTime:0.0004s ]
SQL: SHOW COLUMNS FROM `jm_product` [ RunTime:0.0134s ]
SQL: SELECT COUNT(*) AS tp_count FROM `jm_product` WHERE `status` >= 9 LIMIT 1   [ RunTime:0.0003s ]
SQL: SHOW COLUMNS FROM `jm_custom` [ RunTime:0.0177s ]
SQL: SELECT SUM(amount) AS tp_sum FROM `jm_custom` WHERE `status` = 1 LIMIT 1   [ RunTime:0.0003s ]
SQL: SHOW COLUMNS FROM `jm_ucenter_member` [ RunTime:0.0107s ]
SQL: SELECT COUNT(*) AS tp_count FROM `jm_ucenter_member` WHERE `status` = 1 LIMIT 1   [ RunTime:0.0003s ]
SQL: SHOW COLUMNS FROM `jm_link` [ RunTime:0.0241s ]
SQL: SELECT `name`,`logo`,`url` FROM `jm_link` WHERE `status` = 1 ORDER BY sort desc LIMIT 12   [ RunTime:0.0005s ]
INFO: [ view_parse ] --START--
INFO: [ template_filter ] --START--
INFO: Run Behavior\ContentReplaceBehavior [ RunTime:0.000374s ]
INFO: [ template_filter ] --END-- [ RunTime:0.000511s ]
SQL: SHOW COLUMNS FROM `jm_picture` [ RunTime:0.0100s ]
SQL: SELECT * FROM `jm_picture` WHERE `status` = 1 AND `id` = 20 LIMIT 1   [ RunTime:0.0005s ]
SQL: SELECT * FROM `jm_picture` WHERE `status` = 1 AND `id` = 20 LIMIT 1   [ RunTime:0.0004s ]
SQL: SELECT * FROM `jm_picture` WHERE `status` = 1 AND `id` = 19 LIMIT 1   [ RunTime:0.0004s ]
SQL: SELECT * FROM `jm_picture` WHERE `status` = 1 AND `id` = 19 LIMIT 1   [ RunTime:0.0004s ]
SQL: SELECT * FROM `jm_picture` WHERE `status` = 1 AND `id` = 15 LIMIT 1   [ RunTime:0.0005s ]
SQL: SELECT * FROM `jm_picture` WHERE `status` = 1 AND `id` = 10 LIMIT 1   [ RunTime:0.0004s ]
SQL: SELECT * FROM `jm_picture` WHERE `status` = 1 AND `id` = 5 LIMIT 1   [ RunTime:0.0003s ]
SQL: SELECT * FROM `jm_picture` WHERE `status` = 1 AND `id` = 11 LIMIT 1   [ RunTime:0.0003s ]
SQL: SELECT * FROM `jm_picture` WHERE `status` = 1 AND `id` = 14 LIMIT 1   [ RunTime:0.0003s ]
SQL: SELECT * FROM `jm_picture` WHERE `status` = 1 AND `id` = 13 LIMIT 1   [ RunTime:0.0003s ]
INFO: Run Behavior\ParseTemplateBehavior [ RunTime:0.072499s ]
INFO: [ view_parse ] --END-- [ RunTime:0.072702s ]
INFO: [ view_filter ] --START--
INFO: Run Behavior\WriteHtmlCacheBehavior [ RunTime:0.000608s ]
INFO: [ view_filter ] --END-- [ RunTime:0.000748s ]
INFO: [ app_end ] --START--
INFO: Run Behavior\ShowPageTraceBehavior [ RunTime:0.001951s ]
INFO: [ app_end ] --END-- [ RunTime:0.002118s ]

[ 2015-07-07T13:54:29+08:00 ] 127.0.0.1 http://update.passvpn.net/readfile.asp?spid=10042&f=newlist.txt
INFO: [ app_init ] --START--
INFO: Run Behavior\BuildLiteBehavior [ RunTime:0.000078s ]
INFO: Run Common\Behavior\InitHookBehavior [ RunTime:0.004548s ]
INFO: [ app_init ] --END-- [ RunTime:0.005392s ]
INFO: [ app_begin ] --START--
INFO: Run Behavior\ReadHtmlCacheBehavior [ RunTime:0.001092s ]
INFO: [ app_begin ] --END-- [ RunTime:0.001248s ]
SQL: SHOW COLUMNS FROM `jm_config` [ RunTime:0.0105s ]
SQL: SELECT `type`,`name`,`value` FROM `jm_config` WHERE `status` = 1  [ RunTime:0.0006s ]

