[ 2015-07-01T12:58:07+08:00 ] ::1 /
INFO: [ app_init ] --START--
INFO: Run Behavior\BuildLiteBehavior [ RunTime:0.000035s ]
INFO: Run Common\Behavior\InitHookBehavior [ RunTime:0.069204s ]
INFO: [ app_init ] --END-- [ RunTime:0.081623s ]
INFO: [ app_begin ] --START--
INFO: Run Behavior\ReadHtmlCacheBehavior [ RunTime:0.011255s ]
INFO: [ app_begin ] --END-- [ RunTime:0.011506s ]
ERR: SQLSTATE[HY000] [1045] Accès refusé pour l'utilisateur: 'root'@'@localhost' (mot de passe: OUI)

[ 2015-07-01T12:59:15+08:00 ] ::1 /
INFO: [ app_init ] --START--
INFO: Run Behavior\BuildLiteBehavior [ RunTime:0.000033s ]
INFO: Run Common\Behavior\InitHookBehavior [ RunTime:0.003840s ]
INFO: [ app_init ] --END-- [ RunTime:0.004594s ]
INFO: [ app_begin ] --START--
INFO: Run Behavior\ReadHtmlCacheBehavior [ RunTime:0.001770s ]
INFO: [ app_begin ] --END-- [ RunTime:0.001954s ]
ERR: SQLSTATE[HY000] [1045] Accès refusé pour l'utilisateur: 'root'@'@localhost' (mot de passe: OUI)

[ 2015-07-01T12:59:16+08:00 ] ::1 /
INFO: [ app_init ] --START--
INFO: Run Behavior\BuildLiteBehavior [ RunTime:0.000028s ]
INFO: Run Common\Behavior\InitHookBehavior [ RunTime:0.002539s ]
INFO: [ app_init ] --END-- [ RunTime:0.003353s ]
INFO: [ app_begin ] --START--
INFO: Run Behavior\ReadHtmlCacheBehavior [ RunTime:0.000872s ]
INFO: [ app_begin ] --END-- [ RunTime:0.001043s ]
ERR: SQLSTATE[HY000] [1045] Accès refusé pour l'utilisateur: 'root'@'@localhost' (mot de passe: OUI)

[ 2015-07-01T12:59:17+08:00 ] ::1 /
INFO: [ app_init ] --START--
INFO: Run Behavior\BuildLiteBehavior [ RunTime:0.000032s ]
INFO: Run Common\Behavior\InitHookBehavior [ RunTime:0.003249s ]
INFO: [ app_init ] --END-- [ RunTime:0.004054s ]
INFO: [ app_begin ] --START--
INFO: Run Behavior\ReadHtmlCacheBehavior [ RunTime:0.000721s ]
INFO: [ app_begin ] --END-- [ RunTime:0.001017s ]
ERR: SQLSTATE[HY000] [1045] Accès refusé pour l'utilisateur: 'root'@'@localhost' (mot de passe: OUI)

[ 2015-07-01T13:00:56+08:00 ] ::1 /
INFO: [ app_init ] --START--
INFO: Run Behavior\BuildLiteBehavior [ RunTime:0.000030s ]
INFO: Run Common\Behavior\InitHookBehavior [ RunTime:0.002950s ]
INFO: [ app_init ] --END-- [ RunTime:0.003903s ]
INFO: [ app_begin ] --START--
INFO: Run Behavior\ReadHtmlCacheBehavior [ RunTime:0.000774s ]
INFO: [ app_begin ] --END-- [ RunTime:0.000933s ]
ERR: SQLSTATE[HY000] [1049] Base 'zyzm' inconnue

[ 2015-07-01T13:00:58+08:00 ] ::1 /
INFO: [ app_init ] --START--
INFO: Run Behavior\BuildLiteBehavior [ RunTime:0.000042s ]
INFO: Run Common\Behavior\InitHookBehavior [ RunTime:0.002439s ]
INFO: [ app_init ] --END-- [ RunTime:0.003191s ]
INFO: [ app_begin ] --START--
INFO: Run Behavior\ReadHtmlCacheBehavior [ RunTime:0.000982s ]
INFO: [ app_begin ] --END-- [ RunTime:0.001199s ]
ERR: SQLSTATE[HY000] [1049] Base 'zyzm' inconnue

[ 2015-07-01T13:06:58+08:00 ] ::1 /
INFO: [ app_init ] --START--
INFO: Run Behavior\BuildLiteBehavior [ RunTime:0.000033s ]
INFO: Run Common\Behavior\InitHookBehavior [ RunTime:0.006502s ]
INFO: [ app_init ] --END-- [ RunTime:0.007421s ]
INFO: [ app_begin ] --START--
INFO: Run Behavior\ReadHtmlCacheBehavior [ RunTime:0.000906s ]
INFO: [ app_begin ] --END-- [ RunTime:0.001116s ]
SQL: SHOW COLUMNS FROM `jm_config` [ RunTime:0.0266s ]
SQL: SELECT `type`,`name`,`value` FROM `jm_config` WHERE `status` = 1  [ RunTime:0.0007s ]
SQL: SHOW COLUMNS FROM `jm_notice` [ RunTime:0.0304s ]
SQL: SELECT `id`,`create_time`,`title` FROM `jm_notice` WHERE ( status = 0 ) ORDER BY is_top desc,create_time desc LIMIT 6   [ RunTime:0.0003s ]
SQL: SHOW COLUMNS FROM `jm_infomation` [ RunTime:0.0269s ]
SQL: SELECT `id`,`create_time`,`title` FROM `jm_infomation` WHERE ( status = 1 ) ORDER BY level desc,create_time desc LIMIT 6   [ RunTime:0.0005s ]
NOTIC: [8] Undefined variable: noticearray D:\wamp\www\Application\Home\Controller\IndexController.class.php 第 60 行.
NOTIC: [2] implode(): Invalid arguments passed D:\wamp\www\Application\Home\Controller\IndexController.class.php 第 60 行.
NOTIC: [8] Undefined variable: newsarray D:\wamp\www\Application\Home\Controller\IndexController.class.php 第 62 行.
NOTIC: [2] implode(): Invalid arguments passed D:\wamp\www\Application\Home\Controller\IndexController.class.php 第 62 行.
ERR: SQLSTATE[42S02]: Base table or view not found: 1146 La table 'zyzm.jm_project' n'existe pas

[ 2015-07-01T13:07:00+08:00 ] ::1 /
INFO: [ app_init ] --START--
INFO: Run Behavior\BuildLiteBehavior [ RunTime:0.000032s ]
INFO: Run Common\Behavior\InitHookBehavior [ RunTime:0.002850s ]
INFO: [ app_init ] --END-- [ RunTime:0.003668s ]
INFO: [ app_begin ] --START--
INFO: Run Behavior\ReadHtmlCacheBehavior [ RunTime:0.000728s ]
INFO: [ app_begin ] --END-- [ RunTime:0.000910s ]
SQL: SHOW COLUMNS FROM `jm_config` [ RunTime:0.0151s ]
SQL: SELECT `type`,`name`,`value` FROM `jm_config` WHERE `status` = 1  [ RunTime:0.0005s ]
SQL: SHOW COLUMNS FROM `jm_notice` [ RunTime:0.0371s ]
SQL: SELECT `id`,`create_time`,`title` FROM `jm_notice` WHERE ( status = 0 ) ORDER BY is_top desc,create_time desc LIMIT 6   [ RunTime:0.0008s ]
SQL: SHOW COLUMNS FROM `jm_infomation` [ RunTime:0.0142s ]
SQL: SELECT `id`,`create_time`,`title` FROM `jm_infomation` WHERE ( status = 1 ) ORDER BY level desc,create_time desc LIMIT 6   [ RunTime:0.0005s ]
NOTIC: [8] Undefined variable: noticearray D:\wamp\www\Application\Home\Controller\IndexController.class.php 第 60 行.
NOTIC: [2] implode(): Invalid arguments passed D:\wamp\www\Application\Home\Controller\IndexController.class.php 第 60 行.
NOTIC: [8] Undefined variable: newsarray D:\wamp\www\Application\Home\Controller\IndexController.class.php 第 62 行.
NOTIC: [2] implode(): Invalid arguments passed D:\wamp\www\Application\Home\Controller\IndexController.class.php 第 62 行.
ERR: SQLSTATE[42S02]: Base table or view not found: 1146 La table 'zyzm.jm_project' n'existe pas

[ 2015-07-01T13:07:14+08:00 ] ::1 /
INFO: [ app_init ] --START--
INFO: Run Behavior\BuildLiteBehavior [ RunTime:0.000029s ]
INFO: Run Common\Behavior\InitHookBehavior [ RunTime:0.002808s ]
INFO: [ app_init ] --END-- [ RunTime:0.003586s ]
INFO: [ app_begin ] --START--
INFO: Run Behavior\ReadHtmlCacheBehavior [ RunTime:0.000998s ]
INFO: [ app_begin ] --END-- [ RunTime:0.001253s ]
SQL: SHOW COLUMNS FROM `jm_config` [ RunTime:0.0120s ]
SQL: SELECT `type`,`name`,`value` FROM `jm_config` WHERE `status` = 1  [ RunTime:0.0006s ]
SQL: SHOW COLUMNS FROM `jm_notice` [ RunTime:0.0137s ]
SQL: SELECT `id`,`create_time`,`title` FROM `jm_notice` WHERE ( status = 0 ) ORDER BY is_top desc,create_time desc LIMIT 6   [ RunTime:0.0004s ]
SQL: SHOW COLUMNS FROM `jm_infomation` [ RunTime:0.0384s ]
SQL: SELECT `id`,`create_time`,`title` FROM `jm_infomation` WHERE ( status = 1 ) ORDER BY level desc,create_time desc LIMIT 6   [ RunTime:0.0003s ]
NOTIC: [8] Undefined variable: noticearray D:\wamp\www\Application\Home\Controller\IndexController.class.php 第 60 行.
NOTIC: [2] implode(): Invalid arguments passed D:\wamp\www\Application\Home\Controller\IndexController.class.php 第 60 行.
NOTIC: [8] Undefined variable: newsarray D:\wamp\www\Application\Home\Controller\IndexController.class.php 第 62 行.
NOTIC: [2] implode(): Invalid arguments passed D:\wamp\www\Application\Home\Controller\IndexController.class.php 第 62 行.
SQL: SHOW COLUMNS FROM `jm_project` [ RunTime:0.0186s ]
SQL: SHOW COLUMNS FROM `jm_proj_index` [ RunTime:0.0117s ]
SQL: SELECT * FROM `jm_proj_index` WHERE `stage` = 4 ORDER BY is_top desc, create_time desc LIMIT 6   [ RunTime:0.0073s ]
SQL: SELECT * FROM `jm_proj_index` WHERE `stage` = 2 ORDER BY is_top desc, create_time desc  [ RunTime:0.0022s ]
SQL: SELECT * FROM `jm_proj_index` WHERE `stage` = 1 ORDER BY is_top desc, create_time desc  [ RunTime:0.0015s ]
SQL: SELECT * FROM `jm_proj_index` WHERE `stage` = 9 ORDER BY is_top desc, create_time desc LIMIT 6   [ RunTime:0.0028s ]
SQL: SHOW COLUMNS FROM `jm_banner` [ RunTime:0.0407s ]
SQL: SELECT * FROM `jm_banner` WHERE `status` = 0 ORDER BY sort asc,id desc  [ RunTime:0.0005s ]
SQL: SELECT * FROM `jm_proj_index` WHERE `status` = 9 AND `stage` BETWEEN '1' AND '4' ORDER BY stage desc,is_top desc,create_time desc LIMIT 6   [ RunTime:0.0013s ]
SQL: SHOW COLUMNS FROM `jm_project` [ RunTime:0.0398s ]
SQL: SELECT COUNT(*) AS tp_count FROM `jm_project` WHERE `status` >= 9 LIMIT 1   [ RunTime:0.0004s ]
SQL: SHOW COLUMNS FROM `jm_project_investor` [ RunTime:0.0305s ]
SQL: SELECT SUM(fund) AS tp_sum FROM `jm_project_investor` WHERE `status` >= 4 LIMIT 1   [ RunTime:0.0003s ]
SQL: SHOW COLUMNS FROM `jm_product` [ RunTime:0.0254s ]
SQL: SELECT COUNT(*) AS tp_count FROM `jm_product` WHERE `status` >= 9 LIMIT 1   [ RunTime:0.0003s ]
SQL: SHOW COLUMNS FROM `jm_custom` [ RunTime:0.0301s ]
SQL: SELECT SUM(amount) AS tp_sum FROM `jm_custom` WHERE `status` = 1 LIMIT 1   [ RunTime:0.0003s ]
SQL: SHOW COLUMNS FROM `jm_ucenter_member` [ RunTime:0.0302s ]
SQL: SELECT COUNT(*) AS tp_count FROM `jm_ucenter_member` WHERE `status` = 1 LIMIT 1   [ RunTime:0.0005s ]
SQL: SHOW COLUMNS FROM `jm_link` [ RunTime:0.0289s ]
SQL: SELECT `name`,`logo`,`url` FROM `jm_link` WHERE `status` = 1 ORDER BY sort desc LIMIT 12   [ RunTime:0.0010s ]
INFO: [ view_parse ] --START--
INFO: [ template_filter ] --START--
INFO: Run Behavior\ContentReplaceBehavior [ RunTime:0.000719s ]
INFO: [ template_filter ] --END-- [ RunTime:0.000949s ]
SQL: SHOW COLUMNS FROM `jm_picture` [ RunTime:0.0127s ]
SQL: SELECT * FROM `jm_picture` WHERE `status` = 1 AND `id` = 20 LIMIT 1   [ RunTime:0.0006s ]
SQL: SELECT * FROM `jm_picture` WHERE `status` = 1 AND `id` = 20 LIMIT 1   [ RunTime:0.0004s ]
SQL: SELECT * FROM `jm_picture` WHERE `status` = 1 AND `id` = 19 LIMIT 1   [ RunTime:0.0004s ]
SQL: SELECT * FROM `jm_picture` WHERE `status` = 1 AND `id` = 19 LIMIT 1   [ RunTime:0.0003s ]
SQL: SELECT * FROM `jm_picture` WHERE `status` = 1 AND `id` = 15 LIMIT 1   [ RunTime:0.0004s ]
SQL: SELECT * FROM `jm_picture` WHERE `status` = 1 AND `id` = 10 LIMIT 1   [ RunTime:0.0004s ]
SQL: SELECT * FROM `jm_picture` WHERE `status` = 1 AND `id` = 5 LIMIT 1   [ RunTime:0.0002s ]
SQL: SELECT * FROM `jm_picture` WHERE `status` = 1 AND `id` = 11 LIMIT 1   [ RunTime:0.0002s ]
SQL: SELECT * FROM `jm_picture` WHERE `status` = 1 AND `id` = 14 LIMIT 1   [ RunTime:0.0003s ]
SQL: SELECT * FROM `jm_picture` WHERE `status` = 1 AND `id` = 13 LIMIT 1   [ RunTime:0.0002s ]
INFO: Run Behavior\ParseTemplateBehavior [ RunTime:0.209786s ]
INFO: [ view_parse ] --END-- [ RunTime:0.209931s ]
INFO: [ view_filter ] --START--
INFO: Run Behavior\WriteHtmlCacheBehavior [ RunTime:0.000691s ]
INFO: [ view_filter ] --END-- [ RunTime:0.000919s ]
INFO: [ app_end ] --START--
INFO: Run Behavior\ShowPageTraceBehavior [ RunTime:0.001532s ]
INFO: [ app_end ] --END-- [ RunTime:0.001825s ]

[ 2015-07-01T13:07:16+08:00 ] ::1 /Index/getinfo?type=1&id=2
INFO: [ app_init ] --START--
INFO: Run Behavior\BuildLiteBehavior [ RunTime:0.000055s ]
INFO: Run Common\Behavior\InitHookBehavior [ RunTime:0.004804s ]
INFO: [ app_init ] --END-- [ RunTime:0.007132s ]
INFO: [ app_begin ] --START--
INFO: Run Behavior\ReadHtmlCacheBehavior [ RunTime:0.006237s ]
INFO: [ app_begin ] --END-- [ RunTime:0.006449s ]
SQL: SHOW COLUMNS FROM `jm_config` [ RunTime:0.0537s ]
SQL: SELECT `type`,`name`,`value` FROM `jm_config` WHERE `status` = 1  [ RunTime:0.0006s ]
SQL: SHOW COLUMNS FROM `jm_infomation` [ RunTime:0.0481s ]
SQL: SELECT `description`,`title` FROM `jm_infomation` WHERE `id` = 2 LIMIT 1   [ RunTime:0.0003s ]
NOTIC: [8] Undefined index: id D:\wamp\www\Application\Home\Controller\IndexController.class.php 第 146 行.

[ 2015-07-01T13:07:20+08:00 ] ::1 /List/index/type/1/status/0/p/1.html
INFO: [ app_init ] --START--
INFO: Run Behavior\BuildLiteBehavior [ RunTime:0.000057s ]
INFO: Run Common\Behavior\InitHookBehavior [ RunTime:0.006538s ]
INFO: [ app_init ] --END-- [ RunTime:0.007628s ]
INFO: [ app_begin ] --START--
INFO: Run Behavior\ReadHtmlCacheBehavior [ RunTime:0.000811s ]
INFO: [ app_begin ] --END-- [ RunTime:0.001068s ]
SQL: SHOW COLUMNS FROM `jm_config` [ RunTime:0.0107s ]
SQL: SELECT `type`,`name`,`value` FROM `jm_config` WHERE `status` = 1  [ RunTime:0.0005s ]
SQL: SHOW COLUMNS FROM `jm_project` [ RunTime:0.0259s ]
SQL: SHOW COLUMNS FROM `jm_proj_index` [ RunTime:0.0129s ]
SQL: SELECT * FROM `jm_proj_index` WHERE `status` = 9 AND `stage` = 4 ORDER BY create_time desc  [ RunTime:0.0013s ]
SQL: SELECT * FROM `jm_proj_index` WHERE `status` = 9 AND `stage` = 1 ORDER BY create_time desc  [ RunTime:0.0032s ]
SQL: SELECT * FROM `jm_proj_index` WHERE `status` = 9 AND `stage` IN ('8','9') ORDER BY create_time desc  [ RunTime:0.0011s ]
SQL: SELECT * FROM `jm_proj_index` WHERE `status` = 9 AND `stage` = 8 ORDER BY create_time desc  [ RunTime:0.0007s ]
NOTIC: [2] array_slice() expects parameter 1 to be array, null given D:\wamp\www\Application\Home\Controller\ListController.class.php 第 63 行.
INFO: [ view_parse ] --START--
INFO: [ template_filter ] --START--
INFO: Run Behavior\ContentReplaceBehavior [ RunTime:0.000275s ]
INFO: [ template_filter ] --END-- [ RunTime:0.000505s ]
SQL: SHOW COLUMNS FROM `jm_picture` [ RunTime:0.0118s ]
SQL: SELECT * FROM `jm_picture` WHERE `status` = 1 AND `id` = 15 LIMIT 1   [ RunTime:0.0004s ]
NOTIC: [8] Undefined variable: listOfStocks D:\wamp\www\Runtime\Cache\Home\17aa3eae73c20220667e35dc2db3fa96.php 第 263 行.
INFO: Run Behavior\ParseTemplateBehavior [ RunTime:0.070789s ]
INFO: [ view_parse ] --END-- [ RunTime:0.071048s ]
INFO: [ view_filter ] --START--
INFO: Run Behavior\WriteHtmlCacheBehavior [ RunTime:0.002150s ]
INFO: [ view_filter ] --END-- [ RunTime:0.002579s ]
INFO: [ app_end ] --START--
INFO: Run Behavior\ShowPageTraceBehavior [ RunTime:0.001474s ]
INFO: [ app_end ] --END-- [ RunTime:0.001716s ]

[ 2015-07-01T13:07:22+08:00 ] ::1 /Index/index.html
INFO: [ app_init ] --START--
INFO: Run Behavior\BuildLiteBehavior [ RunTime:0.000028s ]
INFO: Run Common\Behavior\InitHookBehavior [ RunTime:0.002209s ]
INFO: [ app_init ] --END-- [ RunTime:0.002813s ]
INFO: [ app_begin ] --START--
INFO: Run Behavior\ReadHtmlCacheBehavior [ RunTime:0.000612s ]
INFO: [ app_begin ] --END-- [ RunTime:0.000742s ]
SQL: SHOW COLUMNS FROM `jm_config` [ RunTime:0.0223s ]
SQL: SELECT `type`,`name`,`value` FROM `jm_config` WHERE `status` = 1  [ RunTime:0.0009s ]
SQL: SHOW COLUMNS FROM `jm_notice` [ RunTime:0.0448s ]
SQL: SELECT `id`,`create_time`,`title` FROM `jm_notice` WHERE ( status = 0 ) ORDER BY is_top desc,create_time desc LIMIT 6   [ RunTime:0.0004s ]
SQL: SHOW COLUMNS FROM `jm_infomation` [ RunTime:0.0236s ]
SQL: SELECT `id`,`create_time`,`title` FROM `jm_infomation` WHERE ( status = 1 ) ORDER BY level desc,create_time desc LIMIT 6   [ RunTime:0.0004s ]
NOTIC: [8] Undefined variable: noticearray D:\wamp\www\Application\Home\Controller\IndexController.class.php 第 60 行.
NOTIC: [2] implode(): Invalid arguments passed D:\wamp\www\Application\Home\Controller\IndexController.class.php 第 60 行.
NOTIC: [8] Undefined variable: newsarray D:\wamp\www\Application\Home\Controller\IndexController.class.php 第 62 行.
NOTIC: [2] implode(): Invalid arguments passed D:\wamp\www\Application\Home\Controller\IndexController.class.php 第 62 行.
SQL: SHOW COLUMNS FROM `jm_project` [ RunTime:0.0336s ]
SQL: SHOW COLUMNS FROM `jm_proj_index` [ RunTime:0.0378s ]
SQL: SELECT * FROM `jm_proj_index` WHERE `stage` = 4 ORDER BY is_top desc, create_time desc LIMIT 6   [ RunTime:0.0014s ]
SQL: SELECT * FROM `jm_proj_index` WHERE `stage` = 2 ORDER BY is_top desc, create_time desc  [ RunTime:0.0012s ]
SQL: SELECT * FROM `jm_proj_index` WHERE `stage` = 1 ORDER BY is_top desc, create_time desc  [ RunTime:0.0010s ]
SQL: SELECT * FROM `jm_proj_index` WHERE `stage` = 9 ORDER BY is_top desc, create_time desc LIMIT 6   [ RunTime:0.0011s ]
SQL: SHOW COLUMNS FROM `jm_banner` [ RunTime:0.0311s ]
SQL: SELECT * FROM `jm_banner` WHERE `status` = 0 ORDER BY sort asc,id desc  [ RunTime:0.0005s ]
SQL: SELECT * FROM `jm_proj_index` WHERE `status` = 9 AND `stage` BETWEEN '1' AND '4' ORDER BY stage desc,is_top desc,create_time desc LIMIT 6   [ RunTime:0.0011s ]
SQL: SHOW COLUMNS FROM `jm_project` [ RunTime:0.0335s ]
SQL: SELECT COUNT(*) AS tp_count FROM `jm_project` WHERE `status` >= 9 LIMIT 1   [ RunTime:0.0010s ]
SQL: SHOW COLUMNS FROM `jm_project_investor` [ RunTime:0.0378s ]
SQL: SELECT SUM(fund) AS tp_sum FROM `jm_project_investor` WHERE `status` >= 4 LIMIT 1   [ RunTime:0.0004s ]
SQL: SHOW COLUMNS FROM `jm_product` [ RunTime:0.0349s ]
SQL: SELECT COUNT(*) AS tp_count FROM `jm_product` WHERE `status` >= 9 LIMIT 1   [ RunTime:0.0003s ]
SQL: SHOW COLUMNS FROM `jm_custom` [ RunTime:0.0167s ]
SQL: SELECT SUM(amount) AS tp_sum FROM `jm_custom` WHERE `status` = 1 LIMIT 1   [ RunTime:0.0003s ]
SQL: SHOW COLUMNS FROM `jm_ucenter_member` [ RunTime:0.0138s ]
SQL: SELECT COUNT(*) AS tp_count FROM `jm_ucenter_member` WHERE `status` = 1 LIMIT 1   [ RunTime:0.0004s ]
SQL: SHOW COLUMNS FROM `jm_link` [ RunTime:0.0345s ]
SQL: SELECT `name`,`logo`,`url` FROM `jm_link` WHERE `status` = 1 ORDER BY sort desc LIMIT 12   [ RunTime:0.0003s ]
INFO: [ view_parse ] --START--
INFO: [ template_filter ] --START--
INFO: Run Behavior\ContentReplaceBehavior [ RunTime:0.000342s ]
INFO: [ template_filter ] --END-- [ RunTime:0.000476s ]
SQL: SHOW COLUMNS FROM `jm_picture` [ RunTime:0.0159s ]
SQL: SELECT * FROM `jm_picture` WHERE `status` = 1 AND `id` = 20 LIMIT 1   [ RunTime:0.0017s ]
SQL: SELECT * FROM `jm_picture` WHERE `status` = 1 AND `id` = 20 LIMIT 1   [ RunTime:0.0004s ]
SQL: SELECT * FROM `jm_picture` WHERE `status` = 1 AND `id` = 19 LIMIT 1   [ RunTime:0.0004s ]
SQL: SELECT * FROM `jm_picture` WHERE `status` = 1 AND `id` = 19 LIMIT 1   [ RunTime:0.0004s ]
SQL: SELECT * FROM `jm_picture` WHERE `status` = 1 AND `id` = 15 LIMIT 1   [ RunTime:0.0004s ]
SQL: SELECT * FROM `jm_picture` WHERE `status` = 1 AND `id` = 10 LIMIT 1   [ RunTime:0.0013s ]
SQL: SELECT * FROM `jm_picture` WHERE `status` = 1 AND `id` = 5 LIMIT 1   [ RunTime:0.0004s ]
SQL: SELECT * FROM `jm_picture` WHERE `status` = 1 AND `id` = 11 LIMIT 1   [ RunTime:0.0010s ]
SQL: SELECT * FROM `jm_picture` WHERE `status` = 1 AND `id` = 14 LIMIT 1   [ RunTime:0.0009s ]
SQL: SELECT * FROM `jm_picture` WHERE `status` = 1 AND `id` = 13 LIMIT 1   [ RunTime:0.0005s ]
INFO: Run Behavior\ParseTemplateBehavior [ RunTime:0.094312s ]
INFO: [ view_parse ] --END-- [ RunTime:0.094457s ]
INFO: [ view_filter ] --START--
INFO: Run Behavior\WriteHtmlCacheBehavior [ RunTime:0.000850s ]
INFO: [ view_filter ] --END-- [ RunTime:0.000982s ]
INFO: [ app_end ] --START--
INFO: Run Behavior\ShowPageTraceBehavior [ RunTime:0.001336s ]
INFO: [ app_end ] --END-- [ RunTime:0.001574s ]

[ 2015-07-01T13:07:22+08:00 ] ::1 /Index/getinfo?type=1&id=2
INFO: [ app_init ] --START--
INFO: Run Behavior\BuildLiteBehavior [ RunTime:0.000060s ]
INFO: Run Common\Behavior\InitHookBehavior [ RunTime:0.005555s ]
INFO: [ app_init ] --END-- [ RunTime:0.007074s ]
INFO: [ app_begin ] --START--
INFO: Run Behavior\ReadHtmlCacheBehavior [ RunTime:0.001449s ]
INFO: [ app_begin ] --END-- [ RunTime:0.001687s ]
SQL: SHOW COLUMNS FROM `jm_config` [ RunTime:0.0342s ]
SQL: SELECT `type`,`name`,`value` FROM `jm_config` WHERE `status` = 1  [ RunTime:0.0006s ]
SQL: SHOW COLUMNS FROM `jm_infomation` [ RunTime:0.0528s ]
SQL: SELECT `description`,`title` FROM `jm_infomation` WHERE `id` = 2 LIMIT 1   [ RunTime:0.0004s ]
NOTIC: [8] Undefined index: id D:\wamp\www\Application\Home\Controller\IndexController.class.php 第 146 行.

[ 2015-07-01T13:10:58+08:00 ] ::1 /
INFO: [ app_init ] --START--
INFO: Run Behavior\BuildLiteBehavior [ RunTime:0.000031s ]
INFO: Run Common\Behavior\InitHookBehavior [ RunTime:0.003236s ]
INFO: [ app_init ] --END-- [ RunTime:0.003957s ]
INFO: [ app_begin ] --START--
INFO: Run Behavior\ReadHtmlCacheBehavior [ RunTime:0.000931s ]
INFO: [ app_begin ] --END-- [ RunTime:0.001184s ]
SQL: SHOW COLUMNS FROM `jm_config` [ RunTime:0.0110s ]
SQL: SELECT `type`,`name`,`value` FROM `jm_config` WHERE `status` = 1  [ RunTime:0.0004s ]
SQL: SHOW COLUMNS FROM `jm_notice` [ RunTime:0.0254s ]
SQL: SELECT `id`,`create_time`,`title` FROM `jm_notice` WHERE ( status = 0 ) ORDER BY is_top desc,create_time desc LIMIT 6   [ RunTime:0.0004s ]
SQL: SHOW COLUMNS FROM `jm_infomation` [ RunTime:0.0228s ]
SQL: SELECT `id`,`create_time`,`title` FROM `jm_infomation` WHERE ( status = 1 ) ORDER BY level desc,create_time desc LIMIT 6   [ RunTime:0.0004s ]
NOTIC: [8] Undefined variable: noticearray D:\wamp\www\Application\Home\Controller\IndexController.class.php 第 60 行.
NOTIC: [2] implode(): Invalid arguments passed D:\wamp\www\Application\Home\Controller\IndexController.class.php 第 60 行.
NOTIC: [8] Undefined variable: newsarray D:\wamp\www\Application\Home\Controller\IndexController.class.php 第 62 行.
NOTIC: [2] implode(): Invalid arguments passed D:\wamp\www\Application\Home\Controller\IndexController.class.php 第 62 行.
SQL: SHOW COLUMNS FROM `jm_project` [ RunTime:0.0096s ]
SQL: SHOW COLUMNS FROM `jm_proj_index` [ RunTime:0.0123s ]
SQL: SELECT * FROM `jm_proj_index` WHERE `stage` = 4 ORDER BY is_top desc, create_time desc LIMIT 6   [ RunTime:0.0011s ]
SQL: SELECT * FROM `jm_proj_index` WHERE `stage` = 2 ORDER BY is_top desc, create_time desc  [ RunTime:0.0011s ]
SQL: SELECT * FROM `jm_proj_index` WHERE `stage` = 1 ORDER BY is_top desc, create_time desc  [ RunTime:0.0011s ]
SQL: SELECT * FROM `jm_proj_index` WHERE `stage` = 9 ORDER BY is_top desc, create_time desc LIMIT 6   [ RunTime:0.0011s ]
SQL: SHOW COLUMNS FROM `jm_banner` [ RunTime:0.0104s ]
SQL: SELECT * FROM `jm_banner` WHERE `status` = 0 ORDER BY sort asc,id desc  [ RunTime:0.0004s ]
SQL: SELECT * FROM `jm_proj_index` WHERE `status` = 9 AND `stage` BETWEEN '1' AND '4' ORDER BY stage desc,is_top desc,create_time desc LIMIT 6   [ RunTime:0.0013s ]
SQL: SHOW COLUMNS FROM `jm_project` [ RunTime:0.0107s ]
SQL: SELECT COUNT(*) AS tp_count FROM `jm_project` WHERE `status` >= 9 LIMIT 1   [ RunTime:0.0003s ]
SQL: SHOW COLUMNS FROM `jm_project_investor` [ RunTime:0.0108s ]
SQL: SELECT SUM(fund) AS tp_sum FROM `jm_project_investor` WHERE `status` >= 4 LIMIT 1   [ RunTime:0.0003s ]
SQL: SHOW COLUMNS FROM `jm_product` [ RunTime:0.0201s ]
SQL: SELECT COUNT(*) AS tp_count FROM `jm_product` WHERE `status` >= 9 LIMIT 1   [ RunTime:0.0002s ]
SQL: SHOW COLUMNS FROM `jm_custom` [ RunTime:0.0110s ]
SQL: SELECT SUM(amount) AS tp_sum FROM `jm_custom` WHERE `status` = 1 LIMIT 1   [ RunTime:0.0003s ]
SQL: SHOW COLUMNS FROM `jm_ucenter_member` [ RunTime:0.0130s ]
SQL: SELECT COUNT(*) AS tp_count FROM `jm_ucenter_member` WHERE `status` = 1 LIMIT 1   [ RunTime:0.0003s ]
SQL: SHOW COLUMNS FROM `jm_link` [ RunTime:0.0206s ]
SQL: SELECT `name`,`logo`,`url` FROM `jm_link` WHERE `status` = 1 ORDER BY sort desc LIMIT 12   [ RunTime:0.0003s ]
INFO: [ view_parse ] --START--
INFO: [ template_filter ] --START--
INFO: Run Behavior\ContentReplaceBehavior [ RunTime:0.000395s ]
INFO: [ template_filter ] --END-- [ RunTime:0.000568s ]
SQL: SHOW COLUMNS FROM `jm_picture` [ RunTime:0.0098s ]
SQL: SELECT * FROM `jm_picture` WHERE `status` = 1 AND `id` = 20 LIMIT 1   [ RunTime:0.0003s ]
SQL: SELECT * FROM `jm_picture` WHERE `status` = 1 AND `id` = 20 LIMIT 1   [ RunTime:0.0003s ]
SQL: SELECT * FROM `jm_picture` WHERE `status` = 1 AND `id` = 19 LIMIT 1   [ RunTime:0.0003s ]
SQL: SELECT * FROM `jm_picture` WHERE `status` = 1 AND `id` = 19 LIMIT 1   [ RunTime:0.0004s ]
SQL: SELECT * FROM `jm_picture` WHERE `status` = 1 AND `id` = 15 LIMIT 1   [ RunTime:0.0004s ]
SQL: SELECT * FROM `jm_picture` WHERE `status` = 1 AND `id` = 10 LIMIT 1   [ RunTime:0.0004s ]
SQL: SELECT * FROM `jm_picture` WHERE `status` = 1 AND `id` = 5 LIMIT 1   [ RunTime:0.0003s ]
SQL: SELECT * FROM `jm_picture` WHERE `status` = 1 AND `id` = 11 LIMIT 1   [ RunTime:0.0003s ]
SQL: SELECT * FROM `jm_picture` WHERE `status` = 1 AND `id` = 14 LIMIT 1   [ RunTime:0.0002s ]
SQL: SELECT * FROM `jm_picture` WHERE `status` = 1 AND `id` = 13 LIMIT 1   [ RunTime:0.0002s ]
INFO: Run Behavior\ParseTemplateBehavior [ RunTime:0.071721s ]
INFO: [ view_parse ] --END-- [ RunTime:0.071930s ]
INFO: [ view_filter ] --START--
INFO: Run Behavior\WriteHtmlCacheBehavior [ RunTime:0.002567s ]
INFO: [ view_filter ] --END-- [ RunTime:0.002778s ]
INFO: [ app_end ] --START--
INFO: Run Behavior\ShowPageTraceBehavior [ RunTime:0.002077s ]
INFO: [ app_end ] --END-- [ RunTime:0.002331s ]

[ 2015-07-01T13:10:59+08:00 ] ::1 /Index/getinfo?type=1&id=2
INFO: [ app_init ] --START--
INFO: Run Behavior\BuildLiteBehavior [ RunTime:0.000028s ]
INFO: Run Common\Behavior\InitHookBehavior [ RunTime:0.003553s ]
INFO: [ app_init ] --END-- [ RunTime:0.004347s ]
INFO: [ app_begin ] --START--
INFO: Run Behavior\ReadHtmlCacheBehavior [ RunTime:0.001018s ]
INFO: [ app_begin ] --END-- [ RunTime:0.001174s ]
SQL: SHOW COLUMNS FROM `jm_config` [ RunTime:0.0195s ]
SQL: SELECT `type`,`name`,`value` FROM `jm_config` WHERE `status` = 1  [ RunTime:0.0006s ]
SQL: SHOW COLUMNS FROM `jm_infomation` [ RunTime:0.0143s ]
SQL: SELECT `description`,`title` FROM `jm_infomation` WHERE `id` = 2 LIMIT 1   [ RunTime:0.0003s ]
NOTIC: [8] Undefined index: id D:\wamp\www\Application\Home\Controller\IndexController.class.php 第 146 行.

[ 2015-07-01T13:11:03+08:00 ] ::1 /rootwww
INFO: [ app_init ] --START--
INFO: Run Behavior\BuildLiteBehavior [ RunTime:0.000054s ]
INFO: Run Common\Behavior\InitHookBehavior [ RunTime:0.003474s ]
INFO: [ app_init ] --END-- [ RunTime:0.004556s ]
INFO: [ app_begin ] --START--
INFO: Run Behavior\ReadHtmlCacheBehavior [ RunTime:0.001038s ]
INFO: [ app_begin ] --END-- [ RunTime:0.001317s ]
SQL: SHOW COLUMNS FROM `jm_config` [ RunTime:0.0108s ]
SQL: SELECT `type`,`name`,`value` FROM `jm_config` WHERE `status` = 1  [ RunTime:0.0006s ]

[ 2015-07-01T13:11:04+08:00 ] ::1 /Index/index.html
INFO: [ app_init ] --START--
INFO: Run Behavior\BuildLiteBehavior [ RunTime:0.000028s ]
INFO: Run Common\Behavior\InitHookBehavior [ RunTime:0.002143s ]
INFO: [ app_init ] --END-- [ RunTime:0.002827s ]
INFO: [ app_begin ] --START--
INFO: Run Behavior\ReadHtmlCacheBehavior [ RunTime:0.000819s ]
INFO: [ app_begin ] --END-- [ RunTime:0.000986s ]
SQL: SHOW COLUMNS FROM `jm_config` [ RunTime:0.0136s ]
SQL: SELECT `type`,`name`,`value` FROM `jm_config` WHERE `status` = 1  [ RunTime:0.0005s ]
SQL: SHOW COLUMNS FROM `jm_notice` [ RunTime:0.0121s ]
SQL: SELECT `id`,`create_time`,`title` FROM `jm_notice` WHERE ( status = 0 ) ORDER BY is_top desc,create_time desc LIMIT 6   [ RunTime:0.0004s ]
SQL: SHOW COLUMNS FROM `jm_infomation` [ RunTime:0.0126s ]
SQL: SELECT `id`,`create_time`,`title` FROM `jm_infomation` WHERE ( status = 1 ) ORDER BY level desc,create_time desc LIMIT 6   [ RunTime:0.0003s ]
NOTIC: [8] Undefined variable: noticearray D:\wamp\www\Application\Home\Controller\IndexController.class.php 第 60 行.
NOTIC: [2] implode(): Invalid arguments passed D:\wamp\www\Application\Home\Controller\IndexController.class.php 第 60 行.
NOTIC: [8] Undefined variable: newsarray D:\wamp\www\Application\Home\Controller\IndexController.class.php 第 62 行.
NOTIC: [2] implode(): Invalid arguments passed D:\wamp\www\Application\Home\Controller\IndexController.class.php 第 62 行.
SQL: SHOW COLUMNS FROM `jm_project` [ RunTime:0.0129s ]
SQL: SHOW COLUMNS FROM `jm_proj_index` [ RunTime:0.0152s ]
SQL: SELECT * FROM `jm_proj_index` WHERE `stage` = 4 ORDER BY is_top desc, create_time desc LIMIT 6   [ RunTime:0.0012s ]
SQL: SELECT * FROM `jm_proj_index` WHERE `stage` = 2 ORDER BY is_top desc, create_time desc  [ RunTime:0.0010s ]
SQL: SELECT * FROM `jm_proj_index` WHERE `stage` = 1 ORDER BY is_top desc, create_time desc  [ RunTime:0.0012s ]
SQL: SELECT * FROM `jm_proj_index` WHERE `stage` = 9 ORDER BY is_top desc, create_time desc LIMIT 6   [ RunTime:0.0009s ]
SQL: SHOW COLUMNS FROM `jm_banner` [ RunTime:0.0346s ]
SQL: SELECT * FROM `jm_banner` WHERE `status` = 0 ORDER BY sort asc,id desc  [ RunTime:0.0013s ]
SQL: SELECT * FROM `jm_proj_index` WHERE `status` = 9 AND `stage` BETWEEN '1' AND '4' ORDER BY stage desc,is_top desc,create_time desc LIMIT 6   [ RunTime:0.0013s ]
SQL: SHOW COLUMNS FROM `jm_project` [ RunTime:0.0269s ]
SQL: SELECT COUNT(*) AS tp_count FROM `jm_project` WHERE `status` >= 9 LIMIT 1   [ RunTime:0.0004s ]
SQL: SHOW COLUMNS FROM `jm_project_investor` [ RunTime:0.0171s ]
SQL: SELECT SUM(fund) AS tp_sum FROM `jm_project_investor` WHERE `status` >= 4 LIMIT 1   [ RunTime:0.0004s ]
SQL: SHOW COLUMNS FROM `jm_product` [ RunTime:0.0232s ]
SQL: SELECT COUNT(*) AS tp_count FROM `jm_product` WHERE `status` >= 9 LIMIT 1   [ RunTime:0.0003s ]
SQL: SHOW COLUMNS FROM `jm_custom` [ RunTime:0.0166s ]
SQL: SELECT SUM(amount) AS tp_sum FROM `jm_custom` WHERE `status` = 1 LIMIT 1   [ RunTime:0.0003s ]
SQL: SHOW COLUMNS FROM `jm_ucenter_member` [ RunTime:0.0131s ]
SQL: SELECT COUNT(*) AS tp_count FROM `jm_ucenter_member` WHERE `status` = 1 LIMIT 1   [ RunTime:0.0004s ]
SQL: SHOW COLUMNS FROM `jm_link` [ RunTime:0.0317s ]
SQL: SELECT `name`,`logo`,`url` FROM `jm_link` WHERE `status` = 1 ORDER BY sort desc LIMIT 12   [ RunTime:0.0004s ]
INFO: [ view_parse ] --START--
INFO: [ template_filter ] --START--
INFO: Run Behavior\ContentReplaceBehavior [ RunTime:0.000343s ]
INFO: [ template_filter ] --END-- [ RunTime:0.000479s ]
SQL: SHOW COLUMNS FROM `jm_picture` [ RunTime:0.0209s ]
SQL: SELECT * FROM `jm_picture` WHERE `status` = 1 AND `id` = 20 LIMIT 1   [ RunTime:0.0004s ]
SQL: SELECT * FROM `jm_picture` WHERE `status` = 1 AND `id` = 20 LIMIT 1   [ RunTime:0.0003s ]
SQL: SELECT * FROM `jm_picture` WHERE `status` = 1 AND `id` = 19 LIMIT 1   [ RunTime:0.0003s ]
SQL: SELECT * FROM `jm_picture` WHERE `status` = 1 AND `id` = 19 LIMIT 1   [ RunTime:0.0002s ]
SQL: SELECT * FROM `jm_picture` WHERE `status` = 1 AND `id` = 15 LIMIT 1   [ RunTime:0.0019s ]
SQL: SELECT * FROM `jm_picture` WHERE `status` = 1 AND `id` = 10 LIMIT 1   [ RunTime:0.0013s ]
SQL: SELECT * FROM `jm_picture` WHERE `status` = 1 AND `id` = 5 LIMIT 1   [ RunTime:0.0004s ]
SQL: SELECT * FROM `jm_picture` WHERE `status` = 1 AND `id` = 11 LIMIT 1   [ RunTime:0.0004s ]
SQL: SELECT * FROM `jm_picture` WHERE `status` = 1 AND `id` = 14 LIMIT 1   [ RunTime:0.0004s ]
SQL: SELECT * FROM `jm_picture` WHERE `status` = 1 AND `id` = 13 LIMIT 1   [ RunTime:0.0003s ]
INFO: Run Behavior\ParseTemplateBehavior [ RunTime:0.119057s ]
INFO: [ view_parse ] --END-- [ RunTime:0.119268s ]
INFO: [ view_filter ] --START--
INFO: Run Behavior\WriteHtmlCacheBehavior [ RunTime:0.002091s ]
INFO: [ view_filter ] --END-- [ RunTime:0.002665s ]
INFO: [ app_end ] --START--
INFO: Run Behavior\ShowPageTraceBehavior [ RunTime:0.002076s ]
INFO: [ app_end ] --END-- [ RunTime:0.002367s ]

[ 2015-07-01T13:11:05+08:00 ] ::1 /Index/getinfo?type=1&id=2
INFO: [ app_init ] --START--
INFO: Run Behavior\BuildLiteBehavior [ RunTime:0.000039s ]
INFO: Run Common\Behavior\InitHookBehavior [ RunTime:0.005127s ]
INFO: [ app_init ] --END-- [ RunTime:0.006342s ]
INFO: [ app_begin ] --START--
INFO: Run Behavior\ReadHtmlCacheBehavior [ RunTime:0.001019s ]
INFO: [ app_begin ] --END-- [ RunTime:0.001211s ]
SQL: SHOW COLUMNS FROM `jm_config` [ RunTime:0.0391s ]
SQL: SELECT `type`,`name`,`value` FROM `jm_config` WHERE `status` = 1  [ RunTime:0.0005s ]
SQL: SHOW COLUMNS FROM `jm_infomation` [ RunTime:0.0291s ]
SQL: SELECT `description`,`title` FROM `jm_infomation` WHERE `id` = 2 LIMIT 1   [ RunTime:0.0004s ]
NOTIC: [8] Undefined index: id D:\wamp\www\Application\Home\Controller\IndexController.class.php 第 146 行.

[ 2015-07-01T13:11:36+08:00 ] ::1 /wwwroot
INFO: [ app_init ] --START--
INFO: Run Behavior\BuildLiteBehavior [ RunTime:0.000077s ]
INFO: Run Common\Behavior\InitHookBehavior [ RunTime:0.006496s ]
INFO: [ app_init ] --END-- [ RunTime:0.007673s ]
INFO: [ app_begin ] --START--
INFO: Run Behavior\ReadHtmlCacheBehavior [ RunTime:0.000704s ]
INFO: [ app_begin ] --END-- [ RunTime:0.000862s ]
SQL: SHOW COLUMNS FROM `jm_config` [ RunTime:0.0217s ]
SQL: SELECT `type`,`name`,`value` FROM `jm_config` WHERE `status` = 1  [ RunTime:0.0006s ]

[ 2015-07-01T13:11:37+08:00 ] ::1 /Index/index.html
INFO: [ app_init ] --START--
INFO: Run Behavior\BuildLiteBehavior [ RunTime:0.000030s ]
INFO: Run Common\Behavior\InitHookBehavior [ RunTime:0.003346s ]
INFO: [ app_init ] --END-- [ RunTime:0.004004s ]
INFO: [ app_begin ] --START--
INFO: Run Behavior\ReadHtmlCacheBehavior [ RunTime:0.000589s ]
INFO: [ app_begin ] --END-- [ RunTime:0.000739s ]
SQL: SHOW COLUMNS FROM `jm_config` [ RunTime:0.0152s ]
SQL: SELECT `type`,`name`,`value` FROM `jm_config` WHERE `status` = 1  [ RunTime:0.0004s ]
SQL: SHOW COLUMNS FROM `jm_notice` [ RunTime:0.0111s ]
SQL: SELECT `id`,`create_time`,`title` FROM `jm_notice` WHERE ( status = 0 ) ORDER BY is_top desc,create_time desc LIMIT 6   [ RunTime:0.0003s ]
SQL: SHOW COLUMNS FROM `jm_infomation` [ RunTime:0.0332s ]
SQL: SELECT `id`,`create_time`,`title` FROM `jm_infomation` WHERE ( status = 1 ) ORDER BY level desc,create_time desc LIMIT 6   [ RunTime:0.0005s ]
NOTIC: [8] Undefined variable: noticearray D:\wamp\www\Application\Home\Controller\IndexController.class.php 第 60 行.
NOTIC: [2] implode(): Invalid arguments passed D:\wamp\www\Application\Home\Controller\IndexController.class.php 第 60 行.
NOTIC: [8] Undefined variable: newsarray D:\wamp\www\Application\Home\Controller\IndexController.class.php 第 62 行.
NOTIC: [2] implode(): Invalid arguments passed D:\wamp\www\Application\Home\Controller\IndexController.class.php 第 62 行.
SQL: SHOW COLUMNS FROM `jm_project` [ RunTime:0.0259s ]
SQL: SHOW COLUMNS FROM `jm_proj_index` [ RunTime:0.0152s ]
SQL: SELECT * FROM `jm_proj_index` WHERE `stage` = 4 ORDER BY is_top desc, create_time desc LIMIT 6   [ RunTime:0.0013s ]
SQL: SELECT * FROM `jm_proj_index` WHERE `stage` = 2 ORDER BY is_top desc, create_time desc  [ RunTime:0.0010s ]
SQL: SELECT * FROM `jm_proj_index` WHERE `stage` = 1 ORDER BY is_top desc, create_time desc  [ RunTime:0.0011s ]
SQL: SELECT * FROM `jm_proj_index` WHERE `stage` = 9 ORDER BY is_top desc, create_time desc LIMIT 6   [ RunTime:0.0011s ]
SQL: SHOW COLUMNS FROM `jm_banner` [ RunTime:0.0270s ]
SQL: SELECT * FROM `jm_banner` WHERE `status` = 0 ORDER BY sort asc,id desc  [ RunTime:0.0004s ]
SQL: SELECT * FROM `jm_proj_index` WHERE `status` = 9 AND `stage` BETWEEN '1' AND '4' ORDER BY stage desc,is_top desc,create_time desc LIMIT 6   [ RunTime:0.0011s ]
SQL: SHOW COLUMNS FROM `jm_project` [ RunTime:0.0287s ]
SQL: SELECT COUNT(*) AS tp_count FROM `jm_project` WHERE `status` >= 9 LIMIT 1   [ RunTime:0.0003s ]
SQL: SHOW COLUMNS FROM `jm_project_investor` [ RunTime:0.0287s ]
SQL: SELECT SUM(fund) AS tp_sum FROM `jm_project_investor` WHERE `status` >= 4 LIMIT 1   [ RunTime:0.0004s ]
SQL: SHOW COLUMNS FROM `jm_product` [ RunTime:0.0301s ]
SQL: SELECT COUNT(*) AS tp_count FROM `jm_product` WHERE `status` >= 9 LIMIT 1   [ RunTime:0.0003s ]
SQL: SHOW COLUMNS FROM `jm_custom` [ RunTime:0.0232s ]
SQL: SELECT SUM(amount) AS tp_sum FROM `jm_custom` WHERE `status` = 1 LIMIT 1   [ RunTime:0.0003s ]
SQL: SHOW COLUMNS FROM `jm_ucenter_member` [ RunTime:0.0115s ]
SQL: SELECT COUNT(*) AS tp_count FROM `jm_ucenter_member` WHERE `status` = 1 LIMIT 1   [ RunTime:0.0004s ]
SQL: SHOW COLUMNS FROM `jm_link` [ RunTime:0.0428s ]
SQL: SELECT `name`,`logo`,`url` FROM `jm_link` WHERE `status` = 1 ORDER BY sort desc LIMIT 12   [ RunTime:0.0005s ]
INFO: [ view_parse ] --START--
INFO: [ template_filter ] --START--
INFO: Run Behavior\ContentReplaceBehavior [ RunTime:0.000470s ]
INFO: [ template_filter ] --END-- [ RunTime:0.000697s ]
SQL: SHOW COLUMNS FROM `jm_picture` [ RunTime:0.0125s ]
SQL: SELECT * FROM `jm_picture` WHERE `status` = 1 AND `id` = 20 LIMIT 1   [ RunTime:0.0028s ]
SQL: SELECT * FROM `jm_picture` WHERE `status` = 1 AND `id` = 20 LIMIT 1   [ RunTime:0.0004s ]
SQL: SELECT * FROM `jm_picture` WHERE `status` = 1 AND `id` = 19 LIMIT 1   [ RunTime:0.0003s ]
SQL: SELECT * FROM `jm_picture` WHERE `status` = 1 AND `id` = 19 LIMIT 1   [ RunTime:0.0004s ]
SQL: SELECT * FROM `jm_picture` WHERE `status` = 1 AND `id` = 15 LIMIT 1   [ RunTime:0.0005s ]
SQL: SELECT * FROM `jm_picture` WHERE `status` = 1 AND `id` = 10 LIMIT 1   [ RunTime:0.0005s ]
SQL: SELECT * FROM `jm_picture` WHERE `status` = 1 AND `id` = 5 LIMIT 1   [ RunTime:0.0003s ]
SQL: SELECT * FROM `jm_picture` WHERE `status` = 1 AND `id` = 11 LIMIT 1   [ RunTime:0.0004s ]
SQL: SELECT * FROM `jm_picture` WHERE `status` = 1 AND `id` = 14 LIMIT 1   [ RunTime:0.0004s ]
SQL: SELECT * FROM `jm_picture` WHERE `status` = 1 AND `id` = 13 LIMIT 1   [ RunTime:0.0004s ]
INFO: Run Behavior\ParseTemplateBehavior [ RunTime:0.106341s ]
INFO: [ view_parse ] --END-- [ RunTime:0.106605s ]
INFO: [ view_filter ] --START--
INFO: Run Behavior\WriteHtmlCacheBehavior [ RunTime:0.001089s ]
INFO: [ view_filter ] --END-- [ RunTime:0.001342s ]
INFO: [ app_end ] --START--
INFO: Run Behavior\ShowPageTraceBehavior [ RunTime:0.001485s ]
INFO: [ app_end ] --END-- [ RunTime:0.001767s ]

[ 2015-07-01T13:11:37+08:00 ] ::1 /Index/getinfo?type=1&id=2
INFO: [ app_init ] --START--
INFO: Run Behavior\BuildLiteBehavior [ RunTime:0.000053s ]
INFO: Run Common\Behavior\InitHookBehavior [ RunTime:0.008585s ]
INFO: [ app_init ] --END-- [ RunTime:0.010044s ]
INFO: [ app_begin ] --START--
INFO: Run Behavior\ReadHtmlCacheBehavior [ RunTime:0.003099s ]
INFO: [ app_begin ] --END-- [ RunTime:0.003458s ]
SQL: SHOW COLUMNS FROM `jm_config` [ RunTime:0.0391s ]
SQL: SELECT `type`,`name`,`value` FROM `jm_config` WHERE `status` = 1  [ RunTime:0.0006s ]
SQL: SHOW COLUMNS FROM `jm_infomation` [ RunTime:0.0374s ]
SQL: SELECT `description`,`title` FROM `jm_infomation` WHERE `id` = 2 LIMIT 1   [ RunTime:0.0003s ]
NOTIC: [8] Undefined index: id D:\wamp\www\Application\Home\Controller\IndexController.class.php 第 146 行.

[ 2015-07-01T13:11:38+08:00 ] ::1 /
INFO: [ app_init ] --START--
INFO: Run Behavior\BuildLiteBehavior [ RunTime:0.000032s ]
INFO: Run Common\Behavior\InitHookBehavior [ RunTime:0.003095s ]
INFO: [ app_init ] --END-- [ RunTime:0.003829s ]
INFO: [ app_begin ] --START--
INFO: Run Behavior\ReadHtmlCacheBehavior [ RunTime:0.000650s ]
INFO: [ app_begin ] --END-- [ RunTime:0.000804s ]
SQL: SHOW COLUMNS FROM `jm_config` [ RunTime:0.0122s ]
SQL: SELECT `type`,`name`,`value` FROM `jm_config` WHERE `status` = 1  [ RunTime:0.0004s ]
SQL: SHOW COLUMNS FROM `jm_notice` [ RunTime:0.0281s ]
SQL: SELECT `id`,`create_time`,`title` FROM `jm_notice` WHERE ( status = 0 ) ORDER BY is_top desc,create_time desc LIMIT 6   [ RunTime:0.0004s ]
SQL: SHOW COLUMNS FROM `jm_infomation` [ RunTime:0.0124s ]
SQL: SELECT `id`,`create_time`,`title` FROM `jm_infomation` WHERE ( status = 1 ) ORDER BY level desc,create_time desc LIMIT 6   [ RunTime:0.0003s ]
NOTIC: [8] Undefined variable: noticearray D:\wamp\www\Application\Home\Controller\IndexController.class.php 第 60 行.
NOTIC: [2] implode(): Invalid arguments passed D:\wamp\www\Application\Home\Controller\IndexController.class.php 第 60 行.
NOTIC: [8] Undefined variable: newsarray D:\wamp\www\Application\Home\Controller\IndexController.class.php 第 62 行.
NOTIC: [2] implode(): Invalid arguments passed D:\wamp\www\Application\Home\Controller\IndexController.class.php 第 62 行.
SQL: SHOW COLUMNS FROM `jm_project` [ RunTime:0.0123s ]
SQL: SHOW COLUMNS FROM `jm_proj_index` [ RunTime:0.0143s ]
SQL: SELECT * FROM `jm_proj_index` WHERE `stage` = 4 ORDER BY is_top desc, create_time desc LIMIT 6   [ RunTime:0.0008s ]
SQL: SELECT * FROM `jm_proj_index` WHERE `stage` = 2 ORDER BY is_top desc, create_time desc  [ RunTime:0.0012s ]
SQL: SELECT * FROM `jm_proj_index` WHERE `stage` = 1 ORDER BY is_top desc, create_time desc  [ RunTime:0.0008s ]
SQL: SELECT * FROM `jm_proj_index` WHERE `stage` = 9 ORDER BY is_top desc, create_time desc LIMIT 6   [ RunTime:0.0010s ]
SQL: SHOW COLUMNS FROM `jm_banner` [ RunTime:0.0098s ]
SQL: SELECT * FROM `jm_banner` WHERE `status` = 0 ORDER BY sort asc,id desc  [ RunTime:0.0003s ]
SQL: SELECT * FROM `jm_proj_index` WHERE `status` = 9 AND `stage` BETWEEN '1' AND '4' ORDER BY stage desc,is_top desc,create_time desc LIMIT 6   [ RunTime:0.0012s ]
SQL: SHOW COLUMNS FROM `jm_project` [ RunTime:0.0117s ]
SQL: SELECT COUNT(*) AS tp_count FROM `jm_project` WHERE `status` >= 9 LIMIT 1   [ RunTime:0.0003s ]
SQL: SHOW COLUMNS FROM `jm_project_investor` [ RunTime:0.0114s ]
SQL: SELECT SUM(fund) AS tp_sum FROM `jm_project_investor` WHERE `status` >= 4 LIMIT 1   [ RunTime:0.0003s ]
SQL: SHOW COLUMNS FROM `jm_product` [ RunTime:0.1027s ]
SQL: SELECT COUNT(*) AS tp_count FROM `jm_product` WHERE `status` >= 9 LIMIT 1   [ RunTime:0.0003s ]
SQL: SHOW COLUMNS FROM `jm_custom` [ RunTime:0.0264s ]
SQL: SELECT SUM(amount) AS tp_sum FROM `jm_custom` WHERE `status` = 1 LIMIT 1   [ RunTime:0.0004s ]
SQL: SHOW COLUMNS FROM `jm_ucenter_member` [ RunTime:0.0249s ]
SQL: SELECT COUNT(*) AS tp_count FROM `jm_ucenter_member` WHERE `status` = 1 LIMIT 1   [ RunTime:0.0004s ]
SQL: SHOW COLUMNS FROM `jm_link` [ RunTime:0.0117s ]
SQL: SELECT `name`,`logo`,`url` FROM `jm_link` WHERE `status` = 1 ORDER BY sort desc LIMIT 12   [ RunTime:0.0003s ]
INFO: [ view_parse ] --START--
INFO: [ template_filter ] --START--
INFO: Run Behavior\ContentReplaceBehavior [ RunTime:0.000453s ]
INFO: [ template_filter ] --END-- [ RunTime:0.000625s ]
SQL: SHOW COLUMNS FROM `jm_picture` [ RunTime:0.0113s ]
SQL: SELECT * FROM `jm_picture` WHERE `status` = 1 AND `id` = 20 LIMIT 1   [ RunTime:0.0003s ]
SQL: SELECT * FROM `jm_picture` WHERE `status` = 1 AND `id` = 20 LIMIT 1   [ RunTime:0.0003s ]
SQL: SELECT * FROM `jm_picture` WHERE `status` = 1 AND `id` = 19 LIMIT 1   [ RunTime:0.0003s ]
SQL: SELECT * FROM `jm_picture` WHERE `status` = 1 AND `id` = 19 LIMIT 1   [ RunTime:0.0003s ]
SQL: SELECT * FROM `jm_picture` WHERE `status` = 1 AND `id` = 15 LIMIT 1   [ RunTime:0.0004s ]
SQL: SELECT * FROM `jm_picture` WHERE `status` = 1 AND `id` = 10 LIMIT 1   [ RunTime:0.0005s ]
SQL: SELECT * FROM `jm_picture` WHERE `status` = 1 AND `id` = 5 LIMIT 1   [ RunTime:0.0004s ]
SQL: SELECT * FROM `jm_picture` WHERE `status` = 1 AND `id` = 11 LIMIT 1   [ RunTime:0.0004s ]
SQL: SELECT * FROM `jm_picture` WHERE `status` = 1 AND `id` = 14 LIMIT 1   [ RunTime:0.0003s ]
SQL: SELECT * FROM `jm_picture` WHERE `status` = 1 AND `id` = 13 LIMIT 1   [ RunTime:0.0002s ]
INFO: Run Behavior\ParseTemplateBehavior [ RunTime:0.075838s ]
INFO: [ view_parse ] --END-- [ RunTime:0.075984s ]
INFO: [ view_filter ] --START--
INFO: Run Behavior\WriteHtmlCacheBehavior [ RunTime:0.000926s ]
INFO: [ view_filter ] --END-- [ RunTime:0.001067s ]
INFO: [ app_end ] --START--
INFO: Run Behavior\ShowPageTraceBehavior [ RunTime:0.001336s ]
INFO: [ app_end ] --END-- [ RunTime:0.001547s ]

[ 2015-07-01T13:11:39+08:00 ] ::1 /Index/getinfo?type=1&id=2
INFO: [ app_init ] --START--
INFO: Run Behavior\BuildLiteBehavior [ RunTime:0.000058s ]
INFO: Run Common\Behavior\InitHookBehavior [ RunTime:0.007822s ]
INFO: [ app_init ] --END-- [ RunTime:0.010228s ]
INFO: [ app_begin ] --START--
INFO: Run Behavior\ReadHtmlCacheBehavior [ RunTime:0.000940s ]
INFO: [ app_begin ] --END-- [ RunTime:0.001158s ]
SQL: SHOW COLUMNS FROM `jm_config` [ RunTime:0.1415s ]
SQL: SELECT `type`,`name`,`value` FROM `jm_config` WHERE `status` = 1  [ RunTime:0.0016s ]
SQL: SHOW COLUMNS FROM `jm_infomation` [ RunTime:0.0563s ]
SQL: SELECT `description`,`title` FROM `jm_infomation` WHERE `id` = 2 LIMIT 1   [ RunTime:0.0004s ]
NOTIC: [8] Undefined index: id D:\wamp\www\Application\Home\Controller\IndexController.class.php 第 146 行.

[ 2015-07-01T13:11:55+08:00 ] ::1 /
INFO: [ app_init ] --START--
INFO: Run Behavior\BuildLiteBehavior [ RunTime:0.000048s ]
INFO: Run Common\Behavior\InitHookBehavior [ RunTime:0.007221s ]
INFO: [ app_init ] --END-- [ RunTime:0.008234s ]
INFO: [ app_begin ] --START--
INFO: Run Behavior\ReadHtmlCacheBehavior [ RunTime:0.000541s ]
INFO: [ app_begin ] --END-- [ RunTime:0.000674s ]
SQL: SHOW COLUMNS FROM `jm_config` [ RunTime:0.0275s ]
SQL: SELECT `type`,`name`,`value` FROM `jm_config` WHERE `status` = 1  [ RunTime:0.0004s ]
SQL: SHOW COLUMNS FROM `jm_notice` [ RunTime:0.0266s ]
SQL: SELECT `id`,`create_time`,`title` FROM `jm_notice` WHERE ( status = 0 ) ORDER BY is_top desc,create_time desc LIMIT 6   [ RunTime:0.0010s ]
SQL: SHOW COLUMNS FROM `jm_infomation` [ RunTime:0.0751s ]
SQL: SELECT `id`,`create_time`,`title` FROM `jm_infomation` WHERE ( status = 1 ) ORDER BY level desc,create_time desc LIMIT 6   [ RunTime:0.0004s ]
NOTIC: [8] Undefined variable: noticearray D:\wamp\www\Application\Home\Controller\IndexController.class.php 第 60 行.
NOTIC: [2] implode(): Invalid arguments passed D:\wamp\www\Application\Home\Controller\IndexController.class.php 第 60 行.
NOTIC: [8] Undefined variable: newsarray D:\wamp\www\Application\Home\Controller\IndexController.class.php 第 62 行.
NOTIC: [2] implode(): Invalid arguments passed D:\wamp\www\Application\Home\Controller\IndexController.class.php 第 62 行.
SQL: SHOW COLUMNS FROM `jm_project` [ RunTime:0.1270s ]
SQL: SHOW COLUMNS FROM `jm_proj_index` [ RunTime:0.1203s ]
SQL: SELECT * FROM `jm_proj_index` WHERE `stage` = 4 ORDER BY is_top desc, create_time desc LIMIT 6   [ RunTime:0.0013s ]
SQL: SELECT * FROM `jm_proj_index` WHERE `stage` = 2 ORDER BY is_top desc, create_time desc  [ RunTime:0.0012s ]
SQL: SELECT * FROM `jm_proj_index` WHERE `stage` = 1 ORDER BY is_top desc, create_time desc  [ RunTime:0.0011s ]
SQL: SELECT * FROM `jm_proj_index` WHERE `stage` = 9 ORDER BY is_top desc, create_time desc LIMIT 6   [ RunTime:0.0012s ]
SQL: SHOW COLUMNS FROM `jm_banner` [ RunTime:0.0393s ]
SQL: SELECT * FROM `jm_banner` WHERE `status` = 0 ORDER BY sort asc,id desc  [ RunTime:0.0003s ]
SQL: SELECT * FROM `jm_proj_index` WHERE `status` = 9 AND `stage` BETWEEN '1' AND '4' ORDER BY stage desc,is_top desc,create_time desc LIMIT 6   [ RunTime:0.0010s ]
SQL: SHOW COLUMNS FROM `jm_project` [ RunTime:0.0295s ]
SQL: SELECT COUNT(*) AS tp_count FROM `jm_project` WHERE `status` >= 9 LIMIT 1   [ RunTime:0.0003s ]
SQL: SHOW COLUMNS FROM `jm_project_investor` [ RunTime:0.0214s ]
SQL: SELECT SUM(fund) AS tp_sum FROM `jm_project_investor` WHERE `status` >= 4 LIMIT 1   [ RunTime:0.0004s ]
SQL: SHOW COLUMNS FROM `jm_product` [ RunTime:0.0260s ]
SQL: SELECT COUNT(*) AS tp_count FROM `jm_product` WHERE `status` >= 9 LIMIT 1   [ RunTime:0.0002s ]
SQL: SHOW COLUMNS FROM `jm_custom` [ RunTime:0.0212s ]
SQL: SELECT SUM(amount) AS tp_sum FROM `jm_custom` WHERE `status` = 1 LIMIT 1   [ RunTime:0.0003s ]
SQL: SHOW COLUMNS FROM `jm_ucenter_member` [ RunTime:0.0167s ]
SQL: SELECT COUNT(*) AS tp_count FROM `jm_ucenter_member` WHERE `status` = 1 LIMIT 1   [ RunTime:0.0016s ]
SQL: SHOW COLUMNS FROM `jm_link` [ RunTime:0.0200s ]
SQL: SELECT `name`,`logo`,`url` FROM `jm_link` WHERE `status` = 1 ORDER BY sort desc LIMIT 12   [ RunTime:0.0004s ]
INFO: [ view_parse ] --START--
INFO: [ template_filter ] --START--
INFO: Run Behavior\ContentReplaceBehavior [ RunTime:0.000527s ]
INFO: [ template_filter ] --END-- [ RunTime:0.000829s ]
SQL: SHOW COLUMNS FROM `jm_picture` [ RunTime:0.0307s ]
SQL: SELECT * FROM `jm_picture` WHERE `status` = 1 AND `id` = 20 LIMIT 1   [ RunTime:0.0003s ]
SQL: SELECT * FROM `jm_picture` WHERE `status` = 1 AND `id` = 20 LIMIT 1   [ RunTime:0.0002s ]
SQL: SELECT * FROM `jm_picture` WHERE `status` = 1 AND `id` = 19 LIMIT 1   [ RunTime:0.0002s ]
SQL: SELECT * FROM `jm_picture` WHERE `status` = 1 AND `id` = 19 LIMIT 1   [ RunTime:0.0003s ]
SQL: SELECT * FROM `jm_picture` WHERE `status` = 1 AND `id` = 15 LIMIT 1   [ RunTime:0.0016s ]
SQL: SELECT * FROM `jm_picture` WHERE `status` = 1 AND `id` = 10 LIMIT 1   [ RunTime:0.0003s ]
SQL: SELECT * FROM `jm_picture` WHERE `status` = 1 AND `id` = 5 LIMIT 1   [ RunTime:0.0003s ]
SQL: SELECT * FROM `jm_picture` WHERE `status` = 1 AND `id` = 11 LIMIT 1   [ RunTime:0.0003s ]
SQL: SELECT * FROM `jm_picture` WHERE `status` = 1 AND `id` = 14 LIMIT 1   [ RunTime:0.0003s ]
SQL: SELECT * FROM `jm_picture` WHERE `status` = 1 AND `id` = 13 LIMIT 1   [ RunTime:0.0002s ]
INFO: Run Behavior\ParseTemplateBehavior [ RunTime:0.102091s ]
INFO: [ view_parse ] --END-- [ RunTime:0.102242s ]
INFO: [ view_filter ] --START--
INFO: Run Behavior\WriteHtmlCacheBehavior [ RunTime:0.000858s ]
INFO: [ view_filter ] --END-- [ RunTime:0.001005s ]
INFO: [ app_end ] --START--
INFO: Run Behavior\ShowPageTraceBehavior [ RunTime:0.002205s ]
INFO: [ app_end ] --END-- [ RunTime:0.002451s ]

[ 2015-07-01T13:11:56+08:00 ] ::1 /Index/getinfo?type=1&id=2
INFO: [ app_init ] --START--
INFO: Run Behavior\BuildLiteBehavior [ RunTime:0.000050s ]
INFO: Run Common\Behavior\InitHookBehavior [ RunTime:0.002437s ]
INFO: [ app_init ] --END-- [ RunTime:0.003246s ]
INFO: [ app_begin ] --START--
INFO: Run Behavior\ReadHtmlCacheBehavior [ RunTime:0.001067s ]
INFO: [ app_begin ] --END-- [ RunTime:0.003063s ]
SQL: SHOW COLUMNS FROM `jm_config` [ RunTime:0.0472s ]
SQL: SELECT `type`,`name`,`value` FROM `jm_config` WHERE `status` = 1  [ RunTime:0.0005s ]
SQL: SHOW COLUMNS FROM `jm_infomation` [ RunTime:0.0249s ]
SQL: SELECT `description`,`title` FROM `jm_infomation` WHERE `id` = 2 LIMIT 1   [ RunTime:0.0003s ]
NOTIC: [8] Undefined index: id D:\wamp\www\Application\Home\Controller\IndexController.class.php 第 146 行.

[ 2015-07-01T13:15:16+08:00 ] ::1 /
INFO: [ app_init ] --START--
INFO: Run Behavior\BuildLiteBehavior [ RunTime:0.000031s ]
INFO: Run Common\Behavior\InitHookBehavior [ RunTime:0.003709s ]
INFO: [ app_init ] --END-- [ RunTime:0.004532s ]
INFO: [ app_begin ] --START--
INFO: Run Behavior\ReadHtmlCacheBehavior [ RunTime:0.000918s ]
INFO: [ app_begin ] --END-- [ RunTime:0.001111s ]
SQL: SHOW COLUMNS FROM `jm_config` [ RunTime:0.0188s ]
SQL: SELECT `type`,`name`,`value` FROM `jm_config` WHERE `status` = 1  [ RunTime:0.0006s ]
SQL: SHOW COLUMNS FROM `jm_notice` [ RunTime:0.0717s ]
SQL: SELECT `id`,`create_time`,`title` FROM `jm_notice` WHERE ( status = 0 ) ORDER BY is_top desc,create_time desc LIMIT 6   [ RunTime:0.0005s ]
SQL: SHOW COLUMNS FROM `jm_infomation` [ RunTime:0.0117s ]
SQL: SELECT `id`,`create_time`,`title` FROM `jm_infomation` WHERE ( status = 1 ) ORDER BY level desc,create_time desc LIMIT 6   [ RunTime:0.0003s ]
NOTIC: [8] Undefined variable: noticearray D:\wamp\www\Application\Home\Controller\IndexController.class.php 第 60 行.
NOTIC: [2] implode(): Invalid arguments passed D:\wamp\www\Application\Home\Controller\IndexController.class.php 第 60 行.
NOTIC: [8] Undefined variable: newsarray D:\wamp\www\Application\Home\Controller\IndexController.class.php 第 62 行.
NOTIC: [2] implode(): Invalid arguments passed D:\wamp\www\Application\Home\Controller\IndexController.class.php 第 62 行.
SQL: SHOW COLUMNS FROM `jm_project` [ RunTime:0.0193s ]
SQL: SHOW COLUMNS FROM `jm_proj_index` [ RunTime:0.0383s ]
SQL: SELECT * FROM `jm_proj_index` WHERE `stage` = 4 ORDER BY is_top desc, create_time desc LIMIT 6   [ RunTime:0.0014s ]
SQL: SELECT * FROM `jm_proj_index` WHERE `stage` = 2 ORDER BY is_top desc, create_time desc  [ RunTime:0.0010s ]
SQL: SELECT * FROM `jm_proj_index` WHERE `stage` = 1 ORDER BY is_top desc, create_time desc  [ RunTime:0.0007s ]
SQL: SELECT * FROM `jm_proj_index` WHERE `stage` = 9 ORDER BY is_top desc, create_time desc LIMIT 6   [ RunTime:0.0009s ]
SQL: SHOW COLUMNS FROM `jm_banner` [ RunTime:0.0130s ]
SQL: SELECT * FROM `jm_banner` WHERE `status` = 0 ORDER BY sort asc,id desc  [ RunTime:0.0007s ]
SQL: SELECT * FROM `jm_proj_index` WHERE `status` = 9 AND `stage` BETWEEN '1' AND '4' ORDER BY stage desc,is_top desc,create_time desc LIMIT 6   [ RunTime:0.0012s ]
SQL: SHOW COLUMNS FROM `jm_project` [ RunTime:0.0111s ]
SQL: SELECT COUNT(*) AS tp_count FROM `jm_project` WHERE `status` >= 9 LIMIT 1   [ RunTime:0.0004s ]
SQL: SHOW COLUMNS FROM `jm_project_investor` [ RunTime:0.0319s ]
SQL: SELECT SUM(fund) AS tp_sum FROM `jm_project_investor` WHERE `status` >= 4 LIMIT 1   [ RunTime:0.0004s ]
SQL: SHOW COLUMNS FROM `jm_product` [ RunTime:0.0148s ]
SQL: SELECT COUNT(*) AS tp_count FROM `jm_product` WHERE `status` >= 9 LIMIT 1   [ RunTime:0.0002s ]
SQL: SHOW COLUMNS FROM `jm_custom` [ RunTime:0.0305s ]
SQL: SELECT SUM(amount) AS tp_sum FROM `jm_custom` WHERE `status` = 1 LIMIT 1   [ RunTime:0.0184s ]
SQL: SHOW COLUMNS FROM `jm_ucenter_member` [ RunTime:0.0252s ]
SQL: SELECT COUNT(*) AS tp_count FROM `jm_ucenter_member` WHERE `status` = 1 LIMIT 1   [ RunTime:0.0004s ]
SQL: SHOW COLUMNS FROM `jm_link` [ RunTime:0.0117s ]
SQL: SELECT `name`,`logo`,`url` FROM `jm_link` WHERE `status` = 1 ORDER BY sort desc LIMIT 12   [ RunTime:0.0004s ]
INFO: [ view_parse ] --START--
INFO: [ template_filter ] --START--
INFO: Run Behavior\ContentReplaceBehavior [ RunTime:0.000380s ]
INFO: [ template_filter ] --END-- [ RunTime:0.000513s ]
SQL: SHOW COLUMNS FROM `jm_picture` [ RunTime:0.0111s ]
SQL: SELECT * FROM `jm_picture` WHERE `status` = 1 AND `id` = 20 LIMIT 1   [ RunTime:0.0006s ]
SQL: SELECT * FROM `jm_picture` WHERE `status` = 1 AND `id` = 20 LIMIT 1   [ RunTime:0.0004s ]
SQL: SELECT * FROM `jm_picture` WHERE `status` = 1 AND `id` = 19 LIMIT 1   [ RunTime:0.0004s ]
SQL: SELECT * FROM `jm_picture` WHERE `status` = 1 AND `id` = 19 LIMIT 1   [ RunTime:0.0004s ]
SQL: SELECT * FROM `jm_picture` WHERE `status` = 1 AND `id` = 15 LIMIT 1   [ RunTime:0.0005s ]
SQL: SELECT * FROM `jm_picture` WHERE `status` = 1 AND `id` = 10 LIMIT 1   [ RunTime:0.0004s ]
SQL: SELECT * FROM `jm_picture` WHERE `status` = 1 AND `id` = 5 LIMIT 1   [ RunTime:0.0002s ]
SQL: SELECT * FROM `jm_picture` WHERE `status` = 1 AND `id` = 11 LIMIT 1   [ RunTime:0.0003s ]
SQL: SELECT * FROM `jm_picture` WHERE `status` = 1 AND `id` = 14 LIMIT 1   [ RunTime:0.0002s ]
SQL: SELECT * FROM `jm_picture` WHERE `status` = 1 AND `id` = 13 LIMIT 1   [ RunTime:0.0004s ]
INFO: Run Behavior\ParseTemplateBehavior [ RunTime:0.081544s ]
INFO: [ view_parse ] --END-- [ RunTime:0.081811s ]
INFO: [ view_filter ] --START--
INFO: Run Behavior\WriteHtmlCacheBehavior [ RunTime:0.002897s ]
INFO: [ view_filter ] --END-- [ RunTime:0.003108s ]
INFO: [ app_end ] --START--
INFO: Run Behavior\ShowPageTraceBehavior [ RunTime:0.001182s ]
INFO: [ app_end ] --END-- [ RunTime:0.001406s ]

[ 2015-07-01T13:15:16+08:00 ] ::1 /Index/getinfo?type=1&id=2
INFO: [ app_init ] --START--
INFO: Run Behavior\BuildLiteBehavior [ RunTime:0.000055s ]
INFO: Run Common\Behavior\InitHookBehavior [ RunTime:0.005527s ]
INFO: [ app_init ] --END-- [ RunTime:0.008014s ]
INFO: [ app_begin ] --START--
INFO: Run Behavior\ReadHtmlCacheBehavior [ RunTime:0.001490s ]
INFO: [ app_begin ] --END-- [ RunTime:0.001746s ]
SQL: SHOW COLUMNS FROM `jm_config` [ RunTime:0.0451s ]
SQL: SELECT `type`,`name`,`value` FROM `jm_config` WHERE `status` = 1  [ RunTime:0.0006s ]
SQL: SHOW COLUMNS FROM `jm_infomation` [ RunTime:0.0435s ]
SQL: SELECT `description`,`title` FROM `jm_infomation` WHERE `id` = 2 LIMIT 1   [ RunTime:0.0004s ]
NOTIC: [8] Undefined index: id D:\wamp\www\Application\Home\Controller\IndexController.class.php 第 146 行.

[ 2015-07-01T14:46:17+08:00 ] ::1 /wwwroot/install.php?s=/Install/step1.html
INFO: [ app_init ] --START--
INFO: Run Behavior\BuildLiteBehavior [ RunTime:0.000036s ]
INFO: Run Common\Behavior\InitHookBehavior [ RunTime:0.021444s ]
INFO: [ app_init ] --END-- [ RunTime:0.022624s ]
INFO: [ app_begin ] --START--
INFO: Run Behavior\ReadHtmlCacheBehavior [ RunTime:0.001942s ]
INFO: [ app_begin ] --END-- [ RunTime:0.002103s ]
SQL: SHOW COLUMNS FROM `jm_config` [ RunTime:0.3889s ]
SQL: SELECT `type`,`name`,`value` FROM `jm_config` WHERE `status` = 1  [ RunTime:0.0551s ]

[ 2015-07-01T14:46:19+08:00 ] ::1 /Index/index.html
INFO: [ app_init ] --START--
INFO: Run Behavior\BuildLiteBehavior [ RunTime:0.000029s ]
INFO: Run Common\Behavior\InitHookBehavior [ RunTime:0.003621s ]
INFO: [ app_init ] --END-- [ RunTime:0.004328s ]
INFO: [ app_begin ] --START--
INFO: Run Behavior\ReadHtmlCacheBehavior [ RunTime:0.000967s ]
INFO: [ app_begin ] --END-- [ RunTime:0.001102s ]
SQL: SHOW COLUMNS FROM `jm_config` [ RunTime:0.0188s ]
SQL: SELECT `type`,`name`,`value` FROM `jm_config` WHERE `status` = 1  [ RunTime:0.0076s ]
SQL: SHOW COLUMNS FROM `jm_notice` [ RunTime:0.1211s ]
SQL: SELECT `id`,`create_time`,`title` FROM `jm_notice` WHERE ( status = 0 ) ORDER BY is_top desc,create_time desc LIMIT 6   [ RunTime:0.2118s ]
SQL: SHOW COLUMNS FROM `jm_infomation` [ RunTime:0.0642s ]
SQL: SELECT `id`,`create_time`,`title` FROM `jm_infomation` WHERE ( status = 1 ) ORDER BY level desc,create_time desc LIMIT 6   [ RunTime:0.0158s ]
NOTIC: [8] Undefined variable: noticearray D:\wamp\www\Application\Home\Controller\IndexController.class.php 第 60 行.
NOTIC: [2] implode(): Invalid arguments passed D:\wamp\www\Application\Home\Controller\IndexController.class.php 第 60 行.
NOTIC: [8] Undefined variable: newsarray D:\wamp\www\Application\Home\Controller\IndexController.class.php 第 62 行.
NOTIC: [2] implode(): Invalid arguments passed D:\wamp\www\Application\Home\Controller\IndexController.class.php 第 62 行.
SQL: SHOW COLUMNS FROM `jm_project` [ RunTime:0.0856s ]
SQL: SHOW COLUMNS FROM `jm_proj_index` [ RunTime:0.4404s ]
SQL: SELECT * FROM `jm_proj_index` WHERE `stage` = 4 ORDER BY is_top desc, create_time desc LIMIT 6   [ RunTime:0.0955s ]
SQL: SELECT * FROM `jm_proj_index` WHERE `stage` = 2 ORDER BY is_top desc, create_time desc  [ RunTime:0.0032s ]
SQL: SELECT * FROM `jm_proj_index` WHERE `stage` = 1 ORDER BY is_top desc, create_time desc  [ RunTime:0.0008s ]
SQL: SELECT * FROM `jm_proj_index` WHERE `stage` = 9 ORDER BY is_top desc, create_time desc LIMIT 6   [ RunTime:0.0007s ]
SQL: SHOW COLUMNS FROM `jm_banner` [ RunTime:0.0493s ]
SQL: SELECT * FROM `jm_banner` WHERE `status` = 0 ORDER BY sort asc,id desc  [ RunTime:0.0369s ]
SQL: SELECT * FROM `jm_proj_index` WHERE `status` = 9 AND `stage` BETWEEN '1' AND '4' ORDER BY stage desc,is_top desc,create_time desc LIMIT 6   [ RunTime:0.0137s ]
SQL: SHOW COLUMNS FROM `jm_project` [ RunTime:0.0136s ]
SQL: SELECT COUNT(*) AS tp_count FROM `jm_project` WHERE `status` >= 9 LIMIT 1   [ RunTime:0.0004s ]
SQL: SHOW COLUMNS FROM `jm_project_investor` [ RunTime:0.0107s ]
SQL: SELECT SUM(fund) AS tp_sum FROM `jm_project_investor` WHERE `status` >= 4 LIMIT 1   [ RunTime:0.0003s ]
SQL: SHOW COLUMNS FROM `jm_product` [ RunTime:0.0730s ]
SQL: SELECT COUNT(*) AS tp_count FROM `jm_product` WHERE `status` >= 9 LIMIT 1   [ RunTime:0.0123s ]
SQL: SHOW COLUMNS FROM `jm_custom` [ RunTime:0.0154s ]
SQL: SELECT SUM(amount) AS tp_sum FROM `jm_custom` WHERE `status` = 1 LIMIT 1   [ RunTime:0.0263s ]
SQL: SHOW COLUMNS FROM `jm_ucenter_member` [ RunTime:0.0130s ]
SQL: SELECT COUNT(*) AS tp_count FROM `jm_ucenter_member` WHERE `status` = 1 LIMIT 1   [ RunTime:0.0701s ]
SQL: SHOW COLUMNS FROM `jm_link` [ RunTime:0.0986s ]
SQL: SELECT `name`,`logo`,`url` FROM `jm_link` WHERE `status` = 1 ORDER BY sort desc LIMIT 12   [ RunTime:0.0078s ]
INFO: [ view_parse ] --START--
INFO: [ template_filter ] --START--
INFO: Run Behavior\ContentReplaceBehavior [ RunTime:0.000416s ]
INFO: [ template_filter ] --END-- [ RunTime:0.000582s ]
SQL: SHOW COLUMNS FROM `jm_picture` [ RunTime:0.0364s ]
SQL: SELECT * FROM `jm_picture` WHERE `status` = 1 AND `id` = 20 LIMIT 1   [ RunTime:0.0332s ]
SQL: SELECT * FROM `jm_picture` WHERE `status` = 1 AND `id` = 20 LIMIT 1   [ RunTime:0.0003s ]
SQL: SELECT * FROM `jm_picture` WHERE `status` = 1 AND `id` = 19 LIMIT 1   [ RunTime:0.0003s ]
SQL: SELECT * FROM `jm_picture` WHERE `status` = 1 AND `id` = 19 LIMIT 1   [ RunTime:0.0003s ]
SQL: SELECT * FROM `jm_picture` WHERE `status` = 1 AND `id` = 15 LIMIT 1   [ RunTime:0.0004s ]
SQL: SELECT * FROM `jm_picture` WHERE `status` = 1 AND `id` = 10 LIMIT 1   [ RunTime:0.0004s ]
SQL: SELECT * FROM `jm_picture` WHERE `status` = 1 AND `id` = 5 LIMIT 1   [ RunTime:0.0003s ]
SQL: SELECT * FROM `jm_picture` WHERE `status` = 1 AND `id` = 11 LIMIT 1   [ RunTime:0.0003s ]
SQL: SELECT * FROM `jm_picture` WHERE `status` = 1 AND `id` = 14 LIMIT 1   [ RunTime:0.0003s ]
SQL: SELECT * FROM `jm_picture` WHERE `status` = 1 AND `id` = 13 LIMIT 1   [ RunTime:0.0003s ]
INFO: Run Behavior\ParseTemplateBehavior [ RunTime:0.260606s ]
INFO: [ view_parse ] --END-- [ RunTime:0.260805s ]
INFO: [ view_filter ] --START--
INFO: Run Behavior\WriteHtmlCacheBehavior [ RunTime:0.001887s ]
INFO: [ view_filter ] --END-- [ RunTime:0.002088s ]
INFO: [ app_end ] --START--
INFO: Run Behavior\ShowPageTraceBehavior [ RunTime:0.003745s ]
INFO: [ app_end ] --END-- [ RunTime:0.004143s ]

[ 2015-07-01T14:46:20+08:00 ] ::1 /Index/getinfo?type=1&id=2
INFO: [ app_init ] --START--
INFO: Run Behavior\BuildLiteBehavior [ RunTime:0.000057s ]
INFO: Run Common\Behavior\InitHookBehavior [ RunTime:0.012009s ]
INFO: [ app_init ] --END-- [ RunTime:0.014937s ]
INFO: [ app_begin ] --START--
INFO: Run Behavior\ReadHtmlCacheBehavior [ RunTime:0.001961s ]
INFO: [ app_begin ] --END-- [ RunTime:0.002238s ]
SQL: SHOW COLUMNS FROM `jm_config` [ RunTime:0.0134s ]
SQL: SELECT `type`,`name`,`value` FROM `jm_config` WHERE `status` = 1  [ RunTime:0.0005s ]
SQL: SHOW COLUMNS FROM `jm_infomation` [ RunTime:0.0303s ]
SQL: SELECT `description`,`title` FROM `jm_infomation` WHERE `id` = 2 LIMIT 1   [ RunTime:0.0005s ]
NOTIC: [8] Undefined index: id D:\wamp\www\Application\Home\Controller\IndexController.class.php 第 146 行.

[ 2015-07-01T15:13:18+08:00 ] ::1 /Index/test
INFO: [ app_init ] --START--
INFO: Run Behavior\BuildLiteBehavior [ RunTime:0.000114s ]
INFO: Run Common\Behavior\InitHookBehavior [ RunTime:0.010153s ]
INFO: [ app_init ] --END-- [ RunTime:0.013269s ]
INFO: [ app_begin ] --START--
INFO: Run Behavior\ReadHtmlCacheBehavior [ RunTime:0.001109s ]
INFO: [ app_begin ] --END-- [ RunTime:0.001313s ]
SQL: SHOW COLUMNS FROM `jm_config` [ RunTime:0.0195s ]
SQL: SELECT `type`,`name`,`value` FROM `jm_config` WHERE `status` = 1  [ RunTime:0.0005s ]

[ 2015-07-01T15:13:19+08:00 ] ::1 /Index/index.html
INFO: [ app_init ] --START--
INFO: Run Behavior\BuildLiteBehavior [ RunTime:0.000028s ]
INFO: Run Common\Behavior\InitHookBehavior [ RunTime:0.003401s ]
INFO: [ app_init ] --END-- [ RunTime:0.004118s ]
INFO: [ app_begin ] --START--
INFO: Run Behavior\ReadHtmlCacheBehavior [ RunTime:0.002213s ]
INFO: [ app_begin ] --END-- [ RunTime:0.002387s ]
SQL: SHOW COLUMNS FROM `jm_config` [ RunTime:0.0111s ]
SQL: SELECT `type`,`name`,`value` FROM `jm_config` WHERE `status` = 1  [ RunTime:0.0005s ]
SQL: SHOW COLUMNS FROM `jm_notice` [ RunTime:0.0280s ]
SQL: SELECT `id`,`create_time`,`title` FROM `jm_notice` WHERE ( status = 0 ) ORDER BY is_top desc,create_time desc LIMIT 6   [ RunTime:0.0004s ]
SQL: SHOW COLUMNS FROM `jm_infomation` [ RunTime:0.0102s ]
SQL: SELECT `id`,`create_time`,`title` FROM `jm_infomation` WHERE ( status = 1 ) ORDER BY level desc,create_time desc LIMIT 6   [ RunTime:0.0003s ]
NOTIC: [8] Undefined variable: noticearray D:\wamp\www\Application\Home\Controller\IndexController.class.php 第 60 行.
NOTIC: [2] implode(): Invalid arguments passed D:\wamp\www\Application\Home\Controller\IndexController.class.php 第 60 行.
NOTIC: [8] Undefined variable: newsarray D:\wamp\www\Application\Home\Controller\IndexController.class.php 第 62 行.
NOTIC: [2] implode(): Invalid arguments passed D:\wamp\www\Application\Home\Controller\IndexController.class.php 第 62 行.
SQL: SHOW COLUMNS FROM `jm_project` [ RunTime:0.0095s ]
SQL: SHOW COLUMNS FROM `jm_proj_index` [ RunTime:0.0100s ]
SQL: SELECT * FROM `jm_proj_index` WHERE `stage` = 4 ORDER BY is_top desc, create_time desc LIMIT 6   [ RunTime:0.0009s ]
SQL: SELECT * FROM `jm_proj_index` WHERE `stage` = 2 ORDER BY is_top desc, create_time desc  [ RunTime:0.0008s ]
SQL: SELECT * FROM `jm_proj_index` WHERE `stage` = 1 ORDER BY is_top desc, create_time desc  [ RunTime:0.0010s ]
SQL: SELECT * FROM `jm_proj_index` WHERE `stage` = 9 ORDER BY is_top desc, create_time desc LIMIT 6   [ RunTime:0.0023s ]
SQL: SHOW COLUMNS FROM `jm_banner` [ RunTime:0.0091s ]
SQL: SELECT * FROM `jm_banner` WHERE `status` = 0 ORDER BY sort asc,id desc  [ RunTime:0.0006s ]
SQL: SELECT * FROM `jm_proj_index` WHERE `status` = 9 AND `stage` BETWEEN '1' AND '4' ORDER BY stage desc,is_top desc,create_time desc LIMIT 6   [ RunTime:0.0009s ]
SQL: SHOW COLUMNS FROM `jm_project` [ RunTime:0.0109s ]
SQL: SELECT COUNT(*) AS tp_count FROM `jm_project` WHERE `status` >= 9 LIMIT 1   [ RunTime:0.0004s ]
SQL: SHOW COLUMNS FROM `jm_project_investor` [ RunTime:0.0242s ]
SQL: SELECT SUM(fund) AS tp_sum FROM `jm_project_investor` WHERE `status` >= 4 LIMIT 1   [ RunTime:0.0004s ]
SQL: SHOW COLUMNS FROM `jm_product` [ RunTime:0.0107s ]
SQL: SELECT COUNT(*) AS tp_count FROM `jm_product` WHERE `status` >= 9 LIMIT 1   [ RunTime:0.0003s ]
SQL: SHOW COLUMNS FROM `jm_custom` [ RunTime:0.0110s ]
SQL: SELECT SUM(amount) AS tp_sum FROM `jm_custom` WHERE `status` = 1 LIMIT 1   [ RunTime:0.0005s ]
SQL: SHOW COLUMNS FROM `jm_ucenter_member` [ RunTime:0.0132s ]
SQL: SELECT COUNT(*) AS tp_count FROM `jm_ucenter_member` WHERE `status` = 1 LIMIT 1   [ RunTime:0.0004s ]
SQL: SHOW COLUMNS FROM `jm_link` [ RunTime:0.0124s ]
SQL: SELECT `name`,`logo`,`url` FROM `jm_link` WHERE `status` = 1 ORDER BY sort desc LIMIT 12   [ RunTime:0.0004s ]
INFO: [ view_parse ] --START--
INFO: [ template_filter ] --START--
INFO: Run Behavior\ContentReplaceBehavior [ RunTime:0.000389s ]
INFO: [ template_filter ] --END-- [ RunTime:0.000539s ]
SQL: SHOW COLUMNS FROM `jm_picture` [ RunTime:0.0121s ]
SQL: SELECT * FROM `jm_picture` WHERE `status` = 1 AND `id` = 20 LIMIT 1   [ RunTime:0.0017s ]
SQL: SELECT * FROM `jm_picture` WHERE `status` = 1 AND `id` = 20 LIMIT 1   [ RunTime:0.0003s ]
SQL: SELECT * FROM `jm_picture` WHERE `status` = 1 AND `id` = 19 LIMIT 1   [ RunTime:0.0003s ]
SQL: SELECT * FROM `jm_picture` WHERE `status` = 1 AND `id` = 19 LIMIT 1   [ RunTime:0.0004s ]
SQL: SELECT * FROM `jm_picture` WHERE `status` = 1 AND `id` = 15 LIMIT 1   [ RunTime:0.0004s ]
SQL: SELECT * FROM `jm_picture` WHERE `status` = 1 AND `id` = 10 LIMIT 1   [ RunTime:0.0005s ]
SQL: SELECT * FROM `jm_picture` WHERE `status` = 1 AND `id` = 5 LIMIT 1   [ RunTime:0.0003s ]
SQL: SELECT * FROM `jm_picture` WHERE `status` = 1 AND `id` = 11 LIMIT 1   [ RunTime:0.0003s ]
SQL: SELECT * FROM `jm_picture` WHERE `status` = 1 AND `id` = 14 LIMIT 1   [ RunTime:0.0003s ]
SQL: SELECT * FROM `jm_picture` WHERE `status` = 1 AND `id` = 13 LIMIT 1   [ RunTime:0.0003s ]
INFO: Run Behavior\ParseTemplateBehavior [ RunTime:0.112415s ]
INFO: [ view_parse ] --END-- [ RunTime:0.112618s ]
INFO: [ view_filter ] --START--
INFO: Run Behavior\WriteHtmlCacheBehavior [ RunTime:0.000922s ]
INFO: [ view_filter ] --END-- [ RunTime:0.001059s ]
INFO: [ app_end ] --START--
INFO: Run Behavior\ShowPageTraceBehavior [ RunTime:0.001564s ]
INFO: [ app_end ] --END-- [ RunTime:0.001834s ]

[ 2015-07-01T15:13:22+08:00 ] ::1 /Index/getinfo?type=1&id=2
INFO: [ app_init ] --START--
INFO: Run Behavior\BuildLiteBehavior [ RunTime:0.000053s ]
INFO: Run Common\Behavior\InitHookBehavior [ RunTime:0.003884s ]
INFO: [ app_init ] --END-- [ RunTime:0.005020s ]
INFO: [ app_begin ] --START--
INFO: Run Behavior\ReadHtmlCacheBehavior [ RunTime:0.001003s ]
INFO: [ app_begin ] --END-- [ RunTime:0.001177s ]
SQL: SHOW COLUMNS FROM `jm_config` [ RunTime:0.0139s ]
SQL: SELECT `type`,`name`,`value` FROM `jm_config` WHERE `status` = 1  [ RunTime:0.0017s ]
SQL: SHOW COLUMNS FROM `jm_infomation` [ RunTime:0.0099s ]
SQL: SELECT `description`,`title` FROM `jm_infomation` WHERE `id` = 2 LIMIT 1   [ RunTime:0.0005s ]
NOTIC: [8] Undefined index: id D:\wamp\www\Application\Home\Controller\IndexController.class.php 第 146 行.

[ 2015-07-01T15:13:24+08:00 ] ::1 /Index/test
INFO: [ app_init ] --START--
INFO: Run Behavior\BuildLiteBehavior [ RunTime:0.000028s ]
INFO: Run Common\Behavior\InitHookBehavior [ RunTime:0.006736s ]
INFO: [ app_init ] --END-- [ RunTime:0.007370s ]
INFO: [ app_begin ] --START--
INFO: Run Behavior\ReadHtmlCacheBehavior [ RunTime:0.000794s ]
INFO: [ app_begin ] --END-- [ RunTime:0.000944s ]
SQL: SHOW COLUMNS FROM `jm_config` [ RunTime:0.0130s ]
SQL: SELECT `type`,`name`,`value` FROM `jm_config` WHERE `status` = 1  [ RunTime:0.0004s ]

[ 2015-07-01T15:13:24+08:00 ] ::1 /Index/index.html
INFO: [ app_init ] --START--
INFO: Run Behavior\BuildLiteBehavior [ RunTime:0.000028s ]
INFO: Run Common\Behavior\InitHookBehavior [ RunTime:0.004762s ]
INFO: [ app_init ] --END-- [ RunTime:0.005408s ]
INFO: [ app_begin ] --START--
INFO: Run Behavior\ReadHtmlCacheBehavior [ RunTime:0.000831s ]
INFO: [ app_begin ] --END-- [ RunTime:0.000968s ]
SQL: SHOW COLUMNS FROM `jm_config` [ RunTime:0.0107s ]
SQL: SELECT `type`,`name`,`value` FROM `jm_config` WHERE `status` = 1  [ RunTime:0.0005s ]
SQL: SHOW COLUMNS FROM `jm_notice` [ RunTime:0.0107s ]
SQL: SELECT `id`,`create_time`,`title` FROM `jm_notice` WHERE ( status = 0 ) ORDER BY is_top desc,create_time desc LIMIT 6   [ RunTime:0.0007s ]
SQL: SHOW COLUMNS FROM `jm_infomation` [ RunTime:0.0236s ]
SQL: SELECT `id`,`create_time`,`title` FROM `jm_infomation` WHERE ( status = 1 ) ORDER BY level desc,create_time desc LIMIT 6   [ RunTime:0.0004s ]
NOTIC: [8] Undefined variable: noticearray D:\wamp\www\Application\Home\Controller\IndexController.class.php 第 60 行.
NOTIC: [2] implode(): Invalid arguments passed D:\wamp\www\Application\Home\Controller\IndexController.class.php 第 60 行.
NOTIC: [8] Undefined variable: newsarray D:\wamp\www\Application\Home\Controller\IndexController.class.php 第 62 行.
NOTIC: [2] implode(): Invalid arguments passed D:\wamp\www\Application\Home\Controller\IndexController.class.php 第 62 行.
SQL: SHOW COLUMNS FROM `jm_project` [ RunTime:0.0303s ]
SQL: SHOW COLUMNS FROM `jm_proj_index` [ RunTime:0.0211s ]
SQL: SELECT * FROM `jm_proj_index` WHERE `stage` = 4 ORDER BY is_top desc, create_time desc LIMIT 6   [ RunTime:0.0022s ]
SQL: SELECT * FROM `jm_proj_index` WHERE `stage` = 2 ORDER BY is_top desc, create_time desc  [ RunTime:0.0013s ]
SQL: SELECT * FROM `jm_proj_index` WHERE `stage` = 1 ORDER BY is_top desc, create_time desc  [ RunTime:0.0011s ]
SQL: SELECT * FROM `jm_proj_index` WHERE `stage` = 9 ORDER BY is_top desc, create_time desc LIMIT 6   [ RunTime:0.0010s ]
SQL: SHOW COLUMNS FROM `jm_banner` [ RunTime:0.0093s ]
SQL: SELECT * FROM `jm_banner` WHERE `status` = 0 ORDER BY sort asc,id desc  [ RunTime:0.0004s ]
SQL: SELECT * FROM `jm_proj_index` WHERE `status` = 9 AND `stage` BETWEEN '1' AND '4' ORDER BY stage desc,is_top desc,create_time desc LIMIT 6   [ RunTime:0.0009s ]
SQL: SHOW COLUMNS FROM `jm_project` [ RunTime:0.0088s ]
SQL: SELECT COUNT(*) AS tp_count FROM `jm_project` WHERE `status` >= 9 LIMIT 1   [ RunTime:0.0003s ]
SQL: SHOW COLUMNS FROM `jm_project_investor` [ RunTime:0.0154s ]
SQL: SELECT SUM(fund) AS tp_sum FROM `jm_project_investor` WHERE `status` >= 4 LIMIT 1   [ RunTime:0.0004s ]
SQL: SHOW COLUMNS FROM `jm_product` [ RunTime:0.0112s ]
SQL: SELECT COUNT(*) AS tp_count FROM `jm_product` WHERE `status` >= 9 LIMIT 1   [ RunTime:0.0002s ]
SQL: SHOW COLUMNS FROM `jm_custom` [ RunTime:0.0125s ]
SQL: SELECT SUM(amount) AS tp_sum FROM `jm_custom` WHERE `status` = 1 LIMIT 1   [ RunTime:0.0003s ]
SQL: SHOW COLUMNS FROM `jm_ucenter_member` [ RunTime:0.0183s ]
SQL: SELECT COUNT(*) AS tp_count FROM `jm_ucenter_member` WHERE `status` = 1 LIMIT 1   [ RunTime:0.0004s ]
SQL: SHOW COLUMNS FROM `jm_link` [ RunTime:0.0116s ]
SQL: SELECT `name`,`logo`,`url` FROM `jm_link` WHERE `status` = 1 ORDER BY sort desc LIMIT 12   [ RunTime:0.0003s ]
INFO: [ view_parse ] --START--
INFO: [ template_filter ] --START--
INFO: Run Behavior\ContentReplaceBehavior [ RunTime:0.000420s ]
INFO: [ template_filter ] --END-- [ RunTime:0.000580s ]
SQL: SHOW COLUMNS FROM `jm_picture` [ RunTime:0.0092s ]
SQL: SELECT * FROM `jm_picture` WHERE `status` = 1 AND `id` = 20 LIMIT 1   [ RunTime:0.0004s ]
SQL: SELECT * FROM `jm_picture` WHERE `status` = 1 AND `id` = 20 LIMIT 1   [ RunTime:0.0004s ]
SQL: SELECT * FROM `jm_picture` WHERE `status` = 1 AND `id` = 19 LIMIT 1   [ RunTime:0.0004s ]
SQL: SELECT * FROM `jm_picture` WHERE `status` = 1 AND `id` = 19 LIMIT 1   [ RunTime:0.0003s ]
SQL: SELECT * FROM `jm_picture` WHERE `status` = 1 AND `id` = 15 LIMIT 1   [ RunTime:0.0003s ]
SQL: SELECT * FROM `jm_picture` WHERE `status` = 1 AND `id` = 10 LIMIT 1   [ RunTime:0.0004s ]
SQL: SELECT * FROM `jm_picture` WHERE `status` = 1 AND `id` = 5 LIMIT 1   [ RunTime:0.0007s ]
SQL: SELECT * FROM `jm_picture` WHERE `status` = 1 AND `id` = 11 LIMIT 1   [ RunTime:0.0010s ]
SQL: SELECT * FROM `jm_picture` WHERE `status` = 1 AND `id` = 14 LIMIT 1   [ RunTime:0.0002s ]
SQL: SELECT * FROM `jm_picture` WHERE `status` = 1 AND `id` = 13 LIMIT 1   [ RunTime:0.0002s ]
INFO: Run Behavior\ParseTemplateBehavior [ RunTime:0.080806s ]
INFO: [ view_parse ] --END-- [ RunTime:0.081030s ]
INFO: [ view_filter ] --START--
INFO: Run Behavior\WriteHtmlCacheBehavior [ RunTime:0.000863s ]
INFO: [ view_filter ] --END-- [ RunTime:0.000999s ]
INFO: [ app_end ] --START--
INFO: Run Behavior\ShowPageTraceBehavior [ RunTime:0.001480s ]
INFO: [ app_end ] --END-- [ RunTime:0.001697s ]

[ 2015-07-01T15:13:25+08:00 ] ::1 /Index/getinfo?type=1&id=2
INFO: [ app_init ] --START--
INFO: Run Behavior\BuildLiteBehavior [ RunTime:0.000029s ]
INFO: Run Common\Behavior\InitHookBehavior [ RunTime:0.003509s ]
INFO: [ app_init ] --END-- [ RunTime:0.004343s ]
INFO: [ app_begin ] --START--
INFO: Run Behavior\ReadHtmlCacheBehavior [ RunTime:0.001014s ]
INFO: [ app_begin ] --END-- [ RunTime:0.001162s ]
SQL: SHOW COLUMNS FROM `jm_config` [ RunTime:0.0146s ]
SQL: SELECT `type`,`name`,`value` FROM `jm_config` WHERE `status` = 1  [ RunTime:0.0014s ]
SQL: SHOW COLUMNS FROM `jm_infomation` [ RunTime:0.0361s ]
SQL: SELECT `description`,`title` FROM `jm_infomation` WHERE `id` = 2 LIMIT 1   [ RunTime:0.0003s ]
NOTIC: [8] Undefined index: id D:\wamp\www\Application\Home\Controller\IndexController.class.php 第 146 行.

[ 2015-07-01T15:13:33+08:00 ] ::1 /Index/test
INFO: [ app_init ] --START--
INFO: Run Behavior\BuildLiteBehavior [ RunTime:0.000032s ]
INFO: Run Common\Behavior\InitHookBehavior [ RunTime:0.003652s ]
INFO: [ app_init ] --END-- [ RunTime:0.004448s ]
INFO: [ app_begin ] --START--
INFO: Run Behavior\ReadHtmlCacheBehavior [ RunTime:0.002685s ]
INFO: [ app_begin ] --END-- [ RunTime:0.002955s ]
SQL: SHOW COLUMNS FROM `jm_config` [ RunTime:0.0112s ]
SQL: SELECT `type`,`name`,`value` FROM `jm_config` WHERE `status` = 1  [ RunTime:0.0005s ]

[ 2015-07-01T15:13:34+08:00 ] ::1 /Index/index.html
INFO: [ app_init ] --START--
INFO: Run Behavior\BuildLiteBehavior [ RunTime:0.000089s ]
INFO: Run Common\Behavior\InitHookBehavior [ RunTime:0.006690s ]
INFO: [ app_init ] --END-- [ RunTime:0.008662s ]
INFO: [ app_begin ] --START--
INFO: Run Behavior\ReadHtmlCacheBehavior [ RunTime:0.000937s ]
INFO: [ app_begin ] --END-- [ RunTime:0.001122s ]
SQL: SHOW COLUMNS FROM `jm_config` [ RunTime:0.0105s ]
SQL: SELECT `type`,`name`,`value` FROM `jm_config` WHERE `status` = 1  [ RunTime:0.0006s ]
SQL: SHOW COLUMNS FROM `jm_notice` [ RunTime:0.0092s ]
SQL: SELECT `id`,`create_time`,`title` FROM `jm_notice` WHERE ( status = 0 ) ORDER BY is_top desc,create_time desc LIMIT 6   [ RunTime:0.0003s ]
SQL: SHOW COLUMNS FROM `jm_infomation` [ RunTime:0.0131s ]
SQL: SELECT `id`,`create_time`,`title` FROM `jm_infomation` WHERE ( status = 1 ) ORDER BY level desc,create_time desc LIMIT 6   [ RunTime:0.0003s ]
NOTIC: [8] Undefined variable: noticearray D:\wamp\www\Application\Home\Controller\IndexController.class.php 第 60 行.
NOTIC: [2] implode(): Invalid arguments passed D:\wamp\www\Application\Home\Controller\IndexController.class.php 第 60 行.
NOTIC: [8] Undefined variable: newsarray D:\wamp\www\Application\Home\Controller\IndexController.class.php 第 62 行.
NOTIC: [2] implode(): Invalid arguments passed D:\wamp\www\Application\Home\Controller\IndexController.class.php 第 62 行.
SQL: SHOW COLUMNS FROM `jm_project` [ RunTime:0.0104s ]
SQL: SHOW COLUMNS FROM `jm_proj_index` [ RunTime:0.0190s ]
SQL: SELECT * FROM `jm_proj_index` WHERE `stage` = 4 ORDER BY is_top desc, create_time desc LIMIT 6   [ RunTime:0.0012s ]
SQL: SELECT * FROM `jm_proj_index` WHERE `stage` = 2 ORDER BY is_top desc, create_time desc  [ RunTime:0.0010s ]
SQL: SELECT * FROM `jm_proj_index` WHERE `stage` = 1 ORDER BY is_top desc, create_time desc  [ RunTime:0.0009s ]
SQL: SELECT * FROM `jm_proj_index` WHERE `stage` = 9 ORDER BY is_top desc, create_time desc LIMIT 6   [ RunTime:0.0010s ]
SQL: SHOW COLUMNS FROM `jm_banner` [ RunTime:0.0087s ]
SQL: SELECT * FROM `jm_banner` WHERE `status` = 0 ORDER BY sort asc,id desc  [ RunTime:0.0004s ]
SQL: SELECT * FROM `jm_proj_index` WHERE `status` = 9 AND `stage` BETWEEN '1' AND '4' ORDER BY stage desc,is_top desc,create_time desc LIMIT 6   [ RunTime:0.0009s ]
SQL: SHOW COLUMNS FROM `jm_project` [ RunTime:0.0115s ]
SQL: SELECT COUNT(*) AS tp_count FROM `jm_project` WHERE `status` >= 9 LIMIT 1   [ RunTime:0.0004s ]
SQL: SHOW COLUMNS FROM `jm_project_investor` [ RunTime:0.0277s ]
SQL: SELECT SUM(fund) AS tp_sum FROM `jm_project_investor` WHERE `status` >= 4 LIMIT 1   [ RunTime:0.0003s ]
SQL: SHOW COLUMNS FROM `jm_product` [ RunTime:0.0114s ]
SQL: SELECT COUNT(*) AS tp_count FROM `jm_product` WHERE `status` >= 9 LIMIT 1   [ RunTime:0.0003s ]
SQL: SHOW COLUMNS FROM `jm_custom` [ RunTime:0.0265s ]
SQL: SELECT SUM(amount) AS tp_sum FROM `jm_custom` WHERE `status` = 1 LIMIT 1   [ RunTime:0.0004s ]
SQL: SHOW COLUMNS FROM `jm_ucenter_member` [ RunTime:0.0279s ]
SQL: SELECT COUNT(*) AS tp_count FROM `jm_ucenter_member` WHERE `status` = 1 LIMIT 1   [ RunTime:0.0004s ]
SQL: SHOW COLUMNS FROM `jm_link` [ RunTime:0.0309s ]
SQL: SELECT `name`,`logo`,`url` FROM `jm_link` WHERE `status` = 1 ORDER BY sort desc LIMIT 12   [ RunTime:0.0004s ]
INFO: [ view_parse ] --START--
INFO: [ template_filter ] --START--
INFO: Run Behavior\ContentReplaceBehavior [ RunTime:0.000878s ]
INFO: [ template_filter ] --END-- [ RunTime:0.001214s ]
SQL: SHOW COLUMNS FROM `jm_picture` [ RunTime:0.0084s ]
SQL: SELECT * FROM `jm_picture` WHERE `status` = 1 AND `id` = 20 LIMIT 1   [ RunTime:0.0004s ]
SQL: SELECT * FROM `jm_picture` WHERE `status` = 1 AND `id` = 20 LIMIT 1   [ RunTime:0.0004s ]
SQL: SELECT * FROM `jm_picture` WHERE `status` = 1 AND `id` = 19 LIMIT 1   [ RunTime:0.0004s ]
SQL: SELECT * FROM `jm_picture` WHERE `status` = 1 AND `id` = 19 LIMIT 1   [ RunTime:0.0005s ]
SQL: SELECT * FROM `jm_picture` WHERE `status` = 1 AND `id` = 15 LIMIT 1   [ RunTime:0.0011s ]
SQL: SELECT * FROM `jm_picture` WHERE `status` = 1 AND `id` = 10 LIMIT 1   [ RunTime:0.0003s ]
SQL: SELECT * FROM `jm_picture` WHERE `status` = 1 AND `id` = 5 LIMIT 1   [ RunTime:0.0002s ]
SQL: SELECT * FROM `jm_picture` WHERE `status` = 1 AND `id` = 11 LIMIT 1   [ RunTime:0.0002s ]
SQL: SELECT * FROM `jm_picture` WHERE `status` = 1 AND `id` = 14 LIMIT 1   [ RunTime:0.0002s ]
SQL: SELECT * FROM `jm_picture` WHERE `status` = 1 AND `id` = 13 LIMIT 1   [ RunTime:0.0002s ]
INFO: Run Behavior\ParseTemplateBehavior [ RunTime:0.085557s ]
INFO: [ view_parse ] --END-- [ RunTime:0.085780s ]
INFO: [ view_filter ] --START--
INFO: Run Behavior\WriteHtmlCacheBehavior [ RunTime:0.000994s ]
INFO: [ view_filter ] --END-- [ RunTime:0.001171s ]
INFO: [ app_end ] --START--
INFO: Run Behavior\ShowPageTraceBehavior [ RunTime:0.001491s ]
INFO: [ app_end ] --END-- [ RunTime:0.001719s ]

[ 2015-07-01T15:13:34+08:00 ] ::1 /Index/getinfo?type=1&id=2
INFO: [ app_init ] --START--
INFO: Run Behavior\BuildLiteBehavior [ RunTime:0.000054s ]
INFO: Run Common\Behavior\InitHookBehavior [ RunTime:0.003665s ]
INFO: [ app_init ] --END-- [ RunTime:0.006513s ]
INFO: [ app_begin ] --START--
INFO: Run Behavior\ReadHtmlCacheBehavior [ RunTime:0.002591s ]
INFO: [ app_begin ] --END-- [ RunTime:0.002863s ]
SQL: SHOW COLUMNS FROM `jm_config` [ RunTime:0.0167s ]
SQL: SELECT `type`,`name`,`value` FROM `jm_config` WHERE `status` = 1  [ RunTime:0.0004s ]
SQL: SHOW COLUMNS FROM `jm_infomation` [ RunTime:0.0136s ]
SQL: SELECT `description`,`title` FROM `jm_infomation` WHERE `id` = 2 LIMIT 1   [ RunTime:0.0004s ]
NOTIC: [8] Undefined index: id D:\wamp\www\Application\Home\Controller\IndexController.class.php 第 146 行.

[ 2015-07-01T16:45:47+08:00 ] ::1 /Info/show/key/agreement.html
INFO: [ app_init ] --START--
INFO: Run Behavior\BuildLiteBehavior [ RunTime:0.000031s ]
INFO: Run Common\Behavior\InitHookBehavior [ RunTime:0.005396s ]
INFO: [ app_init ] --END-- [ RunTime:0.006413s ]
INFO: [ app_begin ] --START--
INFO: Run Behavior\ReadHtmlCacheBehavior [ RunTime:0.001232s ]
INFO: [ app_begin ] --END-- [ RunTime:0.001395s ]
NOTIC: [2048] Declaration of Home\Controller\InfoController::show() should be compatible with Think\Controller::show($content, $charset = '', $contentType = '', $prefix = '') D:\wamp\www\Application\Home\Controller\InfoController.class.php 第 4 行.
SQL: SHOW COLUMNS FROM `jm_config` [ RunTime:0.0164s ]
SQL: SELECT `type`,`name`,`value` FROM `jm_config` WHERE `status` = 1  [ RunTime:0.0006s ]
SQL: SHOW COLUMNS FROM `jm_info` [ RunTime:0.0193s ]
SQL: SELECT * FROM `jm_info` WHERE `key_word` = 'agreement' LIMIT 1   [ RunTime:0.0010s ]
SQL: SELECT `key_word`,`title` FROM `jm_info` ORDER BY level DESC,id DESC  [ RunTime:0.0004s ]
INFO: [ view_parse ] --START--
INFO: [ template_filter ] --START--
INFO: Run Behavior\ContentReplaceBehavior [ RunTime:0.000172s ]
INFO: [ template_filter ] --END-- [ RunTime:0.000305s ]
INFO: Run Behavior\ParseTemplateBehavior [ RunTime:0.046916s ]
INFO: [ view_parse ] --END-- [ RunTime:0.047131s ]
INFO: [ view_filter ] --START--
INFO: Run Behavior\WriteHtmlCacheBehavior [ RunTime:0.001076s ]
INFO: [ view_filter ] --END-- [ RunTime:0.001270s ]
INFO: [ app_end ] --START--
INFO: Run Behavior\ShowPageTraceBehavior [ RunTime:0.001650s ]
INFO: [ app_end ] --END-- [ RunTime:0.001864s ]

[ 2015-07-01T16:52:53+08:00 ] ::1 /Info/show/key/about.html
INFO: [ app_init ] --START--
INFO: Run Behavior\BuildLiteBehavior [ RunTime:0.000028s ]
INFO: Run Common\Behavior\InitHookBehavior [ RunTime:0.003627s ]
INFO: [ app_init ] --END-- [ RunTime:0.004527s ]
INFO: [ app_begin ] --START--
INFO: Run Behavior\ReadHtmlCacheBehavior [ RunTime:0.001793s ]
INFO: [ app_begin ] --END-- [ RunTime:0.002095s ]
NOTIC: [2048] Declaration of Home\Controller\InfoController::show() should be compatible with Think\Controller::show($content, $charset = '', $contentType = '', $prefix = '') D:\wamp\www\Application\Home\Controller\InfoController.class.php 第 4 行.
SQL: SHOW COLUMNS FROM `jm_config` [ RunTime:0.0109s ]
SQL: SELECT `type`,`name`,`value` FROM `jm_config` WHERE `status` = 1  [ RunTime:0.0006s ]
SQL: SHOW COLUMNS FROM `jm_info` [ RunTime:0.0116s ]
SQL: SELECT * FROM `jm_info` WHERE `key_word` = 'about' LIMIT 1   [ RunTime:0.0017s ]
SQL: SELECT `key_word`,`title` FROM `jm_info` ORDER BY level DESC,id DESC  [ RunTime:0.0004s ]
INFO: [ view_parse ] --START--
INFO: [ template_filter ] --START--
INFO: Run Behavior\ContentReplaceBehavior [ RunTime:0.000169s ]
INFO: [ template_filter ] --END-- [ RunTime:0.000337s ]
INFO: Run Behavior\ParseTemplateBehavior [ RunTime:0.034291s ]
INFO: [ view_parse ] --END-- [ RunTime:0.034437s ]
INFO: [ view_filter ] --START--
INFO: Run Behavior\WriteHtmlCacheBehavior [ RunTime:0.000949s ]
INFO: [ view_filter ] --END-- [ RunTime:0.001068s ]
INFO: [ app_end ] --START--
INFO: Run Behavior\ShowPageTraceBehavior [ RunTime:0.001172s ]
INFO: [ app_end ] --END-- [ RunTime:0.001309s ]

[ 2015-07-01T16:54:54+08:00 ] ::1 /Info/show/key/xinshouzhiyin.html
INFO: [ app_init ] --START--
INFO: Run Behavior\BuildLiteBehavior [ RunTime:0.000034s ]
INFO: Run Common\Behavior\InitHookBehavior [ RunTime:0.007622s ]
INFO: [ app_init ] --END-- [ RunTime:0.009065s ]
INFO: [ app_begin ] --START--
INFO: Run Behavior\ReadHtmlCacheBehavior [ RunTime:0.001665s ]
INFO: [ app_begin ] --END-- [ RunTime:0.001931s ]
NOTIC: [2048] Declaration of Home\Controller\InfoController::show() should be compatible with Think\Controller::show($content, $charset = '', $contentType = '', $prefix = '') D:\wamp\www\Application\Home\Controller\InfoController.class.php 第 4 行.
SQL: SHOW COLUMNS FROM `jm_config` [ RunTime:0.0113s ]
SQL: SELECT `type`,`name`,`value` FROM `jm_config` WHERE `status` = 1  [ RunTime:0.0004s ]
SQL: SHOW COLUMNS FROM `jm_info` [ RunTime:0.0384s ]
SQL: SELECT * FROM `jm_info` WHERE `key_word` = 'xinshouzhiyin' LIMIT 1   [ RunTime:0.0006s ]
SQL: SELECT `key_word`,`title` FROM `jm_info` ORDER BY level DESC,id DESC  [ RunTime:0.0017s ]
INFO: [ view_parse ] --START--
INFO: [ template_filter ] --START--
INFO: Run Behavior\ContentReplaceBehavior [ RunTime:0.000170s ]
INFO: [ template_filter ] --END-- [ RunTime:0.000302s ]
INFO: Run Behavior\ParseTemplateBehavior [ RunTime:0.035292s ]
INFO: [ view_parse ] --END-- [ RunTime:0.035532s ]
INFO: [ view_filter ] --START--
INFO: Run Behavior\WriteHtmlCacheBehavior [ RunTime:0.000952s ]
INFO: [ view_filter ] --END-- [ RunTime:0.001091s ]
INFO: [ app_end ] --START--
INFO: Run Behavior\ShowPageTraceBehavior [ RunTime:0.001731s ]
INFO: [ app_end ] --END-- [ RunTime:0.001947s ]

