[ 2015-06-26T09:01:21+08:00 ] ::1 /
INFO: [ app_init ] --START--
INFO: Run Behavior\BuildLiteBehavior [ RunTime:0.000024s ]
INFO: Run Common\Behavior\InitHookBehavior [ RunTime:0.031547s ]
INFO: [ app_init ] --END-- [ RunTime:0.035539s ]
INFO: [ app_begin ] --START--
INFO: Run Behavior\ReadHtmlCacheBehavior [ RunTime:0.004021s ]
INFO: [ app_begin ] --END-- [ RunTime:0.004129s ]
SQL: SHOW COLUMNS FROM `jm_config` [ RunTime:0.0202s ]
SQL: SELECT `type`,`name`,`value` FROM `jm_config` WHERE `status` = 1  [ RunTime:0.0003s ]
SQL: SHOW COLUMNS FROM `jm_notice` [ RunTime:0.0413s ]
SQL: SELECT `id`,`create_time`,`title` FROM `jm_notice` WHERE ( status = 0 ) ORDER BY is_top desc,create_time desc LIMIT 6   [ RunTime:0.0003s ]
SQL: SHOW COLUMNS FROM `jm_infomation` [ RunTime:0.0230s ]
SQL: SELECT `id`,`create_time`,`title` FROM `jm_infomation` WHERE ( status = 1 ) ORDER BY level desc,create_time desc LIMIT 6   [ RunTime:0.0002s ]
NOTIC: [8] Undefined variable: noticearray D:\wamp\www\Application\Home\Controller\IndexController.class.php 第 60 行.
NOTIC: [2] implode(): Invalid arguments passed D:\wamp\www\Application\Home\Controller\IndexController.class.php 第 60 行.
NOTIC: [8] Undefined variable: newsarray D:\wamp\www\Application\Home\Controller\IndexController.class.php 第 62 行.
NOTIC: [2] implode(): Invalid arguments passed D:\wamp\www\Application\Home\Controller\IndexController.class.php 第 62 行.
SQL: SHOW COLUMNS FROM `jm_project` [ RunTime:0.0298s ]
SQL: SHOW COLUMNS FROM `jm_proj_index` [ RunTime:0.1544s ]
SQL: SELECT * FROM `jm_proj_index` WHERE `stage` = 4 ORDER BY is_top desc, create_time desc LIMIT 6   [ RunTime:0.0006s ]
SQL: SELECT * FROM `jm_proj_index` WHERE `stage` = 2 ORDER BY is_top desc, create_time desc  [ RunTime:0.0004s ]
SQL: SELECT * FROM `jm_proj_index` WHERE `stage` = 1 ORDER BY is_top desc, create_time desc  [ RunTime:0.0004s ]
SQL: SELECT * FROM `jm_proj_index` WHERE `stage` = 9 ORDER BY is_top desc, create_time desc LIMIT 6   [ RunTime:0.0004s ]
SQL: SHOW COLUMNS FROM `jm_banner` [ RunTime:0.0534s ]
SQL: SELECT * FROM `jm_banner` WHERE `status` = 0 ORDER BY sort asc,id desc  [ RunTime:0.0003s ]
SQL: SELECT * FROM `jm_proj_index` WHERE `status` = 9 AND `stage` BETWEEN '1' AND '4' ORDER BY stage desc,is_top desc,create_time desc LIMIT 6   [ RunTime:0.0005s ]
SQL: SHOW COLUMNS FROM `jm_project` [ RunTime:0.0025s ]
SQL: SELECT COUNT(*) AS tp_count FROM `jm_project` WHERE `status` >= 9 LIMIT 1   [ RunTime:0.0002s ]
SQL: SHOW COLUMNS FROM `jm_project_investor` [ RunTime:0.0050s ]
SQL: SELECT SUM(fund) AS tp_sum FROM `jm_project_investor` WHERE `status` >= 4 LIMIT 1   [ RunTime:0.0002s ]
SQL: SHOW COLUMNS FROM `jm_product` [ RunTime:0.0277s ]
SQL: SELECT COUNT(*) AS tp_count FROM `jm_product` WHERE `status` >= 9 LIMIT 1   [ RunTime:0.0002s ]
SQL: SHOW COLUMNS FROM `jm_custom` [ RunTime:0.0073s ]
SQL: SELECT SUM(amount) AS tp_sum FROM `jm_custom` WHERE `status` = 1 LIMIT 1   [ RunTime:0.0009s ]
SQL: SHOW COLUMNS FROM `jm_ucenter_member` [ RunTime:0.0410s ]
SQL: SELECT COUNT(*) AS tp_count FROM `jm_ucenter_member` WHERE `status` = 1 LIMIT 1   [ RunTime:0.0004s ]
SQL: SHOW COLUMNS FROM `jm_link` [ RunTime:0.0218s ]
SQL: SELECT `name`,`logo`,`url` FROM `jm_link` WHERE `status` = 1 ORDER BY sort desc LIMIT 12   [ RunTime:0.0003s ]
INFO: [ view_parse ] --START--
INFO: [ template_filter ] --START--
INFO: Run Behavior\ContentReplaceBehavior [ RunTime:0.000327s ]
INFO: [ template_filter ] --END-- [ RunTime:0.000424s ]
SQL: SHOW COLUMNS FROM `jm_picture` [ RunTime:0.0358s ]
SQL: SELECT * FROM `jm_picture` WHERE `status` = 1 AND `id` = 20 LIMIT 1   [ RunTime:0.0003s ]
SQL: SELECT * FROM `jm_picture` WHERE `status` = 1 AND `id` = 20 LIMIT 1   [ RunTime:0.0001s ]
SQL: SELECT * FROM `jm_picture` WHERE `status` = 1 AND `id` = 19 LIMIT 1   [ RunTime:0.0001s ]
SQL: SELECT * FROM `jm_picture` WHERE `status` = 1 AND `id` = 19 LIMIT 1   [ RunTime:0.0002s ]
SQL: SELECT * FROM `jm_picture` WHERE `status` = 1 AND `id` = 15 LIMIT 1   [ RunTime:0.0001s ]
SQL: SELECT * FROM `jm_picture` WHERE `status` = 1 AND `id` = 10 LIMIT 1   [ RunTime:0.0002s ]
SQL: SELECT * FROM `jm_picture` WHERE `status` = 1 AND `id` = 5 LIMIT 1   [ RunTime:0.0001s ]
SQL: SELECT * FROM `jm_picture` WHERE `status` = 1 AND `id` = 11 LIMIT 1   [ RunTime:0.0001s ]
SQL: SELECT * FROM `jm_picture` WHERE `status` = 1 AND `id` = 14 LIMIT 1   [ RunTime:0.0001s ]
SQL: SELECT * FROM `jm_picture` WHERE `status` = 1 AND `id` = 13 LIMIT 1   [ RunTime:0.0001s ]
INFO: Run Behavior\ParseTemplateBehavior [ RunTime:0.335487s ]
INFO: [ view_parse ] --END-- [ RunTime:0.335575s ]
INFO: [ view_filter ] --START--
INFO: Run Behavior\WriteHtmlCacheBehavior [ RunTime:0.007266s ]
INFO: [ view_filter ] --END-- [ RunTime:0.007363s ]
INFO: [ app_end ] --START--
INFO: Run Behavior\ShowPageTraceBehavior [ RunTime:0.004605s ]
INFO: [ app_end ] --END-- [ RunTime:0.004728s ]

[ 2015-06-26T09:01:22+08:00 ] ::1 /Index/getinfo?type=1&id=2
INFO: [ app_init ] --START--
INFO: Run Behavior\BuildLiteBehavior [ RunTime:0.000020s ]
INFO: Run Common\Behavior\InitHookBehavior [ RunTime:0.000998s ]
INFO: [ app_init ] --END-- [ RunTime:0.001327s ]
INFO: [ app_begin ] --START--
INFO: Run Behavior\ReadHtmlCacheBehavior [ RunTime:0.000307s ]
INFO: [ app_begin ] --END-- [ RunTime:0.000382s ]
SQL: SHOW COLUMNS FROM `jm_config` [ RunTime:0.0068s ]
SQL: SELECT `type`,`name`,`value` FROM `jm_config` WHERE `status` = 1  [ RunTime:0.0003s ]
SQL: SHOW COLUMNS FROM `jm_infomation` [ RunTime:0.0038s ]
SQL: SELECT `description`,`title` FROM `jm_infomation` WHERE `id` = 2 LIMIT 1   [ RunTime:0.0002s ]
NOTIC: [8] Undefined index: id D:\wamp\www\Application\Home\Controller\IndexController.class.php 第 146 行.

[ 2015-06-26T09:05:44+08:00 ] ::1 /
INFO: [ app_init ] --START--
INFO: Run Behavior\BuildLiteBehavior [ RunTime:0.000024s ]
INFO: Run Common\Behavior\InitHookBehavior [ RunTime:0.001727s ]
INFO: [ app_init ] --END-- [ RunTime:0.002327s ]
INFO: [ app_begin ] --START--
INFO: Run Behavior\ReadHtmlCacheBehavior [ RunTime:0.000589s ]
INFO: [ app_begin ] --END-- [ RunTime:0.000808s ]
SQL: SHOW COLUMNS FROM `jm_config` [ RunTime:0.0087s ]
SQL: SELECT `type`,`name`,`value` FROM `jm_config` WHERE `status` = 1  [ RunTime:0.0007s ]
SQL: SHOW COLUMNS FROM `jm_notice` [ RunTime:0.0054s ]
SQL: SELECT `id`,`create_time`,`title` FROM `jm_notice` WHERE ( status = 0 ) ORDER BY is_top desc,create_time desc LIMIT 6   [ RunTime:0.0002s ]
SQL: SHOW COLUMNS FROM `jm_infomation` [ RunTime:0.0052s ]
SQL: SELECT `id`,`create_time`,`title` FROM `jm_infomation` WHERE ( status = 1 ) ORDER BY level desc,create_time desc LIMIT 6   [ RunTime:0.0002s ]
NOTIC: [8] Undefined variable: noticearray D:\wamp\www\Application\Home\Controller\IndexController.class.php 第 60 行.
NOTIC: [2] implode(): Invalid arguments passed D:\wamp\www\Application\Home\Controller\IndexController.class.php 第 60 行.
NOTIC: [8] Undefined variable: newsarray D:\wamp\www\Application\Home\Controller\IndexController.class.php 第 62 行.
NOTIC: [2] implode(): Invalid arguments passed D:\wamp\www\Application\Home\Controller\IndexController.class.php 第 62 行.
SQL: SHOW COLUMNS FROM `jm_project` [ RunTime:0.0083s ]
SQL: SHOW COLUMNS FROM `jm_proj_index` [ RunTime:0.0041s ]
SQL: SELECT * FROM `jm_proj_index` WHERE `stage` = 4 ORDER BY is_top desc, create_time desc LIMIT 6   [ RunTime:0.0005s ]
SQL: SELECT * FROM `jm_proj_index` WHERE `stage` = 2 ORDER BY is_top desc, create_time desc  [ RunTime:0.0003s ]
SQL: SELECT * FROM `jm_proj_index` WHERE `stage` = 1 ORDER BY is_top desc, create_time desc  [ RunTime:0.0003s ]
SQL: SELECT * FROM `jm_proj_index` WHERE `stage` = 9 ORDER BY is_top desc, create_time desc LIMIT 6   [ RunTime:0.0004s ]
SQL: SHOW COLUMNS FROM `jm_banner` [ RunTime:0.0048s ]
SQL: SELECT * FROM `jm_banner` WHERE `status` = 0 ORDER BY sort asc,id desc  [ RunTime:0.0002s ]
SQL: SELECT * FROM `jm_proj_index` WHERE `status` = 9 AND `stage` BETWEEN '1' AND '4' ORDER BY stage desc,is_top desc,create_time desc LIMIT 6   [ RunTime:0.0005s ]
SQL: SHOW COLUMNS FROM `jm_project` [ RunTime:0.0028s ]
SQL: SELECT COUNT(*) AS tp_count FROM `jm_project` WHERE `status` >= 9 LIMIT 1   [ RunTime:0.0002s ]
SQL: SHOW COLUMNS FROM `jm_project_investor` [ RunTime:0.0037s ]
SQL: SELECT SUM(fund) AS tp_sum FROM `jm_project_investor` WHERE `status` >= 4 LIMIT 1   [ RunTime:0.0002s ]
SQL: SHOW COLUMNS FROM `jm_product` [ RunTime:0.0059s ]
SQL: SELECT COUNT(*) AS tp_count FROM `jm_product` WHERE `status` >= 9 LIMIT 1   [ RunTime:0.0002s ]
SQL: SHOW COLUMNS FROM `jm_custom` [ RunTime:0.0050s ]
SQL: SELECT SUM(amount) AS tp_sum FROM `jm_custom` WHERE `status` = 1 LIMIT 1   [ RunTime:0.0002s ]
SQL: SHOW COLUMNS FROM `jm_ucenter_member` [ RunTime:0.0036s ]
SQL: SELECT COUNT(*) AS tp_count FROM `jm_ucenter_member` WHERE `status` = 1 LIMIT 1   [ RunTime:0.0002s ]
SQL: SHOW COLUMNS FROM `jm_link` [ RunTime:0.0057s ]
SQL: SELECT `name`,`logo`,`url` FROM `jm_link` WHERE `status` = 1 ORDER BY sort desc LIMIT 12   [ RunTime:0.0002s ]
INFO: [ view_parse ] --START--
INFO: [ template_filter ] --START--
INFO: Run Behavior\ContentReplaceBehavior [ RunTime:0.000299s ]
INFO: [ template_filter ] --END-- [ RunTime:0.000393s ]
SQL: SHOW COLUMNS FROM `jm_picture` [ RunTime:0.0060s ]
SQL: SELECT * FROM `jm_picture` WHERE `status` = 1 AND `id` = 20 LIMIT 1   [ RunTime:0.0002s ]
SQL: SELECT * FROM `jm_picture` WHERE `status` = 1 AND `id` = 20 LIMIT 1   [ RunTime:0.0001s ]
SQL: SELECT * FROM `jm_picture` WHERE `status` = 1 AND `id` = 19 LIMIT 1   [ RunTime:0.0001s ]
SQL: SELECT * FROM `jm_picture` WHERE `status` = 1 AND `id` = 19 LIMIT 1   [ RunTime:0.0001s ]
SQL: SELECT * FROM `jm_picture` WHERE `status` = 1 AND `id` = 15 LIMIT 1   [ RunTime:0.0002s ]
SQL: SELECT * FROM `jm_picture` WHERE `status` = 1 AND `id` = 10 LIMIT 1   [ RunTime:0.0002s ]
SQL: SELECT * FROM `jm_picture` WHERE `status` = 1 AND `id` = 5 LIMIT 1   [ RunTime:0.0001s ]
SQL: SELECT * FROM `jm_picture` WHERE `status` = 1 AND `id` = 11 LIMIT 1   [ RunTime:0.0001s ]
SQL: SELECT * FROM `jm_picture` WHERE `status` = 1 AND `id` = 14 LIMIT 1   [ RunTime:0.0001s ]
SQL: SELECT * FROM `jm_picture` WHERE `status` = 1 AND `id` = 13 LIMIT 1   [ RunTime:0.0001s ]
INFO: Run Behavior\ParseTemplateBehavior [ RunTime:0.088740s ]
INFO: [ view_parse ] --END-- [ RunTime:0.088825s ]
INFO: [ view_filter ] --START--
INFO: Run Behavior\WriteHtmlCacheBehavior [ RunTime:0.000281s ]
INFO: [ view_filter ] --END-- [ RunTime:0.000359s ]
INFO: [ app_end ] --START--
INFO: Run Behavior\ShowPageTraceBehavior [ RunTime:0.000661s ]
INFO: [ app_end ] --END-- [ RunTime:0.000815s ]

[ 2015-06-26T09:05:45+08:00 ] ::1 /Index/getinfo?type=1&id=2
INFO: [ app_init ] --START--
INFO: Run Behavior\BuildLiteBehavior [ RunTime:0.000037s ]
INFO: Run Common\Behavior\InitHookBehavior [ RunTime:0.001884s ]
INFO: [ app_init ] --END-- [ RunTime:0.002531s ]
INFO: [ app_begin ] --START--
INFO: Run Behavior\ReadHtmlCacheBehavior [ RunTime:0.001704s ]
INFO: [ app_begin ] --END-- [ RunTime:0.001939s ]
SQL: SHOW COLUMNS FROM `jm_config` [ RunTime:0.0441s ]
SQL: SELECT `type`,`name`,`value` FROM `jm_config` WHERE `status` = 1  [ RunTime:0.0003s ]
SQL: SHOW COLUMNS FROM `jm_infomation` [ RunTime:0.0054s ]
SQL: SELECT `description`,`title` FROM `jm_infomation` WHERE `id` = 2 LIMIT 1   [ RunTime:0.0004s ]
NOTIC: [8] Undefined index: id D:\wamp\www\Application\Home\Controller\IndexController.class.php 第 146 行.

[ 2015-06-26T09:05:57+08:00 ] ::1 /project/detail/id/1.html
INFO: [ app_init ] --START--
INFO: Run Behavior\BuildLiteBehavior [ RunTime:0.000019s ]
INFO: Run Common\Behavior\InitHookBehavior [ RunTime:0.001192s ]
INFO: [ app_init ] --END-- [ RunTime:0.001534s ]
INFO: [ app_begin ] --START--
INFO: Run Behavior\ReadHtmlCacheBehavior [ RunTime:0.000459s ]
INFO: [ app_begin ] --END-- [ RunTime:0.000581s ]
SQL: SHOW COLUMNS FROM `jm_config` [ RunTime:0.0053s ]
SQL: SELECT `type`,`name`,`value` FROM `jm_config` WHERE `status` = 1  [ RunTime:0.0003s ]
SQL: SHOW COLUMNS FROM `jm_project` [ RunTime:0.0056s ]
SQL: SHOW COLUMNS FROM `jm_project` [ RunTime:0.0025s ]
SQL: SELECT * FROM `jm_project` WHERE `id` = 1 LIMIT 1   [ RunTime:0.0003s ]
SQL: SHOW COLUMNS FROM `jm_project_temp` [ RunTime:0.0526s ]
SQL: SELECT `info_key`,`temp_type` FROM `jm_project_temp` WHERE `project_id` = 1 ORDER BY temp_type, sort  [ RunTime:0.0026s ]
SQL: SHOW COLUMNS FROM `jm_project_info` [ RunTime:0.0384s ]
SQL: SELECT * FROM `jm_project_info` WHERE `project_id` = 1 LIMIT 1   [ RunTime:0.0002s ]
SQL: SHOW COLUMNS FROM `jm_project_event` [ RunTime:0.1138s ]
SQL: SELECT * FROM `jm_project_event` WHERE `project_id` = 1 ORDER BY `when` desc  [ RunTime:0.0002s ]
SQL: SHOW COLUMNS FROM `jm_project_team` [ RunTime:0.0932s ]
SQL: SELECT * FROM `jm_project_team` WHERE `project_id` = 1 ORDER BY sort  [ RunTime:0.0003s ]
SQL: SHOW COLUMNS FROM `jm_project_fund` [ RunTime:0.0052s ]
SQL: SELECT * FROM `jm_project_fund` WHERE `project_id` = 1 LIMIT 1   [ RunTime:0.0002s ]
SQL: SHOW COLUMNS FROM `jm_projects_score` [ RunTime:0.0413s ]
SQL: SELECT * FROM `jm_projects_score` WHERE `project_id` = 1  [ RunTime:0.0002s ]
NOTIC: [2] Invalid argument supplied for foreach() D:\wamp\www\Application\Home\Model\ProjectModel.class.php 第 131 行.
NOTIC: [8] Undefined index: group D:\wamp\www\Application\Home\Model\ProjectModel.class.php 第 138 行.
NOTIC: [2] Division by zero D:\wamp\www\Application\Home\Model\ProjectModel.class.php 第 138 行.
NOTIC: [8] Undefined index: market D:\wamp\www\Application\Home\Model\ProjectModel.class.php 第 139 行.
NOTIC: [2] Division by zero D:\wamp\www\Application\Home\Model\ProjectModel.class.php 第 139 行.
NOTIC: [8] Undefined index: creative D:\wamp\www\Application\Home\Model\ProjectModel.class.php 第 140 行.
NOTIC: [2] Division by zero D:\wamp\www\Application\Home\Model\ProjectModel.class.php 第 140 行.
NOTIC: [8] Undefined index: profitablity D:\wamp\www\Application\Home\Model\ProjectModel.class.php 第 141 行.
NOTIC: [2] Division by zero D:\wamp\www\Application\Home\Model\ProjectModel.class.php 第 141 行.
NOTIC: [8] Undefined index: evaluation D:\wamp\www\Application\Home\Model\ProjectModel.class.php 第 142 行.
NOTIC: [2] Division by zero D:\wamp\www\Application\Home\Model\ProjectModel.class.php 第 142 行.
SQL: SHOW COLUMNS FROM `jm_project_investor` [ RunTime:0.0040s ]
SQL: SELECT * FROM `jm_project_investor` WHERE `project_id` = 1 AND `status` >= 2 ORDER BY lead_type desc, create_time  [ RunTime:0.0003s ]
SQL: SHOW COLUMNS FROM `jm_project_attach` [ RunTime:0.0050s ]
SQL: SELECT * FROM `jm_project_attach` WHERE `project_id` = 1 AND `investor_id` = 0 AND `status` = 1 LIMIT 1   [ RunTime:0.0002s ]
SQL: SELECT COUNT(*) AS tp_count FROM `jm_project_attach` WHERE `project_id` = 1 AND `status` = 1 LIMIT 1   [ RunTime:0.0001s ]
SQL: SELECT * FROM `jm_project_attach` WHERE `project_id` = 1 AND `status` = 1 ORDER BY attach_time desc  [ RunTime:0.0001s ]
SQL: SHOW COLUMNS FROM `jm_project_dynamic` [ RunTime:0.0208s ]
SQL: SELECT * FROM `jm_project_dynamic` WHERE `project_id` = 1 AND `status` = 0 ORDER BY create_time desc  [ RunTime:0.0003s ]
SQL: SHOW COLUMNS FROM `jm_project_leader` [ RunTime:0.0309s ]
SQL: SELECT * FROM `jm_project_leader` WHERE `project_id` = 1 ORDER BY lead_type desc, create_time  [ RunTime:0.0002s ]
NOTIC: [2] Invalid argument supplied for foreach() D:\wamp\www\Application\Home\Model\ProjectModel.class.php 第 198 行.
SQL: SHOW COLUMNS FROM `jm_comment_reply` [ RunTime:0.0192s ]
SQL: SELECT COUNT(*) AS tp_count FROM `jm_comment_reply` WHERE `project_id` = 1 LIMIT 1   [ RunTime:0.0003s ]
SQL: SELECT * FROM `jm_comment_reply` WHERE `project_id` = 1 ORDER BY create_time desc LIMIT 0,10   [ RunTime:0.0003s ]
SQL: SELECT * FROM `jm_project_team` WHERE `project_id` = 1 AND `status` = 0 ORDER BY member_type,sort  [ RunTime:0.0003s ]
SQL: UPDATE `jm_project` SET `read_record`=read_record+1 WHERE `id` = 1 [ RunTime:0.0058s ]
SQL: SHOW COLUMNS FROM `jm_proj_index` [ RunTime:0.0043s ]
SQL: SELECT * FROM `jm_proj_index` WHERE `status` = 9 AND `stage` BETWEEN '1' AND '4' ORDER BY create_time desc,stage desc LIMIT 6   [ RunTime:0.0006s ]
SQL: SHOW COLUMNS FROM `jm_project_dynamic_info` [ RunTime:0.0373s ]
NOTIC: [8] Use of undefined constant users - assumed 'users' D:\wamp\www\Application\Home\Model\ProjectDynamicInfoModel.class.php 第 33 行.
SQL: SHOW COLUMNS FROM `jm_users` [ RunTime:0.0409s ]
SQL: SELECT `is_investor` FROM `jm_users` WHERE ( id=0 ) LIMIT 1   [ RunTime:0.0002s ]
SQL: SHOW COLUMNS FROM `jm_project_dynamic_info` [ RunTime:0.0024s ]
SQL: SELECT * FROM `jm_project_dynamic_info` WHERE `project_id` = 1 AND `status` = 1 ORDER BY update_time desc  [ RunTime:0.0002s ]
NOTIC: [2] Invalid argument supplied for foreach() D:\wamp\www\Application\Home\Model\ProjectDynamicInfoModel.class.php 第 45 行.
SQL: SELECT * FROM `jm_proj_index` WHERE `status` = 9 AND `stage` BETWEEN '1' AND '4' ORDER BY stage desc,create_time desc LIMIT 6   [ RunTime:0.0007s ]
SQL: SHOW COLUMNS FROM `jm_product` [ RunTime:0.0039s ]
SQL: SHOW COLUMNS FROM `jm_product` [ RunTime:0.0025s ]
SQL: SELECT * FROM `jm_product` WHERE `status` = 9 AND `stage` = 2 ORDER BY create_time desc LIMIT 5   [ RunTime:0.0002s ]
NOTIC: [2] Invalid argument supplied for foreach() D:\wamp\www\Application\Home\Model\ProductModel.class.php 第 29 行.
INFO: [ view_parse ] --START--
INFO: [ template_filter ] --START--
INFO: Run Behavior\ContentReplaceBehavior [ RunTime:0.000451s ]
INFO: [ template_filter ] --END-- [ RunTime:0.000545s ]
SQL: SHOW COLUMNS FROM `jm_picture` [ RunTime:0.0036s ]
SQL: SELECT * FROM `jm_picture` WHERE `status` = 1 AND `id` = 15 LIMIT 1   [ RunTime:0.0002s ]
NOTIC: [8] Use of undefined constant project - assumed 'project' D:\wamp\www\Runtime\Cache\Home\ff57e010836e1f67afe83b8730415f96.php 第 171 行.
NOTIC: [8] Use of undefined constant stage - assumed 'stage' D:\wamp\www\Runtime\Cache\Home\ff57e010836e1f67afe83b8730415f96.php 第 171 行.
NOTIC: [8] Use of undefined constant fund - assumed 'fund' D:\wamp\www\Runtime\Cache\Home\ff57e010836e1f67afe83b8730415f96.php 第 184 行.
NOTIC: [8] Use of undefined constant scale - assumed 'scale' D:\wamp\www\Runtime\Cache\Home\ff57e010836e1f67afe83b8730415f96.php 第 184 行.
NOTIC: [8] Use of undefined constant fund - assumed 'fund' D:\wamp\www\Runtime\Cache\Home\ff57e010836e1f67afe83b8730415f96.php 第 190 行.
NOTIC: [8] Use of undefined constant scale - assumed 'scale' D:\wamp\www\Runtime\Cache\Home\ff57e010836e1f67afe83b8730415f96.php 第 190 行.
NOTIC: [8] Use of undefined constant fund - assumed 'fund' D:\wamp\www\Runtime\Cache\Home\ff57e010836e1f67afe83b8730415f96.php 第 190 行.
NOTIC: [8] Use of undefined constant scale - assumed 'scale' D:\wamp\www\Runtime\Cache\Home\ff57e010836e1f67afe83b8730415f96.php 第 190 行.
NOTIC: [8] Use of undefined constant project - assumed 'project' D:\wamp\www\Runtime\Cache\Home\ff57e010836e1f67afe83b8730415f96.php 第 200 行.
NOTIC: [8] Use of undefined constant stage - assumed 'stage' D:\wamp\www\Runtime\Cache\Home\ff57e010836e1f67afe83b8730415f96.php 第 200 行.
NOTIC: [8] Use of undefined constant project - assumed 'project' D:\wamp\www\Runtime\Cache\Home\ff57e010836e1f67afe83b8730415f96.php 第 204 行.
NOTIC: [8] Use of undefined constant stage - assumed 'stage' D:\wamp\www\Runtime\Cache\Home\ff57e010836e1f67afe83b8730415f96.php 第 204 行.
NOTIC: [8] Use of undefined constant project - assumed 'project' D:\wamp\www\Runtime\Cache\Home\ff57e010836e1f67afe83b8730415f96.php 第 248 行.
NOTIC: [8] Use of undefined constant stage - assumed 'stage' D:\wamp\www\Runtime\Cache\Home\ff57e010836e1f67afe83b8730415f96.php 第 248 行.
SQL: SELECT * FROM `jm_picture` WHERE `status` = 1 AND `id` = 9 LIMIT 1   [ RunTime:0.0003s ]
SQL: SELECT * FROM `jm_picture` WHERE `status` = 1 AND `id` = 9 LIMIT 1   [ RunTime:0.0001s ]
SQL: SELECT * FROM `jm_picture` WHERE `status` = 1 AND `id` = 9 LIMIT 1   [ RunTime:0.0001s ]
SQL: SELECT * FROM `jm_picture` WHERE `status` = 1 AND `id` = 17 LIMIT 1   [ RunTime:0.0001s ]
SQL: SELECT * FROM `jm_picture` WHERE `status` = 1 AND `id` = 15 LIMIT 1   [ RunTime:0.0001s ]
INFO: Run Behavior\ParseTemplateBehavior [ RunTime:0.193488s ]
INFO: [ view_parse ] --END-- [ RunTime:0.193642s ]
INFO: [ view_filter ] --START--
INFO: Run Behavior\WriteHtmlCacheBehavior [ RunTime:0.000263s ]
INFO: [ view_filter ] --END-- [ RunTime:0.000342s ]
INFO: [ app_end ] --START--
INFO: Run Behavior\ShowPageTraceBehavior [ RunTime:0.000629s ]
INFO: [ app_end ] --END-- [ RunTime:0.000799s ]

[ 2015-06-26T09:05:58+08:00 ] ::1 /Pages/investor/pid/1.html
INFO: [ app_init ] --START--
INFO: Run Behavior\BuildLiteBehavior [ RunTime:0.000021s ]
INFO: Run Common\Behavior\InitHookBehavior [ RunTime:0.001567s ]
INFO: [ app_init ] --END-- [ RunTime:0.001950s ]
INFO: [ app_begin ] --START--
INFO: Run Behavior\ReadHtmlCacheBehavior [ RunTime:0.000488s ]
INFO: [ app_begin ] --END-- [ RunTime:0.000626s ]
SQL: SHOW COLUMNS FROM `jm_config` [ RunTime:0.0114s ]
SQL: SELECT `type`,`name`,`value` FROM `jm_config` WHERE `status` = 1  [ RunTime:0.0003s ]
SQL: SHOW COLUMNS FROM `jm_project_investor` [ RunTime:0.0054s ]
SQL: SELECT COUNT(*) AS tp_count FROM `jm_project_investor` WHERE `project_id` = 1 AND `status` >= 2 LIMIT 1   [ RunTime:0.0002s ]
SQL: SELECT * FROM `jm_project_investor` WHERE `project_id` = 1 AND `status` >= 2 ORDER BY id desc LIMIT 0,15   [ RunTime:0.0002s ]
INFO: [ view_parse ] --START--
INFO: [ template_filter ] --START--
INFO: Run Behavior\ContentReplaceBehavior [ RunTime:0.000065s ]
INFO: [ template_filter ] --END-- [ RunTime:0.000147s ]
INFO: Run Behavior\ParseTemplateBehavior [ RunTime:0.064175s ]
INFO: [ view_parse ] --END-- [ RunTime:0.064261s ]
INFO: [ view_filter ] --START--
INFO: Run Behavior\WriteHtmlCacheBehavior [ RunTime:0.000316s ]
INFO: [ view_filter ] --END-- [ RunTime:0.000415s ]

[ 2015-06-26T09:05:58+08:00 ] ::1 /attitude/getNumberOfAttitudes?pid=1
INFO: [ app_init ] --START--
INFO: Run Behavior\BuildLiteBehavior [ RunTime:0.000035s ]
INFO: Run Common\Behavior\InitHookBehavior [ RunTime:0.002058s ]
INFO: [ app_init ] --END-- [ RunTime:0.002679s ]
INFO: [ app_begin ] --START--
INFO: Run Behavior\ReadHtmlCacheBehavior [ RunTime:0.000394s ]
INFO: [ app_begin ] --END-- [ RunTime:0.000495s ]
SQL: SHOW COLUMNS FROM `jm_config` [ RunTime:0.0040s ]
SQL: SELECT `type`,`name`,`value` FROM `jm_config` WHERE `status` = 1  [ RunTime:0.0004s ]
SQL: SHOW COLUMNS FROM `jm_project_attitude` [ RunTime:0.0869s ]
SQL: SHOW COLUMNS FROM `jm_project_statistics` [ RunTime:0.0452s ]
SQL: SELECT `udislike` FROM `jm_project_statistics` WHERE ( pid=1 ) LIMIT 1   [ RunTime:0.0002s ]
SQL: SELECT `ulike` FROM `jm_project_statistics` WHERE ( pid=1 ) LIMIT 1   [ RunTime:0.0001s ]
NOTIC: [8] Undefined index: $positive D:\wamp\www\Application\Home\Controller\AttitudeController.class.php 第 60 行.

[ 2015-06-26T09:05:58+08:00 ] ::1 /Pages/comments/id/1.html
INFO: [ app_init ] --START--
INFO: Run Behavior\BuildLiteBehavior [ RunTime:0.000034s ]
INFO: Run Common\Behavior\InitHookBehavior [ RunTime:0.001599s ]
INFO: [ app_init ] --END-- [ RunTime:0.002152s ]
INFO: [ app_begin ] --START--
INFO: Run Behavior\ReadHtmlCacheBehavior [ RunTime:0.000530s ]
INFO: [ app_begin ] --END-- [ RunTime:0.000649s ]
SQL: SHOW COLUMNS FROM `jm_config` [ RunTime:0.0029s ]
SQL: SELECT `type`,`name`,`value` FROM `jm_config` WHERE `status` = 1  [ RunTime:0.0003s ]
SQL: SHOW COLUMNS FROM `jm_project_comment` [ RunTime:0.0070s ]
SQL: SELECT COUNT(*) AS tp_count FROM `jm_project_comment` WHERE `project_id` = 1 LIMIT 1   [ RunTime:0.0002s ]
SQL: SELECT * FROM `jm_project_comment` WHERE `project_id` = 1 ORDER BY create_time desc  [ RunTime:0.0002s ]
NOTIC: [2] Invalid argument supplied for foreach() D:\wamp\www\Application\Home\Common\function.php 第 317 行.
INFO: [ view_parse ] --START--
INFO: [ template_filter ] --START--
INFO: Run Behavior\ContentReplaceBehavior [ RunTime:0.000073s ]
INFO: [ template_filter ] --END-- [ RunTime:0.000154s ]
INFO: Run Behavior\ParseTemplateBehavior [ RunTime:0.048362s ]
INFO: [ view_parse ] --END-- [ RunTime:0.048454s ]
INFO: [ view_filter ] --START--
INFO: Run Behavior\WriteHtmlCacheBehavior [ RunTime:0.000232s ]
INFO: [ view_filter ] --END-- [ RunTime:0.000297s ]

[ 2015-06-26T09:06:09+08:00 ] ::1 /attitude/positive
INFO: [ app_init ] --START--
INFO: Run Behavior\BuildLiteBehavior [ RunTime:0.000019s ]
INFO: Run Common\Behavior\InitHookBehavior [ RunTime:0.001113s ]
INFO: [ app_init ] --END-- [ RunTime:0.001490s ]
INFO: [ app_begin ] --START--
INFO: Run Behavior\ReadHtmlCacheBehavior [ RunTime:0.000335s ]
INFO: [ app_begin ] --END-- [ RunTime:0.000429s ]
SQL: SHOW COLUMNS FROM `jm_config` [ RunTime:0.0059s ]
SQL: SELECT `type`,`name`,`value` FROM `jm_config` WHERE `status` = 1  [ RunTime:0.0003s ]
SQL: SHOW COLUMNS FROM `jm_project_attitude` [ RunTime:0.0046s ]
SQL: SHOW COLUMNS FROM `jm_project` [ RunTime:0.0038s ]
SQL: SELECT `status` FROM `jm_project` WHERE ( id=1 ) LIMIT 1   [ RunTime:0.0002s ]
SQL: SHOW COLUMNS FROM `jm_project_attitude` [ RunTime:0.0025s ]
SQL: SELECT * FROM `jm_project_attitude` WHERE `project_status` = 9 AND `uid` = 0 AND `pid` = 1 LIMIT 1   [ RunTime:0.0002s ]
SQL: SELECT COUNT(*) AS tp_count FROM `jm_project_attitude` WHERE `project_status` = 9 AND `uid` = 0 AND `pid` = 1 AND `ip` = '0.0.0.0' LIMIT 1   [ RunTime:0.0002s ]
SQL: INSERT INTO `jm_project_attitude` (`project_status`,`uid`,`pid`,`ip`,`attitude`) VALUES ('9','0','1','0.0.0.0','1') [ RunTime:0.0437s ]
SQL: SHOW COLUMNS FROM `jm_project_statistics` [ RunTime:0.0039s ]
SQL: SHOW COLUMNS FROM `jm_project_statistics` [ RunTime:0.0025s ]
SQL: UPDATE `jm_project_statistics` SET `ulike`=ulike+1 WHERE ( pid=1 ) [ RunTime:0.0400s ]

[ 2015-06-26T09:06:09+08:00 ] ::1 /attitude/getNumberOfAttitudes?pid=1
INFO: [ app_init ] --START--
INFO: Run Behavior\BuildLiteBehavior [ RunTime:0.000045s ]
INFO: Run Common\Behavior\InitHookBehavior [ RunTime:0.001522s ]
INFO: [ app_init ] --END-- [ RunTime:0.002068s ]
INFO: [ app_begin ] --START--
INFO: Run Behavior\ReadHtmlCacheBehavior [ RunTime:0.000572s ]
INFO: [ app_begin ] --END-- [ RunTime:0.000714s ]
SQL: SHOW COLUMNS FROM `jm_config` [ RunTime:0.0028s ]
SQL: SELECT `type`,`name`,`value` FROM `jm_config` WHERE `status` = 1  [ RunTime:0.0003s ]
SQL: SHOW COLUMNS FROM `jm_project_attitude` [ RunTime:0.0046s ]
SQL: SHOW COLUMNS FROM `jm_project_statistics` [ RunTime:0.0024s ]
SQL: SELECT `udislike` FROM `jm_project_statistics` WHERE ( pid=1 ) LIMIT 1   [ RunTime:0.0002s ]
SQL: SELECT `ulike` FROM `jm_project_statistics` WHERE ( pid=1 ) LIMIT 1   [ RunTime:0.0001s ]
NOTIC: [8] Undefined index: $positive D:\wamp\www\Application\Home\Controller\AttitudeController.class.php 第 60 行.

[ 2015-06-26T09:06:16+08:00 ] ::1 /Info/show/key/fenpei.html
INFO: [ app_init ] --START--
INFO: Run Behavior\BuildLiteBehavior [ RunTime:0.000020s ]
INFO: Run Common\Behavior\InitHookBehavior [ RunTime:0.000956s ]
INFO: [ app_init ] --END-- [ RunTime:0.001283s ]
INFO: [ app_begin ] --START--
INFO: Run Behavior\ReadHtmlCacheBehavior [ RunTime:0.000398s ]
INFO: [ app_begin ] --END-- [ RunTime:0.000524s ]
NOTIC: [2048] Declaration of Home\Controller\InfoController::show() should be compatible with Think\Controller::show($content, $charset = '', $contentType = '', $prefix = '') D:\wamp\www\Application\Home\Controller\InfoController.class.php 第 4 行.
SQL: SHOW COLUMNS FROM `jm_config` [ RunTime:0.0052s ]
SQL: SELECT `type`,`name`,`value` FROM `jm_config` WHERE `status` = 1  [ RunTime:0.0003s ]
SQL: SHOW COLUMNS FROM `jm_info` [ RunTime:0.0282s ]
SQL: SELECT * FROM `jm_info` WHERE `key_word` = 'fenpei' LIMIT 1   [ RunTime:0.0003s ]
SQL: SELECT `key_word`,`title` FROM `jm_info` ORDER BY level DESC,id DESC  [ RunTime:0.0002s ]
INFO: [ view_parse ] --START--
INFO: [ template_filter ] --START--
INFO: Run Behavior\ContentReplaceBehavior [ RunTime:0.000153s ]
INFO: [ template_filter ] --END-- [ RunTime:0.000246s ]
INFO: Run Behavior\ParseTemplateBehavior [ RunTime:0.031652s ]
INFO: [ view_parse ] --END-- [ RunTime:0.031748s ]
INFO: [ view_filter ] --START--
INFO: Run Behavior\WriteHtmlCacheBehavior [ RunTime:0.000243s ]
INFO: [ view_filter ] --END-- [ RunTime:0.000320s ]
INFO: [ app_end ] --START--
INFO: Run Behavior\ShowPageTraceBehavior [ RunTime:0.000875s ]
INFO: [ app_end ] --END-- [ RunTime:0.001044s ]

[ 2015-06-26T09:18:58+08:00 ] 192.168.0.160 /
INFO: [ app_init ] --START--
INFO: Run Behavior\BuildLiteBehavior [ RunTime:0.000023s ]
INFO: Run Common\Behavior\InitHookBehavior [ RunTime:0.001267s ]
INFO: [ app_init ] --END-- [ RunTime:0.001632s ]
INFO: [ app_begin ] --START--
INFO: Run Behavior\ReadHtmlCacheBehavior [ RunTime:0.000358s ]
INFO: [ app_begin ] --END-- [ RunTime:0.000446s ]
SQL: SHOW COLUMNS FROM `jm_config` [ RunTime:0.0160s ]
SQL: SELECT `type`,`name`,`value` FROM `jm_config` WHERE `status` = 1  [ RunTime:0.0003s ]
SQL: SHOW COLUMNS FROM `jm_notice` [ RunTime:0.0040s ]
SQL: SELECT `id`,`create_time`,`title` FROM `jm_notice` WHERE ( status = 0 ) ORDER BY is_top desc,create_time desc LIMIT 6   [ RunTime:0.0003s ]
SQL: SHOW COLUMNS FROM `jm_infomation` [ RunTime:0.0045s ]
SQL: SELECT `id`,`create_time`,`title` FROM `jm_infomation` WHERE ( status = 1 ) ORDER BY level desc,create_time desc LIMIT 6   [ RunTime:0.0003s ]
NOTIC: [8] Undefined variable: noticearray D:\wamp\www\Application\Home\Controller\IndexController.class.php 第 60 行.
NOTIC: [2] implode(): Invalid arguments passed D:\wamp\www\Application\Home\Controller\IndexController.class.php 第 60 行.
NOTIC: [8] Undefined variable: newsarray D:\wamp\www\Application\Home\Controller\IndexController.class.php 第 62 行.
NOTIC: [2] implode(): Invalid arguments passed D:\wamp\www\Application\Home\Controller\IndexController.class.php 第 62 行.
SQL: SHOW COLUMNS FROM `jm_project` [ RunTime:0.0190s ]
SQL: SHOW COLUMNS FROM `jm_proj_index` [ RunTime:0.0057s ]
SQL: SELECT * FROM `jm_proj_index` WHERE `stage` = 4 ORDER BY is_top desc, create_time desc LIMIT 6   [ RunTime:0.0006s ]
SQL: SELECT * FROM `jm_proj_index` WHERE `stage` = 2 ORDER BY is_top desc, create_time desc  [ RunTime:0.0004s ]
SQL: SELECT * FROM `jm_proj_index` WHERE `stage` = 1 ORDER BY is_top desc, create_time desc  [ RunTime:0.0004s ]
SQL: SELECT * FROM `jm_proj_index` WHERE `stage` = 9 ORDER BY is_top desc, create_time desc LIMIT 6   [ RunTime:0.0004s ]
SQL: SHOW COLUMNS FROM `jm_banner` [ RunTime:0.0052s ]
SQL: SELECT * FROM `jm_banner` WHERE `status` = 0 ORDER BY sort asc,id desc  [ RunTime:0.0003s ]
SQL: SELECT * FROM `jm_proj_index` WHERE `status` = 9 AND `stage` BETWEEN '1' AND '4' ORDER BY stage desc,is_top desc,create_time desc LIMIT 6   [ RunTime:0.0005s ]
SQL: SHOW COLUMNS FROM `jm_project` [ RunTime:0.0028s ]
SQL: SELECT COUNT(*) AS tp_count FROM `jm_project` WHERE `status` >= 9 LIMIT 1   [ RunTime:0.0002s ]
SQL: SHOW COLUMNS FROM `jm_project_investor` [ RunTime:0.0956s ]
SQL: SELECT SUM(fund) AS tp_sum FROM `jm_project_investor` WHERE `status` >= 4 LIMIT 1   [ RunTime:0.0002s ]
SQL: SHOW COLUMNS FROM `jm_product` [ RunTime:0.0058s ]
SQL: SELECT COUNT(*) AS tp_count FROM `jm_product` WHERE `status` >= 9 LIMIT 1   [ RunTime:0.0002s ]
SQL: SHOW COLUMNS FROM `jm_custom` [ RunTime:0.0043s ]
SQL: SELECT SUM(amount) AS tp_sum FROM `jm_custom` WHERE `status` = 1 LIMIT 1   [ RunTime:0.0003s ]
SQL: SHOW COLUMNS FROM `jm_ucenter_member` [ RunTime:0.0837s ]
SQL: SELECT COUNT(*) AS tp_count FROM `jm_ucenter_member` WHERE `status` = 1 LIMIT 1   [ RunTime:0.0002s ]
SQL: SHOW COLUMNS FROM `jm_link` [ RunTime:0.0550s ]
SQL: SELECT `name`,`logo`,`url` FROM `jm_link` WHERE `status` = 1 ORDER BY sort desc LIMIT 12   [ RunTime:0.0002s ]
INFO: [ view_parse ] --START--
INFO: [ template_filter ] --START--
INFO: Run Behavior\ContentReplaceBehavior [ RunTime:0.000304s ]
INFO: [ template_filter ] --END-- [ RunTime:0.000409s ]
SQL: SHOW COLUMNS FROM `jm_picture` [ RunTime:0.0194s ]
SQL: SELECT * FROM `jm_picture` WHERE `status` = 1 AND `id` = 20 LIMIT 1   [ RunTime:0.0003s ]
SQL: SELECT * FROM `jm_picture` WHERE `status` = 1 AND `id` = 20 LIMIT 1   [ RunTime:0.0001s ]
SQL: SELECT * FROM `jm_picture` WHERE `status` = 1 AND `id` = 19 LIMIT 1   [ RunTime:0.0001s ]
SQL: SELECT * FROM `jm_picture` WHERE `status` = 1 AND `id` = 19 LIMIT 1   [ RunTime:0.0001s ]
SQL: SELECT * FROM `jm_picture` WHERE `status` = 1 AND `id` = 15 LIMIT 1   [ RunTime:0.0002s ]
SQL: SELECT * FROM `jm_picture` WHERE `status` = 1 AND `id` = 10 LIMIT 1   [ RunTime:0.0002s ]
SQL: SELECT * FROM `jm_picture` WHERE `status` = 1 AND `id` = 5 LIMIT 1   [ RunTime:0.0001s ]
SQL: SELECT * FROM `jm_picture` WHERE `status` = 1 AND `id` = 11 LIMIT 1   [ RunTime:0.0001s ]
SQL: SELECT * FROM `jm_picture` WHERE `status` = 1 AND `id` = 14 LIMIT 1   [ RunTime:0.0001s ]
SQL: SELECT * FROM `jm_picture` WHERE `status` = 1 AND `id` = 13 LIMIT 1   [ RunTime:0.0008s ]
INFO: Run Behavior\ParseTemplateBehavior [ RunTime:0.117871s ]
INFO: [ view_parse ] --END-- [ RunTime:0.118015s ]
INFO: [ view_filter ] --START--
INFO: Run Behavior\WriteHtmlCacheBehavior [ RunTime:0.000502s ]
INFO: [ view_filter ] --END-- [ RunTime:0.000602s ]
INFO: [ app_end ] --START--
INFO: Run Behavior\ShowPageTraceBehavior [ RunTime:0.000799s ]
INFO: [ app_end ] --END-- [ RunTime:0.000985s ]

[ 2015-06-26T09:19:02+08:00 ] 192.168.0.160 /Index/getinfo?type=1&id=2
INFO: [ app_init ] --START--
INFO: Run Behavior\BuildLiteBehavior [ RunTime:0.000020s ]
INFO: Run Common\Behavior\InitHookBehavior [ RunTime:0.001336s ]
INFO: [ app_init ] --END-- [ RunTime:0.001685s ]
INFO: [ app_begin ] --START--
INFO: Run Behavior\ReadHtmlCacheBehavior [ RunTime:0.000352s ]
INFO: [ app_begin ] --END-- [ RunTime:0.000426s ]
SQL: SHOW COLUMNS FROM `jm_config` [ RunTime:0.0077s ]
SQL: SELECT `type`,`name`,`value` FROM `jm_config` WHERE `status` = 1  [ RunTime:0.0003s ]
SQL: SHOW COLUMNS FROM `jm_infomation` [ RunTime:0.0045s ]
SQL: SELECT `description`,`title` FROM `jm_infomation` WHERE `id` = 2 LIMIT 1   [ RunTime:0.0002s ]
NOTIC: [8] Undefined index: id D:\wamp\www\Application\Home\Controller\IndexController.class.php 第 146 行.

[ 2015-06-26T09:19:12+08:00 ] 192.168.0.160 /
INFO: [ app_init ] --START--
INFO: Run Behavior\BuildLiteBehavior [ RunTime:0.000027s ]
INFO: Run Common\Behavior\InitHookBehavior [ RunTime:0.002403s ]
INFO: [ app_init ] --END-- [ RunTime:0.003040s ]
INFO: [ app_begin ] --START--
INFO: Run Behavior\ReadHtmlCacheBehavior [ RunTime:0.000769s ]
INFO: [ app_begin ] --END-- [ RunTime:0.001023s ]
SQL: SHOW COLUMNS FROM `jm_config` [ RunTime:0.0109s ]
SQL: SELECT `type`,`name`,`value` FROM `jm_config` WHERE `status` = 1  [ RunTime:0.0006s ]
SQL: SHOW COLUMNS FROM `jm_notice` [ RunTime:0.0099s ]
SQL: SELECT `id`,`create_time`,`title` FROM `jm_notice` WHERE ( status = 0 ) ORDER BY is_top desc,create_time desc LIMIT 6   [ RunTime:0.0008s ]
SQL: SHOW COLUMNS FROM `jm_infomation` [ RunTime:0.0080s ]
SQL: SELECT `id`,`create_time`,`title` FROM `jm_infomation` WHERE ( status = 1 ) ORDER BY level desc,create_time desc LIMIT 6   [ RunTime:0.0003s ]
NOTIC: [8] Undefined variable: noticearray D:\wamp\www\Application\Home\Controller\IndexController.class.php 第 60 行.
NOTIC: [2] implode(): Invalid arguments passed D:\wamp\www\Application\Home\Controller\IndexController.class.php 第 60 行.
NOTIC: [8] Undefined variable: newsarray D:\wamp\www\Application\Home\Controller\IndexController.class.php 第 62 行.
NOTIC: [2] implode(): Invalid arguments passed D:\wamp\www\Application\Home\Controller\IndexController.class.php 第 62 行.
SQL: SHOW COLUMNS FROM `jm_project` [ RunTime:0.0067s ]
SQL: SHOW COLUMNS FROM `jm_proj_index` [ RunTime:0.0042s ]
SQL: SELECT * FROM `jm_proj_index` WHERE `stage` = 4 ORDER BY is_top desc, create_time desc LIMIT 6   [ RunTime:0.0005s ]
SQL: SELECT * FROM `jm_proj_index` WHERE `stage` = 2 ORDER BY is_top desc, create_time desc  [ RunTime:0.0004s ]
SQL: SELECT * FROM `jm_proj_index` WHERE `stage` = 1 ORDER BY is_top desc, create_time desc  [ RunTime:0.0003s ]
SQL: SELECT * FROM `jm_proj_index` WHERE `stage` = 9 ORDER BY is_top desc, create_time desc LIMIT 6   [ RunTime:0.0003s ]
SQL: SHOW COLUMNS FROM `jm_banner` [ RunTime:0.0041s ]
SQL: SELECT * FROM `jm_banner` WHERE `status` = 0 ORDER BY sort asc,id desc  [ RunTime:0.0002s ]
SQL: SELECT * FROM `jm_proj_index` WHERE `status` = 9 AND `stage` BETWEEN '1' AND '4' ORDER BY stage desc,is_top desc,create_time desc LIMIT 6   [ RunTime:0.0005s ]
SQL: SHOW COLUMNS FROM `jm_project` [ RunTime:0.0026s ]
SQL: SELECT COUNT(*) AS tp_count FROM `jm_project` WHERE `status` >= 9 LIMIT 1   [ RunTime:0.0002s ]
SQL: SHOW COLUMNS FROM `jm_project_investor` [ RunTime:0.0039s ]
SQL: SELECT SUM(fund) AS tp_sum FROM `jm_project_investor` WHERE `status` >= 4 LIMIT 1   [ RunTime:0.0002s ]
SQL: SHOW COLUMNS FROM `jm_product` [ RunTime:0.0039s ]
SQL: SELECT COUNT(*) AS tp_count FROM `jm_product` WHERE `status` >= 9 LIMIT 1   [ RunTime:0.0002s ]
SQL: SHOW COLUMNS FROM `jm_custom` [ RunTime:0.0047s ]
SQL: SELECT SUM(amount) AS tp_sum FROM `jm_custom` WHERE `status` = 1 LIMIT 1   [ RunTime:0.0002s ]
SQL: SHOW COLUMNS FROM `jm_ucenter_member` [ RunTime:0.0037s ]
SQL: SELECT COUNT(*) AS tp_count FROM `jm_ucenter_member` WHERE `status` = 1 LIMIT 1   [ RunTime:0.0002s ]
SQL: SHOW COLUMNS FROM `jm_link` [ RunTime:0.0070s ]
SQL: SELECT `name`,`logo`,`url` FROM `jm_link` WHERE `status` = 1 ORDER BY sort desc LIMIT 12   [ RunTime:0.0005s ]
INFO: [ view_parse ] --START--
INFO: [ template_filter ] --START--
INFO: Run Behavior\ContentReplaceBehavior [ RunTime:0.000323s ]
INFO: [ template_filter ] --END-- [ RunTime:0.000427s ]
SQL: SHOW COLUMNS FROM `jm_picture` [ RunTime:0.0040s ]
SQL: SELECT * FROM `jm_picture` WHERE `status` = 1 AND `id` = 20 LIMIT 1   [ RunTime:0.0003s ]
SQL: SELECT * FROM `jm_picture` WHERE `status` = 1 AND `id` = 20 LIMIT 1   [ RunTime:0.0001s ]
SQL: SELECT * FROM `jm_picture` WHERE `status` = 1 AND `id` = 19 LIMIT 1   [ RunTime:0.0001s ]
SQL: SELECT * FROM `jm_picture` WHERE `status` = 1 AND `id` = 19 LIMIT 1   [ RunTime:0.0001s ]
SQL: SELECT * FROM `jm_picture` WHERE `status` = 1 AND `id` = 15 LIMIT 1   [ RunTime:0.0001s ]
SQL: SELECT * FROM `jm_picture` WHERE `status` = 1 AND `id` = 10 LIMIT 1   [ RunTime:0.0001s ]
SQL: SELECT * FROM `jm_picture` WHERE `status` = 1 AND `id` = 5 LIMIT 1   [ RunTime:0.0001s ]
SQL: SELECT * FROM `jm_picture` WHERE `status` = 1 AND `id` = 11 LIMIT 1   [ RunTime:0.0001s ]
SQL: SELECT * FROM `jm_picture` WHERE `status` = 1 AND `id` = 14 LIMIT 1   [ RunTime:0.0001s ]
SQL: SELECT * FROM `jm_picture` WHERE `status` = 1 AND `id` = 13 LIMIT 1   [ RunTime:0.0002s ]
INFO: Run Behavior\ParseTemplateBehavior [ RunTime:0.082017s ]
INFO: [ view_parse ] --END-- [ RunTime:0.082172s ]
INFO: [ view_filter ] --START--
INFO: Run Behavior\WriteHtmlCacheBehavior [ RunTime:0.000292s ]
INFO: [ view_filter ] --END-- [ RunTime:0.000376s ]
INFO: [ app_end ] --START--
INFO: Run Behavior\ShowPageTraceBehavior [ RunTime:0.000662s ]
INFO: [ app_end ] --END-- [ RunTime:0.000802s ]

[ 2015-06-26T09:19:12+08:00 ] 192.168.0.160 /Index/getinfo?type=1&id=2
INFO: [ app_init ] --START--
INFO: Run Behavior\BuildLiteBehavior [ RunTime:0.000023s ]
INFO: Run Common\Behavior\InitHookBehavior [ RunTime:0.001246s ]
INFO: [ app_init ] --END-- [ RunTime:0.001823s ]
INFO: [ app_begin ] --START--
INFO: Run Behavior\ReadHtmlCacheBehavior [ RunTime:0.000404s ]
INFO: [ app_begin ] --END-- [ RunTime:0.000479s ]
SQL: SHOW COLUMNS FROM `jm_config` [ RunTime:0.0186s ]
SQL: SELECT `type`,`name`,`value` FROM `jm_config` WHERE `status` = 1  [ RunTime:0.0004s ]
SQL: SHOW COLUMNS FROM `jm_infomation` [ RunTime:0.0076s ]
SQL: SELECT `description`,`title` FROM `jm_infomation` WHERE `id` = 2 LIMIT 1   [ RunTime:0.0005s ]
NOTIC: [8] Undefined index: id D:\wamp\www\Application\Home\Controller\IndexController.class.php 第 146 行.

[ 2015-06-26T09:19:48+08:00 ] 192.168.0.160 /test
INFO: [ app_init ] --START--
INFO: Run Behavior\BuildLiteBehavior [ RunTime:0.000019s ]
INFO: Run Common\Behavior\InitHookBehavior [ RunTime:0.000995s ]
INFO: [ app_init ] --END-- [ RunTime:0.001323s ]
INFO: [ app_begin ] --START--
INFO: Run Behavior\ReadHtmlCacheBehavior [ RunTime:0.000303s ]
INFO: [ app_begin ] --END-- [ RunTime:0.000389s ]
SQL: SHOW COLUMNS FROM `jm_config` [ RunTime:0.0065s ]
SQL: SELECT `type`,`name`,`value` FROM `jm_config` WHERE `status` = 1  [ RunTime:0.0005s ]

[ 2015-06-26T09:19:49+08:00 ] 192.168.0.160 /Index/index.html
INFO: [ app_init ] --START--
INFO: Run Behavior\BuildLiteBehavior [ RunTime:0.000019s ]
INFO: Run Common\Behavior\InitHookBehavior [ RunTime:0.000949s ]
INFO: [ app_init ] --END-- [ RunTime:0.001268s ]
INFO: [ app_begin ] --START--
INFO: Run Behavior\ReadHtmlCacheBehavior [ RunTime:0.000302s ]
INFO: [ app_begin ] --END-- [ RunTime:0.000387s ]
SQL: SHOW COLUMNS FROM `jm_config` [ RunTime:0.0025s ]
SQL: SELECT `type`,`name`,`value` FROM `jm_config` WHERE `status` = 1  [ RunTime:0.0003s ]
SQL: SHOW COLUMNS FROM `jm_notice` [ RunTime:0.0054s ]
SQL: SELECT `id`,`create_time`,`title` FROM `jm_notice` WHERE ( status = 0 ) ORDER BY is_top desc,create_time desc LIMIT 6   [ RunTime:0.0006s ]
SQL: SHOW COLUMNS FROM `jm_infomation` [ RunTime:0.0042s ]
SQL: SELECT `id`,`create_time`,`title` FROM `jm_infomation` WHERE ( status = 1 ) ORDER BY level desc,create_time desc LIMIT 6   [ RunTime:0.0002s ]
NOTIC: [8] Undefined variable: noticearray D:\wamp\www\Application\Home\Controller\IndexController.class.php 第 60 行.
NOTIC: [2] implode(): Invalid arguments passed D:\wamp\www\Application\Home\Controller\IndexController.class.php 第 60 行.
NOTIC: [8] Undefined variable: newsarray D:\wamp\www\Application\Home\Controller\IndexController.class.php 第 62 行.
NOTIC: [2] implode(): Invalid arguments passed D:\wamp\www\Application\Home\Controller\IndexController.class.php 第 62 行.
SQL: SHOW COLUMNS FROM `jm_project` [ RunTime:0.0045s ]
SQL: SHOW COLUMNS FROM `jm_proj_index` [ RunTime:0.0050s ]
SQL: SELECT * FROM `jm_proj_index` WHERE `stage` = 4 ORDER BY is_top desc, create_time desc LIMIT 6   [ RunTime:0.0006s ]
SQL: SELECT * FROM `jm_proj_index` WHERE `stage` = 2 ORDER BY is_top desc, create_time desc  [ RunTime:0.0004s ]
SQL: SELECT * FROM `jm_proj_index` WHERE `stage` = 1 ORDER BY is_top desc, create_time desc  [ RunTime:0.0004s ]
SQL: SELECT * FROM `jm_proj_index` WHERE `stage` = 9 ORDER BY is_top desc, create_time desc LIMIT 6   [ RunTime:0.0004s ]
SQL: SHOW COLUMNS FROM `jm_banner` [ RunTime:0.0041s ]
SQL: SELECT * FROM `jm_banner` WHERE `status` = 0 ORDER BY sort asc,id desc  [ RunTime:0.0003s ]
SQL: SELECT * FROM `jm_proj_index` WHERE `status` = 9 AND `stage` BETWEEN '1' AND '4' ORDER BY stage desc,is_top desc,create_time desc LIMIT 6   [ RunTime:0.0005s ]
SQL: SHOW COLUMNS FROM `jm_project` [ RunTime:0.0028s ]
SQL: SELECT COUNT(*) AS tp_count FROM `jm_project` WHERE `status` >= 9 LIMIT 1   [ RunTime:0.0002s ]
SQL: SHOW COLUMNS FROM `jm_project_investor` [ RunTime:0.0040s ]
SQL: SELECT SUM(fund) AS tp_sum FROM `jm_project_investor` WHERE `status` >= 4 LIMIT 1   [ RunTime:0.0002s ]
SQL: SHOW COLUMNS FROM `jm_product` [ RunTime:0.0042s ]
SQL: SELECT COUNT(*) AS tp_count FROM `jm_product` WHERE `status` >= 9 LIMIT 1   [ RunTime:0.0002s ]
SQL: SHOW COLUMNS FROM `jm_custom` [ RunTime:0.0048s ]
SQL: SELECT SUM(amount) AS tp_sum FROM `jm_custom` WHERE `status` = 1 LIMIT 1   [ RunTime:0.0002s ]
SQL: SHOW COLUMNS FROM `jm_ucenter_member` [ RunTime:0.0049s ]
SQL: SELECT COUNT(*) AS tp_count FROM `jm_ucenter_member` WHERE `status` = 1 LIMIT 1   [ RunTime:0.0002s ]
SQL: SHOW COLUMNS FROM `jm_link` [ RunTime:0.0039s ]
SQL: SELECT `name`,`logo`,`url` FROM `jm_link` WHERE `status` = 1 ORDER BY sort desc LIMIT 12   [ RunTime:0.0003s ]
INFO: [ view_parse ] --START--
INFO: [ template_filter ] --START--
INFO: Run Behavior\ContentReplaceBehavior [ RunTime:0.000298s ]
INFO: [ template_filter ] --END-- [ RunTime:0.000395s ]
SQL: SHOW COLUMNS FROM `jm_picture` [ RunTime:0.0054s ]
SQL: SELECT * FROM `jm_picture` WHERE `status` = 1 AND `id` = 20 LIMIT 1   [ RunTime:0.0002s ]
SQL: SELECT * FROM `jm_picture` WHERE `status` = 1 AND `id` = 20 LIMIT 1   [ RunTime:0.0001s ]
SQL: SELECT * FROM `jm_picture` WHERE `status` = 1 AND `id` = 19 LIMIT 1   [ RunTime:0.0001s ]
SQL: SELECT * FROM `jm_picture` WHERE `status` = 1 AND `id` = 19 LIMIT 1   [ RunTime:0.0001s ]
SQL: SELECT * FROM `jm_picture` WHERE `status` = 1 AND `id` = 15 LIMIT 1   [ RunTime:0.0001s ]
SQL: SELECT * FROM `jm_picture` WHERE `status` = 1 AND `id` = 10 LIMIT 1   [ RunTime:0.0002s ]
SQL: SELECT * FROM `jm_picture` WHERE `status` = 1 AND `id` = 5 LIMIT 1   [ RunTime:0.0001s ]
SQL: SELECT * FROM `jm_picture` WHERE `status` = 1 AND `id` = 11 LIMIT 1   [ RunTime:0.0001s ]
SQL: SELECT * FROM `jm_picture` WHERE `status` = 1 AND `id` = 14 LIMIT 1   [ RunTime:0.0001s ]
SQL: SELECT * FROM `jm_picture` WHERE `status` = 1 AND `id` = 13 LIMIT 1   [ RunTime:0.0001s ]
INFO: Run Behavior\ParseTemplateBehavior [ RunTime:0.084656s ]
INFO: [ view_parse ] --END-- [ RunTime:0.084743s ]
INFO: [ view_filter ] --START--
INFO: Run Behavior\WriteHtmlCacheBehavior [ RunTime:0.000772s ]
INFO: [ view_filter ] --END-- [ RunTime:0.000907s ]
INFO: [ app_end ] --START--
INFO: Run Behavior\ShowPageTraceBehavior [ RunTime:0.000775s ]
INFO: [ app_end ] --END-- [ RunTime:0.000969s ]

[ 2015-06-26T09:19:49+08:00 ] 192.168.0.160 /Index/getinfo?type=1&id=2
INFO: [ app_init ] --START--
INFO: Run Behavior\BuildLiteBehavior [ RunTime:0.000032s ]
INFO: Run Common\Behavior\InitHookBehavior [ RunTime:0.001757s ]
INFO: [ app_init ] --END-- [ RunTime:0.002373s ]
INFO: [ app_begin ] --START--
INFO: Run Behavior\ReadHtmlCacheBehavior [ RunTime:0.000581s ]
INFO: [ app_begin ] --END-- [ RunTime:0.000730s ]
SQL: SHOW COLUMNS FROM `jm_config` [ RunTime:0.0106s ]
SQL: SELECT `type`,`name`,`value` FROM `jm_config` WHERE `status` = 1  [ RunTime:0.0005s ]
SQL: SHOW COLUMNS FROM `jm_infomation` [ RunTime:0.0075s ]
SQL: SELECT `description`,`title` FROM `jm_infomation` WHERE `id` = 2 LIMIT 1   [ RunTime:0.0004s ]
NOTIC: [8] Undefined index: id D:\wamp\www\Application\Home\Controller\IndexController.class.php 第 146 行.

[ 2015-06-26T09:19:51+08:00 ] 192.168.0.160 /test
INFO: [ app_init ] --START--
INFO: Run Behavior\BuildLiteBehavior [ RunTime:0.000169s ]
INFO: Run Common\Behavior\InitHookBehavior [ RunTime:0.003162s ]
INFO: [ app_init ] --END-- [ RunTime:0.004733s ]
INFO: [ app_begin ] --START--
INFO: Run Behavior\ReadHtmlCacheBehavior [ RunTime:0.000724s ]
INFO: [ app_begin ] --END-- [ RunTime:0.000902s ]
SQL: SHOW COLUMNS FROM `jm_config` [ RunTime:0.0107s ]
SQL: SELECT `type`,`name`,`value` FROM `jm_config` WHERE `status` = 1  [ RunTime:0.0004s ]

[ 2015-06-26T09:19:51+08:00 ] 192.168.0.160 /Index/index.html
INFO: [ app_init ] --START--
INFO: Run Behavior\BuildLiteBehavior [ RunTime:0.000019s ]
INFO: Run Common\Behavior\InitHookBehavior [ RunTime:0.000960s ]
INFO: [ app_init ] --END-- [ RunTime:0.001304s ]
INFO: [ app_begin ] --START--
INFO: Run Behavior\ReadHtmlCacheBehavior [ RunTime:0.000594s ]
INFO: [ app_begin ] --END-- [ RunTime:0.000742s ]
SQL: SHOW COLUMNS FROM `jm_config` [ RunTime:0.0028s ]
SQL: SELECT `type`,`name`,`value` FROM `jm_config` WHERE `status` = 1  [ RunTime:0.0002s ]
SQL: SHOW COLUMNS FROM `jm_notice` [ RunTime:0.0130s ]
SQL: SELECT `id`,`create_time`,`title` FROM `jm_notice` WHERE ( status = 0 ) ORDER BY is_top desc,create_time desc LIMIT 6   [ RunTime:0.0003s ]
SQL: SHOW COLUMNS FROM `jm_infomation` [ RunTime:0.0042s ]
SQL: SELECT `id`,`create_time`,`title` FROM `jm_infomation` WHERE ( status = 1 ) ORDER BY level desc,create_time desc LIMIT 6   [ RunTime:0.0002s ]
NOTIC: [8] Undefined variable: noticearray D:\wamp\www\Application\Home\Controller\IndexController.class.php 第 60 行.
NOTIC: [2] implode(): Invalid arguments passed D:\wamp\www\Application\Home\Controller\IndexController.class.php 第 60 行.
NOTIC: [8] Undefined variable: newsarray D:\wamp\www\Application\Home\Controller\IndexController.class.php 第 62 行.
NOTIC: [2] implode(): Invalid arguments passed D:\wamp\www\Application\Home\Controller\IndexController.class.php 第 62 行.
SQL: SHOW COLUMNS FROM `jm_project` [ RunTime:0.0090s ]
SQL: SHOW COLUMNS FROM `jm_proj_index` [ RunTime:0.0043s ]
SQL: SELECT * FROM `jm_proj_index` WHERE `stage` = 4 ORDER BY is_top desc, create_time desc LIMIT 6   [ RunTime:0.0005s ]
SQL: SELECT * FROM `jm_proj_index` WHERE `stage` = 2 ORDER BY is_top desc, create_time desc  [ RunTime:0.0003s ]
SQL: SELECT * FROM `jm_proj_index` WHERE `stage` = 1 ORDER BY is_top desc, create_time desc  [ RunTime:0.0007s ]
SQL: SELECT * FROM `jm_proj_index` WHERE `stage` = 9 ORDER BY is_top desc, create_time desc LIMIT 6   [ RunTime:0.0015s ]
SQL: SHOW COLUMNS FROM `jm_banner` [ RunTime:0.0071s ]
SQL: SELECT * FROM `jm_banner` WHERE `status` = 0 ORDER BY sort asc,id desc  [ RunTime:0.0003s ]
SQL: SELECT * FROM `jm_proj_index` WHERE `status` = 9 AND `stage` BETWEEN '1' AND '4' ORDER BY stage desc,is_top desc,create_time desc LIMIT 6   [ RunTime:0.0005s ]
SQL: SHOW COLUMNS FROM `jm_project` [ RunTime:0.0025s ]
SQL: SELECT COUNT(*) AS tp_count FROM `jm_project` WHERE `status` >= 9 LIMIT 1   [ RunTime:0.0002s ]
SQL: SHOW COLUMNS FROM `jm_project_investor` [ RunTime:0.0108s ]
SQL: SELECT SUM(fund) AS tp_sum FROM `jm_project_investor` WHERE `status` >= 4 LIMIT 1   [ RunTime:0.0003s ]
SQL: SHOW COLUMNS FROM `jm_product` [ RunTime:0.0045s ]
SQL: SELECT COUNT(*) AS tp_count FROM `jm_product` WHERE `status` >= 9 LIMIT 1   [ RunTime:0.0002s ]
SQL: SHOW COLUMNS FROM `jm_custom` [ RunTime:0.0094s ]
SQL: SELECT SUM(amount) AS tp_sum FROM `jm_custom` WHERE `status` = 1 LIMIT 1   [ RunTime:0.0004s ]
SQL: SHOW COLUMNS FROM `jm_ucenter_member` [ RunTime:0.0052s ]
SQL: SELECT COUNT(*) AS tp_count FROM `jm_ucenter_member` WHERE `status` = 1 LIMIT 1   [ RunTime:0.0002s ]
SQL: SHOW COLUMNS FROM `jm_link` [ RunTime:0.0139s ]
SQL: SELECT `name`,`logo`,`url` FROM `jm_link` WHERE `status` = 1 ORDER BY sort desc LIMIT 12   [ RunTime:0.0002s ]
INFO: [ view_parse ] --START--
INFO: [ template_filter ] --START--
INFO: Run Behavior\ContentReplaceBehavior [ RunTime:0.000583s ]
INFO: [ template_filter ] --END-- [ RunTime:0.001108s ]
SQL: SHOW COLUMNS FROM `jm_picture` [ RunTime:0.0083s ]
SQL: SELECT * FROM `jm_picture` WHERE `status` = 1 AND `id` = 20 LIMIT 1   [ RunTime:0.0007s ]
SQL: SELECT * FROM `jm_picture` WHERE `status` = 1 AND `id` = 20 LIMIT 1   [ RunTime:0.0005s ]
SQL: SELECT * FROM `jm_picture` WHERE `status` = 1 AND `id` = 19 LIMIT 1   [ RunTime:0.0003s ]
SQL: SELECT * FROM `jm_picture` WHERE `status` = 1 AND `id` = 19 LIMIT 1   [ RunTime:0.0001s ]
SQL: SELECT * FROM `jm_picture` WHERE `status` = 1 AND `id` = 15 LIMIT 1   [ RunTime:0.0001s ]
SQL: SELECT * FROM `jm_picture` WHERE `status` = 1 AND `id` = 10 LIMIT 1   [ RunTime:0.0001s ]
SQL: SELECT * FROM `jm_picture` WHERE `status` = 1 AND `id` = 5 LIMIT 1   [ RunTime:0.0001s ]
SQL: SELECT * FROM `jm_picture` WHERE `status` = 1 AND `id` = 11 LIMIT 1   [ RunTime:0.0001s ]
SQL: SELECT * FROM `jm_picture` WHERE `status` = 1 AND `id` = 14 LIMIT 1   [ RunTime:0.0001s ]
SQL: SELECT * FROM `jm_picture` WHERE `status` = 1 AND `id` = 13 LIMIT 1   [ RunTime:0.0001s ]
INFO: Run Behavior\ParseTemplateBehavior [ RunTime:0.134788s ]
INFO: [ view_parse ] --END-- [ RunTime:0.134897s ]
INFO: [ view_filter ] --START--
INFO: Run Behavior\WriteHtmlCacheBehavior [ RunTime:0.000353s ]
INFO: [ view_filter ] --END-- [ RunTime:0.000442s ]
INFO: [ app_end ] --START--
INFO: Run Behavior\ShowPageTraceBehavior [ RunTime:0.000509s ]
INFO: [ app_end ] --END-- [ RunTime:0.000641s ]

[ 2015-06-26T09:19:51+08:00 ] 192.168.0.160 /Index/getinfo?type=1&id=2
INFO: [ app_init ] --START--
INFO: Run Behavior\BuildLiteBehavior [ RunTime:0.000036s ]
INFO: Run Common\Behavior\InitHookBehavior [ RunTime:0.001809s ]
INFO: [ app_init ] --END-- [ RunTime:0.002353s ]
INFO: [ app_begin ] --START--
INFO: Run Behavior\ReadHtmlCacheBehavior [ RunTime:0.000940s ]
INFO: [ app_begin ] --END-- [ RunTime:0.001207s ]
SQL: SHOW COLUMNS FROM `jm_config` [ RunTime:0.0087s ]
SQL: SELECT `type`,`name`,`value` FROM `jm_config` WHERE `status` = 1  [ RunTime:0.0009s ]
SQL: SHOW COLUMNS FROM `jm_infomation` [ RunTime:0.0064s ]
SQL: SELECT `description`,`title` FROM `jm_infomation` WHERE `id` = 2 LIMIT 1   [ RunTime:0.0006s ]
NOTIC: [8] Undefined index: id D:\wamp\www\Application\Home\Controller\IndexController.class.php 第 146 行.

[ 2015-06-26T09:19:55+08:00 ] 192.168.0.160 /Index/index.html
INFO: [ app_init ] --START--
INFO: Run Behavior\BuildLiteBehavior [ RunTime:0.000019s ]
INFO: Run Common\Behavior\InitHookBehavior [ RunTime:0.000957s ]
INFO: [ app_init ] --END-- [ RunTime:0.001276s ]
INFO: [ app_begin ] --START--
INFO: Run Behavior\ReadHtmlCacheBehavior [ RunTime:0.000298s ]
INFO: [ app_begin ] --END-- [ RunTime:0.000385s ]
SQL: SHOW COLUMNS FROM `jm_config` [ RunTime:0.0168s ]
SQL: SELECT `type`,`name`,`value` FROM `jm_config` WHERE `status` = 1  [ RunTime:0.0003s ]
SQL: SHOW COLUMNS FROM `jm_notice` [ RunTime:0.0089s ]
SQL: SELECT `id`,`create_time`,`title` FROM `jm_notice` WHERE ( status = 0 ) ORDER BY is_top desc,create_time desc LIMIT 6   [ RunTime:0.0008s ]
SQL: SHOW COLUMNS FROM `jm_infomation` [ RunTime:0.0055s ]
SQL: SELECT `id`,`create_time`,`title` FROM `jm_infomation` WHERE ( status = 1 ) ORDER BY level desc,create_time desc LIMIT 6   [ RunTime:0.0008s ]
NOTIC: [8] Undefined variable: noticearray D:\wamp\www\Application\Home\Controller\IndexController.class.php 第 60 行.
NOTIC: [2] implode(): Invalid arguments passed D:\wamp\www\Application\Home\Controller\IndexController.class.php 第 60 行.
NOTIC: [8] Undefined variable: newsarray D:\wamp\www\Application\Home\Controller\IndexController.class.php 第 62 行.
NOTIC: [2] implode(): Invalid arguments passed D:\wamp\www\Application\Home\Controller\IndexController.class.php 第 62 行.
SQL: SHOW COLUMNS FROM `jm_project` [ RunTime:0.0065s ]
SQL: SHOW COLUMNS FROM `jm_proj_index` [ RunTime:0.0161s ]
SQL: SELECT * FROM `jm_proj_index` WHERE `stage` = 4 ORDER BY is_top desc, create_time desc LIMIT 6   [ RunTime:0.0010s ]
SQL: SELECT * FROM `jm_proj_index` WHERE `stage` = 2 ORDER BY is_top desc, create_time desc  [ RunTime:0.0005s ]
SQL: SELECT * FROM `jm_proj_index` WHERE `stage` = 1 ORDER BY is_top desc, create_time desc  [ RunTime:0.0004s ]
SQL: SELECT * FROM `jm_proj_index` WHERE `stage` = 9 ORDER BY is_top desc, create_time desc LIMIT 6   [ RunTime:0.0004s ]
SQL: SHOW COLUMNS FROM `jm_banner` [ RunTime:0.0137s ]
SQL: SELECT * FROM `jm_banner` WHERE `status` = 0 ORDER BY sort asc,id desc  [ RunTime:0.0006s ]
SQL: SELECT * FROM `jm_proj_index` WHERE `status` = 9 AND `stage` BETWEEN '1' AND '4' ORDER BY stage desc,is_top desc,create_time desc LIMIT 6   [ RunTime:0.0012s ]
SQL: SHOW COLUMNS FROM `jm_project` [ RunTime:0.0085s ]
SQL: SELECT COUNT(*) AS tp_count FROM `jm_project` WHERE `status` >= 9 LIMIT 1   [ RunTime:0.0007s ]
SQL: SHOW COLUMNS FROM `jm_project_investor` [ RunTime:0.0058s ]
SQL: SELECT SUM(fund) AS tp_sum FROM `jm_project_investor` WHERE `status` >= 4 LIMIT 1   [ RunTime:0.0002s ]
SQL: SHOW COLUMNS FROM `jm_product` [ RunTime:0.0122s ]
SQL: SELECT COUNT(*) AS tp_count FROM `jm_product` WHERE `status` >= 9 LIMIT 1   [ RunTime:0.0002s ]
SQL: SHOW COLUMNS FROM `jm_custom` [ RunTime:0.0046s ]
SQL: SELECT SUM(amount) AS tp_sum FROM `jm_custom` WHERE `status` = 1 LIMIT 1   [ RunTime:0.0005s ]
SQL: SHOW COLUMNS FROM `jm_ucenter_member` [ RunTime:0.0116s ]
SQL: SELECT COUNT(*) AS tp_count FROM `jm_ucenter_member` WHERE `status` = 1 LIMIT 1   [ RunTime:0.0002s ]
SQL: SHOW COLUMNS FROM `jm_link` [ RunTime:0.0090s ]
SQL: SELECT `name`,`logo`,`url` FROM `jm_link` WHERE `status` = 1 ORDER BY sort desc LIMIT 12   [ RunTime:0.0008s ]
INFO: [ view_parse ] --START--
INFO: [ template_filter ] --START--
INFO: Run Behavior\ContentReplaceBehavior [ RunTime:0.000535s ]
INFO: [ template_filter ] --END-- [ RunTime:0.000731s ]
SQL: SHOW COLUMNS FROM `jm_picture` [ RunTime:0.0117s ]
SQL: SELECT * FROM `jm_picture` WHERE `status` = 1 AND `id` = 20 LIMIT 1   [ RunTime:0.0002s ]
SQL: SELECT * FROM `jm_picture` WHERE `status` = 1 AND `id` = 20 LIMIT 1   [ RunTime:0.0001s ]
SQL: SELECT * FROM `jm_picture` WHERE `status` = 1 AND `id` = 19 LIMIT 1   [ RunTime:0.0001s ]
SQL: SELECT * FROM `jm_picture` WHERE `status` = 1 AND `id` = 19 LIMIT 1   [ RunTime:0.0001s ]
SQL: SELECT * FROM `jm_picture` WHERE `status` = 1 AND `id` = 15 LIMIT 1   [ RunTime:0.0008s ]
SQL: SELECT * FROM `jm_picture` WHERE `status` = 1 AND `id` = 10 LIMIT 1   [ RunTime:0.0009s ]
SQL: SELECT * FROM `jm_picture` WHERE `status` = 1 AND `id` = 5 LIMIT 1   [ RunTime:0.0007s ]
SQL: SELECT * FROM `jm_picture` WHERE `status` = 1 AND `id` = 11 LIMIT 1   [ RunTime:0.0006s ]
SQL: SELECT * FROM `jm_picture` WHERE `status` = 1 AND `id` = 14 LIMIT 1   [ RunTime:0.0004s ]
SQL: SELECT * FROM `jm_picture` WHERE `status` = 1 AND `id` = 13 LIMIT 1   [ RunTime:0.0002s ]
INFO: Run Behavior\ParseTemplateBehavior [ RunTime:0.169881s ]
INFO: [ view_parse ] --END-- [ RunTime:0.170026s ]
INFO: [ view_filter ] --START--
INFO: Run Behavior\WriteHtmlCacheBehavior [ RunTime:0.000398s ]
INFO: [ view_filter ] --END-- [ RunTime:0.000483s ]
INFO: [ app_end ] --START--
INFO: Run Behavior\ShowPageTraceBehavior [ RunTime:0.000432s ]
INFO: [ app_end ] --END-- [ RunTime:0.000523s ]

[ 2015-06-26T09:19:55+08:00 ] 192.168.0.160 /Index/getinfo?type=1&id=2
INFO: [ app_init ] --START--
INFO: Run Behavior\BuildLiteBehavior [ RunTime:0.000043s ]
INFO: Run Common\Behavior\InitHookBehavior [ RunTime:0.002294s ]
INFO: [ app_init ] --END-- [ RunTime:0.003011s ]
INFO: [ app_begin ] --START--
INFO: Run Behavior\ReadHtmlCacheBehavior [ RunTime:0.000520s ]
INFO: [ app_begin ] --END-- [ RunTime:0.000614s ]
SQL: SHOW COLUMNS FROM `jm_config` [ RunTime:0.0179s ]
SQL: SELECT `type`,`name`,`value` FROM `jm_config` WHERE `status` = 1  [ RunTime:0.0004s ]
SQL: SHOW COLUMNS FROM `jm_infomation` [ RunTime:0.0099s ]
SQL: SELECT `description`,`title` FROM `jm_infomation` WHERE `id` = 2 LIMIT 1   [ RunTime:0.0002s ]
NOTIC: [8] Undefined index: id D:\wamp\www\Application\Home\Controller\IndexController.class.php 第 146 行.

[ 2015-06-26T09:19:56+08:00 ] 192.168.0.160 /List/index/type/1/status/0/p/1.html
INFO: [ app_init ] --START--
INFO: Run Behavior\BuildLiteBehavior [ RunTime:0.000019s ]
INFO: Run Common\Behavior\InitHookBehavior [ RunTime:0.000943s ]
INFO: [ app_init ] --END-- [ RunTime:0.001257s ]
INFO: [ app_begin ] --START--
INFO: Run Behavior\ReadHtmlCacheBehavior [ RunTime:0.000298s ]
INFO: [ app_begin ] --END-- [ RunTime:0.000386s ]
SQL: SHOW COLUMNS FROM `jm_config` [ RunTime:0.0026s ]
SQL: SELECT `type`,`name`,`value` FROM `jm_config` WHERE `status` = 1  [ RunTime:0.0003s ]
SQL: SHOW COLUMNS FROM `jm_project` [ RunTime:0.0039s ]
SQL: SHOW COLUMNS FROM `jm_proj_index` [ RunTime:0.0043s ]
SQL: SELECT * FROM `jm_proj_index` WHERE `status` = 9 AND `stage` = 4 ORDER BY create_time desc  [ RunTime:0.0005s ]
SQL: SELECT * FROM `jm_proj_index` WHERE `status` = 9 AND `stage` = 1 ORDER BY create_time desc  [ RunTime:0.0004s ]
SQL: SELECT * FROM `jm_proj_index` WHERE `status` = 9 AND `stage` IN ('8','9') ORDER BY create_time desc  [ RunTime:0.0157s ]
SQL: SELECT * FROM `jm_proj_index` WHERE `status` = 9 AND `stage` = 8 ORDER BY create_time desc  [ RunTime:0.0005s ]
NOTIC: [2] array_slice() expects parameter 1 to be array, null given D:\wamp\www\Application\Home\Controller\ListController.class.php 第 63 行.
INFO: [ view_parse ] --START--
INFO: [ template_filter ] --START--
INFO: Run Behavior\ContentReplaceBehavior [ RunTime:0.000207s ]
INFO: [ template_filter ] --END-- [ RunTime:0.000300s ]
SQL: SHOW COLUMNS FROM `jm_picture` [ RunTime:0.0053s ]
SQL: SELECT * FROM `jm_picture` WHERE `status` = 1 AND `id` = 15 LIMIT 1   [ RunTime:0.0003s ]
NOTIC: [8] Undefined variable: listOfStocks D:\wamp\www\Runtime\Cache\Home\17aa3eae73c20220667e35dc2db3fa96.php 第 263 行.
INFO: Run Behavior\ParseTemplateBehavior [ RunTime:0.125114s ]
INFO: [ view_parse ] --END-- [ RunTime:0.125213s ]
INFO: [ view_filter ] --START--
INFO: Run Behavior\WriteHtmlCacheBehavior [ RunTime:0.000261s ]
INFO: [ view_filter ] --END-- [ RunTime:0.000339s ]
INFO: [ app_end ] --START--
INFO: Run Behavior\ShowPageTraceBehavior [ RunTime:0.000375s ]
INFO: [ app_end ] --END-- [ RunTime:0.000460s ]

[ 2015-06-26T09:19:57+08:00 ] 192.168.0.160 /List/index/type/2/status/0/p/1.html
INFO: [ app_init ] --START--
INFO: Run Behavior\BuildLiteBehavior [ RunTime:0.000018s ]
INFO: Run Common\Behavior\InitHookBehavior [ RunTime:0.000955s ]
INFO: [ app_init ] --END-- [ RunTime:0.001275s ]
INFO: [ app_begin ] --START--
INFO: Run Behavior\ReadHtmlCacheBehavior [ RunTime:0.000314s ]
INFO: [ app_begin ] --END-- [ RunTime:0.000403s ]
SQL: SHOW COLUMNS FROM `jm_config` [ RunTime:0.0069s ]
SQL: SELECT `type`,`name`,`value` FROM `jm_config` WHERE `status` = 1  [ RunTime:0.0003s ]
SQL: SHOW COLUMNS FROM `jm_product` [ RunTime:0.0044s ]
SQL: SHOW COLUMNS FROM `jm_product` [ RunTime:0.0030s ]
SQL: SELECT * FROM `jm_product` WHERE `status` = 9 AND `stage` = 2 ORDER BY create_time desc  [ RunTime:0.0003s ]
NOTIC: [2048] Only variables should be passed by reference D:\wamp\www\Application\Home\Model\ProductModel.class.php 第 14 行.
NOTIC: [2] Invalid argument supplied for foreach() D:\wamp\www\Application\Home\Model\ProductModel.class.php 第 63 行.
SQL: SELECT * FROM `jm_product` WHERE `status` = 9 AND `stage` = 9 ORDER BY create_time desc  [ RunTime:0.0002s ]
NOTIC: [2048] Only variables should be passed by reference D:\wamp\www\Application\Home\Model\ProductModel.class.php 第 19 行.
NOTIC: [2] Invalid argument supplied for foreach() D:\wamp\www\Application\Home\Model\ProductModel.class.php 第 63 行.
NOTIC: [2] array_merge(): Argument #1 is not an array D:\wamp\www\Application\Home\Model\ProductModel.class.php 第 9 行.
NOTIC: [8] Undefined variable: stocksList D:\wamp\www\Application\Home\Controller\ListController.class.php 第 72 行.
NOTIC: [2] array_slice() expects parameter 1 to be array, null given D:\wamp\www\Application\Home\Controller\ListController.class.php 第 72 行.
INFO: [ view_parse ] --START--
INFO: [ template_filter ] --START--
INFO: Run Behavior\ContentReplaceBehavior [ RunTime:0.000360s ]
INFO: [ template_filter ] --END-- [ RunTime:0.000533s ]
NOTIC: [8] Undefined variable: listOfStocks D:\wamp\www\Runtime\Cache\Home\17aa3eae73c20220667e35dc2db3fa96.php 第 263 行.
INFO: Run Behavior\ParseTemplateBehavior [ RunTime:0.056122s ]
INFO: [ view_parse ] --END-- [ RunTime:0.056209s ]
INFO: [ view_filter ] --START--
INFO: Run Behavior\WriteHtmlCacheBehavior [ RunTime:0.000234s ]
INFO: [ view_filter ] --END-- [ RunTime:0.000312s ]
INFO: [ app_end ] --START--
INFO: Run Behavior\ShowPageTraceBehavior [ RunTime:0.000420s ]
INFO: [ app_end ] --END-- [ RunTime:0.000544s ]

[ 2015-06-26T09:20:00+08:00 ] 192.168.0.160 /Index/index.html
INFO: [ app_init ] --START--
INFO: Run Behavior\BuildLiteBehavior [ RunTime:0.000019s ]
INFO: Run Common\Behavior\InitHookBehavior [ RunTime:0.001083s ]
INFO: [ app_init ] --END-- [ RunTime:0.001416s ]
INFO: [ app_begin ] --START--
INFO: Run Behavior\ReadHtmlCacheBehavior [ RunTime:0.000303s ]
INFO: [ app_begin ] --END-- [ RunTime:0.000391s ]
SQL: SHOW COLUMNS FROM `jm_config` [ RunTime:0.0053s ]
SQL: SELECT `type`,`name`,`value` FROM `jm_config` WHERE `status` = 1  [ RunTime:0.0003s ]
SQL: SHOW COLUMNS FROM `jm_notice` [ RunTime:0.0043s ]
SQL: SELECT `id`,`create_time`,`title` FROM `jm_notice` WHERE ( status = 0 ) ORDER BY is_top desc,create_time desc LIMIT 6   [ RunTime:0.0002s ]
SQL: SHOW COLUMNS FROM `jm_infomation` [ RunTime:0.0111s ]
SQL: SELECT `id`,`create_time`,`title` FROM `jm_infomation` WHERE ( status = 1 ) ORDER BY level desc,create_time desc LIMIT 6   [ RunTime:0.0002s ]
NOTIC: [8] Undefined variable: noticearray D:\wamp\www\Application\Home\Controller\IndexController.class.php 第 60 行.
NOTIC: [2] implode(): Invalid arguments passed D:\wamp\www\Application\Home\Controller\IndexController.class.php 第 60 行.
NOTIC: [8] Undefined variable: newsarray D:\wamp\www\Application\Home\Controller\IndexController.class.php 第 62 行.
NOTIC: [2] implode(): Invalid arguments passed D:\wamp\www\Application\Home\Controller\IndexController.class.php 第 62 行.
SQL: SHOW COLUMNS FROM `jm_project` [ RunTime:0.0522s ]
SQL: SHOW COLUMNS FROM `jm_proj_index` [ RunTime:0.0043s ]
SQL: SELECT * FROM `jm_proj_index` WHERE `stage` = 4 ORDER BY is_top desc, create_time desc LIMIT 6   [ RunTime:0.0005s ]
SQL: SELECT * FROM `jm_proj_index` WHERE `stage` = 2 ORDER BY is_top desc, create_time desc  [ RunTime:0.0004s ]
SQL: SELECT * FROM `jm_proj_index` WHERE `stage` = 1 ORDER BY is_top desc, create_time desc  [ RunTime:0.0004s ]
SQL: SELECT * FROM `jm_proj_index` WHERE `stage` = 9 ORDER BY is_top desc, create_time desc LIMIT 6   [ RunTime:0.0004s ]
SQL: SHOW COLUMNS FROM `jm_banner` [ RunTime:0.0050s ]
SQL: SELECT * FROM `jm_banner` WHERE `status` = 0 ORDER BY sort asc,id desc  [ RunTime:0.0002s ]
SQL: SELECT * FROM `jm_proj_index` WHERE `status` = 9 AND `stage` BETWEEN '1' AND '4' ORDER BY stage desc,is_top desc,create_time desc LIMIT 6   [ RunTime:0.0005s ]
SQL: SHOW COLUMNS FROM `jm_project` [ RunTime:0.0030s ]
SQL: SELECT COUNT(*) AS tp_count FROM `jm_project` WHERE `status` >= 9 LIMIT 1   [ RunTime:0.0002s ]
SQL: SHOW COLUMNS FROM `jm_project_investor` [ RunTime:0.0039s ]
SQL: SELECT SUM(fund) AS tp_sum FROM `jm_project_investor` WHERE `status` >= 4 LIMIT 1   [ RunTime:0.0002s ]
SQL: SHOW COLUMNS FROM `jm_product` [ RunTime:0.0040s ]
SQL: SELECT COUNT(*) AS tp_count FROM `jm_product` WHERE `status` >= 9 LIMIT 1   [ RunTime:0.0002s ]
SQL: SHOW COLUMNS FROM `jm_custom` [ RunTime:0.0041s ]
SQL: SELECT SUM(amount) AS tp_sum FROM `jm_custom` WHERE `status` = 1 LIMIT 1   [ RunTime:0.0002s ]
SQL: SHOW COLUMNS FROM `jm_ucenter_member` [ RunTime:0.0189s ]
SQL: SELECT COUNT(*) AS tp_count FROM `jm_ucenter_member` WHERE `status` = 1 LIMIT 1   [ RunTime:0.0002s ]
SQL: SHOW COLUMNS FROM `jm_link` [ RunTime:0.0196s ]
SQL: SELECT `name`,`logo`,`url` FROM `jm_link` WHERE `status` = 1 ORDER BY sort desc LIMIT 12   [ RunTime:0.0004s ]
INFO: [ view_parse ] --START--
INFO: [ template_filter ] --START--
INFO: Run Behavior\ContentReplaceBehavior [ RunTime:0.000303s ]
INFO: [ template_filter ] --END-- [ RunTime:0.000397s ]
SQL: SHOW COLUMNS FROM `jm_picture` [ RunTime:0.0042s ]
SQL: SELECT * FROM `jm_picture` WHERE `status` = 1 AND `id` = 20 LIMIT 1   [ RunTime:0.0002s ]
SQL: SELECT * FROM `jm_picture` WHERE `status` = 1 AND `id` = 20 LIMIT 1   [ RunTime:0.0002s ]
SQL: SELECT * FROM `jm_picture` WHERE `status` = 1 AND `id` = 19 LIMIT 1   [ RunTime:0.0002s ]
SQL: SELECT * FROM `jm_picture` WHERE `status` = 1 AND `id` = 19 LIMIT 1   [ RunTime:0.0002s ]
SQL: SELECT * FROM `jm_picture` WHERE `status` = 1 AND `id` = 15 LIMIT 1   [ RunTime:0.0002s ]
SQL: SELECT * FROM `jm_picture` WHERE `status` = 1 AND `id` = 10 LIMIT 1   [ RunTime:0.0002s ]
SQL: SELECT * FROM `jm_picture` WHERE `status` = 1 AND `id` = 5 LIMIT 1   [ RunTime:0.0002s ]
SQL: SELECT * FROM `jm_picture` WHERE `status` = 1 AND `id` = 11 LIMIT 1   [ RunTime:0.0002s ]
SQL: SELECT * FROM `jm_picture` WHERE `status` = 1 AND `id` = 14 LIMIT 1   [ RunTime:0.0002s ]
SQL: SELECT * FROM `jm_picture` WHERE `status` = 1 AND `id` = 13 LIMIT 1   [ RunTime:0.0001s ]
INFO: Run Behavior\ParseTemplateBehavior [ RunTime:0.093811s ]
INFO: [ view_parse ] --END-- [ RunTime:0.093903s ]
INFO: [ view_filter ] --START--
INFO: Run Behavior\WriteHtmlCacheBehavior [ RunTime:0.000291s ]
INFO: [ view_filter ] --END-- [ RunTime:0.000377s ]
INFO: [ app_end ] --START--
INFO: Run Behavior\ShowPageTraceBehavior [ RunTime:0.000402s ]
INFO: [ app_end ] --END-- [ RunTime:0.000489s ]

[ 2015-06-26T09:20:01+08:00 ] 192.168.0.160 /Index/getinfo?type=1&id=2
INFO: [ app_init ] --START--
INFO: Run Behavior\BuildLiteBehavior [ RunTime:0.000038s ]
INFO: Run Common\Behavior\InitHookBehavior [ RunTime:0.002772s ]
INFO: [ app_init ] --END-- [ RunTime:0.003492s ]
INFO: [ app_begin ] --START--
INFO: Run Behavior\ReadHtmlCacheBehavior [ RunTime:0.000631s ]
INFO: [ app_begin ] --END-- [ RunTime:0.000787s ]
SQL: SHOW COLUMNS FROM `jm_config` [ RunTime:0.0125s ]
SQL: SELECT `type`,`name`,`value` FROM `jm_config` WHERE `status` = 1  [ RunTime:0.0007s ]
SQL: SHOW COLUMNS FROM `jm_infomation` [ RunTime:0.0060s ]
SQL: SELECT `description`,`title` FROM `jm_infomation` WHERE `id` = 2 LIMIT 1   [ RunTime:0.0006s ]
NOTIC: [8] Undefined index: id D:\wamp\www\Application\Home\Controller\IndexController.class.php 第 146 行.

[ 2015-06-26T09:20:09+08:00 ] 192.168.0.160 /List/index/type/0/status/1/p/1.html
INFO: [ app_init ] --START--
INFO: Run Behavior\BuildLiteBehavior [ RunTime:0.000020s ]
INFO: Run Common\Behavior\InitHookBehavior [ RunTime:0.000958s ]
INFO: [ app_init ] --END-- [ RunTime:0.001281s ]
INFO: [ app_begin ] --START--
INFO: Run Behavior\ReadHtmlCacheBehavior [ RunTime:0.000296s ]
INFO: [ app_begin ] --END-- [ RunTime:0.000384s ]
SQL: SHOW COLUMNS FROM `jm_config` [ RunTime:0.0177s ]
SQL: SELECT `type`,`name`,`value` FROM `jm_config` WHERE `status` = 1  [ RunTime:0.0003s ]
SQL: SHOW COLUMNS FROM `jm_project` [ RunTime:0.0041s ]
SQL: SHOW COLUMNS FROM `jm_proj_index` [ RunTime:0.0044s ]
SQL: SELECT * FROM `jm_proj_index` WHERE `status` = 9 AND `stage` = 4 ORDER BY create_time desc  [ RunTime:0.0006s ]
SQL: SHOW COLUMNS FROM `jm_product` [ RunTime:0.0039s ]
SQL: SHOW COLUMNS FROM `jm_product` [ RunTime:0.0028s ]
SQL: SELECT * FROM `jm_product` WHERE `status` = 9 AND `stage` = 2 ORDER BY create_time desc  [ RunTime:0.0002s ]
NOTIC: [2048] Only variables should be passed by reference D:\wamp\www\Application\Home\Model\ProductModel.class.php 第 14 行.
NOTIC: [2] Invalid argument supplied for foreach() D:\wamp\www\Application\Home\Model\ProductModel.class.php 第 63 行.
NOTIC: [2] array_slice() expects parameter 1 to be array, null given D:\wamp\www\Application\Home\Controller\ListController.class.php 第 63 行.
INFO: [ view_parse ] --START--
INFO: [ template_filter ] --START--
INFO: Run Behavior\ContentReplaceBehavior [ RunTime:0.000207s ]
INFO: [ template_filter ] --END-- [ RunTime:0.000300s ]
SQL: SHOW COLUMNS FROM `jm_picture` [ RunTime:0.0052s ]
SQL: SELECT * FROM `jm_picture` WHERE `status` = 1 AND `id` = 15 LIMIT 1   [ RunTime:0.0003s ]
NOTIC: [8] Undefined variable: listOfStocks D:\wamp\www\Runtime\Cache\Home\17aa3eae73c20220667e35dc2db3fa96.php 第 263 行.
INFO: Run Behavior\ParseTemplateBehavior [ RunTime:0.064613s ]
INFO: [ view_parse ] --END-- [ RunTime:0.064750s ]
INFO: [ view_filter ] --START--
INFO: Run Behavior\WriteHtmlCacheBehavior [ RunTime:0.000373s ]
INFO: [ view_filter ] --END-- [ RunTime:0.000516s ]
INFO: [ app_end ] --START--
INFO: Run Behavior\ShowPageTraceBehavior [ RunTime:0.000604s ]
INFO: [ app_end ] --END-- [ RunTime:0.000765s ]

[ 2015-06-26T09:20:13+08:00 ] 192.168.0.160 /Index/getinfo?type=1&id=2
INFO: [ app_init ] --START--
INFO: Run Behavior\BuildLiteBehavior [ RunTime:0.000033s ]
INFO: Run Common\Behavior\InitHookBehavior [ RunTime:0.001651s ]
INFO: [ app_init ] --END-- [ RunTime:0.002189s ]
INFO: [ app_begin ] --START--
INFO: Run Behavior\ReadHtmlCacheBehavior [ RunTime:0.000632s ]
INFO: [ app_begin ] --END-- [ RunTime:0.000790s ]
SQL: SHOW COLUMNS FROM `jm_config` [ RunTime:0.0157s ]
SQL: SELECT `type`,`name`,`value` FROM `jm_config` WHERE `status` = 1  [ RunTime:0.0006s ]
SQL: SHOW COLUMNS FROM `jm_infomation` [ RunTime:0.0075s ]
SQL: SELECT `description`,`title` FROM `jm_infomation` WHERE `id` = 2 LIMIT 1   [ RunTime:0.0002s ]
NOTIC: [8] Undefined index: id D:\wamp\www\Application\Home\Controller\IndexController.class.php 第 146 行.

[ 2015-06-26T09:20:15+08:00 ] 192.168.0.160 /List/index/type/0/status/2/p/1.html
INFO: [ app_init ] --START--
INFO: Run Behavior\BuildLiteBehavior [ RunTime:0.000019s ]
INFO: Run Common\Behavior\InitHookBehavior [ RunTime:0.000963s ]
INFO: [ app_init ] --END-- [ RunTime:0.001279s ]
INFO: [ app_begin ] --START--
INFO: Run Behavior\ReadHtmlCacheBehavior [ RunTime:0.000647s ]
INFO: [ app_begin ] --END-- [ RunTime:0.000851s ]
SQL: SHOW COLUMNS FROM `jm_config` [ RunTime:0.0172s ]
SQL: SELECT `type`,`name`,`value` FROM `jm_config` WHERE `status` = 1  [ RunTime:0.0003s ]
SQL: SHOW COLUMNS FROM `jm_project` [ RunTime:0.0042s ]
SQL: SHOW COLUMNS FROM `jm_proj_index` [ RunTime:0.0124s ]
SQL: SELECT * FROM `jm_proj_index` WHERE `status` = 9 AND `stage` IN ('8','9') ORDER BY create_time desc  [ RunTime:0.0005s ]
SQL: SHOW COLUMNS FROM `jm_product` [ RunTime:0.0067s ]
SQL: SHOW COLUMNS FROM `jm_product` [ RunTime:0.0025s ]
SQL: SELECT * FROM `jm_product` WHERE `status` = 9 AND `stage` = 9 ORDER BY create_time desc  [ RunTime:0.0002s ]
NOTIC: [2048] Only variables should be passed by reference D:\wamp\www\Application\Home\Model\ProductModel.class.php 第 19 行.
NOTIC: [2] Invalid argument supplied for foreach() D:\wamp\www\Application\Home\Model\ProductModel.class.php 第 63 行.
NOTIC: [8] Undefined variable: stocksList D:\wamp\www\Application\Home\Controller\ListController.class.php 第 72 行.
NOTIC: [2] array_slice() expects parameter 1 to be array, null given D:\wamp\www\Application\Home\Controller\ListController.class.php 第 72 行.
INFO: [ view_parse ] --START--
INFO: [ template_filter ] --START--
INFO: Run Behavior\ContentReplaceBehavior [ RunTime:0.000225s ]
INFO: [ template_filter ] --END-- [ RunTime:0.000319s ]
NOTIC: [8] Undefined variable: listOfStocks D:\wamp\www\Runtime\Cache\Home\17aa3eae73c20220667e35dc2db3fa96.php 第 263 行.
INFO: Run Behavior\ParseTemplateBehavior [ RunTime:0.057134s ]
INFO: [ view_parse ] --END-- [ RunTime:0.057221s ]
INFO: [ view_filter ] --START--
INFO: Run Behavior\WriteHtmlCacheBehavior [ RunTime:0.000255s ]
INFO: [ view_filter ] --END-- [ RunTime:0.000333s ]
INFO: [ app_end ] --START--
INFO: Run Behavior\ShowPageTraceBehavior [ RunTime:0.000377s ]
INFO: [ app_end ] --END-- [ RunTime:0.000464s ]

[ 2015-06-26T09:20:18+08:00 ] 192.168.0.160 /Index/getinfo?type=1&id=2
INFO: [ app_init ] --START--
INFO: Run Behavior\BuildLiteBehavior [ RunTime:0.000039s ]
INFO: Run Common\Behavior\InitHookBehavior [ RunTime:0.002318s ]
INFO: [ app_init ] --END-- [ RunTime:0.003042s ]
INFO: [ app_begin ] --START--
INFO: Run Behavior\ReadHtmlCacheBehavior [ RunTime:0.000354s ]
INFO: [ app_begin ] --END-- [ RunTime:0.000444s ]
SQL: SHOW COLUMNS FROM `jm_config` [ RunTime:0.0171s ]
SQL: SELECT `type`,`name`,`value` FROM `jm_config` WHERE `status` = 1  [ RunTime:0.0003s ]
SQL: SHOW COLUMNS FROM `jm_infomation` [ RunTime:0.0040s ]
SQL: SELECT `description`,`title` FROM `jm_infomation` WHERE `id` = 2 LIMIT 1   [ RunTime:0.0003s ]
NOTIC: [8] Undefined index: id D:\wamp\www\Application\Home\Controller\IndexController.class.php 第 146 行.

[ 2015-06-26T09:20:20+08:00 ] 192.168.0.160 /Index/index.html
INFO: [ app_init ] --START--
INFO: Run Behavior\BuildLiteBehavior [ RunTime:0.000020s ]
INFO: Run Common\Behavior\InitHookBehavior [ RunTime:0.000958s ]
INFO: [ app_init ] --END-- [ RunTime:0.001302s ]
INFO: [ app_begin ] --START--
INFO: Run Behavior\ReadHtmlCacheBehavior [ RunTime:0.000300s ]
INFO: [ app_begin ] --END-- [ RunTime:0.000389s ]
SQL: SHOW COLUMNS FROM `jm_config` [ RunTime:0.0054s ]
SQL: SELECT `type`,`name`,`value` FROM `jm_config` WHERE `status` = 1  [ RunTime:0.0003s ]
SQL: SHOW COLUMNS FROM `jm_notice` [ RunTime:0.0043s ]
SQL: SELECT `id`,`create_time`,`title` FROM `jm_notice` WHERE ( status = 0 ) ORDER BY is_top desc,create_time desc LIMIT 6   [ RunTime:0.0002s ]
SQL: SHOW COLUMNS FROM `jm_infomation` [ RunTime:0.0038s ]
SQL: SELECT `id`,`create_time`,`title` FROM `jm_infomation` WHERE ( status = 1 ) ORDER BY level desc,create_time desc LIMIT 6   [ RunTime:0.0002s ]
NOTIC: [8] Undefined variable: noticearray D:\wamp\www\Application\Home\Controller\IndexController.class.php 第 60 行.
NOTIC: [2] implode(): Invalid arguments passed D:\wamp\www\Application\Home\Controller\IndexController.class.php 第 60 行.
NOTIC: [8] Undefined variable: newsarray D:\wamp\www\Application\Home\Controller\IndexController.class.php 第 62 行.
NOTIC: [2] implode(): Invalid arguments passed D:\wamp\www\Application\Home\Controller\IndexController.class.php 第 62 行.
SQL: SHOW COLUMNS FROM `jm_project` [ RunTime:0.0042s ]
SQL: SHOW COLUMNS FROM `jm_proj_index` [ RunTime:0.0044s ]
SQL: SELECT * FROM `jm_proj_index` WHERE `stage` = 4 ORDER BY is_top desc, create_time desc LIMIT 6   [ RunTime:0.0005s ]
SQL: SELECT * FROM `jm_proj_index` WHERE `stage` = 2 ORDER BY is_top desc, create_time desc  [ RunTime:0.0004s ]
SQL: SELECT * FROM `jm_proj_index` WHERE `stage` = 1 ORDER BY is_top desc, create_time desc  [ RunTime:0.0004s ]
SQL: SELECT * FROM `jm_proj_index` WHERE `stage` = 9 ORDER BY is_top desc, create_time desc LIMIT 6   [ RunTime:0.0004s ]
SQL: SHOW COLUMNS FROM `jm_banner` [ RunTime:0.0037s ]
SQL: SELECT * FROM `jm_banner` WHERE `status` = 0 ORDER BY sort asc,id desc  [ RunTime:0.0003s ]
SQL: SELECT * FROM `jm_proj_index` WHERE `status` = 9 AND `stage` BETWEEN '1' AND '4' ORDER BY stage desc,is_top desc,create_time desc LIMIT 6   [ RunTime:0.0005s ]
SQL: SHOW COLUMNS FROM `jm_project` [ RunTime:0.0028s ]
SQL: SELECT COUNT(*) AS tp_count FROM `jm_project` WHERE `status` >= 9 LIMIT 1   [ RunTime:0.0002s ]
SQL: SHOW COLUMNS FROM `jm_project_investor` [ RunTime:0.0064s ]
SQL: SELECT SUM(fund) AS tp_sum FROM `jm_project_investor` WHERE `status` >= 4 LIMIT 1   [ RunTime:0.0002s ]
SQL: SHOW COLUMNS FROM `jm_product` [ RunTime:0.0040s ]
SQL: SELECT COUNT(*) AS tp_count FROM `jm_product` WHERE `status` >= 9 LIMIT 1   [ RunTime:0.0002s ]
SQL: SHOW COLUMNS FROM `jm_custom` [ RunTime:0.0038s ]
SQL: SELECT SUM(amount) AS tp_sum FROM `jm_custom` WHERE `status` = 1 LIMIT 1   [ RunTime:0.0002s ]
SQL: SHOW COLUMNS FROM `jm_ucenter_member` [ RunTime:0.0040s ]
SQL: SELECT COUNT(*) AS tp_count FROM `jm_ucenter_member` WHERE `status` = 1 LIMIT 1   [ RunTime:0.0002s ]
SQL: SHOW COLUMNS FROM `jm_link` [ RunTime:0.0038s ]
SQL: SELECT `name`,`logo`,`url` FROM `jm_link` WHERE `status` = 1 ORDER BY sort desc LIMIT 12   [ RunTime:0.0002s ]
INFO: [ view_parse ] --START--
INFO: [ template_filter ] --START--
INFO: Run Behavior\ContentReplaceBehavior [ RunTime:0.000302s ]
INFO: [ template_filter ] --END-- [ RunTime:0.000396s ]
SQL: SHOW COLUMNS FROM `jm_picture` [ RunTime:0.0181s ]
SQL: SELECT * FROM `jm_picture` WHERE `status` = 1 AND `id` = 20 LIMIT 1   [ RunTime:0.0002s ]
SQL: SELECT * FROM `jm_picture` WHERE `status` = 1 AND `id` = 20 LIMIT 1   [ RunTime:0.0001s ]
SQL: SELECT * FROM `jm_picture` WHERE `status` = 1 AND `id` = 19 LIMIT 1   [ RunTime:0.0001s ]
SQL: SELECT * FROM `jm_picture` WHERE `status` = 1 AND `id` = 19 LIMIT 1   [ RunTime:0.0001s ]
SQL: SELECT * FROM `jm_picture` WHERE `status` = 1 AND `id` = 15 LIMIT 1   [ RunTime:0.0002s ]
SQL: SELECT * FROM `jm_picture` WHERE `status` = 1 AND `id` = 10 LIMIT 1   [ RunTime:0.0002s ]
SQL: SELECT * FROM `jm_picture` WHERE `status` = 1 AND `id` = 5 LIMIT 1   [ RunTime:0.0001s ]
SQL: SELECT * FROM `jm_picture` WHERE `status` = 1 AND `id` = 11 LIMIT 1   [ RunTime:0.0002s ]
SQL: SELECT * FROM `jm_picture` WHERE `status` = 1 AND `id` = 14 LIMIT 1   [ RunTime:0.0001s ]
SQL: SELECT * FROM `jm_picture` WHERE `status` = 1 AND `id` = 13 LIMIT 1   [ RunTime:0.0002s ]
INFO: Run Behavior\ParseTemplateBehavior [ RunTime:0.092362s ]
INFO: [ view_parse ] --END-- [ RunTime:0.092446s ]
INFO: [ view_filter ] --START--
INFO: Run Behavior\WriteHtmlCacheBehavior [ RunTime:0.000288s ]
INFO: [ view_filter ] --END-- [ RunTime:0.000367s ]
INFO: [ app_end ] --START--
INFO: Run Behavior\ShowPageTraceBehavior [ RunTime:0.000474s ]
INFO: [ app_end ] --END-- [ RunTime:0.000580s ]

[ 2015-06-26T09:20:20+08:00 ] 192.168.0.160 /Index/getinfo?type=1&id=2
INFO: [ app_init ] --START--
INFO: Run Behavior\BuildLiteBehavior [ RunTime:0.000021s ]
INFO: Run Common\Behavior\InitHookBehavior [ RunTime:0.001020s ]
INFO: [ app_init ] --END-- [ RunTime:0.001373s ]
INFO: [ app_begin ] --START--
INFO: Run Behavior\ReadHtmlCacheBehavior [ RunTime:0.000325s ]
INFO: [ app_begin ] --END-- [ RunTime:0.000409s ]
SQL: SHOW COLUMNS FROM `jm_config` [ RunTime:0.0057s ]
SQL: SELECT `type`,`name`,`value` FROM `jm_config` WHERE `status` = 1  [ RunTime:0.0006s ]
SQL: SHOW COLUMNS FROM `jm_infomation` [ RunTime:0.0042s ]
SQL: SELECT `description`,`title` FROM `jm_infomation` WHERE `id` = 2 LIMIT 1   [ RunTime:0.0006s ]
NOTIC: [8] Undefined index: id D:\wamp\www\Application\Home\Controller\IndexController.class.php 第 146 行.

[ 2015-06-26T09:20:22+08:00 ] 192.168.0.160 /List/index/type/1/status/0/p/1.html
INFO: [ app_init ] --START--
INFO: Run Behavior\BuildLiteBehavior [ RunTime:0.000020s ]
INFO: Run Common\Behavior\InitHookBehavior [ RunTime:0.000947s ]
INFO: [ app_init ] --END-- [ RunTime:0.001272s ]
INFO: [ app_begin ] --START--
INFO: Run Behavior\ReadHtmlCacheBehavior [ RunTime:0.000297s ]
INFO: [ app_begin ] --END-- [ RunTime:0.000384s ]
SQL: SHOW COLUMNS FROM `jm_config` [ RunTime:0.0056s ]
SQL: SELECT `type`,`name`,`value` FROM `jm_config` WHERE `status` = 1  [ RunTime:0.0003s ]
SQL: SHOW COLUMNS FROM `jm_project` [ RunTime:0.0041s ]
SQL: SHOW COLUMNS FROM `jm_proj_index` [ RunTime:0.0043s ]
SQL: SELECT * FROM `jm_proj_index` WHERE `status` = 9 AND `stage` = 4 ORDER BY create_time desc  [ RunTime:0.0006s ]
SQL: SELECT * FROM `jm_proj_index` WHERE `status` = 9 AND `stage` = 1 ORDER BY create_time desc  [ RunTime:0.0004s ]
SQL: SELECT * FROM `jm_proj_index` WHERE `status` = 9 AND `stage` IN ('8','9') ORDER BY create_time desc  [ RunTime:0.0004s ]
SQL: SELECT * FROM `jm_proj_index` WHERE `status` = 9 AND `stage` = 8 ORDER BY create_time desc  [ RunTime:0.0004s ]
NOTIC: [2] array_slice() expects parameter 1 to be array, null given D:\wamp\www\Application\Home\Controller\ListController.class.php 第 63 行.
INFO: [ view_parse ] --START--
INFO: [ template_filter ] --START--
INFO: Run Behavior\ContentReplaceBehavior [ RunTime:0.000204s ]
INFO: [ template_filter ] --END-- [ RunTime:0.000296s ]
SQL: SHOW COLUMNS FROM `jm_picture` [ RunTime:0.0051s ]
SQL: SELECT * FROM `jm_picture` WHERE `status` = 1 AND `id` = 15 LIMIT 1   [ RunTime:0.0002s ]
NOTIC: [8] Undefined variable: listOfStocks D:\wamp\www\Runtime\Cache\Home\17aa3eae73c20220667e35dc2db3fa96.php 第 263 行.
INFO: Run Behavior\ParseTemplateBehavior [ RunTime:0.065574s ]
INFO: [ view_parse ] --END-- [ RunTime:0.065661s ]
INFO: [ view_filter ] --START--
INFO: Run Behavior\WriteHtmlCacheBehavior [ RunTime:0.000252s ]
INFO: [ view_filter ] --END-- [ RunTime:0.000330s ]
INFO: [ app_end ] --START--
INFO: Run Behavior\ShowPageTraceBehavior [ RunTime:0.000387s ]
INFO: [ app_end ] --END-- [ RunTime:0.000476s ]

[ 2015-06-26T09:20:23+08:00 ] 192.168.0.160 /List/index/type/1/status/2/p/1.html
INFO: [ app_init ] --START--
INFO: Run Behavior\BuildLiteBehavior [ RunTime:0.000019s ]
INFO: Run Common\Behavior\InitHookBehavior [ RunTime:0.000964s ]
INFO: [ app_init ] --END-- [ RunTime:0.001288s ]
INFO: [ app_begin ] --START--
INFO: Run Behavior\ReadHtmlCacheBehavior [ RunTime:0.000294s ]
INFO: [ app_begin ] --END-- [ RunTime:0.000384s ]
SQL: SHOW COLUMNS FROM `jm_config` [ RunTime:0.0075s ]
SQL: SELECT `type`,`name`,`value` FROM `jm_config` WHERE `status` = 1  [ RunTime:0.0003s ]
SQL: SHOW COLUMNS FROM `jm_project` [ RunTime:0.0040s ]
SQL: SHOW COLUMNS FROM `jm_proj_index` [ RunTime:0.0068s ]
SQL: SELECT * FROM `jm_proj_index` WHERE `status` = 9 AND `stage` IN ('8','9') ORDER BY create_time desc  [ RunTime:0.0006s ]
NOTIC: [8] Undefined variable: stocksList D:\wamp\www\Application\Home\Controller\ListController.class.php 第 72 行.
NOTIC: [2] array_slice() expects parameter 1 to be array, null given D:\wamp\www\Application\Home\Controller\ListController.class.php 第 72 行.
INFO: [ view_parse ] --START--
INFO: [ template_filter ] --START--
INFO: Run Behavior\ContentReplaceBehavior [ RunTime:0.000208s ]
INFO: [ template_filter ] --END-- [ RunTime:0.000303s ]
NOTIC: [8] Undefined variable: listOfStocks D:\wamp\www\Runtime\Cache\Home\17aa3eae73c20220667e35dc2db3fa96.php 第 263 行.
INFO: Run Behavior\ParseTemplateBehavior [ RunTime:0.053848s ]
INFO: [ view_parse ] --END-- [ RunTime:0.053935s ]
INFO: [ view_filter ] --START--
INFO: Run Behavior\WriteHtmlCacheBehavior [ RunTime:0.000236s ]
INFO: [ view_filter ] --END-- [ RunTime:0.000314s ]
INFO: [ app_end ] --START--
INFO: Run Behavior\ShowPageTraceBehavior [ RunTime:0.000437s ]
INFO: [ app_end ] --END-- [ RunTime:0.000578s ]

[ 2015-06-26T09:20:26+08:00 ] 192.168.0.160 /Index/index.html
INFO: [ app_init ] --START--
INFO: Run Behavior\BuildLiteBehavior [ RunTime:0.000020s ]
INFO: Run Common\Behavior\InitHookBehavior [ RunTime:0.000980s ]
INFO: [ app_init ] --END-- [ RunTime:0.001307s ]
INFO: [ app_begin ] --START--
INFO: Run Behavior\ReadHtmlCacheBehavior [ RunTime:0.000305s ]
INFO: [ app_begin ] --END-- [ RunTime:0.000396s ]
SQL: SHOW COLUMNS FROM `jm_config` [ RunTime:0.0056s ]
SQL: SELECT `type`,`name`,`value` FROM `jm_config` WHERE `status` = 1  [ RunTime:0.0003s ]
SQL: SHOW COLUMNS FROM `jm_notice` [ RunTime:0.0039s ]
SQL: SELECT `id`,`create_time`,`title` FROM `jm_notice` WHERE ( status = 0 ) ORDER BY is_top desc,create_time desc LIMIT 6   [ RunTime:0.0002s ]
SQL: SHOW COLUMNS FROM `jm_infomation` [ RunTime:0.0042s ]
SQL: SELECT `id`,`create_time`,`title` FROM `jm_infomation` WHERE ( status = 1 ) ORDER BY level desc,create_time desc LIMIT 6   [ RunTime:0.0002s ]
NOTIC: [8] Undefined variable: noticearray D:\wamp\www\Application\Home\Controller\IndexController.class.php 第 60 行.
NOTIC: [2] implode(): Invalid arguments passed D:\wamp\www\Application\Home\Controller\IndexController.class.php 第 60 行.
NOTIC: [8] Undefined variable: newsarray D:\wamp\www\Application\Home\Controller\IndexController.class.php 第 62 行.
NOTIC: [2] implode(): Invalid arguments passed D:\wamp\www\Application\Home\Controller\IndexController.class.php 第 62 行.
SQL: SHOW COLUMNS FROM `jm_project` [ RunTime:0.0047s ]
SQL: SHOW COLUMNS FROM `jm_proj_index` [ RunTime:0.0052s ]
SQL: SELECT * FROM `jm_proj_index` WHERE `stage` = 4 ORDER BY is_top desc, create_time desc LIMIT 6   [ RunTime:0.0006s ]
SQL: SELECT * FROM `jm_proj_index` WHERE `stage` = 2 ORDER BY is_top desc, create_time desc  [ RunTime:0.0006s ]
SQL: SELECT * FROM `jm_proj_index` WHERE `stage` = 1 ORDER BY is_top desc, create_time desc  [ RunTime:0.0005s ]
SQL: SELECT * FROM `jm_proj_index` WHERE `stage` = 9 ORDER BY is_top desc, create_time desc LIMIT 6   [ RunTime:0.0005s ]
SQL: SHOW COLUMNS FROM `jm_banner` [ RunTime:0.0181s ]
SQL: SELECT * FROM `jm_banner` WHERE `status` = 0 ORDER BY sort asc,id desc  [ RunTime:0.0003s ]
SQL: SELECT * FROM `jm_proj_index` WHERE `status` = 9 AND `stage` BETWEEN '1' AND '4' ORDER BY stage desc,is_top desc,create_time desc LIMIT 6   [ RunTime:0.0005s ]
SQL: SHOW COLUMNS FROM `jm_project` [ RunTime:0.0025s ]
SQL: SELECT COUNT(*) AS tp_count FROM `jm_project` WHERE `status` >= 9 LIMIT 1   [ RunTime:0.0002s ]
SQL: SHOW COLUMNS FROM `jm_project_investor` [ RunTime:0.0039s ]
SQL: SELECT SUM(fund) AS tp_sum FROM `jm_project_investor` WHERE `status` >= 4 LIMIT 1   [ RunTime:0.0002s ]
SQL: SHOW COLUMNS FROM `jm_product` [ RunTime:0.0041s ]
SQL: SELECT COUNT(*) AS tp_count FROM `jm_product` WHERE `status` >= 9 LIMIT 1   [ RunTime:0.0002s ]
SQL: SHOW COLUMNS FROM `jm_custom` [ RunTime:0.0040s ]
SQL: SELECT SUM(amount) AS tp_sum FROM `jm_custom` WHERE `status` = 1 LIMIT 1   [ RunTime:0.0002s ]
SQL: SHOW COLUMNS FROM `jm_ucenter_member` [ RunTime:0.0039s ]
SQL: SELECT COUNT(*) AS tp_count FROM `jm_ucenter_member` WHERE `status` = 1 LIMIT 1   [ RunTime:0.0002s ]
SQL: SHOW COLUMNS FROM `jm_link` [ RunTime:0.0039s ]
SQL: SELECT `name`,`logo`,`url` FROM `jm_link` WHERE `status` = 1 ORDER BY sort desc LIMIT 12   [ RunTime:0.0003s ]
INFO: [ view_parse ] --START--
INFO: [ template_filter ] --START--
INFO: Run Behavior\ContentReplaceBehavior [ RunTime:0.000301s ]
INFO: [ template_filter ] --END-- [ RunTime:0.000396s ]
SQL: SHOW COLUMNS FROM `jm_picture` [ RunTime:0.0041s ]
SQL: SELECT * FROM `jm_picture` WHERE `status` = 1 AND `id` = 20 LIMIT 1   [ RunTime:0.0002s ]
SQL: SELECT * FROM `jm_picture` WHERE `status` = 1 AND `id` = 20 LIMIT 1   [ RunTime:0.0001s ]
SQL: SELECT * FROM `jm_picture` WHERE `status` = 1 AND `id` = 19 LIMIT 1   [ RunTime:0.0001s ]
SQL: SELECT * FROM `jm_picture` WHERE `status` = 1 AND `id` = 19 LIMIT 1   [ RunTime:0.0001s ]
SQL: SELECT * FROM `jm_picture` WHERE `status` = 1 AND `id` = 15 LIMIT 1   [ RunTime:0.0002s ]
SQL: SELECT * FROM `jm_picture` WHERE `status` = 1 AND `id` = 10 LIMIT 1   [ RunTime:0.0002s ]
SQL: SELECT * FROM `jm_picture` WHERE `status` = 1 AND `id` = 5 LIMIT 1   [ RunTime:0.0001s ]
SQL: SELECT * FROM `jm_picture` WHERE `status` = 1 AND `id` = 11 LIMIT 1   [ RunTime:0.0002s ]
SQL: SELECT * FROM `jm_picture` WHERE `status` = 1 AND `id` = 14 LIMIT 1   [ RunTime:0.0002s ]
SQL: SELECT * FROM `jm_picture` WHERE `status` = 1 AND `id` = 13 LIMIT 1   [ RunTime:0.0001s ]
INFO: Run Behavior\ParseTemplateBehavior [ RunTime:0.085314s ]
INFO: [ view_parse ] --END-- [ RunTime:0.085399s ]
INFO: [ view_filter ] --START--
INFO: Run Behavior\WriteHtmlCacheBehavior [ RunTime:0.000290s ]
INFO: [ view_filter ] --END-- [ RunTime:0.000368s ]
INFO: [ app_end ] --START--
INFO: Run Behavior\ShowPageTraceBehavior [ RunTime:0.000409s ]
INFO: [ app_end ] --END-- [ RunTime:0.000497s ]

[ 2015-06-26T09:20:26+08:00 ] 192.168.0.160 /Index/getinfo?type=1&id=2
INFO: [ app_init ] --START--
INFO: Run Behavior\BuildLiteBehavior [ RunTime:0.000038s ]
INFO: Run Common\Behavior\InitHookBehavior [ RunTime:0.001332s ]
INFO: [ app_init ] --END-- [ RunTime:0.001826s ]
INFO: [ app_begin ] --START--
INFO: Run Behavior\ReadHtmlCacheBehavior [ RunTime:0.000518s ]
INFO: [ app_begin ] --END-- [ RunTime:0.000670s ]
SQL: SHOW COLUMNS FROM `jm_config` [ RunTime:0.0165s ]
SQL: SELECT `type`,`name`,`value` FROM `jm_config` WHERE `status` = 1  [ RunTime:0.0015s ]
SQL: SHOW COLUMNS FROM `jm_infomation` [ RunTime:0.0060s ]
SQL: SELECT `description`,`title` FROM `jm_infomation` WHERE `id` = 2 LIMIT 1   [ RunTime:0.0007s ]
NOTIC: [8] Undefined index: id D:\wamp\www\Application\Home\Controller\IndexController.class.php 第 146 行.

[ 2015-06-26T09:20:34+08:00 ] 192.168.0.160 /Index/getinfo?type=0&id=2
INFO: [ app_init ] --START--
INFO: Run Behavior\BuildLiteBehavior [ RunTime:0.000023s ]
INFO: Run Common\Behavior\InitHookBehavior [ RunTime:0.001180s ]
INFO: [ app_init ] --END-- [ RunTime:0.001581s ]
INFO: [ app_begin ] --START--
INFO: Run Behavior\ReadHtmlCacheBehavior [ RunTime:0.000406s ]
INFO: [ app_begin ] --END-- [ RunTime:0.000507s ]
SQL: SHOW COLUMNS FROM `jm_config` [ RunTime:0.0079s ]
SQL: SELECT `type`,`name`,`value` FROM `jm_config` WHERE `status` = 1  [ RunTime:0.0003s ]
SQL: SHOW COLUMNS FROM `jm_notice` [ RunTime:0.0041s ]
SQL: SELECT `content`,`title`,`id` FROM `jm_notice` WHERE `id` = 2 LIMIT 1   [ RunTime:0.0316s ]

[ 2015-06-26T09:20:36+08:00 ] 192.168.0.160 /Info/notice/id/2.html
INFO: [ app_init ] --START--
INFO: Run Behavior\BuildLiteBehavior [ RunTime:0.000019s ]
INFO: Run Common\Behavior\InitHookBehavior [ RunTime:0.000969s ]
INFO: [ app_init ] --END-- [ RunTime:0.001293s ]
INFO: [ app_begin ] --START--
INFO: Run Behavior\ReadHtmlCacheBehavior [ RunTime:0.000300s ]
INFO: [ app_begin ] --END-- [ RunTime:0.000389s ]
NOTIC: [2048] Declaration of Home\Controller\InfoController::show() should be compatible with Think\Controller::show($content, $charset = '', $contentType = '', $prefix = '') D:\wamp\www\Application\Home\Controller\InfoController.class.php 第 4 行.
SQL: SHOW COLUMNS FROM `jm_config` [ RunTime:0.0084s ]
SQL: SELECT `type`,`name`,`value` FROM `jm_config` WHERE `status` = 1  [ RunTime:0.0003s ]
SQL: SHOW COLUMNS FROM `jm_notice` [ RunTime:0.0082s ]
SQL: SELECT * FROM `jm_notice` WHERE `id` = 2 LIMIT 1   [ RunTime:0.0002s ]
SQL: SHOW COLUMNS FROM `jm_proj_index` [ RunTime:0.0042s ]
SQL: SELECT * FROM `jm_proj_index` WHERE `stage` <> 9 ORDER BY like_record desc, read_record desc LIMIT 3   [ RunTime:0.0005s ]
INFO: [ view_parse ] --START--
INFO: [ template_filter ] --START--
INFO: Run Behavior\ContentReplaceBehavior [ RunTime:0.000139s ]
INFO: [ template_filter ] --END-- [ RunTime:0.000234s ]
INFO: Run Behavior\ParseTemplateBehavior [ RunTime:0.077367s ]
INFO: [ view_parse ] --END-- [ RunTime:0.077464s ]
INFO: [ view_filter ] --START--
INFO: Run Behavior\WriteHtmlCacheBehavior [ RunTime:0.000245s ]
INFO: [ view_filter ] --END-- [ RunTime:0.000328s ]
INFO: [ app_end ] --START--
INFO: Run Behavior\ShowPageTraceBehavior [ RunTime:0.000556s ]
INFO: [ app_end ] --END-- [ RunTime:0.000686s ]

[ 2015-06-26T16:32:55+08:00 ] ::1 /
INFO: [ app_init ] --START--
INFO: Run Behavior\BuildLiteBehavior [ RunTime:0.000021s ]
INFO: Run Common\Behavior\InitHookBehavior [ RunTime:0.001626s ]
INFO: [ app_init ] --END-- [ RunTime:0.015257s ]
INFO: [ app_begin ] --START--
INFO: Run Behavior\ReadHtmlCacheBehavior [ RunTime:0.000446s ]
INFO: [ app_begin ] --END-- [ RunTime:0.000556s ]
SQL: SHOW COLUMNS FROM `jm_config` [ RunTime:0.0999s ]
SQL: SELECT `type`,`name`,`value` FROM `jm_config` WHERE `status` = 1  [ RunTime:0.0120s ]
SQL: SHOW COLUMNS FROM `jm_notice` [ RunTime:0.0348s ]
SQL: SELECT `id`,`create_time`,`title` FROM `jm_notice` WHERE ( status = 0 ) ORDER BY is_top desc,create_time desc LIMIT 6   [ RunTime:0.0108s ]
SQL: SHOW COLUMNS FROM `jm_infomation` [ RunTime:0.0108s ]
SQL: SELECT `id`,`create_time`,`title` FROM `jm_infomation` WHERE ( status = 1 ) ORDER BY level desc,create_time desc LIMIT 6   [ RunTime:0.0068s ]
NOTIC: [8] Undefined variable: noticearray D:\wamp\www\Application\Home\Controller\IndexController.class.php 第 60 行.
NOTIC: [2] implode(): Invalid arguments passed D:\wamp\www\Application\Home\Controller\IndexController.class.php 第 60 行.
NOTIC: [8] Undefined variable: newsarray D:\wamp\www\Application\Home\Controller\IndexController.class.php 第 62 行.
NOTIC: [2] implode(): Invalid arguments passed D:\wamp\www\Application\Home\Controller\IndexController.class.php 第 62 行.
SQL: SHOW COLUMNS FROM `jm_project` [ RunTime:0.0243s ]
SQL: SHOW COLUMNS FROM `jm_proj_index` [ RunTime:0.1296s ]
SQL: SELECT * FROM `jm_proj_index` WHERE `stage` = 4 ORDER BY is_top desc, create_time desc LIMIT 6   [ RunTime:0.0140s ]
SQL: SELECT * FROM `jm_proj_index` WHERE `stage` = 2 ORDER BY is_top desc, create_time desc  [ RunTime:0.0005s ]
SQL: SELECT * FROM `jm_proj_index` WHERE `stage` = 1 ORDER BY is_top desc, create_time desc  [ RunTime:0.0004s ]
SQL: SELECT * FROM `jm_proj_index` WHERE `stage` = 9 ORDER BY is_top desc, create_time desc LIMIT 6   [ RunTime:0.0004s ]
SQL: SHOW COLUMNS FROM `jm_banner` [ RunTime:0.0169s ]
SQL: SELECT * FROM `jm_banner` WHERE `status` = 0 ORDER BY sort asc,id desc  [ RunTime:0.0003s ]
SQL: SELECT * FROM `jm_proj_index` WHERE `status` = 9 AND `stage` BETWEEN '1' AND '4' ORDER BY stage desc,is_top desc,create_time desc LIMIT 6   [ RunTime:0.0005s ]
SQL: SHOW COLUMNS FROM `jm_project` [ RunTime:0.0027s ]
SQL: SELECT COUNT(*) AS tp_count FROM `jm_project` WHERE `status` >= 9 LIMIT 1   [ RunTime:0.0002s ]
SQL: SHOW COLUMNS FROM `jm_project_investor` [ RunTime:0.0057s ]
SQL: SELECT SUM(fund) AS tp_sum FROM `jm_project_investor` WHERE `status` >= 4 LIMIT 1   [ RunTime:0.0002s ]
SQL: SHOW COLUMNS FROM `jm_product` [ RunTime:0.0768s ]
SQL: SELECT COUNT(*) AS tp_count FROM `jm_product` WHERE `status` >= 9 LIMIT 1   [ RunTime:0.0002s ]
SQL: SHOW COLUMNS FROM `jm_custom` [ RunTime:0.0066s ]
SQL: SELECT SUM(amount) AS tp_sum FROM `jm_custom` WHERE `status` = 1 LIMIT 1   [ RunTime:0.0012s ]
SQL: SHOW COLUMNS FROM `jm_ucenter_member` [ RunTime:0.0385s ]
SQL: SELECT COUNT(*) AS tp_count FROM `jm_ucenter_member` WHERE `status` = 1 LIMIT 1   [ RunTime:0.0006s ]
SQL: SHOW COLUMNS FROM `jm_link` [ RunTime:0.0183s ]
SQL: SELECT `name`,`logo`,`url` FROM `jm_link` WHERE `status` = 1 ORDER BY sort desc LIMIT 12   [ RunTime:0.0003s ]
INFO: [ view_parse ] --START--
INFO: [ template_filter ] --START--
INFO: Run Behavior\ContentReplaceBehavior [ RunTime:0.000306s ]
INFO: [ template_filter ] --END-- [ RunTime:0.000404s ]
SQL: SHOW COLUMNS FROM `jm_picture` [ RunTime:0.0432s ]
SQL: SELECT * FROM `jm_picture` WHERE `status` = 1 AND `id` = 20 LIMIT 1   [ RunTime:0.0041s ]
SQL: SELECT * FROM `jm_picture` WHERE `status` = 1 AND `id` = 20 LIMIT 1   [ RunTime:0.0002s ]
SQL: SELECT * FROM `jm_picture` WHERE `status` = 1 AND `id` = 19 LIMIT 1   [ RunTime:0.0001s ]
SQL: SELECT * FROM `jm_picture` WHERE `status` = 1 AND `id` = 19 LIMIT 1   [ RunTime:0.0001s ]
SQL: SELECT * FROM `jm_picture` WHERE `status` = 1 AND `id` = 15 LIMIT 1   [ RunTime:0.0001s ]
SQL: SELECT * FROM `jm_picture` WHERE `status` = 1 AND `id` = 10 LIMIT 1   [ RunTime:0.0002s ]
SQL: SELECT * FROM `jm_picture` WHERE `status` = 1 AND `id` = 5 LIMIT 1   [ RunTime:0.0001s ]
SQL: SELECT * FROM `jm_picture` WHERE `status` = 1 AND `id` = 11 LIMIT 1   [ RunTime:0.0001s ]
SQL: SELECT * FROM `jm_picture` WHERE `status` = 1 AND `id` = 14 LIMIT 1   [ RunTime:0.0001s ]
SQL: SELECT * FROM `jm_picture` WHERE `status` = 1 AND `id` = 13 LIMIT 1   [ RunTime:0.0001s ]
INFO: Run Behavior\ParseTemplateBehavior [ RunTime:0.379838s ]
INFO: [ view_parse ] --END-- [ RunTime:0.379947s ]
INFO: [ view_filter ] --START--
INFO: Run Behavior\WriteHtmlCacheBehavior [ RunTime:0.000312s ]
INFO: [ view_filter ] --END-- [ RunTime:0.000393s ]
INFO: [ app_end ] --START--
INFO: Run Behavior\ShowPageTraceBehavior [ RunTime:0.000701s ]
INFO: [ app_end ] --END-- [ RunTime:0.000859s ]

[ 2015-06-26T16:32:56+08:00 ] ::1 /Index/getinfo?type=1&id=2
INFO: [ app_init ] --START--
INFO: Run Behavior\BuildLiteBehavior [ RunTime:0.000038s ]
INFO: Run Common\Behavior\InitHookBehavior [ RunTime:0.001989s ]
INFO: [ app_init ] --END-- [ RunTime:0.002757s ]
INFO: [ app_begin ] --START--
INFO: Run Behavior\ReadHtmlCacheBehavior [ RunTime:0.000654s ]
INFO: [ app_begin ] --END-- [ RunTime:0.000794s ]
SQL: SHOW COLUMNS FROM `jm_config` [ RunTime:0.0205s ]
SQL: SELECT `type`,`name`,`value` FROM `jm_config` WHERE `status` = 1  [ RunTime:0.0004s ]
SQL: SHOW COLUMNS FROM `jm_infomation` [ RunTime:0.0112s ]
SQL: SELECT `description`,`title` FROM `jm_infomation` WHERE `id` = 2 LIMIT 1   [ RunTime:0.0002s ]
NOTIC: [8] Undefined index: id D:\wamp\www\Application\Home\Controller\IndexController.class.php 第 146 行.

