[ 2015-07-07T10:36:15+08:00 ] ::1 /admin.php
INFO: [ app_init ] --START--
INFO: Run Behavior\BuildLiteBehavior [ RunTime:0.000052s ]
INFO: Run Common\Behavior\InitHookBehavior [ RunTime:0.005577s ]
INFO: [ app_init ] --END-- [ RunTime:0.006915s ]
INFO: [ app_begin ] --START--
INFO: Run Behavior\ReadHtmlCacheBehavior [ RunTime:0.001222s ]
INFO: [ app_begin ] --END-- [ RunTime:0.001439s ]
SQL: SHOW COLUMNS FROM `jm_menu` [ RunTime:0.1967s ]
SQL: SELECT `id`,`title`,`url` FROM `jm_menu` WHERE `pid` = 0 AND `hide` = 0 ORDER BY sort asc  [ RunTime:0.0582s ]
SQL: SELECT `pid` FROM `jm_menu` WHERE ( pid !=0 AND url like '%Index/index%' ) LIMIT 1   [ RunTime:0.0172s ]
INFO: [ view_parse ] --START--
INFO: [ template_filter ] --START--
INFO: Run Behavior\ContentReplaceBehavior [ RunTime:0.000314s ]
INFO: [ template_filter ] --END-- [ RunTime:0.000610s ]
INFO: [ AdminIndex ] --START--
SQL: SHOW COLUMNS FROM `jm_addons` [ RunTime:0.0986s ]
SQL: SELECT `config` FROM `jm_addons` WHERE `name` = 'SiteStat' AND `status` = 1 LIMIT 1   [ RunTime:0.0073s ]
SQL: SHOW COLUMNS FROM `jm_member` [ RunTime:0.0745s ]
SQL: SELECT COUNT(*) AS tp_count FROM `jm_member` LIMIT 1   [ RunTime:0.0155s ]
SQL: SHOW COLUMNS FROM `jm_action_log` [ RunTime:0.1059s ]
SQL: SELECT COUNT(*) AS tp_count FROM `jm_action_log` LIMIT 1   [ RunTime:0.0004s ]
SQL: SHOW COLUMNS FROM `jm_document` [ RunTime:0.0808s ]
SQL: SELECT COUNT(*) AS tp_count FROM `jm_document` LIMIT 1   [ RunTime:0.0027s ]
SQL: SHOW COLUMNS FROM `jm_category` [ RunTime:0.1588s ]
SQL: SELECT COUNT(*) AS tp_count FROM `jm_category` LIMIT 1   [ RunTime:0.0004s ]
SQL: SHOW COLUMNS FROM `jm_model` [ RunTime:0.0624s ]
SQL: SELECT COUNT(*) AS tp_count FROM `jm_model` LIMIT 1   [ RunTime:0.0004s ]
INFO: [ view_parse ] --START--
INFO: [ template_filter ] --START--
INFO: Run Behavior\ContentReplaceBehavior [ RunTime:0.000172s ]
INFO: [ template_filter ] --END-- [ RunTime:-0.919137s ]
INFO: Run Behavior\ParseTemplateBehavior [ RunTime:0.102867s ]
INFO: [ view_parse ] --END-- [ RunTime:0.103132s ]
INFO: [ view_filter ] --START--
INFO: Run Behavior\WriteHtmlCacheBehavior [ RunTime:0.000676s ]
INFO: [ view_filter ] --END-- [ RunTime:0.000845s ]
INFO: Run Addons\SiteStat\SiteStatAddon [ RunTime:0.881048s ]
SQL: SELECT `config` FROM `jm_addons` WHERE `name` = 'SystemInfo' AND `status` = 1 LIMIT 1   [ RunTime:0.0005s ]
INFO: [ view_parse ] --START--
INFO: [ template_filter ] --START--
INFO: Run Behavior\ContentReplaceBehavior [ RunTime:0.000173s ]
INFO: [ template_filter ] --END-- [ RunTime:-1.088466s ]
SQL: select version() as v; [ RunTime:0.0003s ]
INFO: Run Behavior\ParseTemplateBehavior [ RunTime:0.069506s ]
INFO: [ view_parse ] --END-- [ RunTime:-0.080284s ]
INFO: [ view_filter ] --START--
INFO: Run Behavior\WriteHtmlCacheBehavior [ RunTime:0.000068s ]
INFO: [ view_filter ] --END-- [ RunTime:-0.149228s ]
INFO: Run Addons\SystemInfo\SystemInfoAddon [ RunTime:0.149396s ]
SQL: SELECT `config` FROM `jm_addons` WHERE `name` = 'DevTeam' AND `status` = 1 LIMIT 1   [ RunTime:0.0005s ]
INFO: [ view_parse ] --START--
INFO: [ template_filter ] --START--
INFO: Run Behavior\ContentReplaceBehavior [ RunTime:0.000107s ]
INFO: [ template_filter ] --END-- [ RunTime:-1.208170s ]
INFO: Run Behavior\ParseTemplateBehavior [ RunTime:0.018483s ]
INFO: [ view_parse ] --END-- [ RunTime:-0.211576s ]
INFO: [ view_filter ] --START--
INFO: Run Behavior\WriteHtmlCacheBehavior [ RunTime:0.000040s ]
INFO: [ view_filter ] --END-- [ RunTime:-0.229373s ]
INFO: Run Addons\DevTeam\DevTeamAddon [ RunTime:0.079851s ]
INFO: [ AdminIndex ] --END-- [ RunTime:1.110682s ]
INFO: Run Behavior\ParseTemplateBehavior [ RunTime:0.019136s ]
INFO: [ view_parse ] --END-- [ RunTime:-0.211576s ]
INFO: [ view_filter ] --START--
INFO: Run Behavior\WriteHtmlCacheBehavior [ RunTime:0.000035s ]
INFO: [ view_filter ] --END-- [ RunTime:-0.229982s ]
INFO: [ app_end ] --START--
INFO: Run Behavior\ShowPageTraceBehavior [ RunTime:0.001196s ]
INFO: [ app_end ] --END-- [ RunTime:0.001348s ]

[ 2015-07-07T10:36:22+08:00 ] ::1 /admin.php?s=/Infomation/index.html
INFO: [ app_init ] --START--
INFO: Run Behavior\BuildLiteBehavior [ RunTime:0.000060s ]
INFO: Run Common\Behavior\InitHookBehavior [ RunTime:0.007127s ]
INFO: [ app_init ] --END-- [ RunTime:0.008806s ]
INFO: [ app_begin ] --START--
INFO: Run Behavior\ReadHtmlCacheBehavior [ RunTime:0.001786s ]
INFO: [ app_begin ] --END-- [ RunTime:0.002089s ]
SQL: SHOW COLUMNS FROM `jm_menu` [ RunTime:0.0241s ]
SQL: SELECT `id`,`title`,`url` FROM `jm_menu` WHERE `pid` = 0 AND `hide` = 0 ORDER BY sort asc  [ RunTime:0.0007s ]
SQL: SELECT `pid` FROM `jm_menu` WHERE ( pid !=0 AND url like '%Infomation/index%' ) LIMIT 1   [ RunTime:0.0029s ]
SQL: SELECT * FROM `jm_menu` WHERE `id` = 186 LIMIT 1   [ RunTime:0.0005s ]
SQL: SELECT DISTINCT  `group` FROM `jm_menu` WHERE `group` <> '' AND `pid` = 186  [ RunTime:0.0131s ]
SQL: SELECT `id`,`url` FROM `jm_menu` WHERE `pid` = 186 AND `hide` = 0  [ RunTime:0.0007s ]
SQL: SELECT `id`,`pid`,`title`,`url`,`tip` FROM `jm_menu` WHERE `group` = '文案管理' AND `pid` = 186 AND `hide` = 0 ORDER BY sort asc  [ RunTime:0.0009s ]
SQL: SELECT `id`,`pid`,`title`,`url`,`tip` FROM `jm_menu` WHERE `group` = '协议管理' AND `pid` = 186 AND `hide` = 0 ORDER BY sort asc  [ RunTime:0.0007s ]
SQL: SELECT `id`,`pid`,`title`,`url`,`tip` FROM `jm_menu` WHERE `group` = '短信服务' AND `pid` = 186 AND `hide` = 0 ORDER BY sort asc  [ RunTime:0.0007s ]
SQL: SELECT `id`,`pid`,`title`,`url`,`tip` FROM `jm_menu` WHERE `group` = '第三方平台' AND `pid` = 186 AND `hide` = 0 ORDER BY sort asc  [ RunTime:0.0009s ]
SQL: SHOW COLUMNS FROM `jm_infomation` [ RunTime:0.0191s ]
SQL: SELECT * FROM `jm_infomation` ORDER BY status desc,level desc,id desc  [ RunTime:0.0007s ]
INFO: [ view_parse ] --START--
INFO: [ template_filter ] --START--
INFO: Run Behavior\ContentReplaceBehavior [ RunTime:0.000236s ]
INFO: [ template_filter ] --END-- [ RunTime:0.000398s ]
NOTIC: [8] Undefined variable: meta_title D:\wamp\www\Runtime\Cache\Admin\fd2b3db3d8a45fa3e6ed1d5571bd3739.php 第 5 行.
NOTIC: [8] Undefined variable: cate_id D:\wamp\www\Runtime\Cache\Admin\fd2b3db3d8a45fa3e6ed1d5571bd3739.php 第 98 行.
NOTIC: [8] Undefined variable: _page D:\wamp\www\Runtime\Cache\Admin\fd2b3db3d8a45fa3e6ed1d5571bd3739.php 第 145 行.
INFO: Run Behavior\ParseTemplateBehavior [ RunTime:0.198247s ]
INFO: [ view_parse ] --END-- [ RunTime:0.198871s ]
INFO: [ view_filter ] --START--
INFO: Run Behavior\WriteHtmlCacheBehavior [ RunTime:0.002246s ]
INFO: [ view_filter ] --END-- [ RunTime:0.002439s ]
INFO: [ app_end ] --START--
INFO: Run Behavior\ShowPageTraceBehavior [ RunTime:0.001736s ]
INFO: [ app_end ] --END-- [ RunTime:0.001954s ]

[ 2015-07-07T10:36:27+08:00 ] ::1 /admin.php?s=/Banner/index.html
INFO: [ app_init ] --START--
INFO: Run Behavior\BuildLiteBehavior [ RunTime:0.000058s ]
INFO: Run Common\Behavior\InitHookBehavior [ RunTime:0.006610s ]
INFO: [ app_init ] --END-- [ RunTime:0.007909s ]
INFO: [ app_begin ] --START--
INFO: Run Behavior\ReadHtmlCacheBehavior [ RunTime:0.002237s ]
INFO: [ app_begin ] --END-- [ RunTime:0.002531s ]
NOTIC: [2048] Declaration of Admin\Controller\BannerController::setStatus() should be compatible with Admin\Controller\AdminController::setStatus($Model = 'Banner') D:\wamp\www\Application\Admin\Controller\BannerController.class.php 第 17 行.
SQL: SHOW COLUMNS FROM `jm_menu` [ RunTime:0.0359s ]
SQL: SELECT `id`,`title`,`url` FROM `jm_menu` WHERE `pid` = 0 AND `hide` = 0 ORDER BY sort asc  [ RunTime:0.0008s ]
SQL: SELECT `pid` FROM `jm_menu` WHERE ( pid !=0 AND url like '%Banner/index%' ) LIMIT 1   [ RunTime:0.0029s ]
SQL: SELECT * FROM `jm_menu` WHERE `id` = 186 LIMIT 1   [ RunTime:0.0006s ]
SQL: SELECT DISTINCT  `group` FROM `jm_menu` WHERE `group` <> '' AND `pid` = 186  [ RunTime:0.0010s ]
SQL: SELECT `id`,`url` FROM `jm_menu` WHERE `pid` = 186 AND `hide` = 0  [ RunTime:0.0007s ]
SQL: SELECT `id`,`pid`,`title`,`url`,`tip` FROM `jm_menu` WHERE `group` = '文案管理' AND `pid` = 186 AND `hide` = 0 ORDER BY sort asc  [ RunTime:0.0008s ]
SQL: SELECT `id`,`pid`,`title`,`url`,`tip` FROM `jm_menu` WHERE `group` = '协议管理' AND `pid` = 186 AND `hide` = 0 ORDER BY sort asc  [ RunTime:0.0008s ]
SQL: SELECT `id`,`pid`,`title`,`url`,`tip` FROM `jm_menu` WHERE `group` = '短信服务' AND `pid` = 186 AND `hide` = 0 ORDER BY sort asc  [ RunTime:0.0015s ]
SQL: SELECT `id`,`pid`,`title`,`url`,`tip` FROM `jm_menu` WHERE `group` = '第三方平台' AND `pid` = 186 AND `hide` = 0 ORDER BY sort asc  [ RunTime:0.0007s ]
NOTIC: [8] Undefined variable: pid D:\wamp\www\Application\Admin\Controller\BannerController.class.php 第 26 行.
SQL: SHOW COLUMNS FROM `jm_banner` [ RunTime:0.0370s ]
SQL: SELECT * FROM `jm_banner` WHERE `status` <> -1 ORDER BY sort asc,id desc  [ RunTime:0.0006s ]
NOTIC: [8] Undefined variable: pid D:\wamp\www\Application\Admin\Controller\BannerController.class.php 第 30 行.
INFO: [ view_parse ] --START--
INFO: [ template_filter ] --START--
INFO: Run Behavior\ContentReplaceBehavior [ RunTime:0.000485s ]
INFO: [ template_filter ] --END-- [ RunTime:0.000948s ]
INFO: Run Behavior\ParseTemplateBehavior [ RunTime:0.139691s ]
INFO: [ view_parse ] --END-- [ RunTime:0.139929s ]
INFO: [ view_filter ] --START--
INFO: Run Behavior\WriteHtmlCacheBehavior [ RunTime:0.001104s ]
INFO: [ view_filter ] --END-- [ RunTime:0.001263s ]
INFO: [ app_end ] --START--
INFO: Run Behavior\ShowPageTraceBehavior [ RunTime:0.002240s ]
INFO: [ app_end ] --END-- [ RunTime:0.002553s ]

[ 2015-07-07T13:20:05+08:00 ] ::1 /admin.php?s=/Info/index.html
INFO: [ app_init ] --START--
INFO: Run Behavior\BuildLiteBehavior [ RunTime:0.000049s ]
INFO: Run Common\Behavior\InitHookBehavior [ RunTime:0.019590s ]
INFO: [ app_init ] --END-- [ RunTime:0.021380s ]
INFO: [ app_begin ] --START--
INFO: Run Behavior\ReadHtmlCacheBehavior [ RunTime:0.001416s ]
INFO: [ app_begin ] --END-- [ RunTime:0.001591s ]
SQL: SHOW COLUMNS FROM `jm_menu` [ RunTime:0.0922s ]
SQL: SELECT `id`,`title`,`url` FROM `jm_menu` WHERE `pid` = 0 AND `hide` = 0 ORDER BY sort asc  [ RunTime:0.0008s ]
SQL: SELECT `pid` FROM `jm_menu` WHERE ( pid !=0 AND url like '%Info/index%' ) LIMIT 1   [ RunTime:0.0023s ]
SQL: SELECT * FROM `jm_menu` WHERE `id` = 186 LIMIT 1   [ RunTime:0.0075s ]
SQL: SELECT DISTINCT  `group` FROM `jm_menu` WHERE `group` <> '' AND `pid` = 186  [ RunTime:0.0008s ]
SQL: SELECT `id`,`url` FROM `jm_menu` WHERE `pid` = 186 AND `hide` = 0  [ RunTime:0.0004s ]
SQL: SELECT `id`,`pid`,`title`,`url`,`tip` FROM `jm_menu` WHERE `group` = '文案管理' AND `pid` = 186 AND `hide` = 0 ORDER BY sort asc  [ RunTime:0.0006s ]
SQL: SELECT `id`,`pid`,`title`,`url`,`tip` FROM `jm_menu` WHERE `group` = '协议管理' AND `pid` = 186 AND `hide` = 0 ORDER BY sort asc  [ RunTime:0.0005s ]
SQL: SELECT `id`,`pid`,`title`,`url`,`tip` FROM `jm_menu` WHERE `group` = '短信服务' AND `pid` = 186 AND `hide` = 0 ORDER BY sort asc  [ RunTime:0.0005s ]
SQL: SELECT `id`,`pid`,`title`,`url`,`tip` FROM `jm_menu` WHERE `group` = '第三方平台' AND `pid` = 186 AND `hide` = 0 ORDER BY sort asc  [ RunTime:0.0015s ]
SQL: SHOW COLUMNS FROM `jm_info` [ RunTime:0.0688s ]
SQL: SELECT * FROM `jm_info` ORDER BY level DESC,id DESC  [ RunTime:0.0272s ]
INFO: [ view_parse ] --START--
INFO: [ template_filter ] --START--
INFO: Run Behavior\ContentReplaceBehavior [ RunTime:0.000226s ]
INFO: [ template_filter ] --END-- [ RunTime:0.000365s ]
NOTIC: [8] Undefined variable: cate_id D:\wamp\www\Runtime\Cache\Admin\394ab3bdccc39995705c722dbf0773ea.php 第 96 行.
INFO: Run Behavior\ParseTemplateBehavior [ RunTime:0.084895s ]
INFO: [ view_parse ] --END-- [ RunTime:0.085115s ]
INFO: [ view_filter ] --START--
INFO: Run Behavior\WriteHtmlCacheBehavior [ RunTime:0.008765s ]
INFO: [ view_filter ] --END-- [ RunTime:0.008968s ]
INFO: [ app_end ] --START--
INFO: Run Behavior\ShowPageTraceBehavior [ RunTime:0.003026s ]
INFO: [ app_end ] --END-- [ RunTime:0.003234s ]

[ 2015-07-07T13:20:10+08:00 ] ::1 /admin.php?s=/Link/index.html
INFO: [ app_init ] --START--
INFO: Run Behavior\BuildLiteBehavior [ RunTime:0.000034s ]
INFO: Run Common\Behavior\InitHookBehavior [ RunTime:0.006875s ]
INFO: [ app_init ] --END-- [ RunTime:0.007758s ]
INFO: [ app_begin ] --START--
INFO: Run Behavior\ReadHtmlCacheBehavior [ RunTime:0.001334s ]
INFO: [ app_begin ] --END-- [ RunTime:0.001547s ]
SQL: SHOW COLUMNS FROM `jm_menu` [ RunTime:0.0494s ]
SQL: SELECT `id`,`title`,`url` FROM `jm_menu` WHERE `pid` = 0 AND `hide` = 0 ORDER BY sort asc  [ RunTime:0.0008s ]
SQL: SELECT `pid` FROM `jm_menu` WHERE ( pid !=0 AND url like '%Link/index%' ) LIMIT 1   [ RunTime:0.0035s ]
SQL: SELECT * FROM `jm_menu` WHERE `id` = 186 LIMIT 1   [ RunTime:0.0007s ]
SQL: SELECT DISTINCT  `group` FROM `jm_menu` WHERE `group` <> '' AND `pid` = 186  [ RunTime:0.0007s ]
SQL: SELECT `id`,`url` FROM `jm_menu` WHERE `pid` = 186 AND `hide` = 0  [ RunTime:0.0005s ]
SQL: SELECT `id`,`pid`,`title`,`url`,`tip` FROM `jm_menu` WHERE `group` = '文案管理' AND `pid` = 186 AND `hide` = 0 ORDER BY sort asc  [ RunTime:0.0006s ]
SQL: SELECT `id`,`pid`,`title`,`url`,`tip` FROM `jm_menu` WHERE `group` = '协议管理' AND `pid` = 186 AND `hide` = 0 ORDER BY sort asc  [ RunTime:0.0005s ]
SQL: SELECT `id`,`pid`,`title`,`url`,`tip` FROM `jm_menu` WHERE `group` = '短信服务' AND `pid` = 186 AND `hide` = 0 ORDER BY sort asc  [ RunTime:0.0005s ]
SQL: SELECT `id`,`pid`,`title`,`url`,`tip` FROM `jm_menu` WHERE `group` = '第三方平台' AND `pid` = 186 AND `hide` = 0 ORDER BY sort asc  [ RunTime:0.0006s ]
SQL: SHOW COLUMNS FROM `jm_link` [ RunTime:0.0659s ]
SQL: SELECT * FROM `jm_link` WHERE `status` >= 0 ORDER BY sort desc, create_time  [ RunTime:0.0101s ]
INFO: [ view_parse ] --START--
INFO: [ template_filter ] --START--
INFO: Run Behavior\ContentReplaceBehavior [ RunTime:0.000372s ]
INFO: [ template_filter ] --END-- [ RunTime:0.000633s ]
NOTIC: [8] Undefined variable: meta_title D:\wamp\www\Runtime\Cache\Admin\1e2c869bd8911c3f098d2a5c15bf2453.php 第 5 行.
INFO: Run Behavior\ParseTemplateBehavior [ RunTime:0.089101s ]
INFO: [ view_parse ] --END-- [ RunTime:0.089724s ]
INFO: [ view_filter ] --START--
INFO: Run Behavior\WriteHtmlCacheBehavior [ RunTime:0.001022s ]
INFO: [ view_filter ] --END-- [ RunTime:0.001289s ]
INFO: [ app_end ] --START--
INFO: Run Behavior\ShowPageTraceBehavior [ RunTime:0.001962s ]
INFO: [ app_end ] --END-- [ RunTime:0.002262s ]

[ 2015-07-07T13:20:18+08:00 ] ::1 /admin.php?s=/Config/group.html
INFO: [ app_init ] --START--
INFO: Run Behavior\BuildLiteBehavior [ RunTime:0.000037s ]
INFO: Run Common\Behavior\InitHookBehavior [ RunTime:0.006740s ]
INFO: [ app_init ] --END-- [ RunTime:0.007665s ]
INFO: [ app_begin ] --START--
INFO: Run Behavior\ReadHtmlCacheBehavior [ RunTime:0.000867s ]
INFO: [ app_begin ] --END-- [ RunTime:0.001009s ]
SQL: SHOW COLUMNS FROM `jm_menu` [ RunTime:0.0362s ]
SQL: SELECT `id`,`title`,`url` FROM `jm_menu` WHERE `pid` = 0 AND `hide` = 0 ORDER BY sort asc  [ RunTime:0.0007s ]
SQL: SELECT `pid` FROM `jm_menu` WHERE ( pid !=0 AND url like '%Config/group%' ) LIMIT 1   [ RunTime:0.0012s ]
SQL: SELECT * FROM `jm_menu` WHERE `id` = 68 LIMIT 1   [ RunTime:0.0086s ]
SQL: SELECT DISTINCT  `group` FROM `jm_menu` WHERE `group` <> '' AND `pid` = 68  [ RunTime:0.0020s ]
SQL: SELECT `id`,`url` FROM `jm_menu` WHERE `pid` = 68 AND `hide` = 0  [ RunTime:0.0005s ]
SQL: SELECT `id`,`pid`,`title`,`url`,`tip` FROM `jm_menu` WHERE `group` = '系统设置' AND `pid` = 68 AND `hide` = 0 ORDER BY sort asc  [ RunTime:0.0005s ]
SQL: SELECT `id`,`pid`,`title`,`url`,`tip` FROM `jm_menu` WHERE `group` = '数据备份' AND `pid` = 68 AND `hide` = 0 ORDER BY sort asc  [ RunTime:0.0005s ]
SQL: SHOW COLUMNS FROM `jm_config` [ RunTime:0.0186s ]
SQL: SELECT `id`,`name`,`title`,`extra`,`value`,`remark`,`type` FROM `jm_config` WHERE `status` = 1 AND `group` = 1 ORDER BY sort  [ RunTime:0.0150s ]
INFO: [ view_parse ] --START--
INFO: [ template_filter ] --START--
INFO: Run Behavior\ContentReplaceBehavior [ RunTime:0.000230s ]
INFO: [ template_filter ] --END-- [ RunTime:0.000371s ]
INFO: Run Behavior\ParseTemplateBehavior [ RunTime:0.074557s ]
INFO: [ view_parse ] --END-- [ RunTime:0.075133s ]
INFO: [ view_filter ] --START--
INFO: Run Behavior\WriteHtmlCacheBehavior [ RunTime:0.002104s ]
INFO: [ view_filter ] --END-- [ RunTime:0.002515s ]
INFO: [ app_end ] --START--
INFO: Run Behavior\ShowPageTraceBehavior [ RunTime:0.001875s ]
INFO: [ app_end ] --END-- [ RunTime:0.002367s ]

[ 2015-07-07T13:20:20+08:00 ] ::1 /admin.php?s=/Menu/index.html
INFO: [ app_init ] --START--
INFO: Run Behavior\BuildLiteBehavior [ RunTime:0.000043s ]
INFO: Run Common\Behavior\InitHookBehavior [ RunTime:0.008823s ]
INFO: [ app_init ] --END-- [ RunTime:0.009817s ]
INFO: [ app_begin ] --START--
INFO: Run Behavior\ReadHtmlCacheBehavior [ RunTime:0.001040s ]
INFO: [ app_begin ] --END-- [ RunTime:0.001214s ]
SQL: SHOW COLUMNS FROM `jm_menu` [ RunTime:0.0319s ]
SQL: SELECT `id`,`title`,`url` FROM `jm_menu` WHERE `pid` = 0 AND `hide` = 0 ORDER BY sort asc  [ RunTime:0.0008s ]
SQL: SELECT `pid` FROM `jm_menu` WHERE ( pid !=0 AND url like '%Menu/index%' ) LIMIT 1   [ RunTime:0.0027s ]
SQL: SELECT * FROM `jm_menu` WHERE `id` = 68 LIMIT 1   [ RunTime:0.0004s ]
SQL: SELECT DISTINCT  `group` FROM `jm_menu` WHERE `group` <> '' AND `pid` = 68  [ RunTime:0.0007s ]
SQL: SELECT `id`,`url` FROM `jm_menu` WHERE `pid` = 68 AND `hide` = 0  [ RunTime:0.0005s ]
SQL: SELECT `id`,`pid`,`title`,`url`,`tip` FROM `jm_menu` WHERE `group` = '系统设置' AND `pid` = 68 AND `hide` = 0 ORDER BY sort asc  [ RunTime:0.0006s ]
SQL: SELECT `id`,`pid`,`title`,`url`,`tip` FROM `jm_menu` WHERE `group` = '数据备份' AND `pid` = 68 AND `hide` = 0 ORDER BY sort asc  [ RunTime:0.0005s ]
SQL: SELECT `id`,`title` FROM `jm_menu`  [ RunTime:0.0011s ]
SQL: SELECT `id`,`title`,`pid`,`sort`,`url`,`hide`,`tip`,`group`,`is_dev`,`status` FROM `jm_menu` WHERE `pid` = 0 ORDER BY sort asc,id asc  [ RunTime:0.0008s ]
INFO: [ view_parse ] --START--
INFO: [ template_filter ] --START--
INFO: Run Behavior\ContentReplaceBehavior [ RunTime:0.000290s ]
INFO: [ template_filter ] --END-- [ RunTime:0.000476s ]
INFO: Run Behavior\ParseTemplateBehavior [ RunTime:0.076757s ]
INFO: [ view_parse ] --END-- [ RunTime:0.077007s ]
INFO: [ view_filter ] --START--
INFO: Run Behavior\WriteHtmlCacheBehavior [ RunTime:0.001396s ]
INFO: [ view_filter ] --END-- [ RunTime:0.001622s ]
INFO: [ app_end ] --START--
INFO: Run Behavior\ShowPageTraceBehavior [ RunTime:0.002594s ]
INFO: [ app_end ] --END-- [ RunTime:0.003127s ]

[ 2015-07-07T13:20:22+08:00 ] ::1 /admin.php?s=/Menu/edit/id/2.html
INFO: [ app_init ] --START--
INFO: Run Behavior\BuildLiteBehavior [ RunTime:0.000035s ]
INFO: Run Common\Behavior\InitHookBehavior [ RunTime:0.004124s ]
INFO: [ app_init ] --END-- [ RunTime:0.004972s ]
INFO: [ app_begin ] --START--
INFO: Run Behavior\ReadHtmlCacheBehavior [ RunTime:0.001033s ]
INFO: [ app_begin ] --END-- [ RunTime:0.001213s ]
SQL: SHOW COLUMNS FROM `jm_menu` [ RunTime:0.0112s ]
SQL: SELECT `id`,`title`,`pid`,`sort`,`url`,`hide`,`tip`,`group`,`is_dev`,`status` FROM `jm_menu` WHERE `id` = 2 LIMIT 1   [ RunTime:0.0004s ]
SQL: SELECT `id`,`title`,`pid`,`sort`,`url`,`hide`,`tip`,`group`,`is_dev`,`status` FROM `jm_menu`  [ RunTime:0.0017s ]
INFO: [ view_parse ] --START--
INFO: [ template_filter ] --START--
INFO: Run Behavior\ContentReplaceBehavior [ RunTime:0.000426s ]
INFO: [ template_filter ] --END-- [ RunTime:0.000691s ]
INFO: Run Behavior\ParseTemplateBehavior [ RunTime:0.056707s ]
INFO: [ view_parse ] --END-- [ RunTime:0.056906s ]
INFO: [ view_filter ] --START--
INFO: Run Behavior\WriteHtmlCacheBehavior [ RunTime:0.000809s ]
INFO: [ view_filter ] --END-- [ RunTime:0.000966s ]
INFO: [ app_end ] --START--
INFO: Run Behavior\ShowPageTraceBehavior [ RunTime:0.004128s ]
INFO: [ app_end ] --END-- [ RunTime:0.004468s ]

[ 2015-07-07T13:20:26+08:00 ] ::1 /admin.php?s=/Menu/add/pid/0.html
INFO: [ app_init ] --START--
INFO: Run Behavior\BuildLiteBehavior [ RunTime:0.000030s ]
INFO: Run Common\Behavior\InitHookBehavior [ RunTime:0.003902s ]
INFO: [ app_init ] --END-- [ RunTime:0.004644s ]
INFO: [ app_begin ] --START--
INFO: Run Behavior\ReadHtmlCacheBehavior [ RunTime:0.000967s ]
INFO: [ app_begin ] --END-- [ RunTime:0.001121s ]
SQL: SHOW COLUMNS FROM `jm_menu` [ RunTime:0.0271s ]
SQL: SELECT `id`,`title`,`pid`,`sort`,`url`,`hide`,`tip`,`group`,`is_dev`,`status` FROM `jm_menu`  [ RunTime:0.0021s ]
INFO: [ view_parse ] --START--
INFO: [ template_filter ] --START--
INFO: Run Behavior\ContentReplaceBehavior [ RunTime:0.000243s ]
INFO: [ template_filter ] --END-- [ RunTime:0.000395s ]
INFO: Run Behavior\ParseTemplateBehavior [ RunTime:0.033051s ]
INFO: [ view_parse ] --END-- [ RunTime:0.033212s ]
INFO: [ view_filter ] --START--
INFO: Run Behavior\WriteHtmlCacheBehavior [ RunTime:0.001003s ]
INFO: [ view_filter ] --END-- [ RunTime:0.001156s ]
INFO: [ app_end ] --START--
INFO: Run Behavior\ShowPageTraceBehavior [ RunTime:0.001823s ]
INFO: [ app_end ] --END-- [ RunTime:0.002073s ]

[ 2015-07-07T13:24:21+08:00 ] ::1 /admin.php?s=/Infomation/index.html
INFO: [ app_init ] --START--
INFO: Run Behavior\BuildLiteBehavior [ RunTime:0.000061s ]
INFO: Run Common\Behavior\InitHookBehavior [ RunTime:0.005724s ]
INFO: [ app_init ] --END-- [ RunTime:0.006999s ]
INFO: [ app_begin ] --START--
INFO: Run Behavior\ReadHtmlCacheBehavior [ RunTime:0.000724s ]
INFO: [ app_begin ] --END-- [ RunTime:0.000887s ]
SQL: SHOW COLUMNS FROM `jm_infomation` [ RunTime:0.1086s ]
SQL: SELECT * FROM `jm_infomation` ORDER BY status desc,level desc,id desc  [ RunTime:0.0006s ]
INFO: [ view_parse ] --START--
INFO: [ template_filter ] --START--
INFO: Run Behavior\ContentReplaceBehavior [ RunTime:0.000194s ]
INFO: [ template_filter ] --END-- [ RunTime:0.000334s ]
NOTIC: [8] Undefined variable: meta_title D:\wamp\www\Runtime\Cache\Admin\fd2b3db3d8a45fa3e6ed1d5571bd3739.php 第 5 行.
NOTIC: [8] Undefined variable: cate_id D:\wamp\www\Runtime\Cache\Admin\fd2b3db3d8a45fa3e6ed1d5571bd3739.php 第 98 行.
NOTIC: [8] Undefined variable: _page D:\wamp\www\Runtime\Cache\Admin\fd2b3db3d8a45fa3e6ed1d5571bd3739.php 第 145 行.
INFO: Run Behavior\ParseTemplateBehavior [ RunTime:0.087873s ]
INFO: [ view_parse ] --END-- [ RunTime:0.088071s ]
INFO: [ view_filter ] --START--
INFO: Run Behavior\WriteHtmlCacheBehavior [ RunTime:0.000789s ]
INFO: [ view_filter ] --END-- [ RunTime:0.000936s ]
INFO: [ app_end ] --START--
INFO: Run Behavior\ShowPageTraceBehavior [ RunTime:0.001703s ]
INFO: [ app_end ] --END-- [ RunTime:0.002009s ]

[ 2015-07-07T13:24:24+08:00 ] ::1 /admin.php?s=/Account/index.html
INFO: [ app_init ] --START--
INFO: Run Behavior\BuildLiteBehavior [ RunTime:0.000030s ]
INFO: Run Common\Behavior\InitHookBehavior [ RunTime:0.003704s ]
INFO: [ app_init ] --END-- [ RunTime:0.004500s ]
INFO: [ app_begin ] --START--
INFO: Run Behavior\ReadHtmlCacheBehavior [ RunTime:0.000709s ]
INFO: [ app_begin ] --END-- [ RunTime:0.000848s ]
SQL: SHOW COLUMNS FROM `jm_menu` [ RunTime:0.0132s ]
SQL: SELECT `id`,`title`,`url` FROM `jm_menu` WHERE `pid` = 0 AND `hide` = 0 ORDER BY sort asc  [ RunTime:0.0006s ]
SQL: SELECT `pid` FROM `jm_menu` WHERE ( pid !=0 AND url like '%Account/index%' ) LIMIT 1   [ RunTime:0.0028s ]
SQL: SELECT * FROM `jm_menu` WHERE `id` = 141 LIMIT 1   [ RunTime:0.0005s ]
SQL: SELECT DISTINCT  `group` FROM `jm_menu` WHERE `group` <> '' AND `pid` = 141  [ RunTime:0.0007s ]
SQL: SELECT `id`,`url` FROM `jm_menu` WHERE `pid` = 141 AND `hide` = 0  [ RunTime:0.0005s ]
SQL: SELECT `id`,`pid`,`title`,`url`,`tip` FROM `jm_menu` WHERE `group` = '账户管理' AND `pid` = 141 AND `hide` = 0 ORDER BY sort asc  [ RunTime:0.0018s ]
SQL: SHOW COLUMNS FROM `jm_account_user` [ RunTime:0.0748s ]
SQL: SHOW COLUMNS FROM `jm_users_detail` [ RunTime:0.0466s ]
SQL: SELECT au.id AS id,au.uid AS uid,au.balance AS balance,au.use_able AS use_able,au.create_time AS create_time,u.name AS name,u.phone AS phone FROM jm_account_user au LEFT JOIN jm_users_detail u ON u.id=au.uid WHERE u.name LIKE '%%'  [ RunTime:0.0307s ]
INFO: [ view_parse ] --START--
INFO: [ template_filter ] --START--
INFO: Run Behavior\ContentReplaceBehavior [ RunTime:0.000226s ]
INFO: [ template_filter ] --END-- [ RunTime:0.000409s ]
NOTIC: [8] Undefined variable: meta_title D:\wamp\www\Runtime\Cache\Admin\c4921982ccba1d7effaada457f8c4abd.php 第 5 行.
NOTIC: [8] Undefined index: state D:\wamp\www\Runtime\Cache\Admin\c4921982ccba1d7effaada457f8c4abd.php 第 129 行.
NOTIC: [8] Use of undefined constant uid - assumed 'uid' D:\wamp\www\Runtime\Cache\Admin\c4921982ccba1d7effaada457f8c4abd.php 第 130 行.
NOTIC: [8] Undefined index: state D:\wamp\www\Runtime\Cache\Admin\c4921982ccba1d7effaada457f8c4abd.php 第 129 行.
NOTIC: [8] Use of undefined constant uid - assumed 'uid' D:\wamp\www\Runtime\Cache\Admin\c4921982ccba1d7effaada457f8c4abd.php 第 130 行.
NOTIC: [8] Undefined index: state D:\wamp\www\Runtime\Cache\Admin\c4921982ccba1d7effaada457f8c4abd.php 第 129 行.
NOTIC: [8] Use of undefined constant uid - assumed 'uid' D:\wamp\www\Runtime\Cache\Admin\c4921982ccba1d7effaada457f8c4abd.php 第 130 行.
NOTIC: [8] Undefined variable: _page D:\wamp\www\Runtime\Cache\Admin\c4921982ccba1d7effaada457f8c4abd.php 第 138 行.
INFO: Run Behavior\ParseTemplateBehavior [ RunTime:0.083328s ]
INFO: [ view_parse ] --END-- [ RunTime:0.083481s ]
INFO: [ view_filter ] --START--
INFO: Run Behavior\WriteHtmlCacheBehavior [ RunTime:0.000641s ]
INFO: [ view_filter ] --END-- [ RunTime:0.000848s ]
INFO: [ app_end ] --START--
INFO: Run Behavior\ShowPageTraceBehavior [ RunTime:0.001636s ]
INFO: [ app_end ] --END-- [ RunTime:0.001925s ]

[ 2015-07-07T13:24:25+08:00 ] ::1 /admin.php?s=/Product/index.html
INFO: [ app_init ] --START--
INFO: Run Behavior\BuildLiteBehavior [ RunTime:0.000056s ]
INFO: Run Common\Behavior\InitHookBehavior [ RunTime:0.006479s ]
INFO: [ app_init ] --END-- [ RunTime:0.007529s ]
INFO: [ app_begin ] --START--
INFO: Run Behavior\ReadHtmlCacheBehavior [ RunTime:0.000997s ]
INFO: [ app_begin ] --END-- [ RunTime:0.001157s ]
SQL: SHOW COLUMNS FROM `jm_menu` [ RunTime:0.0257s ]
SQL: SELECT `id`,`title`,`url` FROM `jm_menu` WHERE `pid` = 0 AND `hide` = 0 ORDER BY sort asc  [ RunTime:0.0007s ]
SQL: SELECT `pid` FROM `jm_menu` WHERE ( pid !=0 AND url like '%Product/index%' ) LIMIT 1   [ RunTime:0.0021s ]
SQL: SELECT * FROM `jm_menu` WHERE `id` = 213 LIMIT 1   [ RunTime:0.0004s ]
SQL: SELECT DISTINCT  `group` FROM `jm_menu` WHERE `group` <> '' AND `pid` = 213  [ RunTime:0.0006s ]
SQL: SELECT `id`,`url` FROM `jm_menu` WHERE `pid` = 213 AND `hide` = 0  [ RunTime:0.0004s ]
SQL: SELECT `id`,`pid`,`title`,`url`,`tip` FROM `jm_menu` WHERE `group` = '实物项目' AND `pid` = 213 AND `hide` = 0 ORDER BY sort asc  [ RunTime:0.0005s ]
SQL: SHOW COLUMNS FROM `jm_product` [ RunTime:0.0528s ]
SQL: SELECT * FROM `jm_product` ORDER BY update_time desc LIMIT 0,10   [ RunTime:0.0005s ]
SQL: SELECT COUNT(*) AS tp_count FROM `jm_product` LIMIT 1   [ RunTime:0.0003s ]
INFO: [ view_parse ] --START--
INFO: [ template_filter ] --START--
INFO: Run Behavior\ContentReplaceBehavior [ RunTime:0.000234s ]
INFO: [ template_filter ] --END-- [ RunTime:0.000376s ]
NOTIC: [8] Undefined variable: meta_title D:\wamp\www\Runtime\Cache\Admin\34e4b095905075aaede5ee9039415509.php 第 5 行.
INFO: Run Behavior\ParseTemplateBehavior [ RunTime:0.047146s ]
INFO: [ view_parse ] --END-- [ RunTime:0.047308s ]
INFO: [ view_filter ] --START--
INFO: Run Behavior\WriteHtmlCacheBehavior [ RunTime:0.000733s ]
INFO: [ view_filter ] --END-- [ RunTime:0.000877s ]
INFO: [ app_end ] --START--
INFO: Run Behavior\ShowPageTraceBehavior [ RunTime:0.001673s ]
INFO: [ app_end ] --END-- [ RunTime:0.001940s ]

[ 2015-07-07T13:24:26+08:00 ] ::1 /admin.php?s=/Config/group.html
INFO: [ app_init ] --START--
INFO: Run Behavior\BuildLiteBehavior [ RunTime:0.000029s ]
INFO: Run Common\Behavior\InitHookBehavior [ RunTime:0.002115s ]
INFO: [ app_init ] --END-- [ RunTime:0.002761s ]
INFO: [ app_begin ] --START--
INFO: Run Behavior\ReadHtmlCacheBehavior [ RunTime:0.000764s ]
INFO: [ app_begin ] --END-- [ RunTime:0.000909s ]
SQL: SHOW COLUMNS FROM `jm_config` [ RunTime:0.0093s ]
SQL: SELECT `id`,`name`,`title`,`extra`,`value`,`remark`,`type` FROM `jm_config` WHERE `status` = 1 AND `group` = 1 ORDER BY sort  [ RunTime:0.0005s ]
INFO: [ view_parse ] --START--
INFO: [ template_filter ] --START--
INFO: Run Behavior\ContentReplaceBehavior [ RunTime:0.000193s ]
INFO: [ template_filter ] --END-- [ RunTime:0.000359s ]
INFO: Run Behavior\ParseTemplateBehavior [ RunTime:0.038681s ]
INFO: [ view_parse ] --END-- [ RunTime:0.038843s ]
INFO: [ view_filter ] --START--
INFO: Run Behavior\WriteHtmlCacheBehavior [ RunTime:0.000580s ]
INFO: [ view_filter ] --END-- [ RunTime:0.000716s ]
INFO: [ app_end ] --START--
INFO: Run Behavior\ShowPageTraceBehavior [ RunTime:0.001254s ]
INFO: [ app_end ] --END-- [ RunTime:0.001460s ]

[ 2015-07-07T13:24:28+08:00 ] ::1 /admin.php?s=/Model/index.html
INFO: [ app_init ] --START--
INFO: Run Behavior\BuildLiteBehavior [ RunTime:0.000043s ]
INFO: Run Common\Behavior\InitHookBehavior [ RunTime:0.004242s ]
INFO: [ app_init ] --END-- [ RunTime:0.004988s ]
INFO: [ app_begin ] --START--
INFO: Run Behavior\ReadHtmlCacheBehavior [ RunTime:0.000839s ]
INFO: [ app_begin ] --END-- [ RunTime:0.001008s ]
SQL: SHOW COLUMNS FROM `jm_menu` [ RunTime:0.0135s ]
SQL: SELECT `id`,`title`,`url` FROM `jm_menu` WHERE `pid` = 0 AND `hide` = 0 ORDER BY sort asc  [ RunTime:0.0007s ]
SQL: SELECT `pid` FROM `jm_menu` WHERE ( pid !=0 AND url like '%Model/index%' ) LIMIT 1   [ RunTime:0.0016s ]
SQL: SELECT * FROM `jm_menu` WHERE `id` = 68 LIMIT 1   [ RunTime:0.0005s ]
SQL: SELECT DISTINCT  `group` FROM `jm_menu` WHERE `group` <> '' AND `pid` = 68  [ RunTime:0.0007s ]
SQL: SELECT `id`,`url` FROM `jm_menu` WHERE `pid` = 68 AND `hide` = 0  [ RunTime:0.0004s ]
SQL: SELECT `id`,`pid`,`title`,`url`,`tip` FROM `jm_menu` WHERE `group` = '系统设置' AND `pid` = 68 AND `hide` = 0 ORDER BY sort asc  [ RunTime:0.0005s ]
SQL: SELECT `id`,`pid`,`title`,`url`,`tip` FROM `jm_menu` WHERE `group` = '数据备份' AND `pid` = 68 AND `hide` = 0 ORDER BY sort asc  [ RunTime:0.0008s ]
SQL: SHOW COLUMNS FROM `jm_model` [ RunTime:0.0141s ]
SQL: SELECT COUNT(*) AS tp_count FROM `jm_model` WHERE `status` > -1 LIMIT 1   [ RunTime:0.0245s ]
SQL: SELECT `id`,`name`,`title`,`extend`,`relation`,`need_pk`,`field_sort`,`field_group`,`attribute_list`,`template_list`,`template_add`,`template_edit`,`list_grid`,`list_row`,`search_key`,`search_list`,`create_time`,`update_time`,`status`,`engine_type` FROM `jm_model` WHERE `status` > -1 ORDER BY id desc LIMIT 0,10   [ RunTime:0.0005s ]
INFO: [ view_parse ] --START--
INFO: [ template_filter ] --START--
INFO: Run Behavior\ContentReplaceBehavior [ RunTime:0.000337s ]
INFO: [ template_filter ] --END-- [ RunTime:0.000662s ]
INFO: Run Behavior\ParseTemplateBehavior [ RunTime:0.088645s ]
INFO: [ view_parse ] --END-- [ RunTime:0.088795s ]
INFO: [ view_filter ] --START--
INFO: Run Behavior\WriteHtmlCacheBehavior [ RunTime:0.000593s ]
INFO: [ view_filter ] --END-- [ RunTime:0.000717s ]
INFO: [ app_end ] --START--
INFO: Run Behavior\ShowPageTraceBehavior [ RunTime:0.001252s ]
INFO: [ app_end ] --END-- [ RunTime:0.001411s ]

[ 2015-07-07T13:24:29+08:00 ] ::1 /admin.php?s=/Category/index.html
INFO: [ app_init ] --START--
INFO: Run Behavior\BuildLiteBehavior [ RunTime:0.000034s ]
INFO: Run Common\Behavior\InitHookBehavior [ RunTime:0.003090s ]
INFO: [ app_init ] --END-- [ RunTime:0.003800s ]
INFO: [ app_begin ] --START--
INFO: Run Behavior\ReadHtmlCacheBehavior [ RunTime:0.000793s ]
INFO: [ app_begin ] --END-- [ RunTime:0.000936s ]
SQL: SHOW COLUMNS FROM `jm_menu` [ RunTime:0.0614s ]
SQL: SELECT `id`,`title`,`url` FROM `jm_menu` WHERE `pid` = 0 AND `hide` = 0 ORDER BY sort asc  [ RunTime:0.0012s ]
SQL: SELECT `pid` FROM `jm_menu` WHERE ( pid !=0 AND url like '%Category/index%' ) LIMIT 1   [ RunTime:0.0024s ]
SQL: SELECT * FROM `jm_menu` WHERE `id` = 68 LIMIT 1   [ RunTime:0.0006s ]
SQL: SELECT DISTINCT  `group` FROM `jm_menu` WHERE `group` <> '' AND `pid` = 68  [ RunTime:0.0009s ]
SQL: SELECT `id`,`url` FROM `jm_menu` WHERE `pid` = 68 AND `hide` = 0  [ RunTime:0.0006s ]
SQL: SELECT `id`,`pid`,`title`,`url`,`tip` FROM `jm_menu` WHERE `group` = '系统设置' AND `pid` = 68 AND `hide` = 0 ORDER BY sort asc  [ RunTime:0.0007s ]
SQL: SELECT `id`,`pid`,`title`,`url`,`tip` FROM `jm_menu` WHERE `group` = '数据备份' AND `pid` = 68 AND `hide` = 0 ORDER BY sort asc  [ RunTime:0.0008s ]
SQL: SHOW COLUMNS FROM `jm_category` [ RunTime:0.0408s ]
SQL: SELECT `id`,`name`,`title`,`sort`,`pid`,`allow_publish`,`status` FROM `jm_category` WHERE `status` > -1 ORDER BY sort  [ RunTime:0.0252s ]
INFO: [ view_parse ] --START--
INFO: [ template_filter ] --START--
INFO: Run Behavior\ContentReplaceBehavior [ RunTime:0.000918s ]
INFO: [ template_filter ] --END-- [ RunTime:0.001512s ]
INFO: [ view_parse ] --START--
INFO: [ template_filter ] --START--
INFO: Run Behavior\ContentReplaceBehavior [ RunTime:0.000115s ]
INFO: [ template_filter ] --END-- [ RunTime:-0.041849s ]
INFO: [ view_parse ] --START--
INFO: [ template_filter ] --START--
INFO: Run Behavior\ContentReplaceBehavior [ RunTime:0.000107s ]
INFO: [ template_filter ] --END-- [ RunTime:-0.059091s ]
INFO: Run Behavior\ParseTemplateBehavior [ RunTime:0.015719s ]
INFO: [ view_parse ] --END-- [ RunTime:0.015925s ]
INFO: [ view_filter ] --START--
INFO: Run Behavior\WriteHtmlCacheBehavior [ RunTime:0.000657s ]
INFO: [ view_filter ] --END-- [ RunTime:0.000853s ]
INFO: Run Behavior\ParseTemplateBehavior [ RunTime:0.017055s ]
INFO: [ view_parse ] --END-- [ RunTime:0.015925s ]
INFO: [ view_filter ] --START--
INFO: Run Behavior\WriteHtmlCacheBehavior [ RunTime:0.000068s ]
INFO: [ view_filter ] --END-- [ RunTime:-0.001278s ]
INFO: Run Behavior\ParseTemplateBehavior [ RunTime:0.018751s ]
INFO: [ view_parse ] --END-- [ RunTime:0.015925s ]
INFO: [ view_filter ] --START--
INFO: Run Behavior\WriteHtmlCacheBehavior [ RunTime:0.000063s ]
INFO: [ view_filter ] --END-- [ RunTime:-0.002276s ]
INFO: [ app_end ] --START--
INFO: Run Behavior\ShowPageTraceBehavior [ RunTime:0.001937s ]
INFO: [ app_end ] --END-- [ RunTime:0.002246s ]

[ 2015-07-07T13:24:30+08:00 ] ::1 /admin.php?s=/Menu/index.html
INFO: [ app_init ] --START--
INFO: Run Behavior\BuildLiteBehavior [ RunTime:0.000037s ]
INFO: Run Common\Behavior\InitHookBehavior [ RunTime:0.002439s ]
INFO: [ app_init ] --END-- [ RunTime:0.003345s ]
INFO: [ app_begin ] --START--
INFO: Run Behavior\ReadHtmlCacheBehavior [ RunTime:0.001181s ]
INFO: [ app_begin ] --END-- [ RunTime:0.001434s ]
SQL: SHOW COLUMNS FROM `jm_menu` [ RunTime:0.0122s ]
SQL: SELECT `id`,`title` FROM `jm_menu`  [ RunTime:0.0014s ]
SQL: SELECT `id`,`title`,`pid`,`sort`,`url`,`hide`,`tip`,`group`,`is_dev`,`status` FROM `jm_menu` WHERE `pid` = 0 ORDER BY sort asc,id asc  [ RunTime:0.0010s ]
INFO: [ view_parse ] --START--
INFO: [ template_filter ] --START--
INFO: Run Behavior\ContentReplaceBehavior [ RunTime:0.000459s ]
INFO: [ template_filter ] --END-- [ RunTime:0.000831s ]
INFO: Run Behavior\ParseTemplateBehavior [ RunTime:0.067128s ]
INFO: [ view_parse ] --END-- [ RunTime:0.067347s ]
INFO: [ view_filter ] --START--
INFO: Run Behavior\WriteHtmlCacheBehavior [ RunTime:0.000582s ]
INFO: [ view_filter ] --END-- [ RunTime:0.000726s ]
INFO: [ app_end ] --START--
INFO: Run Behavior\ShowPageTraceBehavior [ RunTime:0.001612s ]
INFO: [ app_end ] --END-- [ RunTime:0.001903s ]

[ 2015-07-07T13:24:31+08:00 ] ::1 /admin.php?s=/Model/index.html
INFO: [ app_init ] --START--
INFO: Run Behavior\BuildLiteBehavior [ RunTime:0.000030s ]
INFO: Run Common\Behavior\InitHookBehavior [ RunTime:0.002144s ]
INFO: [ app_init ] --END-- [ RunTime:0.002810s ]
INFO: [ app_begin ] --START--
INFO: Run Behavior\ReadHtmlCacheBehavior [ RunTime:0.000711s ]
INFO: [ app_begin ] --END-- [ RunTime:0.000864s ]
SQL: SHOW COLUMNS FROM `jm_model` [ RunTime:0.0178s ]
SQL: SELECT COUNT(*) AS tp_count FROM `jm_model` WHERE `status` > -1 LIMIT 1   [ RunTime:0.0005s ]
SQL: SELECT `id`,`name`,`title`,`extend`,`relation`,`need_pk`,`field_sort`,`field_group`,`attribute_list`,`template_list`,`template_add`,`template_edit`,`list_grid`,`list_row`,`search_key`,`search_list`,`create_time`,`update_time`,`status`,`engine_type` FROM `jm_model` WHERE `status` > -1 ORDER BY id desc LIMIT 0,10   [ RunTime:0.0008s ]
INFO: [ view_parse ] --START--
INFO: [ template_filter ] --START--
INFO: Run Behavior\ContentReplaceBehavior [ RunTime:0.000217s ]
INFO: [ template_filter ] --END-- [ RunTime:0.000355s ]
INFO: Run Behavior\ParseTemplateBehavior [ RunTime:0.034067s ]
INFO: [ view_parse ] --END-- [ RunTime:0.034267s ]
INFO: [ view_filter ] --START--
INFO: Run Behavior\WriteHtmlCacheBehavior [ RunTime:0.000551s ]
INFO: [ view_filter ] --END-- [ RunTime:0.000708s ]
INFO: [ app_end ] --START--
INFO: Run Behavior\ShowPageTraceBehavior [ RunTime:0.001265s ]
INFO: [ app_end ] --END-- [ RunTime:0.001479s ]

[ 2015-07-07T13:24:32+08:00 ] ::1 /admin.php?s=/Config/index.html
INFO: [ app_init ] --START--
INFO: Run Behavior\BuildLiteBehavior [ RunTime:0.000029s ]
INFO: Run Common\Behavior\InitHookBehavior [ RunTime:0.002338s ]
INFO: [ app_init ] --END-- [ RunTime:0.002976s ]
INFO: [ app_begin ] --START--
INFO: Run Behavior\ReadHtmlCacheBehavior [ RunTime:0.000741s ]
INFO: [ app_begin ] --END-- [ RunTime:0.000879s ]
SQL: SHOW COLUMNS FROM `jm_config` [ RunTime:0.0214s ]
SQL: SELECT COUNT(*) AS tp_count FROM `jm_config` WHERE `status` = 1 LIMIT 1   [ RunTime:0.0005s ]
SQL: SELECT `id`,`name`,`type`,`title`,`group`,`extra`,`remark`,`create_time`,`update_time`,`status`,`value`,`sort` FROM `jm_config` WHERE `status` = 1 ORDER BY sort,id LIMIT 0,10   [ RunTime:0.0007s ]
INFO: [ view_parse ] --START--
INFO: [ template_filter ] --START--
INFO: Run Behavior\ContentReplaceBehavior [ RunTime:0.000199s ]
INFO: [ template_filter ] --END-- [ RunTime:0.000338s ]
INFO: Run Behavior\ParseTemplateBehavior [ RunTime:0.041939s ]
INFO: [ view_parse ] --END-- [ RunTime:0.042103s ]
INFO: [ view_filter ] --START--
INFO: Run Behavior\WriteHtmlCacheBehavior [ RunTime:0.001210s ]
INFO: [ view_filter ] --END-- [ RunTime:0.001557s ]
INFO: [ app_end ] --START--
INFO: Run Behavior\ShowPageTraceBehavior [ RunTime:0.002313s ]
INFO: [ app_end ] --END-- [ RunTime:0.002693s ]

[ 2015-07-07T13:24:34+08:00 ] ::1 /admin.php?s=/Menu/index.html
INFO: [ app_init ] --START--
INFO: Run Behavior\BuildLiteBehavior [ RunTime:0.000051s ]
INFO: Run Common\Behavior\InitHookBehavior [ RunTime:0.002133s ]
INFO: [ app_init ] --END-- [ RunTime:0.002784s ]
INFO: [ app_begin ] --START--
INFO: Run Behavior\ReadHtmlCacheBehavior [ RunTime:0.000738s ]
INFO: [ app_begin ] --END-- [ RunTime:0.000875s ]
SQL: SHOW COLUMNS FROM `jm_menu` [ RunTime:0.0133s ]
SQL: SELECT `id`,`title` FROM `jm_menu`  [ RunTime:0.0010s ]
SQL: SELECT `id`,`title`,`pid`,`sort`,`url`,`hide`,`tip`,`group`,`is_dev`,`status` FROM `jm_menu` WHERE `pid` = 0 ORDER BY sort asc,id asc  [ RunTime:0.0009s ]
INFO: [ view_parse ] --START--
INFO: [ template_filter ] --START--
INFO: Run Behavior\ContentReplaceBehavior [ RunTime:0.000223s ]
INFO: [ template_filter ] --END-- [ RunTime:0.000392s ]
INFO: Run Behavior\ParseTemplateBehavior [ RunTime:0.047683s ]
INFO: [ view_parse ] --END-- [ RunTime:0.047940s ]
INFO: [ view_filter ] --START--
INFO: Run Behavior\WriteHtmlCacheBehavior [ RunTime:0.000775s ]
INFO: [ view_filter ] --END-- [ RunTime:0.000998s ]
INFO: [ app_end ] --START--
INFO: Run Behavior\ShowPageTraceBehavior [ RunTime:0.003463s ]
INFO: [ app_end ] --END-- [ RunTime:0.003723s ]

[ 2015-07-07T13:35:21+08:00 ] ::1 /admin.php?s=/Infomation/index.html
INFO: [ app_init ] --START--
INFO: Run Behavior\BuildLiteBehavior [ RunTime:0.000035s ]
INFO: Run Common\Behavior\InitHookBehavior [ RunTime:0.006088s ]
INFO: [ app_init ] --END-- [ RunTime:0.006868s ]
INFO: [ app_begin ] --START--
INFO: Run Behavior\ReadHtmlCacheBehavior [ RunTime:0.000872s ]
INFO: [ app_begin ] --END-- [ RunTime:0.001057s ]
SQL: SHOW COLUMNS FROM `jm_infomation` [ RunTime:0.0406s ]
SQL: SELECT * FROM `jm_infomation` ORDER BY status desc,level desc,id desc  [ RunTime:0.0010s ]
INFO: [ view_parse ] --START--
INFO: [ template_filter ] --START--
INFO: Run Behavior\ContentReplaceBehavior [ RunTime:0.000484s ]
INFO: [ template_filter ] --END-- [ RunTime:0.000945s ]
NOTIC: [8] Undefined variable: meta_title D:\wamp\www\Runtime\Cache\Admin\fd2b3db3d8a45fa3e6ed1d5571bd3739.php 第 5 行.
NOTIC: [8] Undefined variable: cate_id D:\wamp\www\Runtime\Cache\Admin\fd2b3db3d8a45fa3e6ed1d5571bd3739.php 第 98 行.
NOTIC: [8] Undefined variable: _page D:\wamp\www\Runtime\Cache\Admin\fd2b3db3d8a45fa3e6ed1d5571bd3739.php 第 145 行.
INFO: Run Behavior\ParseTemplateBehavior [ RunTime:0.052594s ]
INFO: [ view_parse ] --END-- [ RunTime:0.052808s ]
INFO: [ view_filter ] --START--
INFO: Run Behavior\WriteHtmlCacheBehavior [ RunTime:0.000702s ]
INFO: [ view_filter ] --END-- [ RunTime:0.000839s ]
INFO: [ app_end ] --START--
INFO: Run Behavior\ShowPageTraceBehavior [ RunTime:0.001562s ]
INFO: [ app_end ] --END-- [ RunTime:0.002320s ]

[ 2015-07-07T13:35:22+08:00 ] ::1 /admin.php?s=/Banner/index.html
INFO: [ app_init ] --START--
INFO: Run Behavior\BuildLiteBehavior [ RunTime:0.000029s ]
INFO: Run Common\Behavior\InitHookBehavior [ RunTime:0.002576s ]
INFO: [ app_init ] --END-- [ RunTime:0.003184s ]
INFO: [ app_begin ] --START--
INFO: Run Behavior\ReadHtmlCacheBehavior [ RunTime:0.000744s ]
INFO: [ app_begin ] --END-- [ RunTime:0.000897s ]
NOTIC: [2048] Declaration of Admin\Controller\BannerController::setStatus() should be compatible with Admin\Controller\AdminController::setStatus($Model = 'Banner') D:\wamp\www\Application\Admin\Controller\BannerController.class.php 第 17 行.
NOTIC: [8] Undefined variable: pid D:\wamp\www\Application\Admin\Controller\BannerController.class.php 第 26 行.
SQL: SHOW COLUMNS FROM `jm_banner` [ RunTime:0.0772s ]
SQL: SELECT * FROM `jm_banner` WHERE `status` <> -1 ORDER BY sort asc,id desc  [ RunTime:0.0198s ]
NOTIC: [8] Undefined variable: pid D:\wamp\www\Application\Admin\Controller\BannerController.class.php 第 30 行.
INFO: [ view_parse ] --START--
INFO: [ template_filter ] --START--
INFO: Run Behavior\ContentReplaceBehavior [ RunTime:0.000264s ]
INFO: [ template_filter ] --END-- [ RunTime:0.000406s ]
INFO: Run Behavior\ParseTemplateBehavior [ RunTime:0.052777s ]
INFO: [ view_parse ] --END-- [ RunTime:0.053117s ]
INFO: [ view_filter ] --START--
INFO: Run Behavior\WriteHtmlCacheBehavior [ RunTime:0.001490s ]
INFO: [ view_filter ] --END-- [ RunTime:0.001765s ]
INFO: [ app_end ] --START--
INFO: Run Behavior\ShowPageTraceBehavior [ RunTime:0.001381s ]
INFO: [ app_end ] --END-- [ RunTime:0.001628s ]

[ 2015-07-07T13:35:29+08:00 ] ::1 /admin.php?s=/Banner/add.html
INFO: [ app_init ] --START--
INFO: Run Behavior\BuildLiteBehavior [ RunTime:0.000048s ]
INFO: Run Common\Behavior\InitHookBehavior [ RunTime:0.003716s ]
INFO: [ app_init ] --END-- [ RunTime:0.004699s ]
INFO: [ app_begin ] --START--
INFO: Run Behavior\ReadHtmlCacheBehavior [ RunTime:0.000713s ]
INFO: [ app_begin ] --END-- [ RunTime:0.000863s ]
NOTIC: [2048] Declaration of Admin\Controller\BannerController::setStatus() should be compatible with Admin\Controller\AdminController::setStatus($Model = 'Banner') D:\wamp\www\Application\Admin\Controller\BannerController.class.php 第 17 行.
INFO: [ view_parse ] --START--
INFO: [ template_filter ] --START--
INFO: Run Behavior\ContentReplaceBehavior [ RunTime:0.000707s ]
INFO: [ template_filter ] --END-- [ RunTime:0.002085s ]
NOTIC: [8] Undefined variable: info D:\wamp\www\Runtime\Cache\Admin\9b9de4d9bbd642501a826c4df69768ef.php 第 93 行.
NOTIC: [8] Undefined variable: pid D:\wamp\www\Runtime\Cache\Admin\9b9de4d9bbd642501a826c4df69768ef.php 第 98 行.
NOTIC: [8] Undefined variable: info D:\wamp\www\Runtime\Cache\Admin\9b9de4d9bbd642501a826c4df69768ef.php 第 121 行.
NOTIC: [8] Undefined variable: info D:\wamp\www\Runtime\Cache\Admin\9b9de4d9bbd642501a826c4df69768ef.php 第 167 行.
INFO: Run Behavior\ParseTemplateBehavior [ RunTime:0.065435s ]
INFO: [ view_parse ] --END-- [ RunTime:0.065643s ]
INFO: [ view_filter ] --START--
INFO: Run Behavior\WriteHtmlCacheBehavior [ RunTime:0.000655s ]
INFO: [ view_filter ] --END-- [ RunTime:0.000890s ]
INFO: [ app_end ] --START--
INFO: Run Behavior\ShowPageTraceBehavior [ RunTime:0.013630s ]
INFO: [ app_end ] --END-- [ RunTime:0.013961s ]

[ 2015-07-07T13:35:33+08:00 ] ::1 /admin.php?s=/Banner/edit/id/3.html
INFO: [ app_init ] --START--
INFO: Run Behavior\BuildLiteBehavior [ RunTime:0.000030s ]
INFO: Run Common\Behavior\InitHookBehavior [ RunTime:0.003445s ]
INFO: [ app_init ] --END-- [ RunTime:0.004086s ]
INFO: [ app_begin ] --START--
INFO: Run Behavior\ReadHtmlCacheBehavior [ RunTime:0.000848s ]
INFO: [ app_begin ] --END-- [ RunTime:0.001029s ]
NOTIC: [2048] Declaration of Admin\Controller\BannerController::setStatus() should be compatible with Admin\Controller\AdminController::setStatus($Model = 'Banner') D:\wamp\www\Application\Admin\Controller\BannerController.class.php 第 17 行.
SQL: SHOW COLUMNS FROM `jm_banner` [ RunTime:0.0246s ]
SQL: SELECT * FROM `jm_banner` WHERE `id` = 3 LIMIT 1   [ RunTime:0.0005s ]
INFO: [ view_parse ] --START--
INFO: [ template_filter ] --START--
INFO: Run Behavior\ContentReplaceBehavior [ RunTime:0.000269s ]
INFO: [ template_filter ] --END-- [ RunTime:0.000412s ]
SQL: SHOW COLUMNS FROM `jm_picture` [ RunTime:0.0341s ]
SQL: SELECT * FROM `jm_picture` WHERE `status` = 1 AND `id` = 20 LIMIT 1   [ RunTime:0.0019s ]
INFO: Run Behavior\ParseTemplateBehavior [ RunTime:0.074604s ]
INFO: [ view_parse ] --END-- [ RunTime:0.075175s ]
INFO: [ view_filter ] --START--
INFO: Run Behavior\WriteHtmlCacheBehavior [ RunTime:0.002771s ]
INFO: [ view_filter ] --END-- [ RunTime:0.003157s ]
INFO: [ app_end ] --START--
INFO: Run Behavior\ShowPageTraceBehavior [ RunTime:0.001838s ]
INFO: [ app_end ] --END-- [ RunTime:0.002372s ]

[ 2015-07-07T13:46:08+08:00 ] ::1 /admin.php?s=/Config/group.html
INFO: [ app_init ] --START--
INFO: Run Behavior\BuildLiteBehavior [ RunTime:0.000037s ]
INFO: Run Common\Behavior\InitHookBehavior [ RunTime:0.003546s ]
INFO: [ app_init ] --END-- [ RunTime:0.004586s ]
INFO: [ app_begin ] --START--
INFO: Run Behavior\ReadHtmlCacheBehavior [ RunTime:0.001050s ]
INFO: [ app_begin ] --END-- [ RunTime:0.001270s ]

[ 2015-07-07T13:46:08+08:00 ] ::1 /admin.php?s=/Public/login.html
INFO: [ app_init ] --START--
INFO: Run Behavior\BuildLiteBehavior [ RunTime:0.000057s ]
INFO: Run Common\Behavior\InitHookBehavior [ RunTime:0.009434s ]
INFO: [ app_init ] --END-- [ RunTime:0.010733s ]
INFO: [ app_begin ] --START--
INFO: Run Behavior\ReadHtmlCacheBehavior [ RunTime:0.001164s ]
INFO: [ app_begin ] --END-- [ RunTime:0.001469s ]
INFO: [ view_parse ] --START--
INFO: [ template_filter ] --START--
INFO: Run Behavior\ContentReplaceBehavior [ RunTime:0.000426s ]
INFO: [ template_filter ] --END-- [ RunTime:0.001040s ]
INFO: Run Behavior\ParseTemplateBehavior [ RunTime:0.056642s ]
INFO: [ view_parse ] --END-- [ RunTime:0.056809s ]
INFO: [ view_filter ] --START--
INFO: Run Behavior\WriteHtmlCacheBehavior [ RunTime:0.000687s ]
INFO: [ view_filter ] --END-- [ RunTime:0.000814s ]
INFO: [ app_end ] --START--
INFO: Run Behavior\ShowPageTraceBehavior [ RunTime:0.001302s ]
INFO: [ app_end ] --END-- [ RunTime:0.001700s ]

[ 2015-07-07T13:46:09+08:00 ] ::1 /admin.php?s=/Public/verify.html
INFO: [ app_init ] --START--
INFO: Run Behavior\BuildLiteBehavior [ RunTime:0.000036s ]
INFO: Run Common\Behavior\InitHookBehavior [ RunTime:0.004784s ]
INFO: [ app_init ] --END-- [ RunTime:0.005577s ]
INFO: [ app_begin ] --START--
INFO: Run Behavior\ReadHtmlCacheBehavior [ RunTime:0.001070s ]
INFO: [ app_begin ] --END-- [ RunTime:0.001342s ]
INFO: [ app_end ] --START--
INFO: Run Behavior\ShowPageTraceBehavior [ RunTime:0.000958s ]
INFO: [ app_end ] --END-- [ RunTime:0.001145s ]

[ 2015-07-07T13:46:14+08:00 ] ::1 /admin.php?s=/Public/login.html
INFO: [ app_init ] --START--
INFO: Run Behavior\BuildLiteBehavior [ RunTime:0.000030s ]
INFO: Run Common\Behavior\InitHookBehavior [ RunTime:0.002725s ]
INFO: [ app_init ] --END-- [ RunTime:0.003457s ]
INFO: [ app_begin ] --START--
INFO: Run Behavior\ReadHtmlCacheBehavior [ RunTime:0.000835s ]
INFO: [ app_begin ] --END-- [ RunTime:0.001023s ]
NOTIC: [8] Undefined index: lite D:\wamp\www\ThinkPHP\Library\Think\Db.class.php 第 37 行.
SQL: SHOW COLUMNS FROM `jm_member` [ RunTime:0.0716s ]
SQL: SELECT `uid`,`oid`,`position`,`real_name`,`nickname`,`sex`,`birthday`,`qq`,`score`,`login`,`reg_ip`,`reg_time`,`last_login_ip`,`last_login_time`,`status` FROM `jm_member` WHERE `uid` = 1 LIMIT 1   [ RunTime:0.0095s ]
SQL: SHOW COLUMNS FROM `jm_action` [ RunTime:0.0427s ]
SQL: SELECT * FROM `jm_action` WHERE `name` = 'user_login' LIMIT 1   [ RunTime:0.0229s ]
SQL: SHOW COLUMNS FROM `jm_action_log` [ RunTime:0.0301s ]
SQL: INSERT INTO `jm_action_log` (`action_id`,`user_id`,`action_ip`,`model`,`record_id`,`create_time`,`remark`) VALUES ('1','1','0','member','1','1436247973','admin在2015-07-07 13:46登录了后台') [ RunTime:0.0210s ]
SQL: SELECT * FROM `jm_action` WHERE `name` = 'user_login' LIMIT 1   [ RunTime:0.0005s ]
NOTIC: [8] Undefined offset: 1 D:\wamp\www\Application\Common\Common\function.php 第 716 行.
NOTIC: [2] array_key_exists() expects parameter 2 to be array, null given D:\wamp\www\Application\Common\Common\function.php 第 716 行.
SQL: SELECT COUNT(*) AS tp_count FROM `jm_action_log` WHERE `action_id` = 1 AND `user_id` = 1 AND `create_time` > 1436161573 LIMIT 1   [ RunTime:0.0008s ]
SQL: UPDATE `jm_member` SET `login`=`login`+1,`last_login_time`='1436247973',`last_login_ip`='0' WHERE `uid` = 1 [ RunTime:0.0005s ]

[ 2015-07-07T13:46:14+08:00 ] ::1 /admin.php?s=/Index/index.html
INFO: [ app_init ] --START--
INFO: Run Behavior\BuildLiteBehavior [ RunTime:0.000053s ]
INFO: Run Common\Behavior\InitHookBehavior [ RunTime:0.002837s ]
INFO: [ app_init ] --END-- [ RunTime:0.004064s ]
INFO: [ app_begin ] --START--
INFO: Run Behavior\ReadHtmlCacheBehavior [ RunTime:0.002468s ]
INFO: [ app_begin ] --END-- [ RunTime:0.002876s ]
SQL: SHOW COLUMNS FROM `jm_menu` [ RunTime:0.0199s ]
SQL: SELECT `id`,`title`,`url` FROM `jm_menu` WHERE `pid` = 0 AND `hide` = 0 ORDER BY sort asc  [ RunTime:0.0247s ]
SQL: SELECT `pid` FROM `jm_menu` WHERE ( pid !=0 AND url like '%Index/index%' ) LIMIT 1   [ RunTime:0.0033s ]
INFO: [ view_parse ] --START--
INFO: [ template_filter ] --START--
INFO: Run Behavior\ContentReplaceBehavior [ RunTime:0.000189s ]
INFO: [ template_filter ] --END-- [ RunTime:0.000324s ]
INFO: [ AdminIndex ] --START--
SQL: SHOW COLUMNS FROM `jm_addons` [ RunTime:0.0499s ]
SQL: SELECT `config` FROM `jm_addons` WHERE `name` = 'SiteStat' AND `status` = 1 LIMIT 1   [ RunTime:0.0180s ]
SQL: SHOW COLUMNS FROM `jm_member` [ RunTime:0.0208s ]
SQL: SELECT COUNT(*) AS tp_count FROM `jm_member` LIMIT 1   [ RunTime:0.0003s ]
SQL: SHOW COLUMNS FROM `jm_action_log` [ RunTime:0.0346s ]
SQL: SELECT COUNT(*) AS tp_count FROM `jm_action_log` LIMIT 1   [ RunTime:0.0003s ]
SQL: SHOW COLUMNS FROM `jm_document` [ RunTime:0.0450s ]
SQL: SELECT COUNT(*) AS tp_count FROM `jm_document` LIMIT 1   [ RunTime:0.0006s ]
SQL: SHOW COLUMNS FROM `jm_category` [ RunTime:0.0423s ]
SQL: SELECT COUNT(*) AS tp_count FROM `jm_category` LIMIT 1   [ RunTime:0.0004s ]
SQL: SHOW COLUMNS FROM `jm_model` [ RunTime:0.0189s ]
SQL: SELECT COUNT(*) AS tp_count FROM `jm_model` LIMIT 1   [ RunTime:0.0003s ]
INFO: [ view_parse ] --START--
INFO: [ template_filter ] --START--
INFO: Run Behavior\ContentReplaceBehavior [ RunTime:0.000156s ]
INFO: [ template_filter ] --END-- [ RunTime:-0.310744s ]
INFO: Run Behavior\ParseTemplateBehavior [ RunTime:0.015937s ]
INFO: [ view_parse ] --END-- [ RunTime:0.016125s ]
INFO: [ view_filter ] --START--
INFO: Run Behavior\WriteHtmlCacheBehavior [ RunTime:0.000521s ]
INFO: [ view_filter ] --END-- [ RunTime:0.000675s ]
INFO: Run Addons\SiteStat\SiteStatAddon [ RunTime:0.305250s ]
SQL: SELECT `config` FROM `jm_addons` WHERE `name` = 'SystemInfo' AND `status` = 1 LIMIT 1   [ RunTime:0.0005s ]
INFO: [ view_parse ] --START--
INFO: [ template_filter ] --START--
INFO: Run Behavior\ContentReplaceBehavior [ RunTime:0.000097s ]
INFO: [ template_filter ] --END-- [ RunTime:-0.357779s ]
SQL: select version() as v; [ RunTime:0.0003s ]
INFO: Run Behavior\ParseTemplateBehavior [ RunTime:0.006441s ]
INFO: [ view_parse ] --END-- [ RunTime:-0.040846s ]
INFO: [ view_filter ] --START--
INFO: Run Behavior\WriteHtmlCacheBehavior [ RunTime:0.000039s ]
INFO: [ view_filter ] --END-- [ RunTime:-0.046759s ]
INFO: Run Addons\SystemInfo\SystemInfoAddon [ RunTime:0.046848s ]
SQL: SELECT `config` FROM `jm_addons` WHERE `name` = 'DevTeam' AND `status` = 1 LIMIT 1   [ RunTime:0.0008s ]
INFO: [ view_parse ] --START--
INFO: [ template_filter ] --START--
INFO: Run Behavior\ContentReplaceBehavior [ RunTime:0.000095s ]
INFO: [ template_filter ] --END-- [ RunTime:-0.381879s ]
INFO: Run Behavior\ParseTemplateBehavior [ RunTime:0.004690s ]
INFO: [ view_parse ] --END-- [ RunTime:-0.065911s ]
INFO: [ view_filter ] --START--
INFO: Run Behavior\WriteHtmlCacheBehavior [ RunTime:0.000073s ]
INFO: [ view_filter ] --END-- [ RunTime:-0.070218s ]
INFO: Run Addons\DevTeam\DevTeamAddon [ RunTime:0.023586s ]
INFO: [ AdminIndex ] --END-- [ RunTime:0.376063s ]
INFO: Run Behavior\ParseTemplateBehavior [ RunTime:0.006028s ]
INFO: [ view_parse ] --END-- [ RunTime:-0.065911s ]
INFO: [ view_filter ] --START--
INFO: Run Behavior\WriteHtmlCacheBehavior [ RunTime:0.000107s ]
INFO: [ view_filter ] --END-- [ RunTime:-0.071807s ]
INFO: [ app_end ] --START--
INFO: Run Behavior\ShowPageTraceBehavior [ RunTime:0.001245s ]
INFO: [ app_end ] --END-- [ RunTime:0.001410s ]

[ 2015-07-07T13:46:16+08:00 ] ::1 /admin.php?s=/Infomation/index.html
INFO: [ app_init ] --START--
INFO: Run Behavior\BuildLiteBehavior [ RunTime:0.000029s ]
INFO: Run Common\Behavior\InitHookBehavior [ RunTime:0.002591s ]
INFO: [ app_init ] --END-- [ RunTime:0.003319s ]
INFO: [ app_begin ] --START--
INFO: Run Behavior\ReadHtmlCacheBehavior [ RunTime:0.000652s ]
INFO: [ app_begin ] --END-- [ RunTime:0.000841s ]
SQL: SHOW COLUMNS FROM `jm_menu` [ RunTime:0.0202s ]
SQL: SELECT `id`,`title`,`url` FROM `jm_menu` WHERE `pid` = 0 AND `hide` = 0 ORDER BY sort asc  [ RunTime:0.0007s ]
SQL: SELECT `pid` FROM `jm_menu` WHERE ( pid !=0 AND url like '%Infomation/index%' ) LIMIT 1   [ RunTime:0.0030s ]
SQL: SELECT * FROM `jm_menu` WHERE `id` = 186 LIMIT 1   [ RunTime:0.0006s ]
SQL: SELECT DISTINCT  `group` FROM `jm_menu` WHERE `group` <> '' AND `pid` = 186  [ RunTime:0.0013s ]
SQL: SELECT `id`,`url` FROM `jm_menu` WHERE `pid` = 186 AND `hide` = 0  [ RunTime:0.0009s ]
SQL: SELECT `id`,`pid`,`title`,`url`,`tip` FROM `jm_menu` WHERE `group` = '文案管理' AND `pid` = 186 AND `hide` = 0 ORDER BY sort asc  [ RunTime:0.0009s ]
SQL: SELECT `id`,`pid`,`title`,`url`,`tip` FROM `jm_menu` WHERE `group` = '协议管理' AND `pid` = 186 AND `hide` = 0 ORDER BY sort asc  [ RunTime:0.0004s ]
SQL: SELECT `id`,`pid`,`title`,`url`,`tip` FROM `jm_menu` WHERE `group` = '短信服务' AND `pid` = 186 AND `hide` = 0 ORDER BY sort asc  [ RunTime:0.0004s ]
SQL: SELECT `id`,`pid`,`title`,`url`,`tip` FROM `jm_menu` WHERE `group` = '第三方平台' AND `pid` = 186 AND `hide` = 0 ORDER BY sort asc  [ RunTime:0.0004s ]
SQL: SHOW COLUMNS FROM `jm_infomation` [ RunTime:0.0119s ]
SQL: SELECT * FROM `jm_infomation` ORDER BY status desc,level desc,id desc  [ RunTime:0.0004s ]
INFO: [ view_parse ] --START--
INFO: [ template_filter ] --START--
INFO: Run Behavior\ContentReplaceBehavior [ RunTime:0.000233s ]
INFO: [ template_filter ] --END-- [ RunTime:0.000370s ]
NOTIC: [8] Undefined variable: meta_title D:\wamp\www\Runtime\Cache\Admin\fd2b3db3d8a45fa3e6ed1d5571bd3739.php 第 5 行.
NOTIC: [8] Undefined variable: cate_id D:\wamp\www\Runtime\Cache\Admin\fd2b3db3d8a45fa3e6ed1d5571bd3739.php 第 98 行.
NOTIC: [8] Undefined variable: _page D:\wamp\www\Runtime\Cache\Admin\fd2b3db3d8a45fa3e6ed1d5571bd3739.php 第 145 行.
INFO: Run Behavior\ParseTemplateBehavior [ RunTime:0.034412s ]
INFO: [ view_parse ] --END-- [ RunTime:0.034601s ]
INFO: [ view_filter ] --START--
INFO: Run Behavior\WriteHtmlCacheBehavior [ RunTime:0.000526s ]
INFO: [ view_filter ] --END-- [ RunTime:0.000695s ]
INFO: [ app_end ] --START--
INFO: Run Behavior\ShowPageTraceBehavior [ RunTime:0.001123s ]
INFO: [ app_end ] --END-- [ RunTime:0.001356s ]

[ 2015-07-07T13:46:18+08:00 ] ::1 /admin.php?s=/Config/group.html
INFO: [ app_init ] --START--
INFO: Run Behavior\BuildLiteBehavior [ RunTime:0.000029s ]
INFO: Run Common\Behavior\InitHookBehavior [ RunTime:0.002291s ]
INFO: [ app_init ] --END-- [ RunTime:0.002945s ]
INFO: [ app_begin ] --START--
INFO: Run Behavior\ReadHtmlCacheBehavior [ RunTime:0.000809s ]
INFO: [ app_begin ] --END-- [ RunTime:0.000995s ]
SQL: SHOW COLUMNS FROM `jm_menu` [ RunTime:0.0316s ]
SQL: SELECT `id`,`title`,`url` FROM `jm_menu` WHERE `pid` = 0 AND `hide` = 0 ORDER BY sort asc  [ RunTime:0.0006s ]
SQL: SELECT `pid` FROM `jm_menu` WHERE ( pid !=0 AND url like '%Config/group%' ) LIMIT 1   [ RunTime:0.0013s ]
SQL: SELECT * FROM `jm_menu` WHERE `id` = 68 LIMIT 1   [ RunTime:0.0004s ]
SQL: SELECT DISTINCT  `group` FROM `jm_menu` WHERE `group` <> '' AND `pid` = 68  [ RunTime:0.0008s ]
SQL: SELECT `id`,`url` FROM `jm_menu` WHERE `pid` = 68 AND `hide` = 0  [ RunTime:0.0006s ]
SQL: SELECT `id`,`pid`,`title`,`url`,`tip` FROM `jm_menu` WHERE `group` = '系统设置' AND `pid` = 68 AND `hide` = 0 ORDER BY sort asc  [ RunTime:0.0018s ]
SQL: SELECT `id`,`pid`,`title`,`url`,`tip` FROM `jm_menu` WHERE `group` = '数据备份' AND `pid` = 68 AND `hide` = 0 ORDER BY sort asc  [ RunTime:0.0006s ]
SQL: SHOW COLUMNS FROM `jm_config` [ RunTime:0.0372s ]
SQL: SELECT `id`,`name`,`title`,`extra`,`value`,`remark`,`type` FROM `jm_config` WHERE `status` = 1 AND `group` = 1 ORDER BY sort  [ RunTime:0.0007s ]
INFO: [ view_parse ] --START--
INFO: [ template_filter ] --START--
INFO: Run Behavior\ContentReplaceBehavior [ RunTime:0.000293s ]
INFO: [ template_filter ] --END-- [ RunTime:0.000461s ]
INFO: Run Behavior\ParseTemplateBehavior [ RunTime:0.057735s ]
INFO: [ view_parse ] --END-- [ RunTime:0.057961s ]
INFO: [ view_filter ] --START--
INFO: Run Behavior\WriteHtmlCacheBehavior [ RunTime:0.000759s ]
INFO: [ view_filter ] --END-- [ RunTime:0.000950s ]
INFO: [ app_end ] --START--
INFO: Run Behavior\ShowPageTraceBehavior [ RunTime:0.003530s ]
INFO: [ app_end ] --END-- [ RunTime:0.003789s ]

[ 2015-07-07T13:46:19+08:00 ] ::1 /admin.php?s=/Config/index.html
INFO: [ app_init ] --START--
INFO: Run Behavior\BuildLiteBehavior [ RunTime:0.000039s ]
INFO: Run Common\Behavior\InitHookBehavior [ RunTime:0.003058s ]
INFO: [ app_init ] --END-- [ RunTime:0.003889s ]
INFO: [ app_begin ] --START--
INFO: Run Behavior\ReadHtmlCacheBehavior [ RunTime:0.002293s ]
INFO: [ app_begin ] --END-- [ RunTime:0.002648s ]
SQL: SHOW COLUMNS FROM `jm_config` [ RunTime:0.0344s ]
SQL: SELECT COUNT(*) AS tp_count FROM `jm_config` WHERE `status` = 1 LIMIT 1   [ RunTime:0.0005s ]
SQL: SELECT `id`,`name`,`type`,`title`,`group`,`extra`,`remark`,`create_time`,`update_time`,`status`,`value`,`sort` FROM `jm_config` WHERE `status` = 1 ORDER BY sort,id LIMIT 0,10   [ RunTime:0.0006s ]
INFO: [ view_parse ] --START--
INFO: [ template_filter ] --START--
INFO: Run Behavior\ContentReplaceBehavior [ RunTime:0.000257s ]
INFO: [ template_filter ] --END-- [ RunTime:0.000415s ]
INFO: Run Behavior\ParseTemplateBehavior [ RunTime:0.045370s ]
INFO: [ view_parse ] --END-- [ RunTime:0.045559s ]
INFO: [ view_filter ] --START--
INFO: Run Behavior\WriteHtmlCacheBehavior [ RunTime:0.001826s ]
INFO: [ view_filter ] --END-- [ RunTime:0.002229s ]
INFO: [ app_end ] --START--
INFO: Run Behavior\ShowPageTraceBehavior [ RunTime:0.001468s ]
INFO: [ app_end ] --END-- [ RunTime:0.001678s ]

[ 2015-07-07T13:46:20+08:00 ] ::1 /admin.php?s=/Menu/index.html
INFO: [ app_init ] --START--
INFO: Run Behavior\BuildLiteBehavior [ RunTime:0.000030s ]
INFO: Run Common\Behavior\InitHookBehavior [ RunTime:0.003857s ]
INFO: [ app_init ] --END-- [ RunTime:0.004576s ]
INFO: [ app_begin ] --START--
INFO: Run Behavior\ReadHtmlCacheBehavior [ RunTime:0.000762s ]
INFO: [ app_begin ] --END-- [ RunTime:0.000920s ]
SQL: SHOW COLUMNS FROM `jm_menu` [ RunTime:0.0198s ]
SQL: SELECT `id`,`title`,`url` FROM `jm_menu` WHERE `pid` = 0 AND `hide` = 0 ORDER BY sort asc  [ RunTime:0.0006s ]
SQL: SELECT `pid` FROM `jm_menu` WHERE ( pid !=0 AND url like '%Menu/index%' ) LIMIT 1   [ RunTime:0.0016s ]
SQL: SELECT * FROM `jm_menu` WHERE `id` = 68 LIMIT 1   [ RunTime:0.0005s ]
SQL: SELECT DISTINCT  `group` FROM `jm_menu` WHERE `group` <> '' AND `pid` = 68  [ RunTime:0.0011s ]
SQL: SELECT `id`,`url` FROM `jm_menu` WHERE `pid` = 68 AND `hide` = 0  [ RunTime:0.0007s ]
SQL: SELECT `id`,`pid`,`title`,`url`,`tip` FROM `jm_menu` WHERE `group` = '系统设置' AND `pid` = 68 AND `hide` = 0 ORDER BY sort asc  [ RunTime:0.0006s ]
SQL: SELECT `id`,`pid`,`title`,`url`,`tip` FROM `jm_menu` WHERE `group` = '数据备份' AND `pid` = 68 AND `hide` = 0 ORDER BY sort asc  [ RunTime:0.0004s ]
SQL: SELECT `id`,`title` FROM `jm_menu`  [ RunTime:0.0008s ]
SQL: SELECT `id`,`title`,`pid`,`sort`,`url`,`hide`,`tip`,`group`,`is_dev`,`status` FROM `jm_menu` WHERE `pid` = 0 ORDER BY sort asc,id asc  [ RunTime:0.0005s ]
INFO: [ view_parse ] --START--
INFO: [ template_filter ] --START--
INFO: Run Behavior\ContentReplaceBehavior [ RunTime:0.000303s ]
INFO: [ template_filter ] --END-- [ RunTime:0.000516s ]
INFO: Run Behavior\ParseTemplateBehavior [ RunTime:0.051212s ]
INFO: [ view_parse ] --END-- [ RunTime:0.051443s ]
INFO: [ view_filter ] --START--
INFO: Run Behavior\WriteHtmlCacheBehavior [ RunTime:0.002422s ]
INFO: [ view_filter ] --END-- [ RunTime:0.002743s ]
INFO: [ app_end ] --START--
INFO: Run Behavior\ShowPageTraceBehavior [ RunTime:0.004858s ]
INFO: [ app_end ] --END-- [ RunTime:0.005128s ]

[ 2015-07-07T13:46:22+08:00 ] ::1 /admin.php?s=/Menu/index/pid/186.html
INFO: [ app_init ] --START--
INFO: Run Behavior\BuildLiteBehavior [ RunTime:0.000029s ]
INFO: Run Common\Behavior\InitHookBehavior [ RunTime:0.002514s ]
INFO: [ app_init ] --END-- [ RunTime:0.003193s ]
INFO: [ app_begin ] --START--
INFO: Run Behavior\ReadHtmlCacheBehavior [ RunTime:0.000669s ]
INFO: [ app_begin ] --END-- [ RunTime:0.000809s ]
SQL: SHOW COLUMNS FROM `jm_menu` [ RunTime:0.0166s ]
SQL: SELECT `id`,`title`,`pid`,`sort`,`url`,`hide`,`tip`,`group`,`is_dev`,`status` FROM `jm_menu` WHERE ( id=186 ) LIMIT 1   [ RunTime:0.0005s ]
SQL: SELECT `id`,`title` FROM `jm_menu`  [ RunTime:0.0016s ]
SQL: SELECT `id`,`title`,`pid`,`sort`,`url`,`hide`,`tip`,`group`,`is_dev`,`status` FROM `jm_menu` WHERE `pid` = 186 ORDER BY sort asc,id asc  [ RunTime:0.0009s ]
INFO: [ view_parse ] --START--
INFO: [ template_filter ] --START--
INFO: Run Behavior\ContentReplaceBehavior [ RunTime:0.000287s ]
INFO: [ template_filter ] --END-- [ RunTime:0.000429s ]
INFO: Run Behavior\ParseTemplateBehavior [ RunTime:0.045363s ]
INFO: [ view_parse ] --END-- [ RunTime:0.045653s ]
INFO: [ view_filter ] --START--
INFO: Run Behavior\WriteHtmlCacheBehavior [ RunTime:0.000829s ]
INFO: [ view_filter ] --END-- [ RunTime:0.001045s ]
INFO: [ app_end ] --START--
INFO: Run Behavior\ShowPageTraceBehavior [ RunTime:0.001172s ]
INFO: [ app_end ] --END-- [ RunTime:0.001409s ]

[ 2015-07-07T13:46:23+08:00 ] ::1 /admin.php?s=/Menu/index/pid/130.html
INFO: [ app_init ] --START--
INFO: Run Behavior\BuildLiteBehavior [ RunTime:0.000036s ]
INFO: Run Common\Behavior\InitHookBehavior [ RunTime:0.002815s ]
INFO: [ app_init ] --END-- [ RunTime:0.003806s ]
INFO: [ app_begin ] --START--
INFO: Run Behavior\ReadHtmlCacheBehavior [ RunTime:0.001659s ]
INFO: [ app_begin ] --END-- [ RunTime:0.001882s ]
SQL: SHOW COLUMNS FROM `jm_menu` [ RunTime:0.0226s ]
SQL: SELECT `id`,`title`,`pid`,`sort`,`url`,`hide`,`tip`,`group`,`is_dev`,`status` FROM `jm_menu` WHERE ( id=130 ) LIMIT 1   [ RunTime:0.0006s ]
SQL: SELECT `id`,`title` FROM `jm_menu`  [ RunTime:0.0020s ]
SQL: SELECT `id`,`title`,`pid`,`sort`,`url`,`hide`,`tip`,`group`,`is_dev`,`status` FROM `jm_menu` WHERE `pid` = 130 ORDER BY sort asc,id asc  [ RunTime:0.0005s ]
INFO: [ view_parse ] --START--
INFO: [ template_filter ] --START--
INFO: Run Behavior\ContentReplaceBehavior [ RunTime:0.000211s ]
INFO: [ template_filter ] --END-- [ RunTime:0.000357s ]
INFO: Run Behavior\ParseTemplateBehavior [ RunTime:0.037442s ]
INFO: [ view_parse ] --END-- [ RunTime:0.037673s ]
INFO: [ view_filter ] --START--
INFO: Run Behavior\WriteHtmlCacheBehavior [ RunTime:0.000568s ]
INFO: [ view_filter ] --END-- [ RunTime:0.000707s ]
INFO: [ app_end ] --START--
INFO: Run Behavior\ShowPageTraceBehavior [ RunTime:0.001284s ]
INFO: [ app_end ] --END-- [ RunTime:0.001516s ]

[ 2015-07-07T13:46:25+08:00 ] ::1 /admin.php?s=/Menu/index/pid/198.html
INFO: [ app_init ] --START--
INFO: Run Behavior\BuildLiteBehavior [ RunTime:0.000052s ]
INFO: Run Common\Behavior\InitHookBehavior [ RunTime:0.007866s ]
INFO: [ app_init ] --END-- [ RunTime:0.009006s ]
INFO: [ app_begin ] --START--
INFO: Run Behavior\ReadHtmlCacheBehavior [ RunTime:0.001764s ]
INFO: [ app_begin ] --END-- [ RunTime:0.002041s ]
SQL: SHOW COLUMNS FROM `jm_menu` [ RunTime:0.0242s ]
SQL: SELECT `id`,`title`,`pid`,`sort`,`url`,`hide`,`tip`,`group`,`is_dev`,`status` FROM `jm_menu` WHERE ( id=198 ) LIMIT 1   [ RunTime:0.0005s ]
SQL: SELECT `id`,`title` FROM `jm_menu`  [ RunTime:0.0012s ]
SQL: SELECT `id`,`title`,`pid`,`sort`,`url`,`hide`,`tip`,`group`,`is_dev`,`status` FROM `jm_menu` WHERE `pid` = 198 ORDER BY sort asc,id asc  [ RunTime:0.0006s ]
INFO: [ view_parse ] --START--
INFO: [ template_filter ] --START--
INFO: Run Behavior\ContentReplaceBehavior [ RunTime:0.000294s ]
INFO: [ template_filter ] --END-- [ RunTime:0.000460s ]
INFO: Run Behavior\ParseTemplateBehavior [ RunTime:0.043718s ]
INFO: [ view_parse ] --END-- [ RunTime:0.044121s ]
INFO: [ view_filter ] --START--
INFO: Run Behavior\WriteHtmlCacheBehavior [ RunTime:0.001183s ]
INFO: [ view_filter ] --END-- [ RunTime:0.001508s ]
INFO: [ app_end ] --START--
INFO: Run Behavior\ShowPageTraceBehavior [ RunTime:0.001405s ]
INFO: [ app_end ] --END-- [ RunTime:0.001660s ]

[ 2015-07-07T15:32:27+08:00 ] ::1 /admin.php?s=/Menu/index.html
INFO: [ app_init ] --START--
INFO: Run Behavior\BuildLiteBehavior [ RunTime:0.000065s ]
INFO: Run Common\Behavior\InitHookBehavior [ RunTime:0.093910s ]
INFO: [ app_init ] --END-- [ RunTime:0.124103s ]
INFO: [ app_begin ] --START--
INFO: Run Behavior\ReadHtmlCacheBehavior [ RunTime:0.025121s ]
INFO: [ app_begin ] --END-- [ RunTime:0.025348s ]
SQL: SHOW COLUMNS FROM `jm_menu` [ RunTime:0.1655s ]
SQL: SELECT `id`,`title`,`url` FROM `jm_menu` WHERE `pid` = 0 AND `hide` = 0 ORDER BY sort asc  [ RunTime:0.1305s ]
SQL: SELECT `pid` FROM `jm_menu` WHERE ( pid !=0 AND url like '%Menu/index%' ) LIMIT 1   [ RunTime:0.0010s ]
SQL: SELECT * FROM `jm_menu` WHERE `id` = 68 LIMIT 1   [ RunTime:0.0003s ]
SQL: SELECT DISTINCT  `group` FROM `jm_menu` WHERE `group` <> '' AND `pid` = 68  [ RunTime:0.0006s ]
SQL: SELECT `id`,`url` FROM `jm_menu` WHERE `pid` = 68 AND `hide` = 0  [ RunTime:0.0006s ]
SQL: SELECT `id`,`pid`,`title`,`url`,`tip` FROM `jm_menu` WHERE `group` = '系统设置' AND `pid` = 68 AND `hide` = 0 ORDER BY sort asc  [ RunTime:0.0010s ]
SQL: SELECT `id`,`pid`,`title`,`url`,`tip` FROM `jm_menu` WHERE `group` = '数据备份' AND `pid` = 68 AND `hide` = 0 ORDER BY sort asc  [ RunTime:0.0009s ]
SQL: SELECT `id`,`title` FROM `jm_menu`  [ RunTime:0.0322s ]
SQL: SELECT `id`,`title`,`pid`,`sort`,`url`,`hide`,`tip`,`group`,`is_dev`,`status` FROM `jm_menu` WHERE `pid` = 0 ORDER BY sort asc,id asc  [ RunTime:0.0007s ]
INFO: [ view_parse ] --START--
INFO: [ template_filter ] --START--
INFO: Run Behavior\ContentReplaceBehavior [ RunTime:0.000354s ]
INFO: [ template_filter ] --END-- [ RunTime:0.000585s ]
INFO: Run Behavior\ParseTemplateBehavior [ RunTime:0.426793s ]
INFO: [ view_parse ] --END-- [ RunTime:0.426956s ]
INFO: [ view_filter ] --START--
INFO: Run Behavior\WriteHtmlCacheBehavior [ RunTime:0.075272s ]
INFO: [ view_filter ] --END-- [ RunTime:0.075455s ]
INFO: [ app_end ] --START--
INFO: Run Behavior\ShowPageTraceBehavior [ RunTime:0.032635s ]
INFO: [ app_end ] --END-- [ RunTime:0.032837s ]

[ 2015-07-07T15:32:27+08:00 ] ::1 /admin.php?s=/Menu/index.html
INFO: [ app_init ] --START--
INFO: Run Behavior\BuildLiteBehavior [ RunTime:0.000048s ]
INFO: Run Common\Behavior\InitHookBehavior [ RunTime:0.005996s ]
INFO: [ app_init ] --END-- [ RunTime:0.007587s ]
INFO: [ app_begin ] --START--
INFO: Run Behavior\ReadHtmlCacheBehavior [ RunTime:0.001115s ]
INFO: [ app_begin ] --END-- [ RunTime:0.001270s ]
SQL: SHOW COLUMNS FROM `jm_menu` [ RunTime:0.0329s ]
SQL: SELECT `id`,`title` FROM `jm_menu`  [ RunTime:0.0405s ]
SQL: SELECT `id`,`title`,`pid`,`sort`,`url`,`hide`,`tip`,`group`,`is_dev`,`status` FROM `jm_menu` WHERE `pid` = 0 ORDER BY sort asc,id asc  [ RunTime:0.0010s ]
INFO: [ view_parse ] --START--
INFO: [ template_filter ] --START--
INFO: Run Behavior\ContentReplaceBehavior [ RunTime:0.000245s ]
INFO: [ template_filter ] --END-- [ RunTime:0.000390s ]
INFO: Run Behavior\ParseTemplateBehavior [ RunTime:0.046257s ]
INFO: [ view_parse ] --END-- [ RunTime:0.046605s ]
INFO: [ view_filter ] --START--
INFO: Run Behavior\WriteHtmlCacheBehavior [ RunTime:0.001283s ]
INFO: [ view_filter ] --END-- [ RunTime:0.001498s ]
INFO: [ app_end ] --START--
INFO: Run Behavior\ShowPageTraceBehavior [ RunTime:0.001420s ]
INFO: [ app_end ] --END-- [ RunTime:0.001658s ]

[ 2015-07-07T15:32:33+08:00 ] ::1 /admin.php?s=/Menu/index.html
INFO: [ app_init ] --START--
INFO: Run Behavior\BuildLiteBehavior [ RunTime:0.000038s ]
INFO: Run Common\Behavior\InitHookBehavior [ RunTime:0.008169s ]
INFO: [ app_init ] --END-- [ RunTime:0.009293s ]
INFO: [ app_begin ] --START--
INFO: Run Behavior\ReadHtmlCacheBehavior [ RunTime:0.001238s ]
INFO: [ app_begin ] --END-- [ RunTime:0.001417s ]
SQL: SHOW COLUMNS FROM `jm_menu` [ RunTime:0.0341s ]
SQL: SELECT `id`,`title` FROM `jm_menu`  [ RunTime:0.0290s ]
SQL: SELECT `id`,`title`,`pid`,`sort`,`url`,`hide`,`tip`,`group`,`is_dev`,`status` FROM `jm_menu` WHERE `pid` = 0 ORDER BY sort asc,id asc  [ RunTime:0.0005s ]
INFO: [ view_parse ] --START--
INFO: [ template_filter ] --START--
INFO: Run Behavior\ContentReplaceBehavior [ RunTime:0.000407s ]
INFO: [ template_filter ] --END-- [ RunTime:0.000847s ]
INFO: Run Behavior\ParseTemplateBehavior [ RunTime:0.055600s ]
INFO: [ view_parse ] --END-- [ RunTime:0.055847s ]
INFO: [ view_filter ] --START--
INFO: Run Behavior\WriteHtmlCacheBehavior [ RunTime:0.003506s ]
INFO: [ view_filter ] --END-- [ RunTime:0.003757s ]
INFO: [ app_end ] --START--
INFO: Run Behavior\ShowPageTraceBehavior [ RunTime:0.001651s ]
INFO: [ app_end ] --END-- [ RunTime:0.001898s ]

[ 2015-07-07T15:32:35+08:00 ] ::1 /admin.php?s=/Menu/add/pid/0.html
INFO: [ app_init ] --START--
INFO: Run Behavior\BuildLiteBehavior [ RunTime:0.000053s ]
INFO: Run Common\Behavior\InitHookBehavior [ RunTime:0.004379s ]
INFO: [ app_init ] --END-- [ RunTime:0.005250s ]
INFO: [ app_begin ] --START--
INFO: Run Behavior\ReadHtmlCacheBehavior [ RunTime:0.001021s ]
INFO: [ app_begin ] --END-- [ RunTime:0.001180s ]
SQL: SHOW COLUMNS FROM `jm_menu` [ RunTime:0.0316s ]
SQL: SELECT `id`,`title`,`pid`,`sort`,`url`,`hide`,`tip`,`group`,`is_dev`,`status` FROM `jm_menu`  [ RunTime:0.0123s ]
INFO: [ view_parse ] --START--
INFO: [ template_filter ] --START--
INFO: Run Behavior\ContentReplaceBehavior [ RunTime:0.000598s ]
INFO: [ template_filter ] --END-- [ RunTime:0.000887s ]
INFO: Run Behavior\ParseTemplateBehavior [ RunTime:0.086182s ]
INFO: [ view_parse ] --END-- [ RunTime:0.086319s ]
INFO: [ view_filter ] --START--
INFO: Run Behavior\WriteHtmlCacheBehavior [ RunTime:0.001164s ]
INFO: [ view_filter ] --END-- [ RunTime:0.001297s ]
INFO: [ app_end ] --START--
INFO: Run Behavior\ShowPageTraceBehavior [ RunTime:0.001310s ]
INFO: [ app_end ] --END-- [ RunTime:0.001533s ]

