[ 2015-07-06T14:42:07+08:00 ] ::1 /admin.php
INFO: [ app_init ] --START--
INFO: Run Behavior\BuildLiteBehavior [ RunTime:0.000029s ]
INFO: Run Common\Behavior\InitHookBehavior [ RunTime:0.002132s ]
INFO: [ app_init ] --END-- [ RunTime:0.002736s ]
INFO: [ app_begin ] --START--
INFO: Run Behavior\ReadHtmlCacheBehavior [ RunTime:0.001714s ]
INFO: [ app_begin ] --END-- [ RunTime:0.001936s ]

[ 2015-07-06T14:42:07+08:00 ] ::1 /admin.php?s=/Public/login.html
INFO: [ app_init ] --START--
INFO: Run Behavior\BuildLiteBehavior [ RunTime:0.000029s ]
INFO: Run Common\Behavior\InitHookBehavior [ RunTime:0.003704s ]
INFO: [ app_init ] --END-- [ RunTime:0.004348s ]
INFO: [ app_begin ] --START--
INFO: Run Behavior\ReadHtmlCacheBehavior [ RunTime:0.000553s ]
INFO: [ app_begin ] --END-- [ RunTime:0.000694s ]
INFO: [ view_parse ] --START--
INFO: [ template_filter ] --START--
INFO: Run Behavior\ContentReplaceBehavior [ RunTime:0.000184s ]
INFO: [ template_filter ] --END-- [ RunTime:0.000433s ]
INFO: Run Behavior\ParseTemplateBehavior [ RunTime:0.012274s ]
INFO: [ view_parse ] --END-- [ RunTime:0.012425s ]
INFO: [ view_filter ] --START--
INFO: Run Behavior\WriteHtmlCacheBehavior [ RunTime:0.000815s ]
INFO: [ view_filter ] --END-- [ RunTime:0.000946s ]
INFO: [ app_end ] --START--
INFO: Run Behavior\ShowPageTraceBehavior [ RunTime:0.000999s ]
INFO: [ app_end ] --END-- [ RunTime:0.001129s ]

[ 2015-07-06T14:42:08+08:00 ] ::1 /admin.php?s=/Public/verify.html
INFO: [ app_init ] --START--
INFO: Run Behavior\BuildLiteBehavior [ RunTime:0.000031s ]
INFO: Run Common\Behavior\InitHookBehavior [ RunTime:0.003523s ]
INFO: [ app_init ] --END-- [ RunTime:0.004347s ]
INFO: [ app_begin ] --START--
INFO: Run Behavior\ReadHtmlCacheBehavior [ RunTime:0.000889s ]
INFO: [ app_begin ] --END-- [ RunTime:0.001060s ]
INFO: [ app_end ] --START--
INFO: Run Behavior\ShowPageTraceBehavior [ RunTime:0.001259s ]
INFO: [ app_end ] --END-- [ RunTime:0.001440s ]

[ 2015-07-06T14:42:15+08:00 ] ::1 /admin.php?s=/Public/login.html
INFO: [ app_init ] --START--
INFO: Run Behavior\BuildLiteBehavior [ RunTime:0.000029s ]
INFO: Run Common\Behavior\InitHookBehavior [ RunTime:0.003394s ]
INFO: [ app_init ] --END-- [ RunTime:0.004056s ]
INFO: [ app_begin ] --START--
INFO: Run Behavior\ReadHtmlCacheBehavior [ RunTime:0.000959s ]
INFO: [ app_begin ] --END-- [ RunTime:0.001077s ]
NOTIC: [8] Undefined index: lite D:\wamp\www\ThinkPHP\Library\Think\Db.class.php 第 37 行.

[ 2015-07-06T14:42:16+08:00 ] ::1 /admin.php?s=/Public/verify.html&random=0.15919083100743592
INFO: [ app_init ] --START--
INFO: Run Behavior\BuildLiteBehavior [ RunTime:0.000030s ]
INFO: Run Common\Behavior\InitHookBehavior [ RunTime:0.003029s ]
INFO: [ app_init ] --END-- [ RunTime:0.003673s ]
INFO: [ app_begin ] --START--
INFO: Run Behavior\ReadHtmlCacheBehavior [ RunTime:0.001040s ]
INFO: [ app_begin ] --END-- [ RunTime:0.001187s ]
INFO: [ app_end ] --START--
INFO: Run Behavior\ShowPageTraceBehavior [ RunTime:0.001083s ]
INFO: [ app_end ] --END-- [ RunTime:0.001237s ]

[ 2015-07-06T14:42:25+08:00 ] ::1 /admin.php?s=/Public/login.html
INFO: [ app_init ] --START--
INFO: Run Behavior\BuildLiteBehavior [ RunTime:0.000030s ]
INFO: Run Common\Behavior\InitHookBehavior [ RunTime:0.003074s ]
INFO: [ app_init ] --END-- [ RunTime:0.003770s ]
INFO: [ app_begin ] --START--
INFO: Run Behavior\ReadHtmlCacheBehavior [ RunTime:0.000949s ]
INFO: [ app_begin ] --END-- [ RunTime:0.001069s ]

[ 2015-07-06T14:42:25+08:00 ] ::1 /admin.php?s=/Public/verify.html&random=0.14952028403058648
INFO: [ app_init ] --START--
INFO: Run Behavior\BuildLiteBehavior [ RunTime:0.000033s ]
INFO: Run Common\Behavior\InitHookBehavior [ RunTime:0.003113s ]
INFO: [ app_init ] --END-- [ RunTime:0.004447s ]
INFO: [ app_begin ] --START--
INFO: Run Behavior\ReadHtmlCacheBehavior [ RunTime:0.000943s ]
INFO: [ app_begin ] --END-- [ RunTime:0.001081s ]
INFO: [ app_end ] --START--
INFO: Run Behavior\ShowPageTraceBehavior [ RunTime:0.000978s ]
INFO: [ app_end ] --END-- [ RunTime:0.001132s ]

[ 2015-07-06T14:42:34+08:00 ] ::1 /admin.php?s=/Public/login.html
INFO: [ app_init ] --START--
INFO: Run Behavior\BuildLiteBehavior [ RunTime:0.000030s ]
INFO: Run Common\Behavior\InitHookBehavior [ RunTime:0.003319s ]
INFO: [ app_init ] --END-- [ RunTime:0.004016s ]
INFO: [ app_begin ] --START--
INFO: Run Behavior\ReadHtmlCacheBehavior [ RunTime:0.002637s ]
INFO: [ app_begin ] --END-- [ RunTime:0.002857s ]

[ 2015-07-06T14:42:34+08:00 ] ::1 /admin.php?s=/Public/verify.html&random=0.7108061413746327
INFO: [ app_init ] --START--
INFO: Run Behavior\BuildLiteBehavior [ RunTime:0.000030s ]
INFO: Run Common\Behavior\InitHookBehavior [ RunTime:0.003022s ]
INFO: [ app_init ] --END-- [ RunTime:0.003668s ]
INFO: [ app_begin ] --START--
INFO: Run Behavior\ReadHtmlCacheBehavior [ RunTime:0.001222s ]
INFO: [ app_begin ] --END-- [ RunTime:0.001414s ]
INFO: [ app_end ] --START--
INFO: Run Behavior\ShowPageTraceBehavior [ RunTime:0.001116s ]
INFO: [ app_end ] --END-- [ RunTime:0.001293s ]

[ 2015-07-06T15:00:18+08:00 ] ::1 /admin.php?s=/Public/login.html
INFO: [ app_init ] --START--
INFO: Run Behavior\BuildLiteBehavior [ RunTime:0.000030s ]
INFO: Run Common\Behavior\InitHookBehavior [ RunTime:0.003246s ]
INFO: [ app_init ] --END-- [ RunTime:0.004047s ]
INFO: [ app_begin ] --START--
INFO: Run Behavior\ReadHtmlCacheBehavior [ RunTime:0.001017s ]
INFO: [ app_begin ] --END-- [ RunTime:0.001169s ]

[ 2015-07-06T15:00:18+08:00 ] ::1 /admin.php?s=/Public/verify.html&random=0.6110201457049698
INFO: [ app_init ] --START--
INFO: Run Behavior\BuildLiteBehavior [ RunTime:0.000030s ]
INFO: Run Common\Behavior\InitHookBehavior [ RunTime:0.003333s ]
INFO: [ app_init ] --END-- [ RunTime:0.004086s ]
INFO: [ app_begin ] --START--
INFO: Run Behavior\ReadHtmlCacheBehavior [ RunTime:0.000980s ]
INFO: [ app_begin ] --END-- [ RunTime:0.001131s ]
INFO: [ app_end ] --START--
INFO: Run Behavior\ShowPageTraceBehavior [ RunTime:0.001083s ]
INFO: [ app_end ] --END-- [ RunTime:0.001228s ]

[ 2015-07-06T15:13:08+08:00 ] ::1 /admin.php?s=/Public/login.html
INFO: [ app_init ] --START--
INFO: Run Behavior\BuildLiteBehavior [ RunTime:0.000034s ]
INFO: Run Common\Behavior\InitHookBehavior [ RunTime:0.003729s ]
INFO: [ app_init ] --END-- [ RunTime:0.004493s ]
INFO: [ app_begin ] --START--
INFO: Run Behavior\ReadHtmlCacheBehavior [ RunTime:0.001053s ]
INFO: [ app_begin ] --END-- [ RunTime:0.001193s ]

[ 2015-07-06T15:13:08+08:00 ] ::1 /admin.php?s=/Public/verify.html&random=0.893657929264009
INFO: [ app_init ] --START--
INFO: Run Behavior\BuildLiteBehavior [ RunTime:0.000034s ]
INFO: Run Common\Behavior\InitHookBehavior [ RunTime:0.003694s ]
INFO: [ app_init ] --END-- [ RunTime:0.004549s ]
INFO: [ app_begin ] --START--
INFO: Run Behavior\ReadHtmlCacheBehavior [ RunTime:0.001102s ]
INFO: [ app_begin ] --END-- [ RunTime:0.001268s ]
INFO: [ app_end ] --START--
INFO: Run Behavior\ShowPageTraceBehavior [ RunTime:0.001164s ]
INFO: [ app_end ] --END-- [ RunTime:0.001343s ]

[ 2015-07-06T15:13:16+08:00 ] ::1 /admin.php?s=/Public/login.html
INFO: [ app_init ] --START--
INFO: Run Behavior\BuildLiteBehavior [ RunTime:0.000034s ]
INFO: Run Common\Behavior\InitHookBehavior [ RunTime:0.005207s ]
INFO: [ app_init ] --END-- [ RunTime:0.006100s ]
INFO: [ app_begin ] --START--
INFO: Run Behavior\ReadHtmlCacheBehavior [ RunTime:0.001756s ]
INFO: [ app_begin ] --END-- [ RunTime:0.002007s ]
NOTIC: [8] Undefined index: lite D:\wamp\www\ThinkPHP\Library\Think\Db.class.php 第 37 行.
SQL: SHOW COLUMNS FROM `jm_member` [ RunTime:0.0131s ]
SQL: SELECT `uid`,`oid`,`position`,`real_name`,`nickname`,`sex`,`birthday`,`qq`,`score`,`login`,`reg_ip`,`reg_time`,`last_login_ip`,`last_login_time`,`status` FROM `jm_member` WHERE `uid` = 5 LIMIT 1   [ RunTime:0.0005s ]

[ 2015-07-06T15:13:16+08:00 ] ::1 /admin.php?s=/Public/verify.html&random=0.55230932822451
INFO: [ app_init ] --START--
INFO: Run Behavior\BuildLiteBehavior [ RunTime:0.000053s ]
INFO: Run Common\Behavior\InitHookBehavior [ RunTime:0.004088s ]
INFO: [ app_init ] --END-- [ RunTime:0.005175s ]
INFO: [ app_begin ] --START--
INFO: Run Behavior\ReadHtmlCacheBehavior [ RunTime:0.002165s ]
INFO: [ app_begin ] --END-- [ RunTime:0.002389s ]
INFO: [ app_end ] --START--
INFO: Run Behavior\ShowPageTraceBehavior [ RunTime:0.001260s ]
INFO: [ app_end ] --END-- [ RunTime:0.001453s ]

[ 2015-07-06T15:13:51+08:00 ] ::1 /admin.php?s=/Public/verify.html&random=0.2733404522296041
INFO: [ app_init ] --START--
INFO: Run Behavior\BuildLiteBehavior [ RunTime:0.000030s ]
INFO: Run Common\Behavior\InitHookBehavior [ RunTime:0.003480s ]
INFO: [ app_init ] --END-- [ RunTime:0.004185s ]
INFO: [ app_begin ] --START--
INFO: Run Behavior\ReadHtmlCacheBehavior [ RunTime:0.001092s ]
INFO: [ app_begin ] --END-- [ RunTime:0.001229s ]
INFO: [ app_end ] --START--
INFO: Run Behavior\ShowPageTraceBehavior [ RunTime:0.000985s ]
INFO: [ app_end ] --END-- [ RunTime:0.001170s ]

[ 2015-07-06T15:13:53+08:00 ] ::1 /admin.php?s=/Public/verify.html&random=0.30427102535031736
INFO: [ app_init ] --START--
INFO: Run Behavior\BuildLiteBehavior [ RunTime:0.000030s ]
INFO: Run Common\Behavior\InitHookBehavior [ RunTime:0.003146s ]
INFO: [ app_init ] --END-- [ RunTime:0.003800s ]
INFO: [ app_begin ] --START--
INFO: Run Behavior\ReadHtmlCacheBehavior [ RunTime:0.000964s ]
INFO: [ app_begin ] --END-- [ RunTime:0.001140s ]
INFO: [ app_end ] --START--
INFO: Run Behavior\ShowPageTraceBehavior [ RunTime:0.001396s ]
INFO: [ app_end ] --END-- [ RunTime:0.001547s ]

[ 2015-07-06T15:13:59+08:00 ] ::1 /admin.php?s=/Public/login.html
INFO: [ app_init ] --START--
INFO: Run Behavior\BuildLiteBehavior [ RunTime:0.000029s ]
INFO: Run Common\Behavior\InitHookBehavior [ RunTime:0.004451s ]
INFO: [ app_init ] --END-- [ RunTime:0.005091s ]
INFO: [ app_begin ] --START--
INFO: Run Behavior\ReadHtmlCacheBehavior [ RunTime:0.000950s ]
INFO: [ app_begin ] --END-- [ RunTime:0.001068s ]
NOTIC: [8] Undefined index: lite D:\wamp\www\ThinkPHP\Library\Think\Db.class.php 第 37 行.

[ 2015-07-06T15:13:59+08:00 ] ::1 /admin.php?s=/Public/verify.html&random=0.029264053096994758
INFO: [ app_init ] --START--
INFO: Run Behavior\BuildLiteBehavior [ RunTime:0.000034s ]
INFO: Run Common\Behavior\InitHookBehavior [ RunTime:0.003200s ]
INFO: [ app_init ] --END-- [ RunTime:0.004132s ]
INFO: [ app_begin ] --START--
INFO: Run Behavior\ReadHtmlCacheBehavior [ RunTime:0.000971s ]
INFO: [ app_begin ] --END-- [ RunTime:0.001111s ]
INFO: [ app_end ] --START--
INFO: Run Behavior\ShowPageTraceBehavior [ RunTime:0.001003s ]
INFO: [ app_end ] --END-- [ RunTime:0.001151s ]

[ 2015-07-06T15:47:22+08:00 ] ::1 /admin.php?s=/Public/verify.html&random=0.6414995968807489
INFO: [ app_init ] --START--
INFO: Run Behavior\BuildLiteBehavior [ RunTime:0.000039s ]
INFO: Run Common\Behavior\InitHookBehavior [ RunTime:0.004430s ]
INFO: [ app_init ] --END-- [ RunTime:0.005253s ]
INFO: [ app_begin ] --START--
INFO: Run Behavior\ReadHtmlCacheBehavior [ RunTime:0.001521s ]
INFO: [ app_begin ] --END-- [ RunTime:0.001765s ]
INFO: [ app_end ] --START--
INFO: Run Behavior\ShowPageTraceBehavior [ RunTime:0.001204s ]
INFO: [ app_end ] --END-- [ RunTime:0.001373s ]

[ 2015-07-06T15:47:26+08:00 ] ::1 /admin.php?s=/Public/login.html
INFO: [ app_init ] --START--
INFO: Run Behavior\BuildLiteBehavior [ RunTime:0.000030s ]
INFO: Run Common\Behavior\InitHookBehavior [ RunTime:0.003428s ]
INFO: [ app_init ] --END-- [ RunTime:0.004146s ]
INFO: [ app_begin ] --START--
INFO: Run Behavior\ReadHtmlCacheBehavior [ RunTime:0.000929s ]
INFO: [ app_begin ] --END-- [ RunTime:0.001046s ]
NOTIC: [8] Undefined index: lite D:\wamp\www\ThinkPHP\Library\Think\Db.class.php 第 37 行.
SQL: SHOW COLUMNS FROM `jm_member` [ RunTime:0.0093s ]
SQL: SELECT `uid`,`oid`,`position`,`real_name`,`nickname`,`sex`,`birthday`,`qq`,`score`,`login`,`reg_ip`,`reg_time`,`last_login_ip`,`last_login_time`,`status` FROM `jm_member` WHERE `uid` = 1 LIMIT 1   [ RunTime:0.0006s ]
SQL: SHOW COLUMNS FROM `jm_action` [ RunTime:0.0100s ]
SQL: SELECT * FROM `jm_action` WHERE `name` = 'user_login' LIMIT 1   [ RunTime:0.0004s ]
SQL: SHOW COLUMNS FROM `jm_action_log` [ RunTime:0.0149s ]
SQL: INSERT INTO `jm_action_log` (`action_id`,`user_id`,`action_ip`,`model`,`record_id`,`create_time`,`remark`) VALUES ('1','1','0','member','1','1436168846','admin在2015-07-06 15:47登录了后台') [ RunTime:0.0008s ]
SQL: SELECT * FROM `jm_action` WHERE `name` = 'user_login' LIMIT 1   [ RunTime:0.0005s ]
NOTIC: [8] Undefined offset: 1 D:\wamp\www\Application\Common\Common\function.php 第 716 行.
NOTIC: [2] array_key_exists() expects parameter 2 to be array, null given D:\wamp\www\Application\Common\Common\function.php 第 716 行.
SQL: SELECT COUNT(*) AS tp_count FROM `jm_action_log` WHERE `action_id` = 1 AND `user_id` = 1 AND `create_time` > 1436082446 LIMIT 1   [ RunTime:0.0036s ]
SQL: SHOW COLUMNS FROM `jm_member` [ RunTime:0.0621s ]
SQL: UPDATE `jm_member` SET `score`=score+10 WHERE ( uid=1 AND status>-1 ) [ RunTime:0.0016s ]
SQL: UPDATE `jm_member` SET `login`=`login`+1,`last_login_time`='1436168846',`last_login_ip`='0' WHERE `uid` = 1 [ RunTime:0.0009s ]

[ 2015-07-06T15:47:29+08:00 ] ::1 /admin.php?s=/Index/index.html
INFO: [ app_init ] --START--
INFO: Run Behavior\BuildLiteBehavior [ RunTime:0.000129s ]
INFO: Run Common\Behavior\InitHookBehavior [ RunTime:0.013083s ]
INFO: [ app_init ] --END-- [ RunTime:0.015213s ]
INFO: [ app_begin ] --START--
INFO: Run Behavior\ReadHtmlCacheBehavior [ RunTime:0.002780s ]
INFO: [ app_begin ] --END-- [ RunTime:0.003198s ]
SQL: SHOW COLUMNS FROM `jm_menu` [ RunTime:0.0630s ]
SQL: SELECT `id`,`title`,`url` FROM `jm_menu` WHERE `pid` = 0 AND `hide` = 0 ORDER BY sort asc  [ RunTime:0.0014s ]
SQL: SELECT `pid` FROM `jm_menu` WHERE ( pid !=0 AND url like '%Index/index%' ) LIMIT 1   [ RunTime:0.0074s ]
INFO: [ view_parse ] --START--
INFO: [ template_filter ] --START--
INFO: Run Behavior\ContentReplaceBehavior [ RunTime:0.000474s ]
INFO: [ template_filter ] --END-- [ RunTime:0.000870s ]
INFO: [ AdminIndex ] --START--
SQL: SHOW COLUMNS FROM `jm_addons` [ RunTime:0.0322s ]
SQL: SELECT `config` FROM `jm_addons` WHERE `name` = 'SiteStat' AND `status` = 1 LIMIT 1   [ RunTime:0.0006s ]
SQL: SHOW COLUMNS FROM `jm_member` [ RunTime:0.0411s ]
SQL: SELECT COUNT(*) AS tp_count FROM `jm_member` LIMIT 1   [ RunTime:0.0004s ]
SQL: SHOW COLUMNS FROM `jm_action_log` [ RunTime:0.0131s ]
SQL: SELECT COUNT(*) AS tp_count FROM `jm_action_log` LIMIT 1   [ RunTime:0.0004s ]
SQL: SHOW COLUMNS FROM `jm_document` [ RunTime:0.0134s ]
SQL: SELECT COUNT(*) AS tp_count FROM `jm_document` LIMIT 1   [ RunTime:0.0003s ]
SQL: SHOW COLUMNS FROM `jm_category` [ RunTime:0.0137s ]
SQL: SELECT COUNT(*) AS tp_count FROM `jm_category` LIMIT 1   [ RunTime:0.0004s ]
SQL: SHOW COLUMNS FROM `jm_model` [ RunTime:0.0137s ]
SQL: SELECT COUNT(*) AS tp_count FROM `jm_model` LIMIT 1   [ RunTime:0.0004s ]
INFO: [ view_parse ] --START--
INFO: [ template_filter ] --START--
INFO: Run Behavior\ContentReplaceBehavior [ RunTime:0.000173s ]
INFO: [ template_filter ] --END-- [ RunTime:-0.166142s ]
INFO: Run Behavior\ParseTemplateBehavior [ RunTime:0.009878s ]
INFO: [ view_parse ] --END-- [ RunTime:0.010156s ]
INFO: [ view_filter ] --START--
INFO: Run Behavior\WriteHtmlCacheBehavior [ RunTime:0.001376s ]
INFO: [ view_filter ] --END-- [ RunTime:0.001641s ]
INFO: Run Addons\SiteStat\SiteStatAddon [ RunTime:0.158331s ]
SQL: SELECT `config` FROM `jm_addons` WHERE `name` = 'SystemInfo' AND `status` = 1 LIMIT 1   [ RunTime:0.0006s ]
INFO: [ view_parse ] --START--
INFO: [ template_filter ] --START--
INFO: Run Behavior\ContentReplaceBehavior [ RunTime:0.000298s ]
INFO: [ template_filter ] --END-- [ RunTime:-2.237533s ]
SQL: select version() as v; [ RunTime:0.0007s ]
INFO: Run Behavior\ParseTemplateBehavior [ RunTime:0.019146s ]
INFO: [ view_parse ] --END-- [ RunTime:-2.059987s ]
INFO: [ view_filter ] --START--
INFO: Run Behavior\WriteHtmlCacheBehavior [ RunTime:0.000116s ]
INFO: [ view_filter ] --END-- [ RunTime:-2.077996s ]
INFO: Run Addons\SystemInfo\SystemInfoAddon [ RunTime:2.078506s ]
SQL: SELECT `config` FROM `jm_addons` WHERE `name` = 'DevTeam' AND `status` = 1 LIMIT 1   [ RunTime:0.0009s ]
INFO: [ view_parse ] --START--
INFO: [ template_filter ] --START--
INFO: Run Behavior\ContentReplaceBehavior [ RunTime:0.000317s ]
INFO: [ template_filter ] --END-- [ RunTime:-2.312722s ]
INFO: Run Behavior\ParseTemplateBehavior [ RunTime:0.011784s ]
INFO: [ view_parse ] --END-- [ RunTime:-2.136692s ]
INFO: [ view_filter ] --START--
INFO: Run Behavior\WriteHtmlCacheBehavior [ RunTime:0.000113s ]
INFO: [ view_filter ] --END-- [ RunTime:-2.147416s ]
INFO: Run Addons\DevTeam\DevTeamAddon [ RunTime:0.069214s ]
INFO: [ AdminIndex ] --END-- [ RunTime:2.306703s ]
INFO: Run Behavior\ParseTemplateBehavior [ RunTime:0.013951s ]
INFO: [ view_parse ] --END-- [ RunTime:-2.136692s ]
INFO: [ view_filter ] --START--
INFO: Run Behavior\WriteHtmlCacheBehavior [ RunTime:0.000182s ]
INFO: [ view_filter ] --END-- [ RunTime:-2.150003s ]
INFO: [ app_end ] --START--
INFO: Run Behavior\ShowPageTraceBehavior [ RunTime:0.005043s ]
INFO: [ app_end ] --END-- [ RunTime:0.005844s ]

[ 2015-07-06T15:47:38+08:00 ] ::1 /admin.php?s=/Infomation/index.html
INFO: [ app_init ] --START--
INFO: Run Behavior\BuildLiteBehavior [ RunTime:0.000038s ]
INFO: Run Common\Behavior\InitHookBehavior [ RunTime:0.003571s ]
INFO: [ app_init ] --END-- [ RunTime:0.004535s ]
INFO: [ app_begin ] --START--
INFO: Run Behavior\ReadHtmlCacheBehavior [ RunTime:0.000856s ]
INFO: [ app_begin ] --END-- [ RunTime:0.000996s ]
SQL: SHOW COLUMNS FROM `jm_menu` [ RunTime:0.0096s ]
SQL: SELECT `id`,`title`,`url` FROM `jm_menu` WHERE `pid` = 0 AND `hide` = 0 ORDER BY sort asc  [ RunTime:0.0005s ]
SQL: SELECT `pid` FROM `jm_menu` WHERE ( pid !=0 AND url like '%Infomation/index%' ) LIMIT 1   [ RunTime:0.0025s ]
SQL: SELECT * FROM `jm_menu` WHERE `id` = 186 LIMIT 1   [ RunTime:0.0005s ]
SQL: SELECT DISTINCT  `group` FROM `jm_menu` WHERE `group` <> '' AND `pid` = 186  [ RunTime:0.0010s ]
SQL: SELECT `id`,`url` FROM `jm_menu` WHERE `pid` = 186 AND `hide` = 0  [ RunTime:0.0020s ]
SQL: SELECT `id`,`pid`,`title`,`url`,`tip` FROM `jm_menu` WHERE `group` = '文案管理' AND `pid` = 186 AND `hide` = 0 ORDER BY sort asc  [ RunTime:0.0006s ]
SQL: SELECT `id`,`pid`,`title`,`url`,`tip` FROM `jm_menu` WHERE `group` = '协议管理' AND `pid` = 186 AND `hide` = 0 ORDER BY sort asc  [ RunTime:0.0005s ]
SQL: SELECT `id`,`pid`,`title`,`url`,`tip` FROM `jm_menu` WHERE `group` = '短信服务' AND `pid` = 186 AND `hide` = 0 ORDER BY sort asc  [ RunTime:0.0005s ]
SQL: SELECT `id`,`pid`,`title`,`url`,`tip` FROM `jm_menu` WHERE `group` = '第三方平台' AND `pid` = 186 AND `hide` = 0 ORDER BY sort asc  [ RunTime:0.0004s ]
SQL: SHOW COLUMNS FROM `jm_infomation` [ RunTime:0.0107s ]
SQL: SELECT * FROM `jm_infomation` ORDER BY status desc,level desc,id desc  [ RunTime:0.0005s ]
INFO: [ view_parse ] --START--
INFO: [ template_filter ] --START--
INFO: Run Behavior\ContentReplaceBehavior [ RunTime:0.000196s ]
INFO: [ template_filter ] --END-- [ RunTime:0.000353s ]
NOTIC: [8] Undefined variable: meta_title D:\wamp\www\Runtime\Cache\Admin\fd2b3db3d8a45fa3e6ed1d5571bd3739.php 第 5 行.
NOTIC: [8] Undefined variable: cate_id D:\wamp\www\Runtime\Cache\Admin\fd2b3db3d8a45fa3e6ed1d5571bd3739.php 第 98 行.
NOTIC: [8] Undefined variable: _page D:\wamp\www\Runtime\Cache\Admin\fd2b3db3d8a45fa3e6ed1d5571bd3739.php 第 145 行.
INFO: Run Behavior\ParseTemplateBehavior [ RunTime:0.045951s ]
INFO: [ view_parse ] --END-- [ RunTime:0.046226s ]
INFO: [ view_filter ] --START--
INFO: Run Behavior\WriteHtmlCacheBehavior [ RunTime:0.000851s ]
INFO: [ view_filter ] --END-- [ RunTime:0.001034s ]
INFO: [ app_end ] --START--
INFO: Run Behavior\ShowPageTraceBehavior [ RunTime:0.001663s ]
INFO: [ app_end ] --END-- [ RunTime:0.001891s ]

[ 2015-07-06T15:47:45+08:00 ] ::1 /admin.php?s=/Banner/index.html
INFO: [ app_init ] --START--
INFO: Run Behavior\BuildLiteBehavior [ RunTime:0.000184s ]
INFO: Run Common\Behavior\InitHookBehavior [ RunTime:0.008070s ]
INFO: [ app_init ] --END-- [ RunTime:0.010414s ]
INFO: [ app_begin ] --START--
INFO: Run Behavior\ReadHtmlCacheBehavior [ RunTime:0.002338s ]
INFO: [ app_begin ] --END-- [ RunTime:0.002982s ]
NOTIC: [2048] Declaration of Admin\Controller\BannerController::setStatus() should be compatible with Admin\Controller\AdminController::setStatus($Model = 'Banner') D:\wamp\www\Application\Admin\Controller\BannerController.class.php 第 17 行.
SQL: SHOW COLUMNS FROM `jm_menu` [ RunTime:0.0722s ]
SQL: SELECT `id`,`title`,`url` FROM `jm_menu` WHERE `pid` = 0 AND `hide` = 0 ORDER BY sort asc  [ RunTime:0.0018s ]
SQL: SELECT `pid` FROM `jm_menu` WHERE ( pid !=0 AND url like '%Banner/index%' ) LIMIT 1   [ RunTime:0.0075s ]
SQL: SELECT * FROM `jm_menu` WHERE `id` = 186 LIMIT 1   [ RunTime:0.0021s ]
SQL: SELECT DISTINCT  `group` FROM `jm_menu` WHERE `group` <> '' AND `pid` = 186  [ RunTime:0.0017s ]
SQL: SELECT `id`,`url` FROM `jm_menu` WHERE `pid` = 186 AND `hide` = 0  [ RunTime:0.0010s ]
SQL: SELECT `id`,`pid`,`title`,`url`,`tip` FROM `jm_menu` WHERE `group` = '文案管理' AND `pid` = 186 AND `hide` = 0 ORDER BY sort asc  [ RunTime:0.0013s ]
SQL: SELECT `id`,`pid`,`title`,`url`,`tip` FROM `jm_menu` WHERE `group` = '协议管理' AND `pid` = 186 AND `hide` = 0 ORDER BY sort asc  [ RunTime:0.0013s ]
SQL: SELECT `id`,`pid`,`title`,`url`,`tip` FROM `jm_menu` WHERE `group` = '短信服务' AND `pid` = 186 AND `hide` = 0 ORDER BY sort asc  [ RunTime:0.0012s ]
SQL: SELECT `id`,`pid`,`title`,`url`,`tip` FROM `jm_menu` WHERE `group` = '第三方平台' AND `pid` = 186 AND `hide` = 0 ORDER BY sort asc  [ RunTime:0.0011s ]
NOTIC: [8] Undefined variable: pid D:\wamp\www\Application\Admin\Controller\BannerController.class.php 第 26 行.
SQL: SHOW COLUMNS FROM `jm_banner` [ RunTime:0.0816s ]
SQL: SELECT * FROM `jm_banner` WHERE `status` <> -1 ORDER BY sort asc,id desc  [ RunTime:0.0016s ]
NOTIC: [8] Undefined variable: pid D:\wamp\www\Application\Admin\Controller\BannerController.class.php 第 30 行.
INFO: [ view_parse ] --START--
INFO: [ template_filter ] --START--
INFO: Run Behavior\ContentReplaceBehavior [ RunTime:0.000253s ]
INFO: [ template_filter ] --END-- [ RunTime:0.000424s ]
INFO: Run Behavior\ParseTemplateBehavior [ RunTime:0.073082s ]
INFO: [ view_parse ] --END-- [ RunTime:0.073568s ]
INFO: [ view_filter ] --START--
INFO: Run Behavior\WriteHtmlCacheBehavior [ RunTime:0.000700s ]
INFO: [ view_filter ] --END-- [ RunTime:0.000928s ]
INFO: [ app_end ] --START--
INFO: Run Behavior\ShowPageTraceBehavior [ RunTime:0.006920s ]
INFO: [ app_end ] --END-- [ RunTime:0.007286s ]

[ 2015-07-06T15:47:58+08:00 ] ::1 /admin.php?s=/Banner/edit/id/3.html
INFO: [ app_init ] --START--
INFO: Run Behavior\BuildLiteBehavior [ RunTime:0.000029s ]
INFO: Run Common\Behavior\InitHookBehavior [ RunTime:0.002080s ]
INFO: [ app_init ] --END-- [ RunTime:0.002674s ]
INFO: [ app_begin ] --START--
INFO: Run Behavior\ReadHtmlCacheBehavior [ RunTime:0.000976s ]
INFO: [ app_begin ] --END-- [ RunTime:0.001246s ]
NOTIC: [2048] Declaration of Admin\Controller\BannerController::setStatus() should be compatible with Admin\Controller\AdminController::setStatus($Model = 'Banner') D:\wamp\www\Application\Admin\Controller\BannerController.class.php 第 17 行.
SQL: SHOW COLUMNS FROM `jm_banner` [ RunTime:0.0214s ]
SQL: SELECT * FROM `jm_banner` WHERE `id` = 3 LIMIT 1   [ RunTime:0.0004s ]
INFO: [ view_parse ] --START--
INFO: [ template_filter ] --START--
INFO: Run Behavior\ContentReplaceBehavior [ RunTime:0.000353s ]
INFO: [ template_filter ] --END-- [ RunTime:0.000568s ]
SQL: SHOW COLUMNS FROM `jm_picture` [ RunTime:0.0297s ]
SQL: SELECT * FROM `jm_picture` WHERE `status` = 1 AND `id` = 20 LIMIT 1   [ RunTime:0.0005s ]
INFO: Run Behavior\ParseTemplateBehavior [ RunTime:0.087617s ]
INFO: [ view_parse ] --END-- [ RunTime:0.087915s ]
INFO: [ view_filter ] --START--
INFO: Run Behavior\WriteHtmlCacheBehavior [ RunTime:0.000775s ]
INFO: [ view_filter ] --END-- [ RunTime:0.001018s ]
INFO: [ app_end ] --START--
INFO: Run Behavior\ShowPageTraceBehavior [ RunTime:0.001364s ]
INFO: [ app_end ] --END-- [ RunTime:0.001576s ]

[ 2015-07-06T15:48:14+08:00 ] ::1 /admin.php?s=/Banner/edit/id/3.html
INFO: [ app_init ] --START--
INFO: Run Behavior\BuildLiteBehavior [ RunTime:0.000030s ]
INFO: Run Common\Behavior\InitHookBehavior [ RunTime:0.001964s ]
INFO: [ app_init ] --END-- [ RunTime:0.002569s ]
INFO: [ app_begin ] --START--
INFO: Run Behavior\ReadHtmlCacheBehavior [ RunTime:0.000539s ]
INFO: [ app_begin ] --END-- [ RunTime:0.000680s ]
NOTIC: [2048] Declaration of Admin\Controller\BannerController::setStatus() should be compatible with Admin\Controller\AdminController::setStatus($Model = 'Banner') D:\wamp\www\Application\Admin\Controller\BannerController.class.php 第 17 行.
SQL: SHOW COLUMNS FROM `jm_banner` [ RunTime:0.0166s ]
SQL: SELECT * FROM `jm_banner` WHERE `id` = 3 LIMIT 1   [ RunTime:0.0004s ]
INFO: [ view_parse ] --START--
INFO: [ template_filter ] --START--
INFO: Run Behavior\ContentReplaceBehavior [ RunTime:0.000228s ]
INFO: [ template_filter ] --END-- [ RunTime:0.000383s ]
SQL: SHOW COLUMNS FROM `jm_picture` [ RunTime:0.0132s ]
SQL: SELECT * FROM `jm_picture` WHERE `status` = 1 AND `id` = 20 LIMIT 1   [ RunTime:0.0004s ]
INFO: Run Behavior\ParseTemplateBehavior [ RunTime:0.048020s ]
INFO: [ view_parse ] --END-- [ RunTime:0.048240s ]
INFO: [ view_filter ] --START--
INFO: Run Behavior\WriteHtmlCacheBehavior [ RunTime:0.001711s ]
INFO: [ view_filter ] --END-- [ RunTime:0.001973s ]
INFO: [ app_end ] --START--
INFO: Run Behavior\ShowPageTraceBehavior [ RunTime:0.001679s ]
INFO: [ app_end ] --END-- [ RunTime:0.001938s ]

[ 2015-07-06T15:48:48+08:00 ] ::1 /admin.php?s=/Banner/index.html
INFO: [ app_init ] --START--
INFO: Run Behavior\BuildLiteBehavior [ RunTime:0.000031s ]
INFO: Run Common\Behavior\InitHookBehavior [ RunTime:0.002383s ]
INFO: [ app_init ] --END-- [ RunTime:0.003024s ]
INFO: [ app_begin ] --START--
INFO: Run Behavior\ReadHtmlCacheBehavior [ RunTime:0.000717s ]
INFO: [ app_begin ] --END-- [ RunTime:0.000890s ]
NOTIC: [2048] Declaration of Admin\Controller\BannerController::setStatus() should be compatible with Admin\Controller\AdminController::setStatus($Model = 'Banner') D:\wamp\www\Application\Admin\Controller\BannerController.class.php 第 17 行.
NOTIC: [8] Undefined variable: pid D:\wamp\www\Application\Admin\Controller\BannerController.class.php 第 26 行.
SQL: SHOW COLUMNS FROM `jm_banner` [ RunTime:0.0095s ]
SQL: SELECT * FROM `jm_banner` WHERE `status` <> -1 ORDER BY sort asc,id desc  [ RunTime:0.0005s ]
NOTIC: [8] Undefined variable: pid D:\wamp\www\Application\Admin\Controller\BannerController.class.php 第 30 行.
INFO: [ view_parse ] --START--
INFO: [ template_filter ] --START--
INFO: Run Behavior\ContentReplaceBehavior [ RunTime:0.000235s ]
INFO: [ template_filter ] --END-- [ RunTime:0.000408s ]
INFO: Run Behavior\ParseTemplateBehavior [ RunTime:0.036587s ]
INFO: [ view_parse ] --END-- [ RunTime:0.036867s ]
INFO: [ view_filter ] --START--
INFO: Run Behavior\WriteHtmlCacheBehavior [ RunTime:0.001436s ]
INFO: [ view_filter ] --END-- [ RunTime:0.001748s ]
INFO: [ app_end ] --START--
INFO: Run Behavior\ShowPageTraceBehavior [ RunTime:0.001577s ]
INFO: [ app_end ] --END-- [ RunTime:0.001921s ]

[ 2015-07-06T15:48:50+08:00 ] ::1 /admin.php?s=/Info/index.html
INFO: [ app_init ] --START--
INFO: Run Behavior\BuildLiteBehavior [ RunTime:0.000030s ]
INFO: Run Common\Behavior\InitHookBehavior [ RunTime:0.002081s ]
INFO: [ app_init ] --END-- [ RunTime:0.002919s ]
INFO: [ app_begin ] --START--
INFO: Run Behavior\ReadHtmlCacheBehavior [ RunTime:0.000749s ]
INFO: [ app_begin ] --END-- [ RunTime:0.000947s ]
SQL: SHOW COLUMNS FROM `jm_menu` [ RunTime:0.0278s ]
SQL: SELECT `id`,`title`,`url` FROM `jm_menu` WHERE `pid` = 0 AND `hide` = 0 ORDER BY sort asc  [ RunTime:0.0008s ]
SQL: SELECT `pid` FROM `jm_menu` WHERE ( pid !=0 AND url like '%Info/index%' ) LIMIT 1   [ RunTime:0.0023s ]
SQL: SELECT * FROM `jm_menu` WHERE `id` = 186 LIMIT 1   [ RunTime:0.0005s ]
SQL: SELECT DISTINCT  `group` FROM `jm_menu` WHERE `group` <> '' AND `pid` = 186  [ RunTime:0.0009s ]
SQL: SELECT `id`,`url` FROM `jm_menu` WHERE `pid` = 186 AND `hide` = 0  [ RunTime:0.0007s ]
SQL: SELECT `id`,`pid`,`title`,`url`,`tip` FROM `jm_menu` WHERE `group` = '文案管理' AND `pid` = 186 AND `hide` = 0 ORDER BY sort asc  [ RunTime:0.0009s ]
SQL: SELECT `id`,`pid`,`title`,`url`,`tip` FROM `jm_menu` WHERE `group` = '协议管理' AND `pid` = 186 AND `hide` = 0 ORDER BY sort asc  [ RunTime:0.0030s ]
SQL: SELECT `id`,`pid`,`title`,`url`,`tip` FROM `jm_menu` WHERE `group` = '短信服务' AND `pid` = 186 AND `hide` = 0 ORDER BY sort asc  [ RunTime:0.0006s ]
SQL: SELECT `id`,`pid`,`title`,`url`,`tip` FROM `jm_menu` WHERE `group` = '第三方平台' AND `pid` = 186 AND `hide` = 0 ORDER BY sort asc  [ RunTime:0.0005s ]
SQL: SHOW COLUMNS FROM `jm_info` [ RunTime:0.0122s ]
SQL: SELECT * FROM `jm_info` ORDER BY level DESC,id DESC  [ RunTime:0.0019s ]
INFO: [ view_parse ] --START--
INFO: [ template_filter ] --START--
INFO: Run Behavior\ContentReplaceBehavior [ RunTime:0.000235s ]
INFO: [ template_filter ] --END-- [ RunTime:0.000407s ]
NOTIC: [8] Undefined variable: cate_id D:\wamp\www\Runtime\Cache\Admin\394ab3bdccc39995705c722dbf0773ea.php 第 96 行.
INFO: Run Behavior\ParseTemplateBehavior [ RunTime:0.086309s ]
INFO: [ view_parse ] --END-- [ RunTime:0.086708s ]
INFO: [ view_filter ] --START--
INFO: Run Behavior\WriteHtmlCacheBehavior [ RunTime:0.000896s ]
INFO: [ view_filter ] --END-- [ RunTime:0.001115s ]
INFO: [ app_end ] --START--
INFO: Run Behavior\ShowPageTraceBehavior [ RunTime:0.005589s ]
INFO: [ app_end ] --END-- [ RunTime:0.005997s ]

[ 2015-07-06T15:48:51+08:00 ] ::1 /admin.php?s=/Link/index.html
INFO: [ app_init ] --START--
INFO: Run Behavior\BuildLiteBehavior [ RunTime:0.000035s ]
INFO: Run Common\Behavior\InitHookBehavior [ RunTime:0.002374s ]
INFO: [ app_init ] --END-- [ RunTime:0.003326s ]
INFO: [ app_begin ] --START--
INFO: Run Behavior\ReadHtmlCacheBehavior [ RunTime:0.000626s ]
INFO: [ app_begin ] --END-- [ RunTime:0.000787s ]
SQL: SHOW COLUMNS FROM `jm_menu` [ RunTime:0.0140s ]
SQL: SELECT `id`,`title`,`url` FROM `jm_menu` WHERE `pid` = 0 AND `hide` = 0 ORDER BY sort asc  [ RunTime:0.0007s ]
SQL: SELECT `pid` FROM `jm_menu` WHERE ( pid !=0 AND url like '%Link/index%' ) LIMIT 1   [ RunTime:0.0028s ]
SQL: SELECT * FROM `jm_menu` WHERE `id` = 186 LIMIT 1   [ RunTime:0.0004s ]
SQL: SELECT DISTINCT  `group` FROM `jm_menu` WHERE `group` <> '' AND `pid` = 186  [ RunTime:0.0007s ]
SQL: SELECT `id`,`url` FROM `jm_menu` WHERE `pid` = 186 AND `hide` = 0  [ RunTime:0.0005s ]
SQL: SELECT `id`,`pid`,`title`,`url`,`tip` FROM `jm_menu` WHERE `group` = '文案管理' AND `pid` = 186 AND `hide` = 0 ORDER BY sort asc  [ RunTime:0.0006s ]
SQL: SELECT `id`,`pid`,`title`,`url`,`tip` FROM `jm_menu` WHERE `group` = '协议管理' AND `pid` = 186 AND `hide` = 0 ORDER BY sort asc  [ RunTime:0.0006s ]
SQL: SELECT `id`,`pid`,`title`,`url`,`tip` FROM `jm_menu` WHERE `group` = '短信服务' AND `pid` = 186 AND `hide` = 0 ORDER BY sort asc  [ RunTime:0.0005s ]
SQL: SELECT `id`,`pid`,`title`,`url`,`tip` FROM `jm_menu` WHERE `group` = '第三方平台' AND `pid` = 186 AND `hide` = 0 ORDER BY sort asc  [ RunTime:0.0005s ]
SQL: SHOW COLUMNS FROM `jm_link` [ RunTime:0.0129s ]
SQL: SELECT * FROM `jm_link` WHERE `status` >= 0 ORDER BY sort desc, create_time  [ RunTime:0.0007s ]
INFO: [ view_parse ] --START--
INFO: [ template_filter ] --START--
INFO: Run Behavior\ContentReplaceBehavior [ RunTime:0.000214s ]
INFO: [ template_filter ] --END-- [ RunTime:0.000363s ]
NOTIC: [8] Undefined variable: meta_title D:\wamp\www\Runtime\Cache\Admin\1e2c869bd8911c3f098d2a5c15bf2453.php 第 5 行.
INFO: Run Behavior\ParseTemplateBehavior [ RunTime:0.037485s ]
INFO: [ view_parse ] --END-- [ RunTime:0.037643s ]
INFO: [ view_filter ] --START--
INFO: Run Behavior\WriteHtmlCacheBehavior [ RunTime:0.000541s ]
INFO: [ view_filter ] --END-- [ RunTime:0.000680s ]
INFO: [ app_end ] --START--
INFO: Run Behavior\ShowPageTraceBehavior [ RunTime:0.001626s ]
INFO: [ app_end ] --END-- [ RunTime:0.001839s ]

[ 2015-07-06T15:48:55+08:00 ] ::1 /admin.php?s=/Sms/index.html
INFO: [ app_init ] --START--
INFO: Run Behavior\BuildLiteBehavior [ RunTime:0.000030s ]
INFO: Run Common\Behavior\InitHookBehavior [ RunTime:0.002129s ]
INFO: [ app_init ] --END-- [ RunTime:0.002857s ]
INFO: [ app_begin ] --START--
INFO: Run Behavior\ReadHtmlCacheBehavior [ RunTime:0.000555s ]
INFO: [ app_begin ] --END-- [ RunTime:0.000728s ]
SQL: SHOW COLUMNS FROM `jm_menu` [ RunTime:0.0128s ]
SQL: SELECT `id`,`title`,`url` FROM `jm_menu` WHERE `pid` = 0 AND `hide` = 0 ORDER BY sort asc  [ RunTime:0.0014s ]
SQL: SELECT `pid` FROM `jm_menu` WHERE ( pid !=0 AND url like '%Sms/index%' ) LIMIT 1   [ RunTime:0.0025s ]
SQL: SELECT * FROM `jm_menu` WHERE `id` = 186 LIMIT 1   [ RunTime:0.0005s ]
SQL: SELECT DISTINCT  `group` FROM `jm_menu` WHERE `group` <> '' AND `pid` = 186  [ RunTime:0.0009s ]
SQL: SELECT `id`,`url` FROM `jm_menu` WHERE `pid` = 186 AND `hide` = 0  [ RunTime:0.0006s ]
SQL: SELECT `id`,`pid`,`title`,`url`,`tip` FROM `jm_menu` WHERE `group` = '文案管理' AND `pid` = 186 AND `hide` = 0 ORDER BY sort asc  [ RunTime:0.0006s ]
SQL: SELECT `id`,`pid`,`title`,`url`,`tip` FROM `jm_menu` WHERE `group` = '协议管理' AND `pid` = 186 AND `hide` = 0 ORDER BY sort asc  [ RunTime:0.0005s ]
SQL: SELECT `id`,`pid`,`title`,`url`,`tip` FROM `jm_menu` WHERE `group` = '短信服务' AND `pid` = 186 AND `hide` = 0 ORDER BY sort asc  [ RunTime:0.0006s ]
SQL: SELECT `id`,`pid`,`title`,`url`,`tip` FROM `jm_menu` WHERE `group` = '第三方平台' AND `pid` = 186 AND `hide` = 0 ORDER BY sort asc  [ RunTime:0.0008s ]
INFO: [ view_parse ] --START--
INFO: [ template_filter ] --START--
INFO: Run Behavior\ContentReplaceBehavior [ RunTime:0.000224s ]
INFO: [ template_filter ] --END-- [ RunTime:0.000390s ]
NOTIC: [8] Undefined variable: meta_title D:\wamp\www\Runtime\Cache\Admin\e7a2a819e8f83a60b13ab246bcdef319.php 第 5 行.
INFO: Run Behavior\ParseTemplateBehavior [ RunTime:0.030682s ]
INFO: [ view_parse ] --END-- [ RunTime:0.030869s ]
INFO: [ view_filter ] --START--
INFO: Run Behavior\WriteHtmlCacheBehavior [ RunTime:0.000478s ]
INFO: [ view_filter ] --END-- [ RunTime:0.000619s ]
INFO: [ app_end ] --START--
INFO: Run Behavior\ShowPageTraceBehavior [ RunTime:0.001648s ]
INFO: [ app_end ] --END-- [ RunTime:0.001960s ]

