[ 2015-07-10T16:16:50+08:00 ] 192.168.0.155 /admin.php
INFO: [ app_init ] --START--
INFO: Run Behavior\BuildLiteBehavior [ RunTime:0.000047s ]
INFO: Run Common\Behavior\InitHookBehavior [ RunTime:0.003871s ]
INFO: [ app_init ] --END-- [ RunTime:0.004701s ]
INFO: [ app_begin ] --START--
INFO: Run Behavior\ReadHtmlCacheBehavior [ RunTime:0.000985s ]
INFO: [ app_begin ] --END-- [ RunTime:0.001236s ]

[ 2015-07-10T16:16:50+08:00 ] 192.168.0.155 /admin.php?s=/Public/login.html
INFO: [ app_init ] --START--
INFO: Run Behavior\BuildLiteBehavior [ RunTime:0.000044s ]
INFO: Run Common\Behavior\InitHookBehavior [ RunTime:0.003695s ]
INFO: [ app_init ] --END-- [ RunTime:0.004486s ]
INFO: [ app_begin ] --START--
INFO: Run Behavior\ReadHtmlCacheBehavior [ RunTime:0.000634s ]
INFO: [ app_begin ] --END-- [ RunTime:0.000838s ]
INFO: [ view_parse ] --START--
INFO: [ template_filter ] --START--
INFO: Run Behavior\ContentReplaceBehavior [ RunTime:0.000125s ]
INFO: [ template_filter ] --END-- [ RunTime:0.000272s ]
INFO: Run Behavior\ParseTemplateBehavior [ RunTime:0.025886s ]
INFO: [ view_parse ] --END-- [ RunTime:0.026246s ]
INFO: [ view_filter ] --START--
INFO: Run Behavior\WriteHtmlCacheBehavior [ RunTime:0.002543s ]
INFO: [ view_filter ] --END-- [ RunTime:0.002764s ]
INFO: [ app_end ] --START--
INFO: Run Behavior\ShowPageTraceBehavior [ RunTime:0.000617s ]
INFO: [ app_end ] --END-- [ RunTime:0.000752s ]

[ 2015-07-10T16:16:51+08:00 ] 192.168.0.155 /admin.php?s=/Public/verify.html
INFO: [ app_init ] --START--
INFO: Run Behavior\BuildLiteBehavior [ RunTime:0.000030s ]
INFO: Run Common\Behavior\InitHookBehavior [ RunTime:0.003773s ]
INFO: [ app_init ] --END-- [ RunTime:0.004395s ]
INFO: [ app_begin ] --START--
INFO: Run Behavior\ReadHtmlCacheBehavior [ RunTime:0.000906s ]
INFO: [ app_begin ] --END-- [ RunTime:0.001146s ]
INFO: [ app_end ] --START--
INFO: Run Behavior\ShowPageTraceBehavior [ RunTime:0.000695s ]
INFO: [ app_end ] --END-- [ RunTime:0.000856s ]

[ 2015-07-10T16:17:02+08:00 ] 192.168.0.155 /admin.php?s=/Public/login.html
INFO: [ app_init ] --START--
INFO: Run Behavior\BuildLiteBehavior [ RunTime:0.000055s ]
INFO: Run Common\Behavior\InitHookBehavior [ RunTime:0.004393s ]
INFO: [ app_init ] --END-- [ RunTime:0.005295s ]
INFO: [ app_begin ] --START--
INFO: Run Behavior\ReadHtmlCacheBehavior [ RunTime:0.000473s ]
INFO: [ app_begin ] --END-- [ RunTime:0.000600s ]

[ 2015-07-10T16:17:02+08:00 ] 192.168.0.155 /admin.php?s=/Public/verify.html&random=0.25911153433844447
INFO: [ app_init ] --START--
INFO: Run Behavior\BuildLiteBehavior [ RunTime:0.000042s ]
INFO: Run Common\Behavior\InitHookBehavior [ RunTime:0.002144s ]
INFO: [ app_init ] --END-- [ RunTime:0.002780s ]
INFO: [ app_begin ] --START--
INFO: Run Behavior\ReadHtmlCacheBehavior [ RunTime:0.000777s ]
INFO: [ app_begin ] --END-- [ RunTime:0.001012s ]
INFO: [ app_end ] --START--
INFO: Run Behavior\ShowPageTraceBehavior [ RunTime:0.000573s ]
INFO: [ app_end ] --END-- [ RunTime:0.000730s ]

[ 2015-07-10T16:17:06+08:00 ] 192.168.0.155 /admin.php?s=/Public/login.html
INFO: [ app_init ] --START--
INFO: Run Behavior\BuildLiteBehavior [ RunTime:0.000030s ]
INFO: Run Common\Behavior\InitHookBehavior [ RunTime:0.001568s ]
INFO: [ app_init ] --END-- [ RunTime:0.002080s ]
INFO: [ app_begin ] --START--
INFO: Run Behavior\ReadHtmlCacheBehavior [ RunTime:0.000665s ]
INFO: [ app_begin ] --END-- [ RunTime:0.000857s ]
NOTIC: [8] Undefined index: lite B:\zyzm\ThinkPHP\Library\Think\Db.class.php 第 37 行.

[ 2015-07-10T16:17:07+08:00 ] 192.168.0.155 /admin.php?s=/Public/verify.html&random=0.8682844103313982
INFO: [ app_init ] --START--
INFO: Run Behavior\BuildLiteBehavior [ RunTime:0.000035s ]
INFO: Run Common\Behavior\InitHookBehavior [ RunTime:0.002078s ]
INFO: [ app_init ] --END-- [ RunTime:0.003486s ]
INFO: [ app_begin ] --START--
INFO: Run Behavior\ReadHtmlCacheBehavior [ RunTime:0.000487s ]
INFO: [ app_begin ] --END-- [ RunTime:0.000629s ]
INFO: [ app_end ] --START--
INFO: Run Behavior\ShowPageTraceBehavior [ RunTime:0.000538s ]
INFO: [ app_end ] --END-- [ RunTime:0.000688s ]

[ 2015-07-10T16:17:36+08:00 ] 192.168.0.155 /admin.php?s=/Public/login.html
INFO: [ app_init ] --START--
INFO: Run Behavior\BuildLiteBehavior [ RunTime:0.000029s ]
INFO: Run Common\Behavior\InitHookBehavior [ RunTime:0.001557s ]
INFO: [ app_init ] --END-- [ RunTime:0.002061s ]
INFO: [ app_begin ] --START--
INFO: Run Behavior\ReadHtmlCacheBehavior [ RunTime:0.000477s ]
INFO: [ app_begin ] --END-- [ RunTime:0.000606s ]
NOTIC: [8] Undefined index: lite B:\zyzm\ThinkPHP\Library\Think\Db.class.php 第 37 行.
SQL: SHOW COLUMNS FROM `jm_member` [ RunTime:0.1085s ]
SQL: SELECT `uid`,`oid`,`position`,`real_name`,`nickname`,`sex`,`birthday`,`qq`,`score`,`login`,`reg_ip`,`reg_time`,`last_login_ip`,`last_login_time`,`status` FROM `jm_member` WHERE `uid` = 1 LIMIT 1   [ RunTime:0.0007s ]
SQL: SHOW COLUMNS FROM `jm_action` [ RunTime:0.0220s ]
SQL: SELECT * FROM `jm_action` WHERE `name` = 'user_login' LIMIT 1   [ RunTime:0.0007s ]
SQL: SHOW COLUMNS FROM `jm_action_log` [ RunTime:0.0531s ]
SQL: INSERT INTO `jm_action_log` (`action_id`,`user_id`,`action_ip`,`model`,`record_id`,`create_time`,`remark`) VALUES ('1','1','-1062731621','member','1','1436516255','admin在2015-07-10 16:17登录了后台') [ RunTime:0.0424s ]
SQL: SELECT * FROM `jm_action` WHERE `name` = 'user_login' LIMIT 1   [ RunTime:0.0006s ]
NOTIC: [8] Undefined offset: 1 B:\zyzm\Application\Common\Common\function.php 第 716 行.
NOTIC: [2] array_key_exists() expects parameter 2 to be array, null given B:\zyzm\Application\Common\Common\function.php 第 716 行.
SQL: SELECT COUNT(*) AS tp_count FROM `jm_action_log` WHERE `action_id` = 1 AND `user_id` = 1 AND `create_time` > 1436429855 LIMIT 1   [ RunTime:0.0762s ]
SQL: UPDATE `jm_member` SET `login`=`login`+1,`last_login_time`='1436516255',`last_login_ip`='3232235675' WHERE `uid` = 1 [ RunTime:0.0007s ]

[ 2015-07-10T16:17:37+08:00 ] 192.168.0.155 /admin.php?s=/Index/index.html
INFO: [ app_init ] --START--
INFO: Run Behavior\BuildLiteBehavior [ RunTime:0.000032s ]
INFO: Run Common\Behavior\InitHookBehavior [ RunTime:0.001595s ]
INFO: [ app_init ] --END-- [ RunTime:0.002232s ]
INFO: [ app_begin ] --START--
INFO: Run Behavior\ReadHtmlCacheBehavior [ RunTime:0.000470s ]
INFO: [ app_begin ] --END-- [ RunTime:0.000610s ]
SQL: SHOW COLUMNS FROM `jm_menu` [ RunTime:0.0608s ]
SQL: SELECT `id`,`title`,`url` FROM `jm_menu` WHERE `pid` = 0 AND `hide` = 0 ORDER BY sort asc  [ RunTime:0.0105s ]
SQL: SELECT `pid` FROM `jm_menu` WHERE ( pid !=0 AND url like '%Index/index%' ) LIMIT 1   [ RunTime:0.0345s ]
INFO: [ view_parse ] --START--
INFO: [ template_filter ] --START--
INFO: Run Behavior\ContentReplaceBehavior [ RunTime:0.000249s ]
INFO: [ template_filter ] --END-- [ RunTime:0.000464s ]
INFO: [ AdminIndex ] --START--
SQL: SHOW COLUMNS FROM `jm_addons` [ RunTime:0.0774s ]
SQL: SELECT `config` FROM `jm_addons` WHERE `name` = 'SiteStat' AND `status` = 1 LIMIT 1   [ RunTime:0.0009s ]
SQL: SHOW COLUMNS FROM `jm_member` [ RunTime:0.0070s ]
SQL: SELECT COUNT(*) AS tp_count FROM `jm_member` LIMIT 1   [ RunTime:0.0004s ]
SQL: SHOW COLUMNS FROM `jm_action_log` [ RunTime:0.0061s ]
SQL: SELECT COUNT(*) AS tp_count FROM `jm_action_log` LIMIT 1   [ RunTime:0.0004s ]
SQL: SHOW COLUMNS FROM `jm_document` [ RunTime:0.0473s ]
SQL: SELECT COUNT(*) AS tp_count FROM `jm_document` LIMIT 1   [ RunTime:0.0004s ]
SQL: SHOW COLUMNS FROM `jm_category` [ RunTime:0.0326s ]
SQL: SELECT COUNT(*) AS tp_count FROM `jm_category` LIMIT 1   [ RunTime:0.0003s ]
SQL: SHOW COLUMNS FROM `jm_model` [ RunTime:0.0411s ]
SQL: SELECT COUNT(*) AS tp_count FROM `jm_model` LIMIT 1   [ RunTime:0.0018s ]
INFO: [ view_parse ] --START--
INFO: [ template_filter ] --START--
INFO: Run Behavior\ContentReplaceBehavior [ RunTime:0.000143s ]
INFO: [ template_filter ] --END-- [ RunTime:-0.320546s ]
INFO: Run Behavior\ParseTemplateBehavior [ RunTime:0.032535s ]
INFO: [ view_parse ] --END-- [ RunTime:0.032778s ]
INFO: [ view_filter ] --START--
INFO: Run Behavior\WriteHtmlCacheBehavior [ RunTime:0.000585s ]
INFO: [ view_filter ] --END-- [ RunTime:0.000755s ]
INFO: Run Addons\SiteStat\SiteStatAddon [ RunTime:0.319491s ]
SQL: SELECT `config` FROM `jm_addons` WHERE `name` = 'SystemInfo' AND `status` = 1 LIMIT 1   [ RunTime:0.0005s ]
INFO: [ view_parse ] --START--
INFO: [ template_filter ] --START--
INFO: Run Behavior\ContentReplaceBehavior [ RunTime:0.023208s ]
INFO: [ template_filter ] --END-- [ RunTime:-0.709976s ]
SQL: select version() as v; [ RunTime:0.0716s ]
INFO: Run Behavior\ParseTemplateBehavior [ RunTime:0.147935s ]
INFO: [ view_parse ] --END-- [ RunTime:-0.355704s ]
INFO: [ view_filter ] --START--
INFO: Run Behavior\WriteHtmlCacheBehavior [ RunTime:0.000062s ]
INFO: [ view_filter ] --END-- [ RunTime:-0.503072s ]
INFO: Run Addons\SystemInfo\SystemInfoAddon [ RunTime:0.503298s ]
SQL: SELECT `config` FROM `jm_addons` WHERE `name` = 'DevTeam' AND `status` = 1 LIMIT 1   [ RunTime:0.0005s ]
INFO: [ view_parse ] --START--
INFO: [ template_filter ] --START--
INFO: Run Behavior\ContentReplaceBehavior [ RunTime:0.000089s ]
INFO: [ template_filter ] --END-- [ RunTime:-0.886396s ]
INFO: Run Behavior\ParseTemplateBehavior [ RunTime:0.015603s ]
INFO: [ view_parse ] --END-- [ RunTime:-0.543510s ]
INFO: [ view_filter ] --START--
INFO: Run Behavior\WriteHtmlCacheBehavior [ RunTime:0.000066s ]
INFO: [ view_filter ] --END-- [ RunTime:-0.558542s ]
INFO: Run Addons\DevTeam\DevTeamAddon [ RunTime:0.055519s ]
INFO: [ AdminIndex ] --END-- [ RunTime:0.878646s ]
INFO: Run Behavior\ParseTemplateBehavior [ RunTime:0.016882s ]
INFO: [ view_parse ] --END-- [ RunTime:-0.543510s ]
INFO: [ view_filter ] --START--
INFO: Run Behavior\WriteHtmlCacheBehavior [ RunTime:0.000058s ]
INFO: [ view_filter ] --END-- [ RunTime:-0.559764s ]
INFO: [ app_end ] --START--
INFO: Run Behavior\ShowPageTraceBehavior [ RunTime:0.000818s ]
INFO: [ app_end ] --END-- [ RunTime:0.001058s ]

[ 2015-07-10T16:18:10+08:00 ] 192.168.0.155 /admin.php?s=/Infomation/index.html
INFO: [ app_init ] --START--
INFO: Run Behavior\BuildLiteBehavior [ RunTime:0.000029s ]
INFO: Run Common\Behavior\InitHookBehavior [ RunTime:0.001603s ]
INFO: [ app_init ] --END-- [ RunTime:0.002139s ]
INFO: [ app_begin ] --START--
INFO: Run Behavior\ReadHtmlCacheBehavior [ RunTime:0.000469s ]
INFO: [ app_begin ] --END-- [ RunTime:0.000612s ]
SQL: SHOW COLUMNS FROM `jm_menu` [ RunTime:0.0127s ]
SQL: SELECT `id`,`title`,`url` FROM `jm_menu` WHERE `pid` = 0 AND `hide` = 0 ORDER BY sort asc  [ RunTime:0.0009s ]
SQL: SELECT `pid` FROM `jm_menu` WHERE ( pid !=0 AND url like '%Infomation/index%' ) LIMIT 1   [ RunTime:0.0016s ]
SQL: SELECT * FROM `jm_menu` WHERE `id` = 186 LIMIT 1   [ RunTime:0.0004s ]
SQL: SELECT DISTINCT  `group` FROM `jm_menu` WHERE `group` <> '' AND `pid` = 186  [ RunTime:0.0108s ]
SQL: SELECT `id`,`url` FROM `jm_menu` WHERE `pid` = 186 AND `hide` = 0  [ RunTime:0.0009s ]
SQL: SELECT `id`,`pid`,`title`,`url`,`tip` FROM `jm_menu` WHERE `group` = '文案管理' AND `pid` = 186 AND `hide` = 0 ORDER BY sort asc  [ RunTime:0.0008s ]
SQL: SELECT `id`,`pid`,`title`,`url`,`tip` FROM `jm_menu` WHERE `group` = '协议管理' AND `pid` = 186 AND `hide` = 0 ORDER BY sort asc  [ RunTime:0.0005s ]
SQL: SELECT `id`,`pid`,`title`,`url`,`tip` FROM `jm_menu` WHERE `group` = '短信服务' AND `pid` = 186 AND `hide` = 0 ORDER BY sort asc  [ RunTime:0.0005s ]
SQL: SELECT `id`,`pid`,`title`,`url`,`tip` FROM `jm_menu` WHERE `group` = '第三方平台' AND `pid` = 186 AND `hide` = 0 ORDER BY sort asc  [ RunTime:0.0005s ]
SQL: SHOW COLUMNS FROM `jm_infomation` [ RunTime:0.0053s ]
SQL: SELECT * FROM `jm_infomation` ORDER BY status desc,level desc,id desc  [ RunTime:0.0009s ]
INFO: [ view_parse ] --START--
INFO: [ template_filter ] --START--
INFO: Run Behavior\ContentReplaceBehavior [ RunTime:0.000231s ]
INFO: [ template_filter ] --END-- [ RunTime:0.000394s ]
NOTIC: [8] Undefined variable: meta_title B:\zyzm\Runtime\Cache\Admin\fd2b3db3d8a45fa3e6ed1d5571bd3739.php 第 5 行.
NOTIC: [8] Undefined variable: cate_id B:\zyzm\Runtime\Cache\Admin\fd2b3db3d8a45fa3e6ed1d5571bd3739.php 第 98 行.
NOTIC: [8] Undefined variable: _page B:\zyzm\Runtime\Cache\Admin\fd2b3db3d8a45fa3e6ed1d5571bd3739.php 第 145 行.
INFO: Run Behavior\ParseTemplateBehavior [ RunTime:0.098955s ]
INFO: [ view_parse ] --END-- [ RunTime:0.099223s ]
INFO: [ view_filter ] --START--
INFO: Run Behavior\WriteHtmlCacheBehavior [ RunTime:0.000482s ]
INFO: [ view_filter ] --END-- [ RunTime:0.000742s ]
INFO: [ app_end ] --START--
INFO: Run Behavior\ShowPageTraceBehavior [ RunTime:0.003307s ]
INFO: [ app_end ] --END-- [ RunTime:0.003712s ]

[ 2015-07-10T16:18:13+08:00 ] 192.168.0.155 /admin.php?s=/Config/group.html
INFO: [ app_init ] --START--
INFO: Run Behavior\BuildLiteBehavior [ RunTime:0.000055s ]
INFO: Run Common\Behavior\InitHookBehavior [ RunTime:0.002216s ]
INFO: [ app_init ] --END-- [ RunTime:0.003049s ]
INFO: [ app_begin ] --START--
INFO: Run Behavior\ReadHtmlCacheBehavior [ RunTime:0.000798s ]
INFO: [ app_begin ] --END-- [ RunTime:0.001261s ]
SQL: SHOW COLUMNS FROM `jm_menu` [ RunTime:0.0041s ]
SQL: SELECT `id`,`title`,`url` FROM `jm_menu` WHERE `pid` = 0 AND `hide` = 0 ORDER BY sort asc  [ RunTime:0.0008s ]
SQL: SELECT `pid` FROM `jm_menu` WHERE ( pid !=0 AND url like '%Config/group%' ) LIMIT 1   [ RunTime:0.0015s ]
SQL: SELECT * FROM `jm_menu` WHERE `id` = 68 LIMIT 1   [ RunTime:0.0028s ]
SQL: SELECT DISTINCT  `group` FROM `jm_menu` WHERE `group` <> '' AND `pid` = 68  [ RunTime:0.0008s ]
SQL: SELECT `id`,`url` FROM `jm_menu` WHERE `pid` = 68 AND `hide` = 0  [ RunTime:0.0006s ]
SQL: SELECT `id`,`pid`,`title`,`url`,`tip` FROM `jm_menu` WHERE `group` = '系统设置' AND `pid` = 68 AND `hide` = 0 ORDER BY sort asc  [ RunTime:0.0006s ]
SQL: SELECT `id`,`pid`,`title`,`url`,`tip` FROM `jm_menu` WHERE `group` = '数据备份' AND `pid` = 68 AND `hide` = 0 ORDER BY sort asc  [ RunTime:0.0005s ]
SQL: SHOW COLUMNS FROM `jm_config` [ RunTime:0.0062s ]
SQL: SELECT `id`,`name`,`title`,`extra`,`value`,`remark`,`type` FROM `jm_config` WHERE `status` = 1 AND `group` = 1 ORDER BY sort  [ RunTime:0.0076s ]
INFO: [ view_parse ] --START--
INFO: [ template_filter ] --START--
INFO: Run Behavior\ContentReplaceBehavior [ RunTime:0.000219s ]
INFO: [ template_filter ] --END-- [ RunTime:0.000389s ]
INFO: Run Behavior\ParseTemplateBehavior [ RunTime:0.083957s ]
INFO: [ view_parse ] --END-- [ RunTime:0.084410s ]
INFO: [ view_filter ] --START--
INFO: Run Behavior\WriteHtmlCacheBehavior [ RunTime:0.000383s ]
INFO: [ view_filter ] --END-- [ RunTime:0.000610s ]
INFO: [ app_end ] --START--
INFO: Run Behavior\ShowPageTraceBehavior [ RunTime:0.001023s ]
INFO: [ app_end ] --END-- [ RunTime:0.001256s ]

[ 2015-07-10T16:18:16+08:00 ] 192.168.0.155 /admin.php?s=/Menu/index.html
INFO: [ app_init ] --START--
INFO: Run Behavior\BuildLiteBehavior [ RunTime:0.000030s ]
INFO: Run Common\Behavior\InitHookBehavior [ RunTime:0.001612s ]
INFO: [ app_init ] --END-- [ RunTime:0.002192s ]
INFO: [ app_begin ] --START--
INFO: Run Behavior\ReadHtmlCacheBehavior [ RunTime:0.000468s ]
INFO: [ app_begin ] --END-- [ RunTime:0.000610s ]
SQL: SHOW COLUMNS FROM `jm_menu` [ RunTime:0.0055s ]
SQL: SELECT `id`,`title`,`url` FROM `jm_menu` WHERE `pid` = 0 AND `hide` = 0 ORDER BY sort asc  [ RunTime:0.0007s ]
SQL: SELECT `pid` FROM `jm_menu` WHERE ( pid !=0 AND url like '%Menu/index%' ) LIMIT 1   [ RunTime:0.0012s ]
SQL: SELECT * FROM `jm_menu` WHERE `id` = 68 LIMIT 1   [ RunTime:0.0024s ]
SQL: SELECT DISTINCT  `group` FROM `jm_menu` WHERE `group` <> '' AND `pid` = 68  [ RunTime:0.0006s ]
SQL: SELECT `id`,`url` FROM `jm_menu` WHERE `pid` = 68 AND `hide` = 0  [ RunTime:0.0004s ]
SQL: SELECT `id`,`pid`,`title`,`url`,`tip` FROM `jm_menu` WHERE `group` = '系统设置' AND `pid` = 68 AND `hide` = 0 ORDER BY sort asc  [ RunTime:0.0005s ]
SQL: SELECT `id`,`pid`,`title`,`url`,`tip` FROM `jm_menu` WHERE `group` = '数据备份' AND `pid` = 68 AND `hide` = 0 ORDER BY sort asc  [ RunTime:0.0005s ]
SQL: SELECT `id`,`title` FROM `jm_menu`  [ RunTime:0.0018s ]
SQL: SELECT `id`,`title`,`pid`,`sort`,`url`,`hide`,`tip`,`group`,`is_dev`,`status` FROM `jm_menu` WHERE `pid` = 0 ORDER BY sort asc,id asc  [ RunTime:0.0040s ]
INFO: [ view_parse ] --START--
INFO: [ template_filter ] --START--
INFO: Run Behavior\ContentReplaceBehavior [ RunTime:0.000279s ]
INFO: [ template_filter ] --END-- [ RunTime:0.000491s ]
INFO: Run Behavior\ParseTemplateBehavior [ RunTime:0.072972s ]
INFO: [ view_parse ] --END-- [ RunTime:0.073129s ]
INFO: [ view_filter ] --START--
INFO: Run Behavior\WriteHtmlCacheBehavior [ RunTime:0.000347s ]
INFO: [ view_filter ] --END-- [ RunTime:0.000478s ]
INFO: [ app_end ] --START--
INFO: Run Behavior\ShowPageTraceBehavior [ RunTime:0.000773s ]
INFO: [ app_end ] --END-- [ RunTime:0.001013s ]

[ 2015-07-10T16:18:18+08:00 ] 192.168.0.155 /admin.php?s=/Channel/index.html
INFO: [ app_init ] --START--
INFO: Run Behavior\BuildLiteBehavior [ RunTime:0.000030s ]
INFO: Run Common\Behavior\InitHookBehavior [ RunTime:0.001600s ]
INFO: [ app_init ] --END-- [ RunTime:0.002155s ]
INFO: [ app_begin ] --START--
INFO: Run Behavior\ReadHtmlCacheBehavior [ RunTime:0.000758s ]
INFO: [ app_begin ] --END-- [ RunTime:0.000952s ]
SQL: SHOW COLUMNS FROM `jm_menu` [ RunTime:0.0160s ]
SQL: SELECT `id`,`title`,`url` FROM `jm_menu` WHERE `pid` = 0 AND `hide` = 0 ORDER BY sort asc  [ RunTime:0.0006s ]
SQL: SELECT `pid` FROM `jm_menu` WHERE ( pid !=0 AND url like '%Channel/index%' ) LIMIT 1   [ RunTime:0.0012s ]
SQL: SELECT * FROM `jm_menu` WHERE `id` = 68 LIMIT 1   [ RunTime:0.0006s ]
SQL: SELECT DISTINCT  `group` FROM `jm_menu` WHERE `group` <> '' AND `pid` = 68  [ RunTime:0.0006s ]
SQL: SELECT `id`,`url` FROM `jm_menu` WHERE `pid` = 68 AND `hide` = 0  [ RunTime:0.0014s ]
SQL: SELECT `id`,`pid`,`title`,`url`,`tip` FROM `jm_menu` WHERE `group` = '系统设置' AND `pid` = 68 AND `hide` = 0 ORDER BY sort asc  [ RunTime:0.0006s ]
SQL: SELECT `id`,`pid`,`title`,`url`,`tip` FROM `jm_menu` WHERE `group` = '数据备份' AND `pid` = 68 AND `hide` = 0 ORDER BY sort asc  [ RunTime:0.0005s ]
SQL: SHOW COLUMNS FROM `jm_channel` [ RunTime:0.0553s ]
SQL: SELECT * FROM `jm_channel` WHERE `status` > -1 AND `pid` = 0 ORDER BY sort asc,id asc  [ RunTime:0.0010s ]
INFO: [ view_parse ] --START--
INFO: [ template_filter ] --START--
INFO: Run Behavior\ContentReplaceBehavior [ RunTime:0.000225s ]
INFO: [ template_filter ] --END-- [ RunTime:0.000382s ]
INFO: Run Behavior\ParseTemplateBehavior [ RunTime:0.093815s ]
INFO: [ view_parse ] --END-- [ RunTime:0.093984s ]
INFO: [ view_filter ] --START--
INFO: Run Behavior\WriteHtmlCacheBehavior [ RunTime:0.000432s ]
INFO: [ view_filter ] --END-- [ RunTime:0.000567s ]
INFO: [ app_end ] --START--
INFO: Run Behavior\ShowPageTraceBehavior [ RunTime:0.000813s ]
INFO: [ app_end ] --END-- [ RunTime:0.001088s ]

[ 2015-07-10T17:01:43+08:00 ] 192.168.0.155 /admin.php?s=/Infomation/index.html
INFO: [ app_init ] --START--
INFO: Run Behavior\BuildLiteBehavior [ RunTime:0.000030s ]
INFO: Run Common\Behavior\InitHookBehavior [ RunTime:0.002066s ]
INFO: [ app_init ] --END-- [ RunTime:0.002645s ]
INFO: [ app_begin ] --START--
INFO: Run Behavior\ReadHtmlCacheBehavior [ RunTime:0.002224s ]
INFO: [ app_begin ] --END-- [ RunTime:0.002631s ]

[ 2015-07-10T17:01:43+08:00 ] 192.168.0.155 /admin.php?s=/Public/login.html
INFO: [ app_init ] --START--
INFO: Run Behavior\BuildLiteBehavior [ RunTime:0.000050s ]
INFO: Run Common\Behavior\InitHookBehavior [ RunTime:0.004426s ]
INFO: [ app_init ] --END-- [ RunTime:0.005163s ]
INFO: [ app_begin ] --START--
INFO: Run Behavior\ReadHtmlCacheBehavior [ RunTime:0.000691s ]
INFO: [ app_begin ] --END-- [ RunTime:0.000909s ]
INFO: [ view_parse ] --START--
INFO: [ template_filter ] --START--
INFO: Run Behavior\ContentReplaceBehavior [ RunTime:0.000221s ]
INFO: [ template_filter ] --END-- [ RunTime:0.000496s ]
INFO: Run Behavior\ParseTemplateBehavior [ RunTime:0.013325s ]
INFO: [ view_parse ] --END-- [ RunTime:0.013572s ]
INFO: [ view_filter ] --START--
INFO: Run Behavior\WriteHtmlCacheBehavior [ RunTime:0.000537s ]
INFO: [ view_filter ] --END-- [ RunTime:0.000771s ]
INFO: [ app_end ] --START--
INFO: Run Behavior\ShowPageTraceBehavior [ RunTime:0.000887s ]
INFO: [ app_end ] --END-- [ RunTime:0.001123s ]

[ 2015-07-10T17:01:43+08:00 ] 192.168.0.155 /admin.php?s=/Public/verify.html
INFO: [ app_init ] --START--
INFO: Run Behavior\BuildLiteBehavior [ RunTime:0.000049s ]
INFO: Run Common\Behavior\InitHookBehavior [ RunTime:0.003278s ]
INFO: [ app_init ] --END-- [ RunTime:0.004202s ]
INFO: [ app_begin ] --START--
INFO: Run Behavior\ReadHtmlCacheBehavior [ RunTime:0.001045s ]
INFO: [ app_begin ] --END-- [ RunTime:0.001318s ]
INFO: [ app_end ] --START--
INFO: Run Behavior\ShowPageTraceBehavior [ RunTime:0.001001s ]
INFO: [ app_end ] --END-- [ RunTime:0.001266s ]

[ 2015-07-10T17:03:51+08:00 ] 192.168.0.155 /admin.php?s=/Public/login.html
INFO: [ app_init ] --START--
INFO: Run Behavior\BuildLiteBehavior [ RunTime:0.000029s ]
INFO: Run Common\Behavior\InitHookBehavior [ RunTime:0.002544s ]
INFO: [ app_init ] --END-- [ RunTime:0.003178s ]
INFO: [ app_begin ] --START--
INFO: Run Behavior\ReadHtmlCacheBehavior [ RunTime:0.000604s ]
INFO: [ app_begin ] --END-- [ RunTime:0.000764s ]

[ 2015-07-10T17:03:51+08:00 ] 192.168.0.155 /admin.php?s=/Public/verify.html&random=0.8094337044749409
INFO: [ app_init ] --START--
INFO: Run Behavior\BuildLiteBehavior [ RunTime:0.000050s ]
INFO: Run Common\Behavior\InitHookBehavior [ RunTime:0.001806s ]
INFO: [ app_init ] --END-- [ RunTime:0.002616s ]
INFO: [ app_begin ] --START--
INFO: Run Behavior\ReadHtmlCacheBehavior [ RunTime:0.000468s ]
INFO: [ app_begin ] --END-- [ RunTime:0.000609s ]
INFO: [ app_end ] --START--
INFO: Run Behavior\ShowPageTraceBehavior [ RunTime:0.000680s ]
INFO: [ app_end ] --END-- [ RunTime:0.000835s ]

[ 2015-07-10T17:03:55+08:00 ] 192.168.0.155 /admin.php?s=/Public/verify.html&random=0.21319657191634178
INFO: [ app_init ] --START--
INFO: Run Behavior\BuildLiteBehavior [ RunTime:0.000029s ]
INFO: Run Common\Behavior\InitHookBehavior [ RunTime:0.002255s ]
INFO: [ app_init ] --END-- [ RunTime:0.002800s ]
INFO: [ app_begin ] --START--
INFO: Run Behavior\ReadHtmlCacheBehavior [ RunTime:0.000467s ]
INFO: [ app_begin ] --END-- [ RunTime:0.000610s ]
INFO: [ app_end ] --START--
INFO: Run Behavior\ShowPageTraceBehavior [ RunTime:0.000562s ]
INFO: [ app_end ] --END-- [ RunTime:0.000719s ]

[ 2015-07-10T17:03:59+08:00 ] 192.168.0.155 /admin.php?s=/Public/login.html
INFO: [ app_init ] --START--
INFO: Run Behavior\BuildLiteBehavior [ RunTime:0.000052s ]
INFO: Run Common\Behavior\InitHookBehavior [ RunTime:0.004867s ]
INFO: [ app_init ] --END-- [ RunTime:0.005902s ]
INFO: [ app_begin ] --START--
INFO: Run Behavior\ReadHtmlCacheBehavior [ RunTime:0.000603s ]
INFO: [ app_begin ] --END-- [ RunTime:0.000795s ]
NOTIC: [8] Undefined index: lite B:\zyzm\ThinkPHP\Library\Think\Db.class.php 第 37 行.
SQL: SHOW COLUMNS FROM `jm_member` [ RunTime:0.0120s ]
SQL: SELECT `uid`,`oid`,`position`,`real_name`,`nickname`,`sex`,`birthday`,`qq`,`score`,`login`,`reg_ip`,`reg_time`,`last_login_ip`,`last_login_time`,`status` FROM `jm_member` WHERE `uid` = 1 LIMIT 1   [ RunTime:0.0006s ]
SQL: SHOW COLUMNS FROM `jm_action` [ RunTime:0.0068s ]
SQL: SELECT * FROM `jm_action` WHERE `name` = 'user_login' LIMIT 1   [ RunTime:0.0006s ]
SQL: SHOW COLUMNS FROM `jm_action_log` [ RunTime:0.0039s ]
SQL: INSERT INTO `jm_action_log` (`action_id`,`user_id`,`action_ip`,`model`,`record_id`,`create_time`,`remark`) VALUES ('1','1','-1062731621','member','1','1436519039','admin在2015-07-10 17:03登录了后台') [ RunTime:0.0005s ]
SQL: SELECT * FROM `jm_action` WHERE `name` = 'user_login' LIMIT 1   [ RunTime:0.0005s ]
NOTIC: [8] Undefined offset: 1 B:\zyzm\Application\Common\Common\function.php 第 716 行.
NOTIC: [2] array_key_exists() expects parameter 2 to be array, null given B:\zyzm\Application\Common\Common\function.php 第 716 行.
SQL: SELECT COUNT(*) AS tp_count FROM `jm_action_log` WHERE `action_id` = 1 AND `user_id` = 1 AND `create_time` > 1436432639 LIMIT 1   [ RunTime:0.0007s ]
SQL: UPDATE `jm_member` SET `login`=`login`+1,`last_login_time`='1436519039',`last_login_ip`='3232235675' WHERE `uid` = 1 [ RunTime:0.0006s ]

[ 2015-07-10T17:04:00+08:00 ] 192.168.0.155 /admin.php?s=/Index/index.html
INFO: [ app_init ] --START--
INFO: Run Behavior\BuildLiteBehavior [ RunTime:0.000030s ]
INFO: Run Common\Behavior\InitHookBehavior [ RunTime:0.003040s ]
INFO: [ app_init ] --END-- [ RunTime:0.003609s ]
INFO: [ app_begin ] --START--
INFO: Run Behavior\ReadHtmlCacheBehavior [ RunTime:0.000472s ]
INFO: [ app_begin ] --END-- [ RunTime:0.000652s ]
SQL: SHOW COLUMNS FROM `jm_menu` [ RunTime:0.0058s ]
SQL: SELECT `id`,`title`,`url` FROM `jm_menu` WHERE `pid` = 0 AND `hide` = 0 ORDER BY sort asc  [ RunTime:0.0007s ]
SQL: SELECT `pid` FROM `jm_menu` WHERE ( pid !=0 AND url like '%Index/index%' ) LIMIT 1   [ RunTime:0.0028s ]
INFO: [ view_parse ] --START--
INFO: [ template_filter ] --START--
INFO: Run Behavior\ContentReplaceBehavior [ RunTime:0.000251s ]
INFO: [ template_filter ] --END-- [ RunTime:0.000441s ]
INFO: [ AdminIndex ] --START--
SQL: SHOW COLUMNS FROM `jm_addons` [ RunTime:0.0043s ]
SQL: SELECT `config` FROM `jm_addons` WHERE `name` = 'SiteStat' AND `status` = 1 LIMIT 1   [ RunTime:0.0004s ]
SQL: SHOW COLUMNS FROM `jm_member` [ RunTime:0.0042s ]
SQL: SELECT COUNT(*) AS tp_count FROM `jm_member` LIMIT 1   [ RunTime:0.0004s ]
SQL: SHOW COLUMNS FROM `jm_action_log` [ RunTime:0.0076s ]
SQL: SELECT COUNT(*) AS tp_count FROM `jm_action_log` LIMIT 1   [ RunTime:0.0003s ]
SQL: SHOW COLUMNS FROM `jm_document` [ RunTime:0.0047s ]
SQL: SELECT COUNT(*) AS tp_count FROM `jm_document` LIMIT 1   [ RunTime:0.0010s ]
SQL: SHOW COLUMNS FROM `jm_category` [ RunTime:0.0046s ]
SQL: SELECT COUNT(*) AS tp_count FROM `jm_category` LIMIT 1   [ RunTime:0.0003s ]
SQL: SHOW COLUMNS FROM `jm_model` [ RunTime:0.0060s ]
SQL: SELECT COUNT(*) AS tp_count FROM `jm_model` LIMIT 1   [ RunTime:0.0003s ]
INFO: [ view_parse ] --START--
INFO: [ template_filter ] --START--
INFO: Run Behavior\ContentReplaceBehavior [ RunTime:0.000132s ]
INFO: [ template_filter ] --END-- [ RunTime:-0.051200s ]
INFO: Run Behavior\ParseTemplateBehavior [ RunTime:0.006881s ]
INFO: [ view_parse ] --END-- [ RunTime:0.007097s ]
INFO: [ view_filter ] --START--
INFO: Run Behavior\WriteHtmlCacheBehavior [ RunTime:0.000433s ]
INFO: [ view_filter ] --END-- [ RunTime:0.000604s ]
INFO: Run Addons\SiteStat\SiteStatAddon [ RunTime:0.050305s ]
SQL: SELECT `config` FROM `jm_addons` WHERE `name` = 'SystemInfo' AND `status` = 1 LIMIT 1   [ RunTime:0.0005s ]
INFO: [ view_parse ] --START--
INFO: [ template_filter ] --START--
INFO: Run Behavior\ContentReplaceBehavior [ RunTime:0.000091s ]
INFO: [ template_filter ] --END-- [ RunTime:-0.095701s ]
SQL: select version() as v; [ RunTime:0.0004s ]
INFO: Run Behavior\ParseTemplateBehavior [ RunTime:0.005601s ]
INFO: [ view_parse ] --END-- [ RunTime:-0.037345s ]
INFO: [ view_filter ] --START--
INFO: Run Behavior\WriteHtmlCacheBehavior [ RunTime:0.000053s ]
INFO: [ view_filter ] --END-- [ RunTime:-0.042509s ]
INFO: Run Addons\SystemInfo\SystemInfoAddon [ RunTime:0.042776s ]
SQL: SELECT `config` FROM `jm_addons` WHERE `name` = 'DevTeam' AND `status` = 1 LIMIT 1   [ RunTime:0.0005s ]
INFO: [ view_parse ] --START--
INFO: [ template_filter ] --START--
INFO: Run Behavior\ContentReplaceBehavior [ RunTime:0.000172s ]
INFO: [ template_filter ] --END-- [ RunTime:-0.105234s ]
INFO: Run Behavior\ParseTemplateBehavior [ RunTime:0.003490s ]
INFO: [ view_parse ] --END-- [ RunTime:-0.047215s ]
INFO: [ view_filter ] --START--
INFO: Run Behavior\WriteHtmlCacheBehavior [ RunTime:0.000035s ]
INFO: [ view_filter ] --END-- [ RunTime:-0.050179s ]
INFO: Run Addons\DevTeam\DevTeamAddon [ RunTime:0.007330s ]
INFO: [ AdminIndex ] --END-- [ RunTime:0.100759s ]
INFO: Run Behavior\ParseTemplateBehavior [ RunTime:0.004065s ]
INFO: [ view_parse ] --END-- [ RunTime:-0.047215s ]
INFO: [ view_filter ] --START--
INFO: Run Behavior\WriteHtmlCacheBehavior [ RunTime:0.000031s ]
INFO: [ view_filter ] --END-- [ RunTime:-0.050744s ]
INFO: [ app_end ] --START--
INFO: Run Behavior\ShowPageTraceBehavior [ RunTime:0.000708s ]
INFO: [ app_end ] --END-- [ RunTime:0.000906s ]

[ 2015-07-10T17:04:05+08:00 ] 192.168.0.155 /admin.php?s=/Config/group.html
INFO: [ app_init ] --START--
INFO: Run Behavior\BuildLiteBehavior [ RunTime:0.000031s ]
INFO: Run Common\Behavior\InitHookBehavior [ RunTime:0.002063s ]
INFO: [ app_init ] --END-- [ RunTime:0.002823s ]
INFO: [ app_begin ] --START--
INFO: Run Behavior\ReadHtmlCacheBehavior [ RunTime:0.000577s ]
INFO: [ app_begin ] --END-- [ RunTime:0.000727s ]
SQL: SHOW COLUMNS FROM `jm_menu` [ RunTime:0.0052s ]
SQL: SELECT `id`,`title`,`url` FROM `jm_menu` WHERE `pid` = 0 AND `hide` = 0 ORDER BY sort asc  [ RunTime:0.0006s ]
SQL: SELECT `pid` FROM `jm_menu` WHERE ( pid !=0 AND url like '%Config/group%' ) LIMIT 1   [ RunTime:0.0009s ]
SQL: SELECT * FROM `jm_menu` WHERE `id` = 68 LIMIT 1   [ RunTime:0.0006s ]
SQL: SELECT DISTINCT  `group` FROM `jm_menu` WHERE `group` <> '' AND `pid` = 68  [ RunTime:0.0656s ]
SQL: SELECT `id`,`url` FROM `jm_menu` WHERE `pid` = 68 AND `hide` = 0  [ RunTime:0.0006s ]
SQL: SELECT `id`,`pid`,`title`,`url`,`tip` FROM `jm_menu` WHERE `group` = '系统设置' AND `pid` = 68 AND `hide` = 0 ORDER BY sort asc  [ RunTime:0.0006s ]
SQL: SELECT `id`,`pid`,`title`,`url`,`tip` FROM `jm_menu` WHERE `group` = '数据备份' AND `pid` = 68 AND `hide` = 0 ORDER BY sort asc  [ RunTime:0.0006s ]
SQL: SHOW COLUMNS FROM `jm_config` [ RunTime:0.0055s ]
SQL: SELECT `id`,`name`,`title`,`extra`,`value`,`remark`,`type` FROM `jm_config` WHERE `status` = 1 AND `group` = 1 ORDER BY sort  [ RunTime:0.0011s ]
INFO: [ view_parse ] --START--
INFO: [ template_filter ] --START--
INFO: Run Behavior\ContentReplaceBehavior [ RunTime:0.000342s ]
INFO: [ template_filter ] --END-- [ RunTime:0.000574s ]
INFO: Run Behavior\ParseTemplateBehavior [ RunTime:0.038643s ]
INFO: [ view_parse ] --END-- [ RunTime:0.038876s ]
INFO: [ view_filter ] --START--
INFO: Run Behavior\WriteHtmlCacheBehavior [ RunTime:0.000455s ]
INFO: [ view_filter ] --END-- [ RunTime:0.000587s ]
INFO: [ app_end ] --START--
INFO: Run Behavior\ShowPageTraceBehavior [ RunTime:0.000884s ]
INFO: [ app_end ] --END-- [ RunTime:0.001117s ]

[ 2015-07-10T17:04:06+08:00 ] 192.168.0.155 /admin.php?s=/Infomation/index.html
INFO: [ app_init ] --START--
INFO: Run Behavior\BuildLiteBehavior [ RunTime:0.000033s ]
INFO: Run Common\Behavior\InitHookBehavior [ RunTime:0.001629s ]
INFO: [ app_init ] --END-- [ RunTime:0.002376s ]
INFO: [ app_begin ] --START--
INFO: Run Behavior\ReadHtmlCacheBehavior [ RunTime:0.000630s ]
INFO: [ app_begin ] --END-- [ RunTime:0.000810s ]
SQL: SHOW COLUMNS FROM `jm_menu` [ RunTime:0.0044s ]
SQL: SELECT `id`,`title`,`url` FROM `jm_menu` WHERE `pid` = 0 AND `hide` = 0 ORDER BY sort asc  [ RunTime:0.0006s ]
SQL: SELECT `pid` FROM `jm_menu` WHERE ( pid !=0 AND url like '%Infomation/index%' ) LIMIT 1   [ RunTime:0.0016s ]
SQL: SELECT * FROM `jm_menu` WHERE `id` = 186 LIMIT 1   [ RunTime:0.0010s ]
SQL: SELECT DISTINCT  `group` FROM `jm_menu` WHERE `group` <> '' AND `pid` = 186  [ RunTime:0.0006s ]
SQL: SELECT `id`,`url` FROM `jm_menu` WHERE `pid` = 186 AND `hide` = 0  [ RunTime:0.0005s ]
SQL: SELECT `id`,`pid`,`title`,`url`,`tip` FROM `jm_menu` WHERE `group` = '文案管理' AND `pid` = 186 AND `hide` = 0 ORDER BY sort asc  [ RunTime:0.0008s ]
SQL: SELECT `id`,`pid`,`title`,`url`,`tip` FROM `jm_menu` WHERE `group` = '协议管理' AND `pid` = 186 AND `hide` = 0 ORDER BY sort asc  [ RunTime:0.0005s ]
SQL: SELECT `id`,`pid`,`title`,`url`,`tip` FROM `jm_menu` WHERE `group` = '短信服务' AND `pid` = 186 AND `hide` = 0 ORDER BY sort asc  [ RunTime:0.0004s ]
SQL: SELECT `id`,`pid`,`title`,`url`,`tip` FROM `jm_menu` WHERE `group` = '第三方平台' AND `pid` = 186 AND `hide` = 0 ORDER BY sort asc  [ RunTime:0.0004s ]
SQL: SHOW COLUMNS FROM `jm_infomation` [ RunTime:0.0040s ]
SQL: SELECT * FROM `jm_infomation` ORDER BY status desc,level desc,id desc  [ RunTime:0.0006s ]
INFO: [ view_parse ] --START--
INFO: [ template_filter ] --START--
INFO: Run Behavior\ContentReplaceBehavior [ RunTime:0.000354s ]
INFO: [ template_filter ] --END-- [ RunTime:0.000577s ]
NOTIC: [8] Undefined variable: meta_title B:\zyzm\Runtime\Cache\Admin\fd2b3db3d8a45fa3e6ed1d5571bd3739.php 第 5 行.
NOTIC: [8] Undefined variable: cate_id B:\zyzm\Runtime\Cache\Admin\fd2b3db3d8a45fa3e6ed1d5571bd3739.php 第 98 行.
NOTIC: [8] Undefined variable: _page B:\zyzm\Runtime\Cache\Admin\fd2b3db3d8a45fa3e6ed1d5571bd3739.php 第 145 行.
INFO: Run Behavior\ParseTemplateBehavior [ RunTime:0.043325s ]
INFO: [ view_parse ] --END-- [ RunTime:0.043473s ]
INFO: [ view_filter ] --START--
INFO: Run Behavior\WriteHtmlCacheBehavior [ RunTime:0.000364s ]
INFO: [ view_filter ] --END-- [ RunTime:0.000495s ]
INFO: [ app_end ] --START--
INFO: Run Behavior\ShowPageTraceBehavior [ RunTime:0.000797s ]
INFO: [ app_end ] --END-- [ RunTime:0.001032s ]

[ 2015-07-10T17:04:08+08:00 ] 192.168.0.155 /admin.php?s=/Account/index.html
INFO: [ app_init ] --START--
INFO: Run Behavior\BuildLiteBehavior [ RunTime:0.000045s ]
INFO: Run Common\Behavior\InitHookBehavior [ RunTime:0.002537s ]
INFO: [ app_init ] --END-- [ RunTime:0.003260s ]
INFO: [ app_begin ] --START--
INFO: Run Behavior\ReadHtmlCacheBehavior [ RunTime:0.000498s ]
INFO: [ app_begin ] --END-- [ RunTime:0.000643s ]
SQL: SHOW COLUMNS FROM `jm_menu` [ RunTime:0.0054s ]
SQL: SELECT `id`,`title`,`url` FROM `jm_menu` WHERE `pid` = 0 AND `hide` = 0 ORDER BY sort asc  [ RunTime:0.0008s ]
SQL: SELECT `pid` FROM `jm_menu` WHERE ( pid !=0 AND url like '%Account/index%' ) LIMIT 1   [ RunTime:0.0015s ]
SQL: SELECT * FROM `jm_menu` WHERE `id` = 141 LIMIT 1   [ RunTime:0.0005s ]
SQL: SELECT DISTINCT  `group` FROM `jm_menu` WHERE `group` <> '' AND `pid` = 141  [ RunTime:0.0006s ]
SQL: SELECT `id`,`url` FROM `jm_menu` WHERE `pid` = 141 AND `hide` = 0  [ RunTime:0.0004s ]
SQL: SELECT `id`,`pid`,`title`,`url`,`tip` FROM `jm_menu` WHERE `group` = '账户管理' AND `pid` = 141 AND `hide` = 0 ORDER BY sort asc  [ RunTime:0.0005s ]
SQL: SHOW COLUMNS FROM `jm_account_user` [ RunTime:0.0758s ]
SQL: SHOW COLUMNS FROM `jm_users_detail` [ RunTime:0.0451s ]
SQL: SELECT au.id AS id,au.uid AS uid,au.balance AS balance,au.use_able AS use_able,au.create_time AS create_time,u.name AS name,u.phone AS phone FROM jm_account_user au LEFT JOIN jm_users_detail u ON u.id=au.uid WHERE u.name LIKE '%%'  [ RunTime:0.0263s ]
INFO: [ view_parse ] --START--
INFO: [ template_filter ] --START--
INFO: Run Behavior\ContentReplaceBehavior [ RunTime:0.000357s ]
INFO: [ template_filter ] --END-- [ RunTime:0.000578s ]
NOTIC: [8] Undefined variable: meta_title B:\zyzm\Runtime\Cache\Admin\c4921982ccba1d7effaada457f8c4abd.php 第 5 行.
NOTIC: [8] Undefined index: state B:\zyzm\Runtime\Cache\Admin\c4921982ccba1d7effaada457f8c4abd.php 第 129 行.
NOTIC: [8] Use of undefined constant uid - assumed 'uid' B:\zyzm\Runtime\Cache\Admin\c4921982ccba1d7effaada457f8c4abd.php 第 130 行.
NOTIC: [8] Undefined index: state B:\zyzm\Runtime\Cache\Admin\c4921982ccba1d7effaada457f8c4abd.php 第 129 行.
NOTIC: [8] Use of undefined constant uid - assumed 'uid' B:\zyzm\Runtime\Cache\Admin\c4921982ccba1d7effaada457f8c4abd.php 第 130 行.
NOTIC: [8] Undefined index: state B:\zyzm\Runtime\Cache\Admin\c4921982ccba1d7effaada457f8c4abd.php 第 129 行.
NOTIC: [8] Use of undefined constant uid - assumed 'uid' B:\zyzm\Runtime\Cache\Admin\c4921982ccba1d7effaada457f8c4abd.php 第 130 行.
NOTIC: [8] Undefined variable: _page B:\zyzm\Runtime\Cache\Admin\c4921982ccba1d7effaada457f8c4abd.php 第 138 行.
INFO: Run Behavior\ParseTemplateBehavior [ RunTime:0.082931s ]
INFO: [ view_parse ] --END-- [ RunTime:0.083092s ]
INFO: [ view_filter ] --START--
INFO: Run Behavior\WriteHtmlCacheBehavior [ RunTime:0.000324s ]
INFO: [ view_filter ] --END-- [ RunTime:0.000451s ]
INFO: [ app_end ] --START--
INFO: Run Behavior\ShowPageTraceBehavior [ RunTime:0.000779s ]
INFO: [ app_end ] --END-- [ RunTime:0.001024s ]

[ 2015-07-10T17:04:09+08:00 ] 192.168.0.155 /admin.php?s=/Stock/index.html
INFO: [ app_init ] --START--
INFO: Run Behavior\BuildLiteBehavior [ RunTime:0.000045s ]
INFO: Run Common\Behavior\InitHookBehavior [ RunTime:0.001579s ]
INFO: [ app_init ] --END-- [ RunTime:0.002306s ]
INFO: [ app_begin ] --START--
INFO: Run Behavior\ReadHtmlCacheBehavior [ RunTime:0.000474s ]
INFO: [ app_begin ] --END-- [ RunTime:0.000614s ]
SQL: SHOW COLUMNS FROM `jm_menu` [ RunTime:0.0059s ]
SQL: SELECT `id`,`title`,`url` FROM `jm_menu` WHERE `pid` = 0 AND `hide` = 0 ORDER BY sort asc  [ RunTime:0.0007s ]
SQL: SELECT `pid` FROM `jm_menu` WHERE ( pid !=0 AND url like '%Stock/index%' ) LIMIT 1   [ RunTime:0.0023s ]
SQL: SELECT * FROM `jm_menu` WHERE `id` = 204 LIMIT 1   [ RunTime:0.0004s ]
SQL: SELECT DISTINCT  `group` FROM `jm_menu` WHERE `group` <> '' AND `pid` = 204  [ RunTime:0.0006s ]
SQL: SELECT `id`,`url` FROM `jm_menu` WHERE `pid` = 204 AND `hide` = 0  [ RunTime:0.0005s ]
SQL: SELECT `id`,`pid`,`title`,`url`,`tip` FROM `jm_menu` WHERE `group` = '股票基金' AND `pid` = 204 AND `hide` = 0 ORDER BY sort asc  [ RunTime:0.0004s ]
SQL: SHOW COLUMNS FROM `jm_stock` [ RunTime:0.0055s ]
SQL: SELECT * FROM `jm_stock` WHERE `status` >= 0  [ RunTime:0.0009s ]
NOTIC: [2] Invalid argument supplied for foreach() B:\zyzm\Application\Admin\Controller\StockController.class.php 第 11 行.
INFO: [ view_parse ] --START--
INFO: [ template_filter ] --START--
INFO: Run Behavior\ContentReplaceBehavior [ RunTime:0.000222s ]
INFO: [ template_filter ] --END-- [ RunTime:0.000363s ]
NOTIC: [8] Undefined variable: meta_title B:\zyzm\Runtime\Cache\Admin\a311e68862881e4d28d02eeef18b8907.php 第 5 行.
NOTIC: [8] Undefined variable: _page B:\zyzm\Runtime\Cache\Admin\a311e68862881e4d28d02eeef18b8907.php 第 159 行.
INFO: Run Behavior\ParseTemplateBehavior [ RunTime:0.081655s ]
INFO: [ view_parse ] --END-- [ RunTime:0.081856s ]
INFO: [ view_filter ] --START--
INFO: Run Behavior\WriteHtmlCacheBehavior [ RunTime:0.000507s ]
INFO: [ view_filter ] --END-- [ RunTime:0.000706s ]
INFO: [ app_end ] --START--
INFO: Run Behavior\ShowPageTraceBehavior [ RunTime:0.000808s ]
INFO: [ app_end ] --END-- [ RunTime:0.001050s ]

[ 2015-07-10T17:04:10+08:00 ] 192.168.0.155 /admin.php?s=/Product/index.html
INFO: [ app_init ] --START--
INFO: Run Behavior\BuildLiteBehavior [ RunTime:0.000051s ]
INFO: Run Common\Behavior\InitHookBehavior [ RunTime:0.002707s ]
INFO: [ app_init ] --END-- [ RunTime:0.003569s ]
INFO: [ app_begin ] --START--
INFO: Run Behavior\ReadHtmlCacheBehavior [ RunTime:0.001501s ]
INFO: [ app_begin ] --END-- [ RunTime:0.001684s ]
SQL: SHOW COLUMNS FROM `jm_menu` [ RunTime:0.0061s ]
SQL: SELECT `id`,`title`,`url` FROM `jm_menu` WHERE `pid` = 0 AND `hide` = 0 ORDER BY sort asc  [ RunTime:0.0007s ]
SQL: SELECT `pid` FROM `jm_menu` WHERE ( pid !=0 AND url like '%Product/index%' ) LIMIT 1   [ RunTime:0.0024s ]
SQL: SELECT * FROM `jm_menu` WHERE `id` = 213 LIMIT 1   [ RunTime:0.0006s ]
SQL: SELECT DISTINCT  `group` FROM `jm_menu` WHERE `group` <> '' AND `pid` = 213  [ RunTime:0.0019s ]
SQL: SELECT `id`,`url` FROM `jm_menu` WHERE `pid` = 213 AND `hide` = 0  [ RunTime:0.0006s ]
SQL: SELECT `id`,`pid`,`title`,`url`,`tip` FROM `jm_menu` WHERE `group` = '实物项目' AND `pid` = 213 AND `hide` = 0 ORDER BY sort asc  [ RunTime:0.0005s ]
SQL: SHOW COLUMNS FROM `jm_product` [ RunTime:0.0047s ]
SQL: SELECT * FROM `jm_product` ORDER BY update_time desc LIMIT 0,10   [ RunTime:0.0007s ]
SQL: SELECT COUNT(*) AS tp_count FROM `jm_product` LIMIT 1   [ RunTime:0.0003s ]
INFO: [ view_parse ] --START--
INFO: [ template_filter ] --START--
INFO: Run Behavior\ContentReplaceBehavior [ RunTime:0.000220s ]
INFO: [ template_filter ] --END-- [ RunTime:0.000370s ]
NOTIC: [8] Undefined variable: meta_title B:\zyzm\Runtime\Cache\Admin\34e4b095905075aaede5ee9039415509.php 第 5 行.
INFO: Run Behavior\ParseTemplateBehavior [ RunTime:0.049979s ]
INFO: [ view_parse ] --END-- [ RunTime:0.050145s ]
INFO: [ view_filter ] --START--
INFO: Run Behavior\WriteHtmlCacheBehavior [ RunTime:0.000403s ]
INFO: [ view_filter ] --END-- [ RunTime:0.000531s ]
INFO: [ app_end ] --START--
INFO: Run Behavior\ShowPageTraceBehavior [ RunTime:0.001098s ]
INFO: [ app_end ] --END-- [ RunTime:0.001341s ]

[ 2015-07-10T17:04:11+08:00 ] 192.168.0.155 /admin.php?s=/Project/appointed.html
INFO: [ app_init ] --START--
INFO: Run Behavior\BuildLiteBehavior [ RunTime:0.000030s ]
INFO: Run Common\Behavior\InitHookBehavior [ RunTime:0.001583s ]
INFO: [ app_init ] --END-- [ RunTime:0.002105s ]
INFO: [ app_begin ] --START--
INFO: Run Behavior\ReadHtmlCacheBehavior [ RunTime:0.000484s ]
INFO: [ app_begin ] --END-- [ RunTime:0.000624s ]
SQL: SHOW COLUMNS FROM `jm_menu` [ RunTime:0.0048s ]
SQL: SELECT `id`,`title`,`url` FROM `jm_menu` WHERE `pid` = 0 AND `hide` = 0 ORDER BY sort asc  [ RunTime:0.0009s ]
SQL: SELECT `pid` FROM `jm_menu` WHERE ( pid !=0 AND url like '%Project/appointed%' ) LIMIT 1   [ RunTime:0.0011s ]
SQL: SELECT * FROM `jm_menu` WHERE `id` = 124 LIMIT 1   [ RunTime:0.0005s ]
SQL: SELECT DISTINCT  `group` FROM `jm_menu` WHERE `group` <> '' AND `pid` = 124  [ RunTime:0.0007s ]
SQL: SELECT `id`,`url` FROM `jm_menu` WHERE `pid` = 124 AND `hide` = 0  [ RunTime:0.0006s ]
SQL: SELECT `id`,`pid`,`title`,`url`,`tip` FROM `jm_menu` WHERE `group` = '项目管理' AND `pid` = 124 AND `hide` = 0 ORDER BY sort asc  [ RunTime:0.0005s ]
SQL: SELECT `id`,`pid`,`title`,`url`,`tip` FROM `jm_menu` WHERE `group` = '股权项目' AND `pid` = 124 AND `hide` = 0 ORDER BY sort asc  [ RunTime:0.0009s ]
SQL: SHOW COLUMNS FROM `jm_project` [ RunTime:0.0052s ]
SQL: SHOW COLUMNS FROM `jm_ucenter_member` [ RunTime:0.0052s ]
SQL: SHOW COLUMNS FROM `jm_users_detail` [ RunTime:0.0061s ]
SQL: SELECT p.id AS id,p.industry AS industry,p.project_name AS project_name,p.uid AS uid,p.cover AS cover,p.province AS province,p.city AS city,p.create_time AS create_time,p.stage AS stage,p.is_appointed AS is_appointed,p.status AS status,p.oid AS oid,p.mid AS mid,u.username AS username,u.mobile AS mobile,d.name AS name FROM jm_project p LEFT JOIN jm_ucenter_member u ON u.id=p.uid LEFT JOIN jm_users_detail d ON u.id=d.id WHERE p.is_appointed = 0 AND p.status >= 1 ORDER BY p.create_time desc  [ RunTime:0.0022s ]
INFO: [ view_parse ] --START--
INFO: [ template_filter ] --START--
INFO: Run Behavior\ContentReplaceBehavior [ RunTime:0.000208s ]
INFO: [ template_filter ] --END-- [ RunTime:0.000351s ]
NOTIC: [8] Undefined variable: meta_title B:\zyzm\Runtime\Cache\Admin\13a9cd513c7a21979511c4f19423a865.php 第 5 行.
NOTIC: [8] Use of undefined constant city - assumed 'city' B:\zyzm\Runtime\Cache\Admin\13a9cd513c7a21979511c4f19423a865.php 第 113 行.
NOTIC: [8] Undefined variable: _page B:\zyzm\Runtime\Cache\Admin\13a9cd513c7a21979511c4f19423a865.php 第 129 行.
INFO: Run Behavior\ParseTemplateBehavior [ RunTime:0.031268s ]
INFO: [ view_parse ] --END-- [ RunTime:0.031406s ]
INFO: [ view_filter ] --START--
INFO: Run Behavior\WriteHtmlCacheBehavior [ RunTime:0.000308s ]
INFO: [ view_filter ] --END-- [ RunTime:0.000434s ]
INFO: [ app_end ] --START--
INFO: Run Behavior\ShowPageTraceBehavior [ RunTime:0.000721s ]
INFO: [ app_end ] --END-- [ RunTime:0.000961s ]

[ 2015-07-10T17:04:12+08:00 ] 192.168.0.155 /admin.php?s=/User/index.html
INFO: [ app_init ] --START--
INFO: Run Behavior\BuildLiteBehavior [ RunTime:0.000051s ]
INFO: Run Common\Behavior\InitHookBehavior [ RunTime:0.002187s ]
INFO: [ app_init ] --END-- [ RunTime:0.002973s ]
INFO: [ app_begin ] --START--
INFO: Run Behavior\ReadHtmlCacheBehavior [ RunTime:0.000650s ]
INFO: [ app_begin ] --END-- [ RunTime:0.000899s ]
SQL: SHOW COLUMNS FROM `jm_menu` [ RunTime:0.0043s ]
SQL: SELECT `id`,`title`,`url` FROM `jm_menu` WHERE `pid` = 0 AND `hide` = 0 ORDER BY sort asc  [ RunTime:0.0006s ]
SQL: SELECT `pid` FROM `jm_menu` WHERE ( pid !=0 AND url like '%User/index%' ) LIMIT 1   [ RunTime:0.0005s ]
SQL: SELECT * FROM `jm_menu` WHERE `id` = 16 LIMIT 1   [ RunTime:0.0005s ]
SQL: SELECT DISTINCT  `group` FROM `jm_menu` WHERE `group` <> '' AND `pid` = 16  [ RunTime:0.0006s ]
SQL: SELECT `id`,`url` FROM `jm_menu` WHERE `pid` = 16 AND `hide` = 0  [ RunTime:0.0007s ]
SQL: SELECT `id`,`pid`,`title`,`url`,`tip` FROM `jm_menu` WHERE `group` = '用户管理' AND `pid` = 16 AND `hide` = 0 ORDER BY sort asc  [ RunTime:0.0006s ]
SQL: SELECT `id`,`pid`,`title`,`url`,`tip` FROM `jm_menu` WHERE `group` = '行为管理' AND `pid` = 16 AND `hide` = 0 ORDER BY sort asc  [ RunTime:0.0005s ]
SQL: SELECT `id`,`pid`,`title`,`url`,`tip` FROM `jm_menu` WHERE `group` = '会员管理' AND `pid` = 16 AND `hide` = 0 ORDER BY sort asc  [ RunTime:0.0017s ]
SQL: SELECT `id`,`pid`,`title`,`url`,`tip` FROM `jm_menu` WHERE `group` = '机构管理' AND `pid` = 16 AND `hide` = 0 ORDER BY sort asc  [ RunTime:0.0029s ]
SQL: SHOW COLUMNS FROM `jm_member` [ RunTime:0.0048s ]
SQL: SELECT COUNT(*) AS tp_count FROM `jm_member` WHERE `status` >= 0 AND `position` = 3 AND `nickname` LIKE '%%' LIMIT 1   [ RunTime:0.0005s ]
SQL: SELECT `uid`,`oid`,`position`,`real_name`,`nickname`,`sex`,`birthday`,`qq`,`score`,`login`,`reg_ip`,`reg_time`,`last_login_ip`,`last_login_time`,`status` FROM `jm_member` WHERE `status` >= 0 AND `position` = 3 AND `nickname` LIKE '%%' ORDER BY uid desc LIMIT 0,10   [ RunTime:0.0006s ]
INFO: [ view_parse ] --START--
INFO: [ template_filter ] --START--
INFO: Run Behavior\ContentReplaceBehavior [ RunTime:0.000657s ]
INFO: [ template_filter ] --END-- [ RunTime:0.001049s ]
INFO: Run Behavior\ParseTemplateBehavior [ RunTime:0.104717s ]
INFO: [ view_parse ] --END-- [ RunTime:0.104878s ]
INFO: [ view_filter ] --START--
INFO: Run Behavior\WriteHtmlCacheBehavior [ RunTime:0.000327s ]
INFO: [ view_filter ] --END-- [ RunTime:0.001320s ]
INFO: [ app_end ] --START--
INFO: Run Behavior\ShowPageTraceBehavior [ RunTime:0.002282s ]
INFO: [ app_end ] --END-- [ RunTime:0.005968s ]

[ 2015-07-10T17:04:13+08:00 ] 192.168.0.155 /admin.php?s=/Index/index.html
INFO: [ app_init ] --START--
INFO: Run Behavior\BuildLiteBehavior [ RunTime:0.000032s ]
INFO: Run Common\Behavior\InitHookBehavior [ RunTime:0.003199s ]
INFO: [ app_init ] --END-- [ RunTime:0.003870s ]
INFO: [ app_begin ] --START--
INFO: Run Behavior\ReadHtmlCacheBehavior [ RunTime:0.000758s ]
INFO: [ app_begin ] --END-- [ RunTime:0.001019s ]
INFO: [ view_parse ] --START--
INFO: [ template_filter ] --START--
INFO: Run Behavior\ContentReplaceBehavior [ RunTime:0.000276s ]
INFO: [ template_filter ] --END-- [ RunTime:0.000522s ]
INFO: [ AdminIndex ] --START--
SQL: SHOW COLUMNS FROM `jm_addons` [ RunTime:0.0126s ]
SQL: SELECT `config` FROM `jm_addons` WHERE `name` = 'SiteStat' AND `status` = 1 LIMIT 1   [ RunTime:0.0004s ]
SQL: SHOW COLUMNS FROM `jm_member` [ RunTime:0.0046s ]
SQL: SELECT COUNT(*) AS tp_count FROM `jm_member` LIMIT 1   [ RunTime:0.0004s ]
SQL: SHOW COLUMNS FROM `jm_action_log` [ RunTime:0.0059s ]
SQL: SELECT COUNT(*) AS tp_count FROM `jm_action_log` LIMIT 1   [ RunTime:0.0004s ]
SQL: SHOW COLUMNS FROM `jm_document` [ RunTime:0.0041s ]
SQL: SELECT COUNT(*) AS tp_count FROM `jm_document` LIMIT 1   [ RunTime:0.0003s ]
SQL: SHOW COLUMNS FROM `jm_category` [ RunTime:0.0048s ]
SQL: SELECT COUNT(*) AS tp_count FROM `jm_category` LIMIT 1   [ RunTime:0.0003s ]
SQL: SHOW COLUMNS FROM `jm_model` [ RunTime:0.0068s ]
SQL: SELECT COUNT(*) AS tp_count FROM `jm_model` LIMIT 1   [ RunTime:0.0003s ]
INFO: [ view_parse ] --START--
INFO: [ template_filter ] --START--
INFO: Run Behavior\ContentReplaceBehavior [ RunTime:0.000135s ]
INFO: [ template_filter ] --END-- [ RunTime:-0.144362s ]
INFO: Run Behavior\ParseTemplateBehavior [ RunTime:0.005050s ]
INFO: [ view_parse ] --END-- [ RunTime:0.005266s ]
INFO: [ view_filter ] --START--
INFO: Run Behavior\WriteHtmlCacheBehavior [ RunTime:0.000513s ]
INFO: [ view_filter ] --END-- [ RunTime:0.000748s ]
INFO: Run Addons\SiteStat\SiteStatAddon [ RunTime:0.137293s ]
SQL: SELECT `config` FROM `jm_addons` WHERE `name` = 'SystemInfo' AND `status` = 1 LIMIT 1   [ RunTime:0.0005s ]
INFO: [ view_parse ] --START--
INFO: [ template_filter ] --START--
INFO: Run Behavior\ContentReplaceBehavior [ RunTime:0.000180s ]
INFO: [ template_filter ] --END-- [ RunTime:-0.177532s ]
SQL: select version() as v; [ RunTime:0.0004s ]
INFO: Run Behavior\ParseTemplateBehavior [ RunTime:0.006292s ]
INFO: [ view_parse ] --END-- [ RunTime:-0.027655s ]
INFO: [ view_filter ] --START--
INFO: Run Behavior\WriteHtmlCacheBehavior [ RunTime:0.000053s ]
INFO: [ view_filter ] --END-- [ RunTime:-0.033368s ]
INFO: Run Addons\SystemInfo\SystemInfoAddon [ RunTime:0.033473s ]
SQL: SELECT `config` FROM `jm_addons` WHERE `name` = 'DevTeam' AND `status` = 1 LIMIT 1   [ RunTime:0.0006s ]
INFO: [ view_parse ] --START--
INFO: [ template_filter ] --START--
INFO: Run Behavior\ContentReplaceBehavior [ RunTime:0.000089s ]
INFO: [ template_filter ] --END-- [ RunTime:-0.187376s ]
INFO: Run Behavior\ParseTemplateBehavior [ RunTime:0.003789s ]
INFO: [ view_parse ] --END-- [ RunTime:-0.037753s ]
INFO: [ view_filter ] --START--
INFO: Run Behavior\WriteHtmlCacheBehavior [ RunTime:0.000035s ]
INFO: [ view_filter ] --END-- [ RunTime:-0.040920s ]
INFO: Run Addons\DevTeam\DevTeamAddon [ RunTime:0.007295s ]
INFO: [ AdminIndex ] --END-- [ RunTime:0.178451s ]
INFO: Run Behavior\ParseTemplateBehavior [ RunTime:0.004352s ]
INFO: [ view_parse ] --END-- [ RunTime:-0.037753s ]
INFO: [ view_filter ] --START--
INFO: Run Behavior\WriteHtmlCacheBehavior [ RunTime:0.000032s ]
INFO: [ view_filter ] --END-- [ RunTime:-0.041464s ]
INFO: [ app_end ] --START--
INFO: Run Behavior\ShowPageTraceBehavior [ RunTime:0.000713s ]
INFO: [ app_end ] --END-- [ RunTime:0.000922s ]

[ 2015-07-10T17:04:34+08:00 ] 192.168.0.155 /admin.php?s=/Account/index.html
INFO: [ app_init ] --START--
INFO: Run Behavior\BuildLiteBehavior [ RunTime:0.000051s ]
INFO: Run Common\Behavior\InitHookBehavior [ RunTime:0.002417s ]
INFO: [ app_init ] --END-- [ RunTime:0.003945s ]
INFO: [ app_begin ] --START--
INFO: Run Behavior\ReadHtmlCacheBehavior [ RunTime:0.000843s ]
INFO: [ app_begin ] --END-- [ RunTime:0.001124s ]
SQL: SHOW COLUMNS FROM `jm_account_user` [ RunTime:0.0040s ]
SQL: SHOW COLUMNS FROM `jm_users_detail` [ RunTime:0.0048s ]
SQL: SELECT au.id AS id,au.uid AS uid,au.balance AS balance,au.use_able AS use_able,au.create_time AS create_time,u.name AS name,u.phone AS phone FROM jm_account_user au LEFT JOIN jm_users_detail u ON u.id=au.uid WHERE u.name LIKE '%%'  [ RunTime:0.0006s ]
INFO: [ view_parse ] --START--
INFO: [ template_filter ] --START--
INFO: Run Behavior\ContentReplaceBehavior [ RunTime:0.000248s ]
INFO: [ template_filter ] --END-- [ RunTime:0.000418s ]
NOTIC: [8] Undefined variable: meta_title B:\zyzm\Runtime\Cache\Admin\c4921982ccba1d7effaada457f8c4abd.php 第 5 行.
NOTIC: [8] Undefined index: state B:\zyzm\Runtime\Cache\Admin\c4921982ccba1d7effaada457f8c4abd.php 第 129 行.
NOTIC: [8] Use of undefined constant uid - assumed 'uid' B:\zyzm\Runtime\Cache\Admin\c4921982ccba1d7effaada457f8c4abd.php 第 130 行.
NOTIC: [8] Undefined index: state B:\zyzm\Runtime\Cache\Admin\c4921982ccba1d7effaada457f8c4abd.php 第 129 行.
NOTIC: [8] Use of undefined constant uid - assumed 'uid' B:\zyzm\Runtime\Cache\Admin\c4921982ccba1d7effaada457f8c4abd.php 第 130 行.
NOTIC: [8] Undefined index: state B:\zyzm\Runtime\Cache\Admin\c4921982ccba1d7effaada457f8c4abd.php 第 129 行.
NOTIC: [8] Use of undefined constant uid - assumed 'uid' B:\zyzm\Runtime\Cache\Admin\c4921982ccba1d7effaada457f8c4abd.php 第 130 行.
NOTIC: [8] Undefined variable: _page B:\zyzm\Runtime\Cache\Admin\c4921982ccba1d7effaada457f8c4abd.php 第 138 行.
INFO: Run Behavior\ParseTemplateBehavior [ RunTime:0.037516s ]
INFO: [ view_parse ] --END-- [ RunTime:0.037974s ]
INFO: [ view_filter ] --START--
INFO: Run Behavior\WriteHtmlCacheBehavior [ RunTime:0.000343s ]
INFO: [ view_filter ] --END-- [ RunTime:0.000466s ]
INFO: [ app_end ] --START--
INFO: Run Behavior\ShowPageTraceBehavior [ RunTime:0.000744s ]
INFO: [ app_end ] --END-- [ RunTime:0.000975s ]

[ 2015-07-10T17:04:41+08:00 ] 192.168.0.155 /admin.php?s=/Product/index.html
INFO: [ app_init ] --START--
INFO: Run Behavior\BuildLiteBehavior [ RunTime:0.000049s ]
INFO: Run Common\Behavior\InitHookBehavior [ RunTime:0.001589s ]
INFO: [ app_init ] --END-- [ RunTime:0.002187s ]
INFO: [ app_begin ] --START--
INFO: Run Behavior\ReadHtmlCacheBehavior [ RunTime:0.000549s ]
INFO: [ app_begin ] --END-- [ RunTime:0.000707s ]
SQL: SHOW COLUMNS FROM `jm_product` [ RunTime:0.0086s ]
SQL: SELECT * FROM `jm_product` ORDER BY update_time desc LIMIT 0,10   [ RunTime:0.0009s ]
SQL: SELECT COUNT(*) AS tp_count FROM `jm_product` LIMIT 1   [ RunTime:0.0003s ]
INFO: [ view_parse ] --START--
INFO: [ template_filter ] --START--
INFO: Run Behavior\ContentReplaceBehavior [ RunTime:0.000943s ]
INFO: [ template_filter ] --END-- [ RunTime:0.001574s ]
NOTIC: [8] Undefined variable: meta_title B:\zyzm\Runtime\Cache\Admin\34e4b095905075aaede5ee9039415509.php 第 5 行.
INFO: Run Behavior\ParseTemplateBehavior [ RunTime:0.043387s ]
INFO: [ view_parse ] --END-- [ RunTime:0.043548s ]
INFO: [ view_filter ] --START--
INFO: Run Behavior\WriteHtmlCacheBehavior [ RunTime:0.000357s ]
INFO: [ view_filter ] --END-- [ RunTime:0.000498s ]
INFO: [ app_end ] --START--
INFO: Run Behavior\ShowPageTraceBehavior [ RunTime:0.000832s ]
INFO: [ app_end ] --END-- [ RunTime:0.001081s ]

[ 2015-07-10T17:04:43+08:00 ] 192.168.0.155 /admin.php?s=/Product/custom.html
INFO: [ app_init ] --START--
INFO: Run Behavior\BuildLiteBehavior [ RunTime:0.000052s ]
INFO: Run Common\Behavior\InitHookBehavior [ RunTime:0.003094s ]
INFO: [ app_init ] --END-- [ RunTime:0.003927s ]
INFO: [ app_begin ] --START--
INFO: Run Behavior\ReadHtmlCacheBehavior [ RunTime:0.000488s ]
INFO: [ app_begin ] --END-- [ RunTime:0.000636s ]
SQL: SHOW COLUMNS FROM `jm_custom` [ RunTime:0.0045s ]
SQL: SELECT * FROM `jm_custom` ORDER BY update_time desc LIMIT 0,10   [ RunTime:0.0007s ]
SQL: SELECT COUNT(*) AS tp_count FROM `jm_custom` LIMIT 1   [ RunTime:0.0003s ]
INFO: [ view_parse ] --START--
INFO: [ template_filter ] --START--
INFO: Run Behavior\ContentReplaceBehavior [ RunTime:0.000212s ]
INFO: [ template_filter ] --END-- [ RunTime:0.000363s ]
NOTIC: [8] Undefined variable: meta_title B:\zyzm\Runtime\Cache\Admin\825290a5735ffbecb6fc5a5fafb28aa0.php 第 5 行.
INFO: Run Behavior\ParseTemplateBehavior [ RunTime:0.049433s ]
INFO: [ view_parse ] --END-- [ RunTime:0.049638s ]
INFO: [ view_filter ] --START--
INFO: Run Behavior\WriteHtmlCacheBehavior [ RunTime:0.000379s ]
INFO: [ view_filter ] --END-- [ RunTime:0.000590s ]
INFO: [ app_end ] --START--
INFO: Run Behavior\ShowPageTraceBehavior [ RunTime:0.001024s ]
INFO: [ app_end ] --END-- [ RunTime:0.001272s ]

[ 2015-07-10T17:04:44+08:00 ] 192.168.0.155 /admin.php?s=/Project/appointed.html
INFO: [ app_init ] --START--
INFO: Run Behavior\BuildLiteBehavior [ RunTime:0.000030s ]
INFO: Run Common\Behavior\InitHookBehavior [ RunTime:0.001615s ]
INFO: [ app_init ] --END-- [ RunTime:0.002152s ]
INFO: [ app_begin ] --START--
INFO: Run Behavior\ReadHtmlCacheBehavior [ RunTime:0.000794s ]
INFO: [ app_begin ] --END-- [ RunTime:0.001044s ]
SQL: SHOW COLUMNS FROM `jm_project` [ RunTime:0.0058s ]
SQL: SHOW COLUMNS FROM `jm_ucenter_member` [ RunTime:0.0067s ]
SQL: SHOW COLUMNS FROM `jm_users_detail` [ RunTime:0.0057s ]
SQL: SELECT p.id AS id,p.industry AS industry,p.project_name AS project_name,p.uid AS uid,p.cover AS cover,p.province AS province,p.city AS city,p.create_time AS create_time,p.stage AS stage,p.is_appointed AS is_appointed,p.status AS status,p.oid AS oid,p.mid AS mid,u.username AS username,u.mobile AS mobile,d.name AS name FROM jm_project p LEFT JOIN jm_ucenter_member u ON u.id=p.uid LEFT JOIN jm_users_detail d ON u.id=d.id WHERE p.is_appointed = 0 AND p.status >= 1 ORDER BY p.create_time desc  [ RunTime:0.0011s ]
INFO: [ view_parse ] --START--
INFO: [ template_filter ] --START--
INFO: Run Behavior\ContentReplaceBehavior [ RunTime:0.000230s ]
INFO: [ template_filter ] --END-- [ RunTime:0.000376s ]
NOTIC: [8] Undefined variable: meta_title B:\zyzm\Runtime\Cache\Admin\13a9cd513c7a21979511c4f19423a865.php 第 5 行.
NOTIC: [8] Use of undefined constant city - assumed 'city' B:\zyzm\Runtime\Cache\Admin\13a9cd513c7a21979511c4f19423a865.php 第 113 行.
NOTIC: [8] Undefined variable: _page B:\zyzm\Runtime\Cache\Admin\13a9cd513c7a21979511c4f19423a865.php 第 129 行.
INFO: Run Behavior\ParseTemplateBehavior [ RunTime:0.044295s ]
INFO: [ view_parse ] --END-- [ RunTime:0.044538s ]
INFO: [ view_filter ] --START--
INFO: Run Behavior\WriteHtmlCacheBehavior [ RunTime:0.000440s ]
INFO: [ view_filter ] --END-- [ RunTime:0.000663s ]
INFO: [ app_end ] --START--
INFO: Run Behavior\ShowPageTraceBehavior [ RunTime:0.002857s ]
INFO: [ app_end ] --END-- [ RunTime:0.008132s ]

[ 2015-07-10T17:04:47+08:00 ] 192.168.0.155 /admin.php?s=/Project/preview/id/1/step/1.html
INFO: [ app_init ] --START--
INFO: Run Behavior\BuildLiteBehavior [ RunTime:0.000031s ]
INFO: Run Common\Behavior\InitHookBehavior [ RunTime:0.002834s ]
INFO: [ app_init ] --END-- [ RunTime:0.003480s ]
INFO: [ app_begin ] --START--
INFO: Run Behavior\ReadHtmlCacheBehavior [ RunTime:0.000493s ]
INFO: [ app_begin ] --END-- [ RunTime:0.000649s ]
SQL: SHOW COLUMNS FROM `jm_project` [ RunTime:0.0053s ]
SQL: SELECT * FROM `jm_project` WHERE `id` = 1 LIMIT 1   [ RunTime:0.0008s ]
SQL: SHOW COLUMNS FROM `jm_ucenter_member` [ RunTime:0.0057s ]
SQL: SELECT * FROM `jm_ucenter_member` WHERE `id` = 4 LIMIT 1   [ RunTime:0.0005s ]
INFO: [ view_parse ] --START--
INFO: [ template_filter ] --START--
INFO: Run Behavior\ContentReplaceBehavior [ RunTime:0.000335s ]
INFO: [ template_filter ] --END-- [ RunTime:0.000552s ]
NOTIC: [8] Undefined variable: meta_title B:\zyzm\Runtime\Cache\Admin\cdf216919c50581286b3eb9f1bdd987d.php 第 5 行.
SQL: SHOW COLUMNS FROM `jm_picture` [ RunTime:0.0041s ]
SQL: SELECT * FROM `jm_picture` WHERE `status` = 1 AND `id` = 15 LIMIT 1   [ RunTime:0.0005s ]
INFO: Run Behavior\ParseTemplateBehavior [ RunTime:0.040941s ]
INFO: [ view_parse ] --END-- [ RunTime:0.041137s ]
INFO: [ view_filter ] --START--
INFO: Run Behavior\WriteHtmlCacheBehavior [ RunTime:0.000421s ]
INFO: [ view_filter ] --END-- [ RunTime:0.000628s ]
INFO: [ app_end ] --START--
INFO: Run Behavior\ShowPageTraceBehavior [ RunTime:0.000952s ]
INFO: [ app_end ] --END-- [ RunTime:0.001185s ]

[ 2015-07-10T17:04:51+08:00 ] 192.168.0.155 /admin.php?s=/Project/index/status/1.html
INFO: [ app_init ] --START--
INFO: Run Behavior\BuildLiteBehavior [ RunTime:0.000030s ]
INFO: Run Common\Behavior\InitHookBehavior [ RunTime:0.001766s ]
INFO: [ app_init ] --END-- [ RunTime:0.002374s ]
INFO: [ app_begin ] --START--
INFO: Run Behavior\ReadHtmlCacheBehavior [ RunTime:0.000615s ]
INFO: [ app_begin ] --END-- [ RunTime:0.000862s ]
SQL: SHOW COLUMNS FROM `jm_project` [ RunTime:0.0080s ]
SQL: SHOW COLUMNS FROM `jm_ucenter_member` [ RunTime:0.0043s ]
SQL: SHOW COLUMNS FROM `jm_users_detail` [ RunTime:0.0061s ]
SQL: SELECT p.id AS id,p.industry AS industry,p.project_name AS project_name,p.uid AS uid,p.cover AS cover,p.province AS province,p.city AS city,p.create_time AS create_time,p.stage AS stage,p.is_appointed AS is_appointed,p.status AS status,p.oid AS oid,p.mid AS mid,u.username AS username,u.mobile AS mobile,d.name AS name FROM jm_project p LEFT JOIN jm_ucenter_member u ON u.id=p.uid LEFT JOIN jm_users_detail d ON u.id=d.id WHERE p.status = 1 AND p.oid = '0' ORDER BY p.status ASC,p.is_top desc  [ RunTime:0.0008s ]
INFO: [ view_parse ] --START--
INFO: [ template_filter ] --START--
INFO: Run Behavior\ContentReplaceBehavior [ RunTime:0.000348s ]
INFO: [ template_filter ] --END-- [ RunTime:0.000591s ]
NOTIC: [8] Undefined variable: meta_title B:\zyzm\Runtime\Cache\Admin\c9b29f46aaf66743c1e179410e6dbdf8.php 第 5 行.
NOTIC: [8] Undefined variable: _page B:\zyzm\Runtime\Cache\Admin\c9b29f46aaf66743c1e179410e6dbdf8.php 第 142 行.
INFO: Run Behavior\ParseTemplateBehavior [ RunTime:0.062927s ]
INFO: [ view_parse ] --END-- [ RunTime:0.063278s ]
INFO: [ view_filter ] --START--
INFO: Run Behavior\WriteHtmlCacheBehavior [ RunTime:0.001583s ]
INFO: [ view_filter ] --END-- [ RunTime:0.001893s ]
INFO: [ app_end ] --START--
INFO: Run Behavior\ShowPageTraceBehavior [ RunTime:0.000820s ]
INFO: [ app_end ] --END-- [ RunTime:0.001066s ]

[ 2015-07-10T17:04:52+08:00 ] 192.168.0.155 /admin.php?s=/Project/index/status/2.html
INFO: [ app_init ] --START--
INFO: Run Behavior\BuildLiteBehavior [ RunTime:0.000048s ]
INFO: Run Common\Behavior\InitHookBehavior [ RunTime:0.002575s ]
INFO: [ app_init ] --END-- [ RunTime:0.003617s ]
INFO: [ app_begin ] --START--
INFO: Run Behavior\ReadHtmlCacheBehavior [ RunTime:0.000537s ]
INFO: [ app_begin ] --END-- [ RunTime:0.000690s ]
SQL: SHOW COLUMNS FROM `jm_project` [ RunTime:0.0048s ]
SQL: SHOW COLUMNS FROM `jm_ucenter_member` [ RunTime:0.0064s ]
SQL: SHOW COLUMNS FROM `jm_users_detail` [ RunTime:0.0046s ]
SQL: SELECT p.id AS id,p.industry AS industry,p.project_name AS project_name,p.uid AS uid,p.cover AS cover,p.province AS province,p.city AS city,p.create_time AS create_time,p.stage AS stage,p.is_appointed AS is_appointed,p.status AS status,p.oid AS oid,p.mid AS mid,u.username AS username,u.mobile AS mobile,d.name AS name FROM jm_project p LEFT JOIN jm_ucenter_member u ON u.id=p.uid LEFT JOIN jm_users_detail d ON u.id=d.id WHERE p.status = 9 AND p.oid = '0' AND p.stage = 0 ORDER BY p.status ASC,p.is_top desc  [ RunTime:0.0008s ]
INFO: [ view_parse ] --START--
INFO: [ template_filter ] --START--
INFO: Run Behavior\ContentReplaceBehavior [ RunTime:0.000283s ]
INFO: [ template_filter ] --END-- [ RunTime:0.000516s ]
NOTIC: [8] Undefined variable: meta_title B:\zyzm\Runtime\Cache\Admin\c9b29f46aaf66743c1e179410e6dbdf8.php 第 5 行.
NOTIC: [8] Undefined variable: _page B:\zyzm\Runtime\Cache\Admin\c9b29f46aaf66743c1e179410e6dbdf8.php 第 142 行.
INFO: Run Behavior\ParseTemplateBehavior [ RunTime:0.043123s ]
INFO: [ view_parse ] --END-- [ RunTime:0.043380s ]
INFO: [ view_filter ] --START--
INFO: Run Behavior\WriteHtmlCacheBehavior [ RunTime:0.000537s ]
INFO: [ view_filter ] --END-- [ RunTime:0.000819s ]
INFO: [ app_end ] --START--
INFO: Run Behavior\ShowPageTraceBehavior [ RunTime:0.000765s ]
INFO: [ app_end ] --END-- [ RunTime:0.001004s ]

[ 2015-07-10T17:04:53+08:00 ] 192.168.0.155 /admin.php?s=/Project/stage/stage/0.html
INFO: [ app_init ] --START--
INFO: Run Behavior\BuildLiteBehavior [ RunTime:0.000030s ]
INFO: Run Common\Behavior\InitHookBehavior [ RunTime:0.002499s ]
INFO: [ app_init ] --END-- [ RunTime:0.003359s ]
INFO: [ app_begin ] --START--
INFO: Run Behavior\ReadHtmlCacheBehavior [ RunTime:0.000537s ]
INFO: [ app_begin ] --END-- [ RunTime:0.000698s ]
SQL: SHOW COLUMNS FROM `jm_project` [ RunTime:0.0059s ]
SQL: SELECT * FROM `jm_project` WHERE `status` = '9' AND `stage` = 1 ORDER BY update_time desc  [ RunTime:0.0010s ]
NOTIC: [2] Invalid argument supplied for foreach() B:\zyzm\Application\Admin\Controller\ProjectController.class.php 第 331 行.
INFO: [ view_parse ] --START--
INFO: [ template_filter ] --START--
INFO: Run Behavior\ContentReplaceBehavior [ RunTime:0.000714s ]
INFO: [ template_filter ] --END-- [ RunTime:0.001309s ]
NOTIC: [8] Undefined variable: meta_title B:\zyzm\Runtime\Cache\Admin\bd7f51a96c96856748cdcf0e0be45b34.php 第 5 行.
NOTIC: [8] Undefined variable: _page B:\zyzm\Runtime\Cache\Admin\bd7f51a96c96856748cdcf0e0be45b34.php 第 157 行.
INFO: Run Behavior\ParseTemplateBehavior [ RunTime:0.074985s ]
INFO: [ view_parse ] --END-- [ RunTime:0.075230s ]
INFO: [ view_filter ] --START--
INFO: Run Behavior\WriteHtmlCacheBehavior [ RunTime:0.000489s ]
INFO: [ view_filter ] --END-- [ RunTime:0.000667s ]
INFO: [ app_end ] --START--
INFO: Run Behavior\ShowPageTraceBehavior [ RunTime:0.001382s ]
INFO: [ app_end ] --END-- [ RunTime:0.001656s ]

[ 2015-07-10T17:04:53+08:00 ] 192.168.0.155 /admin.php?s=/Project/stage/stage/4.html
INFO: [ app_init ] --START--
INFO: Run Behavior\BuildLiteBehavior [ RunTime:0.000030s ]
INFO: Run Common\Behavior\InitHookBehavior [ RunTime:0.002265s ]
INFO: [ app_init ] --END-- [ RunTime:0.002969s ]
INFO: [ app_begin ] --START--
INFO: Run Behavior\ReadHtmlCacheBehavior [ RunTime:0.000512s ]
INFO: [ app_begin ] --END-- [ RunTime:0.000663s ]
SQL: SHOW COLUMNS FROM `jm_project` [ RunTime:0.0049s ]
SQL: SELECT * FROM `jm_project` WHERE `status` = '9' AND `stage` = 4 ORDER BY update_time desc  [ RunTime:0.0008s ]
SQL: SHOW COLUMNS FROM `jm_project_fund` [ RunTime:0.0046s ]
SQL: SELECT * FROM `jm_project_fund` WHERE ( project_id = 1 ) LIMIT 1   [ RunTime:0.0006s ]
SQL: SHOW COLUMNS FROM `jm_project_attach` [ RunTime:0.0074s ]
SQL: SELECT COUNT(*) AS tp_count FROM `jm_project_attach` WHERE `project_id` = 1 LIMIT 1   [ RunTime:0.0004s ]
INFO: [ view_parse ] --START--
INFO: [ template_filter ] --START--
INFO: Run Behavior\ContentReplaceBehavior [ RunTime:0.000270s ]
INFO: [ template_filter ] --END-- [ RunTime:0.000425s ]
NOTIC: [8] Undefined variable: meta_title B:\zyzm\Runtime\Cache\Admin\bd7f51a96c96856748cdcf0e0be45b34.php 第 5 行.
NOTIC: [8] Undefined variable: _page B:\zyzm\Runtime\Cache\Admin\bd7f51a96c96856748cdcf0e0be45b34.php 第 157 行.
INFO: Run Behavior\ParseTemplateBehavior [ RunTime:0.043455s ]
INFO: [ view_parse ] --END-- [ RunTime:0.043727s ]
INFO: [ view_filter ] --START--
INFO: Run Behavior\WriteHtmlCacheBehavior [ RunTime:0.000463s ]
INFO: [ view_filter ] --END-- [ RunTime:0.000614s ]
INFO: [ app_end ] --START--
INFO: Run Behavior\ShowPageTraceBehavior [ RunTime:0.000795s ]
INFO: [ app_end ] --END-- [ RunTime:0.001034s ]

[ 2015-07-10T17:04:58+08:00 ] 192.168.0.155 /admin.php?s=/manage/seeInvestor/pj_id/1.html
INFO: [ app_init ] --START--
INFO: Run Behavior\BuildLiteBehavior [ RunTime:0.000083s ]
INFO: Run Common\Behavior\InitHookBehavior [ RunTime:0.003241s ]
INFO: [ app_init ] --END-- [ RunTime:0.004915s ]
INFO: [ app_begin ] --START--
INFO: Run Behavior\ReadHtmlCacheBehavior [ RunTime:0.000932s ]
INFO: [ app_begin ] --END-- [ RunTime:0.001251s ]
SQL: SHOW COLUMNS FROM `jm_menu` [ RunTime:0.0064s ]
SQL: SELECT `id`,`title`,`url` FROM `jm_menu` WHERE `pid` = 0 AND `hide` = 0 ORDER BY sort asc  [ RunTime:0.0009s ]
SQL: SELECT `pid` FROM `jm_menu` WHERE ( pid !=0 AND url like '%Manage/seeInvestor%' ) LIMIT 1   [ RunTime:0.0013s ]
SQL: SELECT * FROM `jm_menu` WHERE `id` = 134 LIMIT 1   [ RunTime:0.0005s ]
SQL: SELECT * FROM `jm_menu` WHERE `id` = 124 LIMIT 1   [ RunTime:0.0004s ]
SQL: SELECT DISTINCT  `group` FROM `jm_menu` WHERE `group` <> '' AND `pid` = 124  [ RunTime:0.0006s ]
SQL: SELECT `id`,`url` FROM `jm_menu` WHERE `pid` = 124 AND `hide` = 0  [ RunTime:0.0019s ]
SQL: SELECT `id`,`pid`,`title`,`url`,`tip` FROM `jm_menu` WHERE `group` = '项目管理' AND `pid` = 124 AND `hide` = 0 ORDER BY sort asc  [ RunTime:0.0023s ]
SQL: SELECT `id`,`pid`,`title`,`url`,`tip` FROM `jm_menu` WHERE `group` = '股权项目' AND `pid` = 124 AND `hide` = 0 ORDER BY sort asc  [ RunTime:0.0008s ]
SQL: SHOW COLUMNS FROM `jm_project` [ RunTime:0.0059s ]
SQL: SELECT * FROM `jm_project` WHERE `id` = 1 LIMIT 1   [ RunTime:0.0008s ]
SQL: SHOW COLUMNS FROM `jm_project_investor` [ RunTime:0.0195s ]
SQL: SELECT `id`,`investor_id`,`fund`,`status`,`pay_way` FROM `jm_project_investor` WHERE `project_id` = 1 AND `status` > '2' ORDER BY status, create_time desc  [ RunTime:0.0006s ]
SQL: SHOW COLUMNS FROM `jm_users_detail` [ RunTime:0.0075s ]
SQL: SELECT `id` AS `uid`,`name`,`phone` FROM `jm_users_detail` WHERE `id` = 5 LIMIT 1   [ RunTime:0.0005s ]
SQL: SELECT `id` AS `uid`,`name`,`phone` FROM `jm_users_detail` WHERE `id` = 3 LIMIT 1   [ RunTime:0.0005s ]
INFO: [ view_parse ] --START--
INFO: [ template_filter ] --START--
INFO: Run Behavior\ContentReplaceBehavior [ RunTime:0.000353s ]
INFO: [ template_filter ] --END-- [ RunTime:0.000634s ]
NOTIC: [8] Undefined variable: meta_title B:\zyzm\Runtime\Cache\Admin\fd68d956930d05e9740242dfc939d6ef.php 第 5 行.
NOTIC: [8] Use of undefined constant status - assumed 'status' B:\zyzm\Runtime\Cache\Admin\fd68d956930d05e9740242dfc939d6ef.php 第 130 行.
NOTIC: [8] Use of undefined constant status - assumed 'status' B:\zyzm\Runtime\Cache\Admin\fd68d956930d05e9740242dfc939d6ef.php 第 130 行.
INFO: Run Behavior\ParseTemplateBehavior [ RunTime:0.081761s ]
INFO: [ view_parse ] --END-- [ RunTime:0.081908s ]
INFO: [ view_filter ] --START--
INFO: Run Behavior\WriteHtmlCacheBehavior [ RunTime:0.000308s ]
INFO: [ view_filter ] --END-- [ RunTime:0.000435s ]
INFO: [ app_end ] --START--
INFO: Run Behavior\ShowPageTraceBehavior [ RunTime:0.000808s ]
INFO: [ app_end ] --END-- [ RunTime:0.002535s ]

[ 2015-07-10T17:05:03+08:00 ] 192.168.0.155 /admin.php?s=/Manage/payinfo/id/1.html
INFO: [ app_init ] --START--
INFO: Run Behavior\BuildLiteBehavior [ RunTime:0.000049s ]
INFO: Run Common\Behavior\InitHookBehavior [ RunTime:0.003565s ]
INFO: [ app_init ] --END-- [ RunTime:0.006723s ]
INFO: [ app_begin ] --START--
INFO: Run Behavior\ReadHtmlCacheBehavior [ RunTime:0.000564s ]
INFO: [ app_begin ] --END-- [ RunTime:0.000681s ]
SQL: SHOW COLUMNS FROM `jm_project_investor` [ RunTime:0.0062s ]
SQL: SELECT * FROM `jm_project_investor` WHERE `id` = 1 LIMIT 1   [ RunTime:0.0007s ]
SQL: SHOW COLUMNS FROM `jm_users_detail` [ RunTime:0.0065s ]
SQL: SELECT * FROM `jm_users_detail` WHERE `id` = 3 LIMIT 1   [ RunTime:0.0005s ]
INFO: [ view_parse ] --START--
INFO: [ template_filter ] --START--
INFO: Run Behavior\ContentReplaceBehavior [ RunTime:0.000141s ]
INFO: [ template_filter ] --END-- [ RunTime:0.000341s ]
INFO: Run Behavior\ParseTemplateBehavior [ RunTime:0.047248s ]
INFO: [ view_parse ] --END-- [ RunTime:0.047424s ]
INFO: [ view_filter ] --START--
INFO: Run Behavior\WriteHtmlCacheBehavior [ RunTime:0.000444s ]
INFO: [ view_filter ] --END-- [ RunTime:0.000605s ]
INFO: [ app_end ] --START--
INFO: Run Behavior\ShowPageTraceBehavior [ RunTime:0.000753s ]
INFO: [ app_end ] --END-- [ RunTime:0.000977s ]

[ 2015-07-10T17:06:02+08:00 ] 192.168.0.155 /admin.php?s=/Project/stage/stage/5.html
INFO: [ app_init ] --START--
INFO: Run Behavior\BuildLiteBehavior [ RunTime:0.000045s ]
INFO: Run Common\Behavior\InitHookBehavior [ RunTime:0.002153s ]
INFO: [ app_init ] --END-- [ RunTime:0.002926s ]
INFO: [ app_begin ] --START--
INFO: Run Behavior\ReadHtmlCacheBehavior [ RunTime:0.000611s ]
INFO: [ app_begin ] --END-- [ RunTime:0.000786s ]
SQL: SHOW COLUMNS FROM `jm_project` [ RunTime:0.0050s ]
SQL: SELECT * FROM `jm_project` WHERE `status` = '9' AND `stage` = 5 ORDER BY update_time desc  [ RunTime:0.0008s ]
NOTIC: [2] Invalid argument supplied for foreach() B:\zyzm\Application\Admin\Controller\ProjectController.class.php 第 331 行.
INFO: [ view_parse ] --START--
INFO: [ template_filter ] --START--
INFO: Run Behavior\ContentReplaceBehavior [ RunTime:0.000260s ]
INFO: [ template_filter ] --END-- [ RunTime:0.000589s ]
NOTIC: [8] Undefined variable: meta_title B:\zyzm\Runtime\Cache\Admin\bd7f51a96c96856748cdcf0e0be45b34.php 第 5 行.
NOTIC: [8] Undefined variable: _page B:\zyzm\Runtime\Cache\Admin\bd7f51a96c96856748cdcf0e0be45b34.php 第 157 行.
INFO: Run Behavior\ParseTemplateBehavior [ RunTime:0.046680s ]
INFO: [ view_parse ] --END-- [ RunTime:0.046860s ]
INFO: [ view_filter ] --START--
INFO: Run Behavior\WriteHtmlCacheBehavior [ RunTime:0.000394s ]
INFO: [ view_filter ] --END-- [ RunTime:0.000591s ]
INFO: [ app_end ] --START--
INFO: Run Behavior\ShowPageTraceBehavior [ RunTime:0.000738s ]
INFO: [ app_end ] --END-- [ RunTime:0.000935s ]

[ 2015-07-10T17:06:03+08:00 ] 192.168.0.155 /admin.php?s=/Project/stage/stage/9.html
INFO: [ app_init ] --START--
INFO: Run Behavior\BuildLiteBehavior [ RunTime:0.000030s ]
INFO: Run Common\Behavior\InitHookBehavior [ RunTime:0.001552s ]
INFO: [ app_init ] --END-- [ RunTime:0.002075s ]
INFO: [ app_begin ] --START--
INFO: Run Behavior\ReadHtmlCacheBehavior [ RunTime:0.000456s ]
INFO: [ app_begin ] --END-- [ RunTime:0.000595s ]
SQL: SHOW COLUMNS FROM `jm_project` [ RunTime:0.0083s ]
SQL: SELECT * FROM `jm_project` WHERE `status` = '9' AND `stage` = 9 ORDER BY update_time desc  [ RunTime:0.0017s ]
NOTIC: [2] Invalid argument supplied for foreach() B:\zyzm\Application\Admin\Controller\ProjectController.class.php 第 331 行.
INFO: [ view_parse ] --START--
INFO: [ template_filter ] --START--
INFO: Run Behavior\ContentReplaceBehavior [ RunTime:0.000237s ]
INFO: [ template_filter ] --END-- [ RunTime:0.000379s ]
NOTIC: [8] Undefined variable: meta_title B:\zyzm\Runtime\Cache\Admin\bd7f51a96c96856748cdcf0e0be45b34.php 第 5 行.
NOTIC: [8] Undefined variable: _page B:\zyzm\Runtime\Cache\Admin\bd7f51a96c96856748cdcf0e0be45b34.php 第 157 行.
INFO: Run Behavior\ParseTemplateBehavior [ RunTime:0.039600s ]
INFO: [ view_parse ] --END-- [ RunTime:0.039839s ]
INFO: [ view_filter ] --START--
INFO: Run Behavior\WriteHtmlCacheBehavior [ RunTime:0.000420s ]
INFO: [ view_filter ] --END-- [ RunTime:0.000618s ]
INFO: [ app_end ] --START--
INFO: Run Behavior\ShowPageTraceBehavior [ RunTime:0.000730s ]
INFO: [ app_end ] --END-- [ RunTime:0.000965s ]

[ 2015-07-10T17:06:04+08:00 ] 192.168.0.155 /admin.php?s=/Project/stage/stage/8.html
INFO: [ app_init ] --START--
INFO: Run Behavior\BuildLiteBehavior [ RunTime:0.000043s ]
INFO: Run Common\Behavior\InitHookBehavior [ RunTime:0.001926s ]
INFO: [ app_init ] --END-- [ RunTime:0.002604s ]
INFO: [ app_begin ] --START--
INFO: Run Behavior\ReadHtmlCacheBehavior [ RunTime:0.000531s ]
INFO: [ app_begin ] --END-- [ RunTime:0.000684s ]
SQL: SHOW COLUMNS FROM `jm_project` [ RunTime:0.0051s ]
SQL: SELECT * FROM `jm_project` WHERE `status` = '9' AND `stage` = 8 ORDER BY update_time desc  [ RunTime:0.0008s ]
NOTIC: [2] Invalid argument supplied for foreach() B:\zyzm\Application\Admin\Controller\ProjectController.class.php 第 331 行.
INFO: [ view_parse ] --START--
INFO: [ template_filter ] --START--
INFO: Run Behavior\ContentReplaceBehavior [ RunTime:0.000353s ]
INFO: [ template_filter ] --END-- [ RunTime:0.000569s ]
NOTIC: [8] Undefined variable: meta_title B:\zyzm\Runtime\Cache\Admin\bd7f51a96c96856748cdcf0e0be45b34.php 第 5 行.
NOTIC: [8] Undefined variable: _page B:\zyzm\Runtime\Cache\Admin\bd7f51a96c96856748cdcf0e0be45b34.php 第 157 行.
INFO: Run Behavior\ParseTemplateBehavior [ RunTime:0.046957s ]
INFO: [ view_parse ] --END-- [ RunTime:0.047136s ]
INFO: [ view_filter ] --START--
INFO: Run Behavior\WriteHtmlCacheBehavior [ RunTime:0.000470s ]
INFO: [ view_filter ] --END-- [ RunTime:0.000668s ]
INFO: [ app_end ] --START--
INFO: Run Behavior\ShowPageTraceBehavior [ RunTime:0.000722s ]
INFO: [ app_end ] --END-- [ RunTime:0.000954s ]

[ 2015-07-10T17:06:06+08:00 ] 192.168.0.155 /admin.php?s=/Project/index/status/-1.html
INFO: [ app_init ] --START--
INFO: Run Behavior\BuildLiteBehavior [ RunTime:0.000031s ]
INFO: Run Common\Behavior\InitHookBehavior [ RunTime:0.001604s ]
INFO: [ app_init ] --END-- [ RunTime:0.002246s ]
INFO: [ app_begin ] --START--
INFO: Run Behavior\ReadHtmlCacheBehavior [ RunTime:0.000452s ]
INFO: [ app_begin ] --END-- [ RunTime:0.000591s ]
SQL: SHOW COLUMNS FROM `jm_project` [ RunTime:0.0066s ]
SQL: SHOW COLUMNS FROM `jm_ucenter_member` [ RunTime:0.0052s ]
SQL: SHOW COLUMNS FROM `jm_users_detail` [ RunTime:0.0044s ]
SQL: SELECT p.id AS id,p.industry AS industry,p.project_name AS project_name,p.uid AS uid,p.cover AS cover,p.province AS province,p.city AS city,p.create_time AS create_time,p.stage AS stage,p.is_appointed AS is_appointed,p.status AS status,p.oid AS oid,p.mid AS mid,u.username AS username,u.mobile AS mobile,d.name AS name FROM jm_project p LEFT JOIN jm_ucenter_member u ON u.id=p.uid LEFT JOIN jm_users_detail d ON u.id=d.id WHERE p.status = -1 AND p.oid = '0' ORDER BY p.status desc,p.is_top desc  [ RunTime:0.0008s ]
INFO: [ view_parse ] --START--
INFO: [ template_filter ] --START--
INFO: Run Behavior\ContentReplaceBehavior [ RunTime:0.000566s ]
INFO: [ template_filter ] --END-- [ RunTime:0.000899s ]
NOTIC: [8] Undefined variable: meta_title B:\zyzm\Runtime\Cache\Admin\c9b29f46aaf66743c1e179410e6dbdf8.php 第 5 行.
NOTIC: [8] Undefined variable: _page B:\zyzm\Runtime\Cache\Admin\c9b29f46aaf66743c1e179410e6dbdf8.php 第 142 行.
INFO: Run Behavior\ParseTemplateBehavior [ RunTime:0.037859s ]
INFO: [ view_parse ] --END-- [ RunTime:0.038076s ]
INFO: [ view_filter ] --START--
INFO: Run Behavior\WriteHtmlCacheBehavior [ RunTime:0.000406s ]
INFO: [ view_filter ] --END-- [ RunTime:0.000567s ]
INFO: [ app_end ] --START--
INFO: Run Behavior\ShowPageTraceBehavior [ RunTime:0.001671s ]
INFO: [ app_end ] --END-- [ RunTime:0.002120s ]

[ 2015-07-10T17:06:07+08:00 ] 192.168.0.155 /admin.php?s=/Project/index/status/2.html
INFO: [ app_init ] --START--
INFO: Run Behavior\BuildLiteBehavior [ RunTime:0.000046s ]
INFO: Run Common\Behavior\InitHookBehavior [ RunTime:0.001884s ]
INFO: [ app_init ] --END-- [ RunTime:0.002633s ]
INFO: [ app_begin ] --START--
INFO: Run Behavior\ReadHtmlCacheBehavior [ RunTime:0.000602s ]
INFO: [ app_begin ] --END-- [ RunTime:0.000782s ]
SQL: SHOW COLUMNS FROM `jm_project` [ RunTime:0.0054s ]
SQL: SHOW COLUMNS FROM `jm_ucenter_member` [ RunTime:0.0068s ]
SQL: SHOW COLUMNS FROM `jm_users_detail` [ RunTime:0.0056s ]
SQL: SELECT p.id AS id,p.industry AS industry,p.project_name AS project_name,p.uid AS uid,p.cover AS cover,p.province AS province,p.city AS city,p.create_time AS create_time,p.stage AS stage,p.is_appointed AS is_appointed,p.status AS status,p.oid AS oid,p.mid AS mid,u.username AS username,u.mobile AS mobile,d.name AS name FROM jm_project p LEFT JOIN jm_ucenter_member u ON u.id=p.uid LEFT JOIN jm_users_detail d ON u.id=d.id WHERE p.status = 9 AND p.oid = '0' AND p.stage = 0 ORDER BY p.status ASC,p.is_top desc  [ RunTime:0.0007s ]
INFO: [ view_parse ] --START--
INFO: [ template_filter ] --START--
INFO: Run Behavior\ContentReplaceBehavior [ RunTime:0.000331s ]
INFO: [ template_filter ] --END-- [ RunTime:0.000571s ]
NOTIC: [8] Undefined variable: meta_title B:\zyzm\Runtime\Cache\Admin\c9b29f46aaf66743c1e179410e6dbdf8.php 第 5 行.
NOTIC: [8] Undefined variable: _page B:\zyzm\Runtime\Cache\Admin\c9b29f46aaf66743c1e179410e6dbdf8.php 第 142 行.
INFO: Run Behavior\ParseTemplateBehavior [ RunTime:0.036015s ]
INFO: [ view_parse ] --END-- [ RunTime:0.036149s ]
INFO: [ view_filter ] --START--
INFO: Run Behavior\WriteHtmlCacheBehavior [ RunTime:0.000320s ]
INFO: [ view_filter ] --END-- [ RunTime:0.000444s ]
INFO: [ app_end ] --START--
INFO: Run Behavior\ShowPageTraceBehavior [ RunTime:0.000763s ]
INFO: [ app_end ] --END-- [ RunTime:0.001024s ]

[ 2015-07-10T17:06:09+08:00 ] 192.168.0.155 /admin.php?s=/Project/index/status/1.html
INFO: [ app_init ] --START--
INFO: Run Behavior\BuildLiteBehavior [ RunTime:0.000045s ]
INFO: Run Common\Behavior\InitHookBehavior [ RunTime:0.002239s ]
INFO: [ app_init ] --END-- [ RunTime:0.002990s ]
INFO: [ app_begin ] --START--
INFO: Run Behavior\ReadHtmlCacheBehavior [ RunTime:0.000484s ]
INFO: [ app_begin ] --END-- [ RunTime:0.000626s ]
SQL: SHOW COLUMNS FROM `jm_project` [ RunTime:0.0047s ]
SQL: SHOW COLUMNS FROM `jm_ucenter_member` [ RunTime:0.0048s ]
SQL: SHOW COLUMNS FROM `jm_users_detail` [ RunTime:0.0062s ]
SQL: SELECT p.id AS id,p.industry AS industry,p.project_name AS project_name,p.uid AS uid,p.cover AS cover,p.province AS province,p.city AS city,p.create_time AS create_time,p.stage AS stage,p.is_appointed AS is_appointed,p.status AS status,p.oid AS oid,p.mid AS mid,u.username AS username,u.mobile AS mobile,d.name AS name FROM jm_project p LEFT JOIN jm_ucenter_member u ON u.id=p.uid LEFT JOIN jm_users_detail d ON u.id=d.id WHERE p.status = 1 AND p.oid = '0' ORDER BY p.status ASC,p.is_top desc  [ RunTime:0.0007s ]
INFO: [ view_parse ] --START--
INFO: [ template_filter ] --START--
INFO: Run Behavior\ContentReplaceBehavior [ RunTime:0.000224s ]
INFO: [ template_filter ] --END-- [ RunTime:0.000362s ]
NOTIC: [8] Undefined variable: meta_title B:\zyzm\Runtime\Cache\Admin\c9b29f46aaf66743c1e179410e6dbdf8.php 第 5 行.
NOTIC: [8] Undefined variable: _page B:\zyzm\Runtime\Cache\Admin\c9b29f46aaf66743c1e179410e6dbdf8.php 第 142 行.
INFO: Run Behavior\ParseTemplateBehavior [ RunTime:0.037868s ]
INFO: [ view_parse ] --END-- [ RunTime:0.038056s ]
INFO: [ view_filter ] --START--
INFO: Run Behavior\WriteHtmlCacheBehavior [ RunTime:0.000352s ]
INFO: [ view_filter ] --END-- [ RunTime:0.000478s ]
INFO: [ app_end ] --START--
INFO: Run Behavior\ShowPageTraceBehavior [ RunTime:0.000734s ]
INFO: [ app_end ] --END-- [ RunTime:0.000951s ]

[ 2015-07-10T17:06:10+08:00 ] 192.168.0.155 /admin.php?s=/Project/appointed.html
INFO: [ app_init ] --START--
INFO: Run Behavior\BuildLiteBehavior [ RunTime:0.000028s ]
INFO: Run Common\Behavior\InitHookBehavior [ RunTime:0.001585s ]
INFO: [ app_init ] --END-- [ RunTime:0.002096s ]
INFO: [ app_begin ] --START--
INFO: Run Behavior\ReadHtmlCacheBehavior [ RunTime:0.000468s ]
INFO: [ app_begin ] --END-- [ RunTime:0.000615s ]
SQL: SHOW COLUMNS FROM `jm_project` [ RunTime:0.0087s ]
SQL: SHOW COLUMNS FROM `jm_ucenter_member` [ RunTime:0.0055s ]
SQL: SHOW COLUMNS FROM `jm_users_detail` [ RunTime:0.0052s ]
SQL: SELECT p.id AS id,p.industry AS industry,p.project_name AS project_name,p.uid AS uid,p.cover AS cover,p.province AS province,p.city AS city,p.create_time AS create_time,p.stage AS stage,p.is_appointed AS is_appointed,p.status AS status,p.oid AS oid,p.mid AS mid,u.username AS username,u.mobile AS mobile,d.name AS name FROM jm_project p LEFT JOIN jm_ucenter_member u ON u.id=p.uid LEFT JOIN jm_users_detail d ON u.id=d.id WHERE p.is_appointed = 0 AND p.status >= 1 ORDER BY p.create_time desc  [ RunTime:0.0008s ]
INFO: [ view_parse ] --START--
INFO: [ template_filter ] --START--
INFO: Run Behavior\ContentReplaceBehavior [ RunTime:0.000207s ]
INFO: [ template_filter ] --END-- [ RunTime:0.000347s ]
NOTIC: [8] Undefined variable: meta_title B:\zyzm\Runtime\Cache\Admin\13a9cd513c7a21979511c4f19423a865.php 第 5 行.
NOTIC: [8] Use of undefined constant city - assumed 'city' B:\zyzm\Runtime\Cache\Admin\13a9cd513c7a21979511c4f19423a865.php 第 113 行.
NOTIC: [8] Undefined variable: _page B:\zyzm\Runtime\Cache\Admin\13a9cd513c7a21979511c4f19423a865.php 第 129 行.
INFO: Run Behavior\ParseTemplateBehavior [ RunTime:0.032136s ]
INFO: [ view_parse ] --END-- [ RunTime:0.032332s ]
INFO: [ view_filter ] --START--
INFO: Run Behavior\WriteHtmlCacheBehavior [ RunTime:0.000508s ]
INFO: [ view_filter ] --END-- [ RunTime:0.000776s ]
INFO: [ app_end ] --START--
INFO: Run Behavior\ShowPageTraceBehavior [ RunTime:0.000820s ]
INFO: [ app_end ] --END-- [ RunTime:0.001063s ]

