[ 2015-07-15T10:39:02+08:00 ] ::1 /admin.php
INFO: [ app_init ] --START--
INFO: Run Behavior\BuildLiteBehavior [ RunTime:0.000027s ]
INFO: Run Common\Behavior\InitHookBehavior [ RunTime:0.003808s ]
INFO: [ app_init ] --END-- [ RunTime:0.004335s ]
INFO: [ app_begin ] --START--
INFO: Run Behavior\ReadHtmlCacheBehavior [ RunTime:0.002415s ]
INFO: [ app_begin ] --END-- [ RunTime:0.002647s ]

[ 2015-07-15T10:39:02+08:00 ] ::1 /admin.php?s=/Public/login.html
INFO: [ app_init ] --START--
INFO: Run Behavior\BuildLiteBehavior [ RunTime:0.000027s ]
INFO: Run Common\Behavior\InitHookBehavior [ RunTime:0.002221s ]
INFO: [ app_init ] --END-- [ RunTime:0.002747s ]
INFO: [ app_begin ] --START--
INFO: Run Behavior\ReadHtmlCacheBehavior [ RunTime:0.000649s ]
INFO: [ app_begin ] --END-- [ RunTime:0.000810s ]
INFO: [ view_parse ] --START--
INFO: [ template_filter ] --START--
INFO: Run Behavior\ContentReplaceBehavior [ RunTime:0.000110s ]
INFO: [ template_filter ] --END-- [ RunTime:0.000237s ]
INFO: Run Behavior\ParseTemplateBehavior [ RunTime:0.030770s ]
INFO: [ view_parse ] --END-- [ RunTime:0.031005s ]
INFO: [ view_filter ] --START--
INFO: Run Behavior\WriteHtmlCacheBehavior [ RunTime:0.000627s ]
INFO: [ view_filter ] --END-- [ RunTime:0.000746s ]
INFO: [ app_end ] --START--
INFO: Run Behavior\ShowPageTraceBehavior [ RunTime:0.000672s ]
INFO: [ app_end ] --END-- [ RunTime:0.000787s ]

[ 2015-07-15T10:39:02+08:00 ] ::1 /admin.php?s=/Public/verify.html
INFO: [ app_init ] --START--
INFO: Run Behavior\BuildLiteBehavior [ RunTime:0.000028s ]
INFO: Run Common\Behavior\InitHookBehavior [ RunTime:0.002368s ]
INFO: [ app_init ] --END-- [ RunTime:0.002878s ]
INFO: [ app_begin ] --START--
INFO: Run Behavior\ReadHtmlCacheBehavior [ RunTime:0.000922s ]
INFO: [ app_begin ] --END-- [ RunTime:0.001148s ]
INFO: [ app_end ] --START--
INFO: Run Behavior\ShowPageTraceBehavior [ RunTime:0.002121s ]
INFO: [ app_end ] --END-- [ RunTime:0.002426s ]

[ 2015-07-15T10:39:10+08:00 ] ::1 /admin.php?s=/Public/login.html
INFO: [ app_init ] --START--
INFO: Run Behavior\BuildLiteBehavior [ RunTime:0.000045s ]
INFO: Run Common\Behavior\InitHookBehavior [ RunTime:0.002752s ]
INFO: [ app_init ] --END-- [ RunTime:0.003400s ]
INFO: [ app_begin ] --START--
INFO: Run Behavior\ReadHtmlCacheBehavior [ RunTime:0.000504s ]
INFO: [ app_begin ] --END-- [ RunTime:0.000631s ]
NOTIC: [8] Undefined index: lite B:\zyzm\ThinkPHP\Library\Think\Db.class.php 第 37 行.
SQL: SHOW COLUMNS FROM `jm_member` [ RunTime:0.0039s ]
SQL: SELECT `uid`,`oid`,`position`,`real_name`,`nickname`,`sex`,`birthday`,`qq`,`score`,`login`,`reg_ip`,`reg_time`,`last_login_ip`,`last_login_time`,`status` FROM `jm_member` WHERE `uid` = 1 LIMIT 1   [ RunTime:0.0007s ]
SQL: SHOW COLUMNS FROM `jm_action` [ RunTime:0.0038s ]
SQL: SELECT * FROM `jm_action` WHERE `name` = 'user_login' LIMIT 1   [ RunTime:0.0187s ]
SQL: SHOW COLUMNS FROM `jm_action_log` [ RunTime:0.0033s ]
SQL: INSERT INTO `jm_action_log` (`action_id`,`user_id`,`action_ip`,`model`,`record_id`,`create_time`,`remark`) VALUES ('1','1','0','member','1','1436927950','admin在2015-07-15 10:39登录了后台') [ RunTime:0.0026s ]
SQL: SELECT * FROM `jm_action` WHERE `name` = 'user_login' LIMIT 1   [ RunTime:0.0005s ]
NOTIC: [8] Undefined offset: 1 B:\zyzm\Application\Common\Common\function.php 第 716 行.
NOTIC: [2] array_key_exists() expects parameter 2 to be array, null given B:\zyzm\Application\Common\Common\function.php 第 716 行.
SQL: SELECT COUNT(*) AS tp_count FROM `jm_action_log` WHERE `action_id` = 1 AND `user_id` = 1 AND `create_time` > 1436841550 LIMIT 1   [ RunTime:0.0121s ]
SQL: UPDATE `jm_member` SET `login`=`login`+1,`last_login_time`='1436927950',`last_login_ip`='0' WHERE `uid` = 1 [ RunTime:0.0006s ]

[ 2015-07-15T10:39:11+08:00 ] ::1 /admin.php?s=/Index/index.html
INFO: [ app_init ] --START--
INFO: Run Behavior\BuildLiteBehavior [ RunTime:0.000031s ]
INFO: Run Common\Behavior\InitHookBehavior [ RunTime:0.001739s ]
INFO: [ app_init ] --END-- [ RunTime:0.002374s ]
INFO: [ app_begin ] --START--
INFO: Run Behavior\ReadHtmlCacheBehavior [ RunTime:0.000469s ]
INFO: [ app_begin ] --END-- [ RunTime:0.000602s ]
SQL: SHOW COLUMNS FROM `jm_menu` [ RunTime:0.0038s ]
SQL: SELECT `id`,`title`,`url` FROM `jm_menu` WHERE `pid` = 0 AND `hide` = 0 ORDER BY sort asc  [ RunTime:0.0025s ]
SQL: SELECT `pid` FROM `jm_menu` WHERE ( pid !=0 AND url like '%Index/index%' ) LIMIT 1   [ RunTime:0.0020s ]
INFO: [ view_parse ] --START--
INFO: [ template_filter ] --START--
INFO: Run Behavior\ContentReplaceBehavior [ RunTime:0.000189s ]
INFO: [ template_filter ] --END-- [ RunTime:0.000325s ]
INFO: [ AdminIndex ] --START--
SQL: SHOW COLUMNS FROM `jm_addons` [ RunTime:0.0052s ]
SQL: SELECT `config` FROM `jm_addons` WHERE `name` = 'SiteStat' AND `status` = 1 LIMIT 1   [ RunTime:0.0264s ]
SQL: SHOW COLUMNS FROM `jm_member` [ RunTime:0.0041s ]
SQL: SELECT COUNT(*) AS tp_count FROM `jm_member` LIMIT 1   [ RunTime:0.0005s ]
SQL: SHOW COLUMNS FROM `jm_action_log` [ RunTime:0.0054s ]
SQL: SELECT COUNT(*) AS tp_count FROM `jm_action_log` LIMIT 1   [ RunTime:0.0003s ]
SQL: SHOW COLUMNS FROM `jm_document` [ RunTime:0.0041s ]
SQL: SELECT COUNT(*) AS tp_count FROM `jm_document` LIMIT 1   [ RunTime:0.0003s ]
SQL: SHOW COLUMNS FROM `jm_category` [ RunTime:0.0044s ]
SQL: SELECT COUNT(*) AS tp_count FROM `jm_category` LIMIT 1   [ RunTime:0.0004s ]
SQL: SHOW COLUMNS FROM `jm_model` [ RunTime:0.0039s ]
SQL: SELECT COUNT(*) AS tp_count FROM `jm_model` LIMIT 1   [ RunTime:0.0003s ]
INFO: [ view_parse ] --START--
INFO: [ template_filter ] --START--
INFO: Run Behavior\ContentReplaceBehavior [ RunTime:0.000073s ]
INFO: [ template_filter ] --END-- [ RunTime:-0.113985s ]
INFO: Run Behavior\ParseTemplateBehavior [ RunTime:0.003579s ]
INFO: [ view_parse ] --END-- [ RunTime:0.003723s ]
INFO: [ view_filter ] --START--
INFO: Run Behavior\WriteHtmlCacheBehavior [ RunTime:0.000485s ]
INFO: [ view_filter ] --END-- [ RunTime:0.000625s ]
INFO: Run Addons\SiteStat\SiteStatAddon [ RunTime:0.103003s ]
SQL: SELECT `config` FROM `jm_addons` WHERE `name` = 'SystemInfo' AND `status` = 1 LIMIT 1   [ RunTime:0.0005s ]
INFO: [ view_parse ] --START--
INFO: [ template_filter ] --START--
INFO: Run Behavior\ContentReplaceBehavior [ RunTime:0.000303s ]
INFO: [ template_filter ] --END-- [ RunTime:-0.208652s ]
SQL: select version() as v; [ RunTime:0.0008s ]
INFO: Run Behavior\ParseTemplateBehavior [ RunTime:0.014509s ]
INFO: [ view_parse ] --END-- [ RunTime:-0.085472s ]
INFO: [ view_filter ] --START--
INFO: Run Behavior\WriteHtmlCacheBehavior [ RunTime:0.000092s ]
INFO: [ view_filter ] --END-- [ RunTime:-0.099847s ]
INFO: Run Addons\SystemInfo\SystemInfoAddon [ RunTime:0.100255s ]
SQL: SELECT `config` FROM `jm_addons` WHERE `name` = 'DevTeam' AND `status` = 1 LIMIT 1   [ RunTime:0.0007s ]
INFO: [ view_parse ] --START--
INFO: [ template_filter ] --START--
INFO: Run Behavior\ContentReplaceBehavior [ RunTime:0.000172s ]
INFO: [ template_filter ] --END-- [ RunTime:-0.270367s ]
INFO: Run Behavior\ParseTemplateBehavior [ RunTime:0.015120s ]
INFO: [ view_parse ] --END-- [ RunTime:-0.142327s ]
INFO: [ view_filter ] --START--
INFO: Run Behavior\WriteHtmlCacheBehavior [ RunTime:0.000100s ]
INFO: [ view_filter ] --END-- [ RunTime:-0.157189s ]
INFO: Run Addons\DevTeam\DevTeamAddon [ RunTime:0.057172s ]
INFO: [ AdminIndex ] --END-- [ RunTime:0.260928s ]
INFO: Run Behavior\ParseTemplateBehavior [ RunTime:0.016676s ]
INFO: [ view_parse ] --END-- [ RunTime:-0.142327s ]
INFO: [ view_filter ] --START--
INFO: Run Behavior\WriteHtmlCacheBehavior [ RunTime:0.000078s ]
INFO: [ view_filter ] --END-- [ RunTime:-0.158792s ]
INFO: [ app_end ] --START--
INFO: Run Behavior\ShowPageTraceBehavior [ RunTime:0.002516s ]
INFO: [ app_end ] --END-- [ RunTime:0.002858s ]

[ 2015-07-15T10:39:13+08:00 ] ::1 /admin.php?s=/Product/index.html
INFO: [ app_init ] --START--
INFO: Run Behavior\BuildLiteBehavior [ RunTime:0.000029s ]
INFO: Run Common\Behavior\InitHookBehavior [ RunTime:0.001631s ]
INFO: [ app_init ] --END-- [ RunTime:0.002190s ]
INFO: [ app_begin ] --START--
INFO: Run Behavior\ReadHtmlCacheBehavior [ RunTime:0.000739s ]
INFO: [ app_begin ] --END-- [ RunTime:0.000975s ]
SQL: SHOW COLUMNS FROM `jm_menu` [ RunTime:0.0036s ]
SQL: SELECT `id`,`title`,`url` FROM `jm_menu` WHERE `pid` = 0 AND `hide` = 0 ORDER BY sort asc  [ RunTime:0.0007s ]
SQL: SELECT `pid` FROM `jm_menu` WHERE ( pid !=0 AND url like '%Product/index%' ) LIMIT 1   [ RunTime:0.0024s ]
SQL: SELECT * FROM `jm_menu` WHERE `id` = 213 LIMIT 1   [ RunTime:0.0006s ]
SQL: SELECT DISTINCT  `group` FROM `jm_menu` WHERE `group` <> '' AND `pid` = 213  [ RunTime:0.0007s ]
SQL: SELECT `id`,`url` FROM `jm_menu` WHERE `pid` = 213 AND `hide` = 0  [ RunTime:0.0005s ]
SQL: SELECT `id`,`pid`,`title`,`url`,`tip` FROM `jm_menu` WHERE `group` = '实物项目' AND `pid` = 213 AND `hide` = 0 ORDER BY sort asc  [ RunTime:0.0006s ]
SQL: SHOW COLUMNS FROM `jm_product` [ RunTime:0.0056s ]
SQL: SELECT * FROM `jm_product` ORDER BY update_time desc LIMIT 0,10   [ RunTime:0.0009s ]
SQL: SELECT COUNT(*) AS tp_count FROM `jm_product` LIMIT 1   [ RunTime:0.0003s ]
INFO: [ view_parse ] --START--
INFO: [ template_filter ] --START--
INFO: Run Behavior\ContentReplaceBehavior [ RunTime:0.000331s ]
INFO: [ template_filter ] --END-- [ RunTime:0.000550s ]
NOTIC: [8] Undefined variable: meta_title B:\zyzm\Runtime\Cache\Admin\34e4b095905075aaede5ee9039415509.php 第 5 行.
INFO: Run Behavior\ParseTemplateBehavior [ RunTime:0.068411s ]
INFO: [ view_parse ] --END-- [ RunTime:0.068646s ]
INFO: [ view_filter ] --START--
INFO: Run Behavior\WriteHtmlCacheBehavior [ RunTime:0.001020s ]
INFO: [ view_filter ] --END-- [ RunTime:0.001167s ]
INFO: [ app_end ] --START--
INFO: Run Behavior\ShowPageTraceBehavior [ RunTime:0.000786s ]
INFO: [ app_end ] --END-- [ RunTime:0.000958s ]

[ 2015-07-15T10:39:18+08:00 ] ::1 /admin.php?s=/product/review/status/9/id/6.html
INFO: [ app_init ] --START--
INFO: Run Behavior\BuildLiteBehavior [ RunTime:0.000069s ]
INFO: Run Common\Behavior\InitHookBehavior [ RunTime:0.004335s ]
INFO: [ app_init ] --END-- [ RunTime:0.005304s ]
INFO: [ app_begin ] --START--
INFO: Run Behavior\ReadHtmlCacheBehavior [ RunTime:0.000499s ]
INFO: [ app_begin ] --END-- [ RunTime:0.000604s ]
SQL: SHOW COLUMNS FROM `jm_product` [ RunTime:0.0038s ]
SQL: SELECT * FROM `jm_product` WHERE `id` = 6 LIMIT 1   [ RunTime:0.0010s ]
SQL: UPDATE `jm_product` SET `status`='9' WHERE `id` = 6 [ RunTime:0.0004s ]

[ 2015-07-15T10:39:20+08:00 ] ::1 /admin.php?s=/Product/index.html
INFO: [ app_init ] --START--
INFO: Run Behavior\BuildLiteBehavior [ RunTime:0.000027s ]
INFO: Run Common\Behavior\InitHookBehavior [ RunTime:0.001588s ]
INFO: [ app_init ] --END-- [ RunTime:0.002075s ]
INFO: [ app_begin ] --START--
INFO: Run Behavior\ReadHtmlCacheBehavior [ RunTime:0.000510s ]
INFO: [ app_begin ] --END-- [ RunTime:0.000660s ]
SQL: SHOW COLUMNS FROM `jm_product` [ RunTime:0.0039s ]
SQL: SELECT * FROM `jm_product` ORDER BY update_time desc LIMIT 0,10   [ RunTime:0.0021s ]
SQL: SELECT COUNT(*) AS tp_count FROM `jm_product` LIMIT 1   [ RunTime:0.0003s ]
INFO: [ view_parse ] --START--
INFO: [ template_filter ] --START--
INFO: Run Behavior\ContentReplaceBehavior [ RunTime:0.000243s ]
INFO: [ template_filter ] --END-- [ RunTime:0.000391s ]
NOTIC: [8] Undefined variable: meta_title B:\zyzm\Runtime\Cache\Admin\34e4b095905075aaede5ee9039415509.php 第 5 行.
INFO: Run Behavior\ParseTemplateBehavior [ RunTime:0.034702s ]
INFO: [ view_parse ] --END-- [ RunTime:0.034831s ]
INFO: [ view_filter ] --START--
INFO: Run Behavior\WriteHtmlCacheBehavior [ RunTime:0.000339s ]
INFO: [ view_filter ] --END-- [ RunTime:0.000448s ]
INFO: [ app_end ] --START--
INFO: Run Behavior\ShowPageTraceBehavior [ RunTime:0.000669s ]
INFO: [ app_end ] --END-- [ RunTime:0.000864s ]

[ 2015-07-15T10:39:32+08:00 ] ::1 /admin.php?s=/product/stagechange/status/1/id/6.html
INFO: [ app_init ] --START--
INFO: Run Behavior\BuildLiteBehavior [ RunTime:0.000041s ]
INFO: Run Common\Behavior\InitHookBehavior [ RunTime:0.002904s ]
INFO: [ app_init ] --END-- [ RunTime:0.003719s ]
INFO: [ app_begin ] --START--
INFO: Run Behavior\ReadHtmlCacheBehavior [ RunTime:0.000459s ]
INFO: [ app_begin ] --END-- [ RunTime:0.000612s ]
SQL: SHOW COLUMNS FROM `jm_product` [ RunTime:0.0041s ]
SQL: SELECT * FROM `jm_product` WHERE `id` = 6 LIMIT 1   [ RunTime:0.0008s ]
SQL: UPDATE `jm_product` SET `stage`='1',`update_time`='1436927972' WHERE `id` = 6 [ RunTime:0.0004s ]

[ 2015-07-15T10:39:34+08:00 ] ::1 /admin.php?s=/Product/index.html
INFO: [ app_init ] --START--
INFO: Run Behavior\BuildLiteBehavior [ RunTime:0.000032s ]
INFO: Run Common\Behavior\InitHookBehavior [ RunTime:0.001613s ]
INFO: [ app_init ] --END-- [ RunTime:0.002296s ]
INFO: [ app_begin ] --START--
INFO: Run Behavior\ReadHtmlCacheBehavior [ RunTime:0.000408s ]
INFO: [ app_begin ] --END-- [ RunTime:0.000555s ]
SQL: SHOW COLUMNS FROM `jm_product` [ RunTime:0.0070s ]
SQL: SELECT * FROM `jm_product` ORDER BY update_time desc LIMIT 0,10   [ RunTime:0.0012s ]
SQL: SELECT COUNT(*) AS tp_count FROM `jm_product` LIMIT 1   [ RunTime:0.0003s ]
INFO: [ view_parse ] --START--
INFO: [ template_filter ] --START--
INFO: Run Behavior\ContentReplaceBehavior [ RunTime:0.000197s ]
INFO: [ template_filter ] --END-- [ RunTime:0.000352s ]
NOTIC: [8] Undefined variable: meta_title B:\zyzm\Runtime\Cache\Admin\34e4b095905075aaede5ee9039415509.php 第 5 行.
INFO: Run Behavior\ParseTemplateBehavior [ RunTime:0.035692s ]
INFO: [ view_parse ] --END-- [ RunTime:0.035843s ]
INFO: [ view_filter ] --START--
INFO: Run Behavior\WriteHtmlCacheBehavior [ RunTime:0.000302s ]
INFO: [ view_filter ] --END-- [ RunTime:0.000413s ]
INFO: [ app_end ] --START--
INFO: Run Behavior\ShowPageTraceBehavior [ RunTime:0.000647s ]
INFO: [ app_end ] --END-- [ RunTime:0.000842s ]

[ 2015-07-15T10:39:41+08:00 ] ::1 /admin.php?s=/product/stagechange/status/2/id/6.html
INFO: [ app_init ] --START--
INFO: Run Behavior\BuildLiteBehavior [ RunTime:0.000027s ]
INFO: Run Common\Behavior\InitHookBehavior [ RunTime:0.002488s ]
INFO: [ app_init ] --END-- [ RunTime:0.003081s ]
INFO: [ app_begin ] --START--
INFO: Run Behavior\ReadHtmlCacheBehavior [ RunTime:0.001215s ]
INFO: [ app_begin ] --END-- [ RunTime:0.001456s ]
SQL: SHOW COLUMNS FROM `jm_product` [ RunTime:0.0039s ]
SQL: SELECT * FROM `jm_product` WHERE `id` = 6 LIMIT 1   [ RunTime:0.0008s ]
SQL: UPDATE `jm_product` SET `stage`='2',`update_time`='1436927981',`start_time`='1436889600' WHERE `id` = 6 [ RunTime:0.0004s ]

[ 2015-07-15T10:39:42+08:00 ] ::1 /admin.php?s=/Product/index.html
INFO: [ app_init ] --START--
INFO: Run Behavior\BuildLiteBehavior [ RunTime:0.000029s ]
INFO: Run Common\Behavior\InitHookBehavior [ RunTime:0.002528s ]
INFO: [ app_init ] --END-- [ RunTime:0.003118s ]
INFO: [ app_begin ] --START--
INFO: Run Behavior\ReadHtmlCacheBehavior [ RunTime:0.000641s ]
INFO: [ app_begin ] --END-- [ RunTime:0.000766s ]
SQL: SHOW COLUMNS FROM `jm_product` [ RunTime:0.0039s ]
SQL: SELECT * FROM `jm_product` ORDER BY update_time desc LIMIT 0,10   [ RunTime:0.0012s ]
SQL: SELECT COUNT(*) AS tp_count FROM `jm_product` LIMIT 1   [ RunTime:0.0003s ]
INFO: [ view_parse ] --START--
INFO: [ template_filter ] --START--
INFO: Run Behavior\ContentReplaceBehavior [ RunTime:0.000270s ]
INFO: [ template_filter ] --END-- [ RunTime:0.000486s ]
NOTIC: [8] Undefined variable: meta_title B:\zyzm\Runtime\Cache\Admin\34e4b095905075aaede5ee9039415509.php 第 5 行.
INFO: Run Behavior\ParseTemplateBehavior [ RunTime:0.035233s ]
INFO: [ view_parse ] --END-- [ RunTime:0.035436s ]
INFO: [ view_filter ] --START--
INFO: Run Behavior\WriteHtmlCacheBehavior [ RunTime:0.000555s ]
INFO: [ view_filter ] --END-- [ RunTime:0.000666s ]
INFO: [ app_end ] --START--
INFO: Run Behavior\ShowPageTraceBehavior [ RunTime:0.001006s ]
INFO: [ app_end ] --END-- [ RunTime:0.001195s ]

[ 2015-07-15T13:28:24+08:00 ] ::1 /admin.php
INFO: [ app_init ] --START--
INFO: Run Behavior\BuildLiteBehavior [ RunTime:0.000027s ]
INFO: Run Common\Behavior\InitHookBehavior [ RunTime:0.001503s ]
INFO: [ app_init ] --END-- [ RunTime:0.001970s ]
INFO: [ app_begin ] --START--
INFO: Run Behavior\ReadHtmlCacheBehavior [ RunTime:0.000476s ]
INFO: [ app_begin ] --END-- [ RunTime:0.000612s ]
INFO: [ view_parse ] --START--
INFO: [ template_filter ] --START--
INFO: Run Behavior\ContentReplaceBehavior [ RunTime:0.000147s ]
INFO: [ template_filter ] --END-- [ RunTime:0.000271s ]
INFO: [ AdminIndex ] --START--
SQL: SHOW COLUMNS FROM `jm_addons` [ RunTime:0.0038s ]
SQL: SELECT `config` FROM `jm_addons` WHERE `name` = 'SiteStat' AND `status` = 1 LIMIT 1   [ RunTime:0.0006s ]
SQL: SHOW COLUMNS FROM `jm_member` [ RunTime:0.0056s ]
SQL: SELECT COUNT(*) AS tp_count FROM `jm_member` LIMIT 1   [ RunTime:0.0003s ]
SQL: SHOW COLUMNS FROM `jm_action_log` [ RunTime:0.0037s ]
SQL: SELECT COUNT(*) AS tp_count FROM `jm_action_log` LIMIT 1   [ RunTime:0.0003s ]
SQL: SHOW COLUMNS FROM `jm_document` [ RunTime:0.0051s ]
SQL: SELECT COUNT(*) AS tp_count FROM `jm_document` LIMIT 1   [ RunTime:0.0003s ]
SQL: SHOW COLUMNS FROM `jm_category` [ RunTime:0.0057s ]
SQL: SELECT COUNT(*) AS tp_count FROM `jm_category` LIMIT 1   [ RunTime:0.0004s ]
SQL: SHOW COLUMNS FROM `jm_model` [ RunTime:0.0044s ]
SQL: SELECT COUNT(*) AS tp_count FROM `jm_model` LIMIT 1   [ RunTime:0.0003s ]
INFO: [ view_parse ] --START--
INFO: [ template_filter ] --START--
INFO: Run Behavior\ContentReplaceBehavior [ RunTime:0.000091s ]
INFO: [ template_filter ] --END-- [ RunTime:-0.052156s ]
INFO: Run Behavior\ParseTemplateBehavior [ RunTime:0.005646s ]
INFO: [ view_parse ] --END-- [ RunTime:0.005813s ]
INFO: [ view_filter ] --START--
INFO: Run Behavior\WriteHtmlCacheBehavior [ RunTime:0.000541s ]
INFO: [ view_filter ] --END-- [ RunTime:0.000665s ]
INFO: Run Addons\SiteStat\SiteStatAddon [ RunTime:0.050969s ]
SQL: SELECT `config` FROM `jm_addons` WHERE `name` = 'SystemInfo' AND `status` = 1 LIMIT 1   [ RunTime:0.0005s ]
INFO: [ view_parse ] --START--
INFO: [ template_filter ] --START--
INFO: Run Behavior\ContentReplaceBehavior [ RunTime:0.000082s ]
INFO: [ template_filter ] --END-- [ RunTime:-0.212921s ]
SQL: select version() as v; [ RunTime:0.0004s ]
INFO: Run Behavior\ParseTemplateBehavior [ RunTime:0.004685s ]
INFO: [ view_parse ] --END-- [ RunTime:-0.154648s ]
INFO: [ view_filter ] --START--
INFO: Run Behavior\WriteHtmlCacheBehavior [ RunTime:0.000032s ]
INFO: [ view_filter ] --END-- [ RunTime:-0.158817s ]
INFO: Run Addons\SystemInfo\SystemInfoAddon [ RunTime:0.158885s ]
SQL: SELECT `config` FROM `jm_addons` WHERE `name` = 'DevTeam' AND `status` = 1 LIMIT 1   [ RunTime:0.0013s ]
INFO: [ view_parse ] --START--
INFO: [ template_filter ] --START--
INFO: Run Behavior\ContentReplaceBehavior [ RunTime:0.000133s ]
INFO: [ template_filter ] --END-- [ RunTime:-0.221745s ]
INFO: Run Behavior\ParseTemplateBehavior [ RunTime:0.004122s ]
INFO: [ view_parse ] --END-- [ RunTime:-0.163731s ]
INFO: [ view_filter ] --START--
INFO: Run Behavior\WriteHtmlCacheBehavior [ RunTime:0.000034s ]
INFO: [ view_filter ] --END-- [ RunTime:-0.167349s ]
INFO: Run Addons\DevTeam\DevTeamAddon [ RunTime:0.008481s ]
INFO: [ AdminIndex ] --END-- [ RunTime:0.218598s ]
INFO: Run Behavior\ParseTemplateBehavior [ RunTime:0.004708s ]
INFO: [ view_parse ] --END-- [ RunTime:-0.163731s ]
INFO: [ view_filter ] --START--
INFO: Run Behavior\WriteHtmlCacheBehavior [ RunTime:0.000028s ]
INFO: [ view_filter ] --END-- [ RunTime:-0.167904s ]
INFO: [ app_end ] --START--
INFO: Run Behavior\ShowPageTraceBehavior [ RunTime:0.000964s ]
INFO: [ app_end ] --END-- [ RunTime:0.001113s ]

[ 2015-07-15T13:28:27+08:00 ] ::1 /admin.php?s=/Project/appointed.html
INFO: [ app_init ] --START--
INFO: Run Behavior\BuildLiteBehavior [ RunTime:0.000026s ]
INFO: Run Common\Behavior\InitHookBehavior [ RunTime:0.001437s ]
INFO: [ app_init ] --END-- [ RunTime:0.001919s ]
INFO: [ app_begin ] --START--
INFO: Run Behavior\ReadHtmlCacheBehavior [ RunTime:0.000445s ]
INFO: [ app_begin ] --END-- [ RunTime:0.000578s ]
SQL: SHOW COLUMNS FROM `jm_menu` [ RunTime:0.0040s ]
SQL: SELECT `id`,`title`,`url` FROM `jm_menu` WHERE `pid` = 0 AND `hide` = 0 ORDER BY sort asc  [ RunTime:0.0007s ]
SQL: SELECT `pid` FROM `jm_menu` WHERE ( pid !=0 AND url like '%Project/appointed%' ) LIMIT 1   [ RunTime:0.0012s ]
SQL: SELECT * FROM `jm_menu` WHERE `id` = 124 LIMIT 1   [ RunTime:0.0005s ]
SQL: SELECT DISTINCT  `group` FROM `jm_menu` WHERE `group` <> '' AND `pid` = 124  [ RunTime:0.0006s ]
SQL: SELECT `id`,`url` FROM `jm_menu` WHERE `pid` = 124 AND `hide` = 0  [ RunTime:0.0006s ]
SQL: SELECT `id`,`pid`,`title`,`url`,`tip` FROM `jm_menu` WHERE `group` = '项目管理' AND `pid` = 124 AND `hide` = 0 ORDER BY sort asc  [ RunTime:0.0005s ]
SQL: SELECT `id`,`pid`,`title`,`url`,`tip` FROM `jm_menu` WHERE `group` = '股权项目' AND `pid` = 124 AND `hide` = 0 ORDER BY sort asc  [ RunTime:0.0007s ]
SQL: SHOW COLUMNS FROM `jm_project` [ RunTime:0.0047s ]
SQL: SHOW COLUMNS FROM `jm_ucenter_member` [ RunTime:0.0056s ]
SQL: SHOW COLUMNS FROM `jm_users_detail` [ RunTime:0.0054s ]
SQL: SELECT p.id AS id,p.industry AS industry,p.project_name AS project_name,p.uid AS uid,p.cover AS cover,p.province AS province,p.city AS city,p.create_time AS create_time,p.stage AS stage,p.is_appointed AS is_appointed,p.status AS status,p.oid AS oid,p.mid AS mid,u.username AS username,u.mobile AS mobile,d.name AS name FROM jm_project p LEFT JOIN jm_ucenter_member u ON u.id=p.uid LEFT JOIN jm_users_detail d ON u.id=d.id WHERE p.is_appointed = 0 AND p.status >= 1 ORDER BY p.create_time desc  [ RunTime:0.0008s ]
INFO: [ view_parse ] --START--
INFO: [ template_filter ] --START--
INFO: Run Behavior\ContentReplaceBehavior [ RunTime:0.000269s ]
INFO: [ template_filter ] --END-- [ RunTime:0.000476s ]
NOTIC: [8] Undefined variable: meta_title B:\zyzm\Runtime\Cache\Admin\13a9cd513c7a21979511c4f19423a865.php 第 5 行.
NOTIC: [8] Use of undefined constant city - assumed 'city' B:\zyzm\Runtime\Cache\Admin\13a9cd513c7a21979511c4f19423a865.php 第 113 行.
NOTIC: [8] Use of undefined constant city - assumed 'city' B:\zyzm\Runtime\Cache\Admin\13a9cd513c7a21979511c4f19423a865.php 第 113 行.
NOTIC: [8] Use of undefined constant city - assumed 'city' B:\zyzm\Runtime\Cache\Admin\13a9cd513c7a21979511c4f19423a865.php 第 113 行.
NOTIC: [8] Undefined variable: _page B:\zyzm\Runtime\Cache\Admin\13a9cd513c7a21979511c4f19423a865.php 第 129 行.
INFO: Run Behavior\ParseTemplateBehavior [ RunTime:0.039682s ]
INFO: [ view_parse ] --END-- [ RunTime:0.039880s ]
INFO: [ view_filter ] --START--
INFO: Run Behavior\WriteHtmlCacheBehavior [ RunTime:0.001206s ]
INFO: [ view_filter ] --END-- [ RunTime:0.001376s ]
INFO: [ app_end ] --START--
INFO: Run Behavior\ShowPageTraceBehavior [ RunTime:0.000841s ]
INFO: [ app_end ] --END-- [ RunTime:0.001006s ]

[ 2015-07-15T13:28:35+08:00 ] ::1 /admin.php?s=/Project/stage/stage/4.html
INFO: [ app_init ] --START--
INFO: Run Behavior\BuildLiteBehavior [ RunTime:0.000026s ]
INFO: Run Common\Behavior\InitHookBehavior [ RunTime:0.001624s ]
INFO: [ app_init ] --END-- [ RunTime:0.002179s ]
INFO: [ app_begin ] --START--
INFO: Run Behavior\ReadHtmlCacheBehavior [ RunTime:0.000554s ]
INFO: [ app_begin ] --END-- [ RunTime:0.000701s ]
SQL: SHOW COLUMNS FROM `jm_project` [ RunTime:0.0048s ]
SQL: SELECT * FROM `jm_project` WHERE `status` = '9' AND `stage` = 4 ORDER BY update_time desc  [ RunTime:0.0014s ]
SQL: SHOW COLUMNS FROM `jm_project_fund` [ RunTime:0.0044s ]
SQL: SELECT * FROM `jm_project_fund` WHERE ( project_id = 3 ) LIMIT 1   [ RunTime:0.0005s ]
SQL: SHOW COLUMNS FROM `jm_project_attach` [ RunTime:0.0035s ]
SQL: SELECT COUNT(*) AS tp_count FROM `jm_project_attach` WHERE `project_id` = 3 LIMIT 1   [ RunTime:0.0003s ]
INFO: [ view_parse ] --START--
INFO: [ template_filter ] --START--
INFO: Run Behavior\ContentReplaceBehavior [ RunTime:0.000244s ]
INFO: [ template_filter ] --END-- [ RunTime:0.000371s ]
NOTIC: [8] Undefined variable: meta_title B:\zyzm\Runtime\Cache\Admin\bd7f51a96c96856748cdcf0e0be45b34.php 第 5 行.
NOTIC: [8] Undefined variable: _page B:\zyzm\Runtime\Cache\Admin\bd7f51a96c96856748cdcf0e0be45b34.php 第 157 行.
INFO: Run Behavior\ParseTemplateBehavior [ RunTime:0.066389s ]
INFO: [ view_parse ] --END-- [ RunTime:0.066529s ]
INFO: [ view_filter ] --START--
INFO: Run Behavior\WriteHtmlCacheBehavior [ RunTime:0.000301s ]
INFO: [ view_filter ] --END-- [ RunTime:0.000427s ]
INFO: [ app_end ] --START--
INFO: Run Behavior\ShowPageTraceBehavior [ RunTime:0.001087s ]
INFO: [ app_end ] --END-- [ RunTime:0.001340s ]

[ 2015-07-15T13:28:38+08:00 ] ::1 /admin.php?s=/manage/seeInvestor/pj_id/3.html
INFO: [ app_init ] --START--
INFO: Run Behavior\BuildLiteBehavior [ RunTime:0.000032s ]
INFO: Run Common\Behavior\InitHookBehavior [ RunTime:0.002195s ]
INFO: [ app_init ] --END-- [ RunTime:0.002816s ]
INFO: [ app_begin ] --START--
INFO: Run Behavior\ReadHtmlCacheBehavior [ RunTime:0.001680s ]
INFO: [ app_begin ] --END-- [ RunTime:0.002104s ]
SQL: SHOW COLUMNS FROM `jm_menu` [ RunTime:0.0048s ]
SQL: SELECT `id`,`title`,`url` FROM `jm_menu` WHERE `pid` = 0 AND `hide` = 0 ORDER BY sort asc  [ RunTime:0.0008s ]
SQL: SELECT `pid` FROM `jm_menu` WHERE ( pid !=0 AND url like '%Manage/seeInvestor%' ) LIMIT 1   [ RunTime:0.0021s ]
SQL: SELECT * FROM `jm_menu` WHERE `id` = 134 LIMIT 1   [ RunTime:0.0007s ]
SQL: SELECT * FROM `jm_menu` WHERE `id` = 124 LIMIT 1   [ RunTime:0.0005s ]
SQL: SELECT DISTINCT  `group` FROM `jm_menu` WHERE `group` <> '' AND `pid` = 124  [ RunTime:0.0007s ]
SQL: SELECT `id`,`url` FROM `jm_menu` WHERE `pid` = 124 AND `hide` = 0  [ RunTime:0.0006s ]
SQL: SELECT `id`,`pid`,`title`,`url`,`tip` FROM `jm_menu` WHERE `group` = '项目管理' AND `pid` = 124 AND `hide` = 0 ORDER BY sort asc  [ RunTime:0.0006s ]
SQL: SELECT `id`,`pid`,`title`,`url`,`tip` FROM `jm_menu` WHERE `group` = '股权项目' AND `pid` = 124 AND `hide` = 0 ORDER BY sort asc  [ RunTime:0.0010s ]
SQL: SHOW COLUMNS FROM `jm_project` [ RunTime:0.0060s ]
SQL: SELECT * FROM `jm_project` WHERE `id` = 3 LIMIT 1   [ RunTime:0.0019s ]
SQL: SHOW COLUMNS FROM `jm_project_investor` [ RunTime:0.0038s ]
SQL: SELECT `id`,`investor_id`,`fund`,`status`,`pay_way` FROM `jm_project_investor` WHERE `project_id` = 3 AND `status` > '2' ORDER BY status, create_time desc  [ RunTime:0.0005s ]
SQL: SHOW COLUMNS FROM `jm_users_detail` [ RunTime:0.0058s ]
SQL: SELECT `id` AS `uid`,`name`,`phone` FROM `jm_users_detail` WHERE `id` = 5 LIMIT 1   [ RunTime:0.0004s ]
SQL: SELECT `id` AS `uid`,`name`,`phone` FROM `jm_users_detail` WHERE `id` = 12 LIMIT 1   [ RunTime:0.0004s ]
SQL: SELECT `id` AS `uid`,`name`,`phone` FROM `jm_users_detail` WHERE `id` = 11 LIMIT 1   [ RunTime:0.0015s ]
SQL: SELECT `id` AS `uid`,`name`,`phone` FROM `jm_users_detail` WHERE `id` = 6 LIMIT 1   [ RunTime:0.0004s ]
SQL: SELECT `id` AS `uid`,`name`,`phone` FROM `jm_users_detail` WHERE `id` = 7 LIMIT 1   [ RunTime:0.0003s ]
SQL: SELECT `id` AS `uid`,`name`,`phone` FROM `jm_users_detail` WHERE `id` = 8 LIMIT 1   [ RunTime:0.0004s ]
SQL: SELECT `id` AS `uid`,`name`,`phone` FROM `jm_users_detail` WHERE `id` = 9 LIMIT 1   [ RunTime:0.0003s ]
INFO: [ view_parse ] --START--
INFO: [ template_filter ] --START--
INFO: Run Behavior\ContentReplaceBehavior [ RunTime:0.000225s ]
INFO: [ template_filter ] --END-- [ RunTime:0.000413s ]
NOTIC: [8] Undefined variable: meta_title B:\zyzm\Runtime\Cache\Admin\fd68d956930d05e9740242dfc939d6ef.php 第 5 行.
NOTIC: [8] Use of undefined constant status - assumed 'status' B:\zyzm\Runtime\Cache\Admin\fd68d956930d05e9740242dfc939d6ef.php 第 130 行.
NOTIC: [8] Use of undefined constant status - assumed 'status' B:\zyzm\Runtime\Cache\Admin\fd68d956930d05e9740242dfc939d6ef.php 第 130 行.
NOTIC: [8] Use of undefined constant status - assumed 'status' B:\zyzm\Runtime\Cache\Admin\fd68d956930d05e9740242dfc939d6ef.php 第 130 行.
NOTIC: [8] Use of undefined constant status - assumed 'status' B:\zyzm\Runtime\Cache\Admin\fd68d956930d05e9740242dfc939d6ef.php 第 130 行.
NOTIC: [8] Use of undefined constant status - assumed 'status' B:\zyzm\Runtime\Cache\Admin\fd68d956930d05e9740242dfc939d6ef.php 第 130 行.
NOTIC: [8] Use of undefined constant status - assumed 'status' B:\zyzm\Runtime\Cache\Admin\fd68d956930d05e9740242dfc939d6ef.php 第 130 行.
NOTIC: [8] Use of undefined constant status - assumed 'status' B:\zyzm\Runtime\Cache\Admin\fd68d956930d05e9740242dfc939d6ef.php 第 130 行.
INFO: Run Behavior\ParseTemplateBehavior [ RunTime:0.052309s ]
INFO: [ view_parse ] --END-- [ RunTime:0.052432s ]
INFO: [ view_filter ] --START--
INFO: Run Behavior\WriteHtmlCacheBehavior [ RunTime:0.000269s ]
INFO: [ view_filter ] --END-- [ RunTime:0.000397s ]
INFO: [ app_end ] --START--
INFO: Run Behavior\ShowPageTraceBehavior [ RunTime:0.000879s ]
INFO: [ app_end ] --END-- [ RunTime:0.001069s ]

[ 2015-07-15T13:29:28+08:00 ] ::1 /admin.php?s=/manage/seeInvestor/pj_id/3.html
INFO: [ app_init ] --START--
INFO: Run Behavior\BuildLiteBehavior [ RunTime:0.000085s ]
INFO: Run Common\Behavior\InitHookBehavior [ RunTime:0.004183s ]
INFO: [ app_init ] --END-- [ RunTime:0.006235s ]
INFO: [ app_begin ] --START--
INFO: Run Behavior\ReadHtmlCacheBehavior [ RunTime:0.001694s ]
INFO: [ app_begin ] --END-- [ RunTime:0.001889s ]
SQL: SHOW COLUMNS FROM `jm_project` [ RunTime:0.0077s ]
SQL: SELECT * FROM `jm_project` WHERE `id` = 3 LIMIT 1   [ RunTime:0.0009s ]
SQL: SHOW COLUMNS FROM `jm_project_investor` [ RunTime:0.0043s ]
SQL: SELECT `id`,`investor_id`,`fund`,`status`,`pay_way` FROM `jm_project_investor` WHERE `project_id` = 3 AND `status` > '2' ORDER BY status, create_time desc  [ RunTime:0.0004s ]
SQL: SHOW COLUMNS FROM `jm_users_detail` [ RunTime:0.0048s ]
SQL: SELECT `id` AS `uid`,`name`,`phone` FROM `jm_users_detail` WHERE `id` = 5 LIMIT 1   [ RunTime:0.0005s ]
SQL: SELECT `id` AS `uid`,`name`,`phone` FROM `jm_users_detail` WHERE `id` = 12 LIMIT 1   [ RunTime:0.0007s ]
SQL: SELECT `id` AS `uid`,`name`,`phone` FROM `jm_users_detail` WHERE `id` = 11 LIMIT 1   [ RunTime:0.0007s ]
SQL: SELECT `id` AS `uid`,`name`,`phone` FROM `jm_users_detail` WHERE `id` = 6 LIMIT 1   [ RunTime:0.0003s ]
SQL: SELECT `id` AS `uid`,`name`,`phone` FROM `jm_users_detail` WHERE `id` = 7 LIMIT 1   [ RunTime:0.0003s ]
SQL: SELECT `id` AS `uid`,`name`,`phone` FROM `jm_users_detail` WHERE `id` = 8 LIMIT 1   [ RunTime:0.0004s ]
SQL: SELECT `id` AS `uid`,`name`,`phone` FROM `jm_users_detail` WHERE `id` = 9 LIMIT 1   [ RunTime:0.0003s ]
INFO: [ view_parse ] --START--
INFO: [ template_filter ] --START--
INFO: Run Behavior\ContentReplaceBehavior [ RunTime:0.000308s ]
INFO: [ template_filter ] --END-- [ RunTime:0.000529s ]
NOTIC: [8] Undefined variable: meta_title B:\zyzm\Runtime\Cache\Admin\fd68d956930d05e9740242dfc939d6ef.php 第 5 行.
NOTIC: [8] Use of undefined constant status - assumed 'status' B:\zyzm\Runtime\Cache\Admin\fd68d956930d05e9740242dfc939d6ef.php 第 130 行.
NOTIC: [8] Use of undefined constant status - assumed 'status' B:\zyzm\Runtime\Cache\Admin\fd68d956930d05e9740242dfc939d6ef.php 第 130 行.
NOTIC: [8] Use of undefined constant status - assumed 'status' B:\zyzm\Runtime\Cache\Admin\fd68d956930d05e9740242dfc939d6ef.php 第 130 行.
NOTIC: [8] Use of undefined constant status - assumed 'status' B:\zyzm\Runtime\Cache\Admin\fd68d956930d05e9740242dfc939d6ef.php 第 130 行.
NOTIC: [8] Use of undefined constant status - assumed 'status' B:\zyzm\Runtime\Cache\Admin\fd68d956930d05e9740242dfc939d6ef.php 第 130 行.
NOTIC: [8] Use of undefined constant status - assumed 'status' B:\zyzm\Runtime\Cache\Admin\fd68d956930d05e9740242dfc939d6ef.php 第 130 行.
NOTIC: [8] Use of undefined constant status - assumed 'status' B:\zyzm\Runtime\Cache\Admin\fd68d956930d05e9740242dfc939d6ef.php 第 130 行.
INFO: Run Behavior\ParseTemplateBehavior [ RunTime:0.035439s ]
INFO: [ view_parse ] --END-- [ RunTime:0.035570s ]
INFO: [ view_filter ] --START--
INFO: Run Behavior\WriteHtmlCacheBehavior [ RunTime:0.000465s ]
INFO: [ view_filter ] --END-- [ RunTime:0.000578s ]
INFO: [ app_end ] --START--
INFO: Run Behavior\ShowPageTraceBehavior [ RunTime:0.001140s ]
INFO: [ app_end ] --END-- [ RunTime:0.003886s ]

[ 2015-07-15T13:31:09+08:00 ] ::1 /admin.php?s=/manage/seeInvestor/pj_id/3.html
INFO: [ app_init ] --START--
INFO: Run Behavior\BuildLiteBehavior [ RunTime:0.000027s ]
INFO: Run Common\Behavior\InitHookBehavior [ RunTime:0.002665s ]
INFO: [ app_init ] --END-- [ RunTime:0.003323s ]
INFO: [ app_begin ] --START--
INFO: Run Behavior\ReadHtmlCacheBehavior [ RunTime:0.000741s ]
INFO: [ app_begin ] --END-- [ RunTime:0.000882s ]
SQL: SHOW COLUMNS FROM `jm_project` [ RunTime:0.0063s ]
SQL: SELECT * FROM `jm_project` WHERE `id` = 3 LIMIT 1   [ RunTime:0.0008s ]
SQL: SHOW COLUMNS FROM `jm_project_investor` [ RunTime:0.0040s ]
SQL: SELECT `id`,`investor_id`,`fund`,`status`,`pay_way` FROM `jm_project_investor` WHERE `project_id` = 3 AND `status` > '2' ORDER BY status, create_time desc  [ RunTime:0.0004s ]
NOTIC: [2] Invalid argument supplied for foreach() B:\zyzm\Application\Admin\Controller\ManageController.class.php 第 49 行.
INFO: [ view_parse ] --START--
INFO: [ template_filter ] --START--
INFO: Run Behavior\ContentReplaceBehavior [ RunTime:0.000181s ]
INFO: [ template_filter ] --END-- [ RunTime:0.000306s ]
NOTIC: [8] Undefined variable: meta_title B:\zyzm\Runtime\Cache\Admin\fd68d956930d05e9740242dfc939d6ef.php 第 5 行.
INFO: Run Behavior\ParseTemplateBehavior [ RunTime:0.027566s ]
INFO: [ view_parse ] --END-- [ RunTime:0.027692s ]
INFO: [ view_filter ] --START--
INFO: Run Behavior\WriteHtmlCacheBehavior [ RunTime:0.000541s ]
INFO: [ view_filter ] --END-- [ RunTime:0.000655s ]
INFO: [ app_end ] --START--
INFO: Run Behavior\ShowPageTraceBehavior [ RunTime:0.000952s ]
INFO: [ app_end ] --END-- [ RunTime:0.001135s ]

