[ 2015-07-02T09:52:40+08:00 ] ::1 /admin.php
INFO: [ app_init ] --START--
INFO: Run Behavior\BuildLiteBehavior [ RunTime:0.000032s ]
INFO: Run Common\Behavior\InitHookBehavior [ RunTime:0.003845s ]
INFO: [ app_init ] --END-- [ RunTime:0.005197s ]
INFO: [ app_begin ] --START--
INFO: Run Behavior\ReadHtmlCacheBehavior [ RunTime:0.002868s ]
INFO: [ app_begin ] --END-- [ RunTime:0.003071s ]
SQL: SHOW COLUMNS FROM `jm_menu` [ RunTime:0.0252s ]
SQL: SELECT `id`,`title`,`url` FROM `jm_menu` WHERE `pid` = 0 AND `hide` = 0 ORDER BY sort asc  [ RunTime:0.0280s ]
SQL: SELECT `pid` FROM `jm_menu` WHERE ( pid !=0 AND url like '%Index/index%' ) LIMIT 1   [ RunTime:0.0023s ]
INFO: [ view_parse ] --START--
INFO: [ template_filter ] --START--
INFO: Run Behavior\ContentReplaceBehavior [ RunTime:0.000185s ]
INFO: [ template_filter ] --END-- [ RunTime:0.000342s ]
INFO: [ AdminIndex ] --START--
SQL: SHOW COLUMNS FROM `jm_addons` [ RunTime:0.0281s ]
SQL: SELECT `config` FROM `jm_addons` WHERE `name` = 'SiteStat' AND `status` = 1 LIMIT 1   [ RunTime:0.0004s ]
SQL: SHOW COLUMNS FROM `jm_member` [ RunTime:0.0286s ]
SQL: SELECT COUNT(*) AS tp_count FROM `jm_member` LIMIT 1   [ RunTime:0.0003s ]
SQL: SHOW COLUMNS FROM `jm_action_log` [ RunTime:0.0128s ]
SQL: SELECT COUNT(*) AS tp_count FROM `jm_action_log` LIMIT 1   [ RunTime:0.0002s ]
SQL: SHOW COLUMNS FROM `jm_document` [ RunTime:0.0084s ]
SQL: SELECT COUNT(*) AS tp_count FROM `jm_document` LIMIT 1   [ RunTime:0.0010s ]
SQL: SHOW COLUMNS FROM `jm_category` [ RunTime:0.0215s ]
SQL: SELECT COUNT(*) AS tp_count FROM `jm_category` LIMIT 1   [ RunTime:0.0003s ]
SQL: SHOW COLUMNS FROM `jm_model` [ RunTime:0.0159s ]
SQL: SELECT COUNT(*) AS tp_count FROM `jm_model` LIMIT 1   [ RunTime:0.0003s ]
INFO: [ view_parse ] --START--
INFO: [ template_filter ] --START--
INFO: Run Behavior\ContentReplaceBehavior [ RunTime:0.000156s ]
INFO: [ template_filter ] --END-- [ RunTime:-0.151954s ]
INFO: Run Behavior\ParseTemplateBehavior [ RunTime:0.007471s ]
INFO: [ view_parse ] --END-- [ RunTime:0.008333s ]
INFO: [ view_filter ] --START--
INFO: Run Behavior\WriteHtmlCacheBehavior [ RunTime:0.001280s ]
INFO: [ view_filter ] --END-- [ RunTime:0.001578s ]
INFO: Run Addons\SiteStat\SiteStatAddon [ RunTime:0.148929s ]
SQL: SELECT `config` FROM `jm_addons` WHERE `name` = 'SystemInfo' AND `status` = 1 LIMIT 1   [ RunTime:0.0004s ]
INFO: [ view_parse ] --START--
INFO: [ template_filter ] --START--
INFO: Run Behavior\ContentReplaceBehavior [ RunTime:0.000086s ]
INFO: [ template_filter ] --END-- [ RunTime:-0.277570s ]
SQL: select version() as v; [ RunTime:0.0002s ]
INFO: Run Behavior\ParseTemplateBehavior [ RunTime:0.006506s ]
INFO: [ view_parse ] --END-- [ RunTime:-0.117725s ]
INFO: [ view_filter ] --START--
INFO: Run Behavior\WriteHtmlCacheBehavior [ RunTime:0.000033s ]
INFO: [ view_filter ] --END-- [ RunTime:-0.122643s ]
INFO: Run Addons\SystemInfo\SystemInfoAddon [ RunTime:0.122688s ]
SQL: SELECT `config` FROM `jm_addons` WHERE `name` = 'DevTeam' AND `status` = 1 LIMIT 1   [ RunTime:0.0010s ]
INFO: [ view_parse ] --START--
INFO: [ template_filter ] --START--
INFO: Run Behavior\ContentReplaceBehavior [ RunTime:0.000149s ]
INFO: [ template_filter ] --END-- [ RunTime:-0.292487s ]
INFO: Run Behavior\ParseTemplateBehavior [ RunTime:0.004906s ]
INFO: [ view_parse ] --END-- [ RunTime:-0.134084s ]
INFO: [ view_filter ] --START--
INFO: Run Behavior\WriteHtmlCacheBehavior [ RunTime:0.000038s ]
INFO: [ view_filter ] --END-- [ RunTime:-0.137407s ]
INFO: Run Addons\DevTeam\DevTeamAddon [ RunTime:0.014705s ]
INFO: [ AdminIndex ] --END-- [ RunTime:0.286612s ]
INFO: Run Behavior\ParseTemplateBehavior [ RunTime:0.005564s ]
INFO: [ view_parse ] --END-- [ RunTime:-0.134084s ]
INFO: [ view_filter ] --START--
INFO: Run Behavior\WriteHtmlCacheBehavior [ RunTime:0.000034s ]
INFO: [ view_filter ] --END-- [ RunTime:-0.138031s ]
INFO: [ app_end ] --START--
INFO: Run Behavior\ShowPageTraceBehavior [ RunTime:0.001728s ]
INFO: [ app_end ] --END-- [ RunTime:0.001949s ]

[ 2015-07-02T09:52:46+08:00 ] ::1 /admin.php?s=/Infomation/index.html
INFO: [ app_init ] --START--
INFO: Run Behavior\BuildLiteBehavior [ RunTime:0.000027s ]
INFO: Run Common\Behavior\InitHookBehavior [ RunTime:0.003621s ]
INFO: [ app_init ] --END-- [ RunTime:0.004383s ]
INFO: [ app_begin ] --START--
INFO: Run Behavior\ReadHtmlCacheBehavior [ RunTime:0.001114s ]
INFO: [ app_begin ] --END-- [ RunTime:0.001285s ]
SQL: SHOW COLUMNS FROM `jm_menu` [ RunTime:0.0291s ]
SQL: SELECT `id`,`title`,`url` FROM `jm_menu` WHERE `pid` = 0 AND `hide` = 0 ORDER BY sort asc  [ RunTime:0.0011s ]
SQL: SELECT `pid` FROM `jm_menu` WHERE ( pid !=0 AND url like '%Infomation/index%' ) LIMIT 1   [ RunTime:0.0022s ]
SQL: SELECT * FROM `jm_menu` WHERE `id` = 186 LIMIT 1   [ RunTime:0.0005s ]
SQL: SELECT DISTINCT  `group` FROM `jm_menu` WHERE `group` <> '' AND `pid` = 186  [ RunTime:0.0008s ]
SQL: SELECT `id`,`url` FROM `jm_menu` WHERE `pid` = 186 AND `hide` = 0  [ RunTime:0.0006s ]
SQL: SELECT `id`,`pid`,`title`,`url`,`tip` FROM `jm_menu` WHERE `group` = '文案管理' AND `pid` = 186 AND `hide` = 0 ORDER BY sort asc  [ RunTime:0.0007s ]
SQL: SELECT `id`,`pid`,`title`,`url`,`tip` FROM `jm_menu` WHERE `group` = '协议管理' AND `pid` = 186 AND `hide` = 0 ORDER BY sort asc  [ RunTime:0.0006s ]
SQL: SELECT `id`,`pid`,`title`,`url`,`tip` FROM `jm_menu` WHERE `group` = '短信服务' AND `pid` = 186 AND `hide` = 0 ORDER BY sort asc  [ RunTime:0.0006s ]
SQL: SELECT `id`,`pid`,`title`,`url`,`tip` FROM `jm_menu` WHERE `group` = '第三方平台' AND `pid` = 186 AND `hide` = 0 ORDER BY sort asc  [ RunTime:0.0008s ]
SQL: SHOW COLUMNS FROM `jm_infomation` [ RunTime:0.0290s ]
SQL: SELECT * FROM `jm_infomation` ORDER BY status desc,level desc,id desc  [ RunTime:0.0006s ]
INFO: [ view_parse ] --START--
INFO: [ template_filter ] --START--
INFO: Run Behavior\ContentReplaceBehavior [ RunTime:0.000216s ]
INFO: [ template_filter ] --END-- [ RunTime:0.000363s ]
NOTIC: [8] Undefined variable: meta_title D:\wamp\www\Runtime\Cache\Admin\fd2b3db3d8a45fa3e6ed1d5571bd3739.php 第 5 行.
NOTIC: [8] Undefined variable: cate_id D:\wamp\www\Runtime\Cache\Admin\fd2b3db3d8a45fa3e6ed1d5571bd3739.php 第 98 行.
NOTIC: [8] Undefined variable: _page D:\wamp\www\Runtime\Cache\Admin\fd2b3db3d8a45fa3e6ed1d5571bd3739.php 第 145 行.
INFO: Run Behavior\ParseTemplateBehavior [ RunTime:0.055356s ]
INFO: [ view_parse ] --END-- [ RunTime:0.055507s ]
INFO: [ view_filter ] --START--
INFO: Run Behavior\WriteHtmlCacheBehavior [ RunTime:0.000926s ]
INFO: [ view_filter ] --END-- [ RunTime:0.001068s ]
INFO: [ app_end ] --START--
INFO: Run Behavior\ShowPageTraceBehavior [ RunTime:0.001921s ]
INFO: [ app_end ] --END-- [ RunTime:0.002173s ]

[ 2015-07-02T09:53:14+08:00 ] ::1 /admin.php?s=/Config/group.html
INFO: [ app_init ] --START--
INFO: Run Behavior\BuildLiteBehavior [ RunTime:0.000028s ]
INFO: Run Common\Behavior\InitHookBehavior [ RunTime:0.003108s ]
INFO: [ app_init ] --END-- [ RunTime:0.003772s ]
INFO: [ app_begin ] --START--
INFO: Run Behavior\ReadHtmlCacheBehavior [ RunTime:0.001075s ]
INFO: [ app_begin ] --END-- [ RunTime:0.001218s ]
SQL: SHOW COLUMNS FROM `jm_menu` [ RunTime:0.0098s ]
SQL: SELECT `id`,`title`,`url` FROM `jm_menu` WHERE `pid` = 0 AND `hide` = 0 ORDER BY sort asc  [ RunTime:0.0005s ]
SQL: SELECT `pid` FROM `jm_menu` WHERE ( pid !=0 AND url like '%Config/group%' ) LIMIT 1   [ RunTime:0.0009s ]
SQL: SELECT * FROM `jm_menu` WHERE `id` = 68 LIMIT 1   [ RunTime:0.0004s ]
SQL: SELECT DISTINCT  `group` FROM `jm_menu` WHERE `group` <> '' AND `pid` = 68  [ RunTime:0.0007s ]
SQL: SELECT `id`,`url` FROM `jm_menu` WHERE `pid` = 68 AND `hide` = 0  [ RunTime:0.0007s ]
SQL: SELECT `id`,`pid`,`title`,`url`,`tip` FROM `jm_menu` WHERE `group` = '系统设置' AND `pid` = 68 AND `hide` = 0 ORDER BY sort asc  [ RunTime:0.0007s ]
SQL: SELECT `id`,`pid`,`title`,`url`,`tip` FROM `jm_menu` WHERE `group` = '数据备份' AND `pid` = 68 AND `hide` = 0 ORDER BY sort asc  [ RunTime:0.0007s ]
SQL: SHOW COLUMNS FROM `jm_config` [ RunTime:0.0100s ]
SQL: SELECT `id`,`name`,`title`,`extra`,`value`,`remark`,`type` FROM `jm_config` WHERE `status` = 1 AND `group` = 1 ORDER BY sort  [ RunTime:0.0070s ]
INFO: [ view_parse ] --START--
INFO: [ template_filter ] --START--
INFO: Run Behavior\ContentReplaceBehavior [ RunTime:0.000223s ]
INFO: [ template_filter ] --END-- [ RunTime:0.000383s ]
INFO: Run Behavior\ParseTemplateBehavior [ RunTime:0.051768s ]
INFO: [ view_parse ] --END-- [ RunTime:0.051948s ]
INFO: [ view_filter ] --START--
INFO: Run Behavior\WriteHtmlCacheBehavior [ RunTime:0.001019s ]
INFO: [ view_filter ] --END-- [ RunTime:0.001228s ]
INFO: [ app_end ] --START--
INFO: Run Behavior\ShowPageTraceBehavior [ RunTime:0.007490s ]
INFO: [ app_end ] --END-- [ RunTime:0.007959s ]

[ 2015-07-02T09:53:51+08:00 ] ::1 /admin.php?s=/Config/group/id/2.html
INFO: [ app_init ] --START--
INFO: Run Behavior\BuildLiteBehavior [ RunTime:0.000047s ]
INFO: Run Common\Behavior\InitHookBehavior [ RunTime:0.007407s ]
INFO: [ app_init ] --END-- [ RunTime:0.008402s ]
INFO: [ app_begin ] --START--
INFO: Run Behavior\ReadHtmlCacheBehavior [ RunTime:0.001563s ]
INFO: [ app_begin ] --END-- [ RunTime:0.001804s ]
SQL: SHOW COLUMNS FROM `jm_config` [ RunTime:0.0198s ]
SQL: SELECT `id`,`name`,`title`,`extra`,`value`,`remark`,`type` FROM `jm_config` WHERE `status` = 1 AND `group` = 2 ORDER BY sort  [ RunTime:0.0006s ]
INFO: [ view_parse ] --START--
INFO: [ template_filter ] --START--
INFO: Run Behavior\ContentReplaceBehavior [ RunTime:0.000203s ]
INFO: [ template_filter ] --END-- [ RunTime:0.000396s ]
INFO: Run Behavior\ParseTemplateBehavior [ RunTime:0.037709s ]
INFO: [ view_parse ] --END-- [ RunTime:0.037866s ]
INFO: [ view_filter ] --START--
INFO: Run Behavior\WriteHtmlCacheBehavior [ RunTime:0.000861s ]
INFO: [ view_filter ] --END-- [ RunTime:0.000989s ]
INFO: [ app_end ] --START--
INFO: Run Behavior\ShowPageTraceBehavior [ RunTime:0.001316s ]
INFO: [ app_end ] --END-- [ RunTime:0.001485s ]

[ 2015-07-02T09:53:55+08:00 ] ::1 /admin.php?s=/Config/group/id/3.html
INFO: [ app_init ] --START--
INFO: Run Behavior\BuildLiteBehavior [ RunTime:0.000033s ]
INFO: Run Common\Behavior\InitHookBehavior [ RunTime:0.004389s ]
INFO: [ app_init ] --END-- [ RunTime:0.005402s ]
INFO: [ app_begin ] --START--
INFO: Run Behavior\ReadHtmlCacheBehavior [ RunTime:0.001086s ]
INFO: [ app_begin ] --END-- [ RunTime:0.001257s ]
SQL: SHOW COLUMNS FROM `jm_config` [ RunTime:0.0110s ]
SQL: SELECT `id`,`name`,`title`,`extra`,`value`,`remark`,`type` FROM `jm_config` WHERE `status` = 1 AND `group` = 3 ORDER BY sort  [ RunTime:0.0004s ]
INFO: [ view_parse ] --START--
INFO: [ template_filter ] --START--
INFO: Run Behavior\ContentReplaceBehavior [ RunTime:0.000287s ]
INFO: [ template_filter ] --END-- [ RunTime:0.000441s ]
INFO: Run Behavior\ParseTemplateBehavior [ RunTime:0.036670s ]
INFO: [ view_parse ] --END-- [ RunTime:0.036871s ]
INFO: [ view_filter ] --START--
INFO: Run Behavior\WriteHtmlCacheBehavior [ RunTime:0.000949s ]
INFO: [ view_filter ] --END-- [ RunTime:0.001102s ]
INFO: [ app_end ] --START--
INFO: Run Behavior\ShowPageTraceBehavior [ RunTime:0.001665s ]
INFO: [ app_end ] --END-- [ RunTime:0.001946s ]

[ 2015-07-02T09:54:01+08:00 ] ::1 /admin.php?s=/Config/group/id/2.html
INFO: [ app_init ] --START--
INFO: Run Behavior\BuildLiteBehavior [ RunTime:0.000028s ]
INFO: Run Common\Behavior\InitHookBehavior [ RunTime:0.003089s ]
INFO: [ app_init ] --END-- [ RunTime:0.003751s ]
INFO: [ app_begin ] --START--
INFO: Run Behavior\ReadHtmlCacheBehavior [ RunTime:0.001236s ]
INFO: [ app_begin ] --END-- [ RunTime:0.001401s ]
SQL: SHOW COLUMNS FROM `jm_config` [ RunTime:0.0101s ]
SQL: SELECT `id`,`name`,`title`,`extra`,`value`,`remark`,`type` FROM `jm_config` WHERE `status` = 1 AND `group` = 2 ORDER BY sort  [ RunTime:0.0006s ]
INFO: [ view_parse ] --START--
INFO: [ template_filter ] --START--
INFO: Run Behavior\ContentReplaceBehavior [ RunTime:0.000187s ]
INFO: [ template_filter ] --END-- [ RunTime:0.000329s ]
INFO: Run Behavior\ParseTemplateBehavior [ RunTime:0.032529s ]
INFO: [ view_parse ] --END-- [ RunTime:0.032684s ]
INFO: [ view_filter ] --START--
INFO: Run Behavior\WriteHtmlCacheBehavior [ RunTime:0.000859s ]
INFO: [ view_filter ] --END-- [ RunTime:0.000988s ]
INFO: [ app_end ] --START--
INFO: Run Behavior\ShowPageTraceBehavior [ RunTime:0.001503s ]
INFO: [ app_end ] --END-- [ RunTime:0.001687s ]

[ 2015-07-02T09:54:05+08:00 ] ::1 /admin.php?s=/Config/group/id/4.html
INFO: [ app_init ] --START--
INFO: Run Behavior\BuildLiteBehavior [ RunTime:0.000031s ]
INFO: Run Common\Behavior\InitHookBehavior [ RunTime:0.003275s ]
INFO: [ app_init ] --END-- [ RunTime:0.004036s ]
INFO: [ app_begin ] --START--
INFO: Run Behavior\ReadHtmlCacheBehavior [ RunTime:0.001577s ]
INFO: [ app_begin ] --END-- [ RunTime:0.001822s ]
SQL: SHOW COLUMNS FROM `jm_config` [ RunTime:0.0101s ]
SQL: SELECT `id`,`name`,`title`,`extra`,`value`,`remark`,`type` FROM `jm_config` WHERE `status` = 1 AND `group` = 4 ORDER BY sort  [ RunTime:0.0007s ]
INFO: [ view_parse ] --START--
INFO: [ template_filter ] --START--
INFO: Run Behavior\ContentReplaceBehavior [ RunTime:0.000658s ]
INFO: [ template_filter ] --END-- [ RunTime:0.000930s ]
INFO: Run Behavior\ParseTemplateBehavior [ RunTime:0.054909s ]
INFO: [ view_parse ] --END-- [ RunTime:0.055129s ]
INFO: [ view_filter ] --START--
INFO: Run Behavior\WriteHtmlCacheBehavior [ RunTime:0.001218s ]
INFO: [ view_filter ] --END-- [ RunTime:0.001474s ]
INFO: [ app_end ] --START--
INFO: Run Behavior\ShowPageTraceBehavior [ RunTime:0.001708s ]
INFO: [ app_end ] --END-- [ RunTime:0.001980s ]

[ 2015-07-02T09:54:17+08:00 ] ::1 /admin.php?s=/Product/index.html
INFO: [ app_init ] --START--
INFO: Run Behavior\BuildLiteBehavior [ RunTime:0.000029s ]
INFO: Run Common\Behavior\InitHookBehavior [ RunTime:0.003347s ]
INFO: [ app_init ] --END-- [ RunTime:0.004119s ]
INFO: [ app_begin ] --START--
INFO: Run Behavior\ReadHtmlCacheBehavior [ RunTime:0.000877s ]
INFO: [ app_begin ] --END-- [ RunTime:0.001016s ]
SQL: SHOW COLUMNS FROM `jm_menu` [ RunTime:0.0089s ]
SQL: SELECT `id`,`title`,`url` FROM `jm_menu` WHERE `pid` = 0 AND `hide` = 0 ORDER BY sort asc  [ RunTime:0.0004s ]
SQL: SELECT `pid` FROM `jm_menu` WHERE ( pid !=0 AND url like '%Product/index%' ) LIMIT 1   [ RunTime:0.0021s ]
SQL: SELECT * FROM `jm_menu` WHERE `id` = 213 LIMIT 1   [ RunTime:0.0003s ]
SQL: SELECT DISTINCT  `group` FROM `jm_menu` WHERE `group` <> '' AND `pid` = 213  [ RunTime:0.0007s ]
SQL: SELECT `id`,`url` FROM `jm_menu` WHERE `pid` = 213 AND `hide` = 0  [ RunTime:0.0004s ]
SQL: SELECT `id`,`pid`,`title`,`url`,`tip` FROM `jm_menu` WHERE `group` = '实物项目' AND `pid` = 213 AND `hide` = 0 ORDER BY sort asc  [ RunTime:0.0004s ]
SQL: SHOW COLUMNS FROM `jm_product` [ RunTime:0.0082s ]
SQL: SELECT * FROM `jm_product` ORDER BY update_time desc LIMIT 0,10   [ RunTime:0.0004s ]
SQL: SELECT COUNT(*) AS tp_count FROM `jm_product` LIMIT 1   [ RunTime:0.0003s ]
INFO: [ view_parse ] --START--
INFO: [ template_filter ] --START--
INFO: Run Behavior\ContentReplaceBehavior [ RunTime:0.000202s ]
INFO: [ template_filter ] --END-- [ RunTime:0.000338s ]
NOTIC: [8] Undefined variable: meta_title D:\wamp\www\Runtime\Cache\Admin\34e4b095905075aaede5ee9039415509.php 第 5 行.
INFO: Run Behavior\ParseTemplateBehavior [ RunTime:0.048189s ]
INFO: [ view_parse ] --END-- [ RunTime:0.048526s ]
INFO: [ view_filter ] --START--
INFO: Run Behavior\WriteHtmlCacheBehavior [ RunTime:0.001031s ]
INFO: [ view_filter ] --END-- [ RunTime:0.001227s ]
INFO: [ app_end ] --START--
INFO: Run Behavior\ShowPageTraceBehavior [ RunTime:0.001626s ]
INFO: [ app_end ] --END-- [ RunTime:0.001845s ]

[ 2015-07-02T09:54:20+08:00 ] ::1 /admin.php?s=/Infomation/index.html
INFO: [ app_init ] --START--
INFO: Run Behavior\BuildLiteBehavior [ RunTime:0.000028s ]
INFO: Run Common\Behavior\InitHookBehavior [ RunTime:0.003065s ]
INFO: [ app_init ] --END-- [ RunTime:0.003728s ]
INFO: [ app_begin ] --START--
INFO: Run Behavior\ReadHtmlCacheBehavior [ RunTime:0.001010s ]
INFO: [ app_begin ] --END-- [ RunTime:0.001159s ]
SQL: SHOW COLUMNS FROM `jm_infomation` [ RunTime:0.0093s ]
SQL: SELECT * FROM `jm_infomation` ORDER BY status desc,level desc,id desc  [ RunTime:0.0004s ]
INFO: [ view_parse ] --START--
INFO: [ template_filter ] --START--
INFO: Run Behavior\ContentReplaceBehavior [ RunTime:0.000229s ]
INFO: [ template_filter ] --END-- [ RunTime:0.000369s ]
NOTIC: [8] Undefined variable: meta_title D:\wamp\www\Runtime\Cache\Admin\fd2b3db3d8a45fa3e6ed1d5571bd3739.php 第 5 行.
NOTIC: [8] Undefined variable: cate_id D:\wamp\www\Runtime\Cache\Admin\fd2b3db3d8a45fa3e6ed1d5571bd3739.php 第 98 行.
NOTIC: [8] Undefined variable: _page D:\wamp\www\Runtime\Cache\Admin\fd2b3db3d8a45fa3e6ed1d5571bd3739.php 第 145 行.
INFO: Run Behavior\ParseTemplateBehavior [ RunTime:0.038166s ]
INFO: [ view_parse ] --END-- [ RunTime:0.038370s ]
INFO: [ view_filter ] --START--
INFO: Run Behavior\WriteHtmlCacheBehavior [ RunTime:0.000968s ]
INFO: [ view_filter ] --END-- [ RunTime:0.001121s ]
INFO: [ app_end ] --START--
INFO: Run Behavior\ShowPageTraceBehavior [ RunTime:0.001648s ]
INFO: [ app_end ] --END-- [ RunTime:0.001869s ]

[ 2015-07-02T10:26:25+08:00 ] ::1 /admin.php?s=/Config/group.html
INFO: [ app_init ] --START--
INFO: Run Behavior\BuildLiteBehavior [ RunTime:0.000031s ]
INFO: Run Common\Behavior\InitHookBehavior [ RunTime:0.005166s ]
INFO: [ app_init ] --END-- [ RunTime:0.026519s ]
INFO: [ app_begin ] --START--
INFO: Run Behavior\ReadHtmlCacheBehavior [ RunTime:0.001279s ]
INFO: [ app_begin ] --END-- [ RunTime:0.001447s ]
SQL: SHOW COLUMNS FROM `jm_config` [ RunTime:0.0435s ]
SQL: SELECT `id`,`name`,`title`,`extra`,`value`,`remark`,`type` FROM `jm_config` WHERE `status` = 1 AND `group` = 1 ORDER BY sort  [ RunTime:0.0008s ]
INFO: [ view_parse ] --START--
INFO: [ template_filter ] --START--
INFO: Run Behavior\ContentReplaceBehavior [ RunTime:0.000308s ]
INFO: [ template_filter ] --END-- [ RunTime:0.000511s ]
INFO: Run Behavior\ParseTemplateBehavior [ RunTime:0.073445s ]
INFO: [ view_parse ] --END-- [ RunTime:0.073690s ]
INFO: [ view_filter ] --START--
INFO: Run Behavior\WriteHtmlCacheBehavior [ RunTime:0.001552s ]
INFO: [ view_filter ] --END-- [ RunTime:0.001780s ]
INFO: [ app_end ] --START--
INFO: Run Behavior\ShowPageTraceBehavior [ RunTime:0.001993s ]
INFO: [ app_end ] --END-- [ RunTime:0.002261s ]

[ 2015-07-02T10:26:27+08:00 ] ::1 /admin.php?s=/Menu/index.html
INFO: [ app_init ] --START--
INFO: Run Behavior\BuildLiteBehavior [ RunTime:0.000028s ]
INFO: Run Common\Behavior\InitHookBehavior [ RunTime:0.003231s ]
INFO: [ app_init ] --END-- [ RunTime:0.003918s ]
INFO: [ app_begin ] --START--
INFO: Run Behavior\ReadHtmlCacheBehavior [ RunTime:0.002982s ]
INFO: [ app_begin ] --END-- [ RunTime:0.003237s ]
SQL: SHOW COLUMNS FROM `jm_menu` [ RunTime:0.0129s ]
SQL: SELECT `id`,`title`,`url` FROM `jm_menu` WHERE `pid` = 0 AND `hide` = 0 ORDER BY sort asc  [ RunTime:0.0004s ]
SQL: SELECT `pid` FROM `jm_menu` WHERE ( pid !=0 AND url like '%Menu/index%' ) LIMIT 1   [ RunTime:0.0012s ]
SQL: SELECT * FROM `jm_menu` WHERE `id` = 68 LIMIT 1   [ RunTime:0.0004s ]
SQL: SELECT DISTINCT  `group` FROM `jm_menu` WHERE `group` <> '' AND `pid` = 68  [ RunTime:0.0008s ]
SQL: SELECT `id`,`url` FROM `jm_menu` WHERE `pid` = 68 AND `hide` = 0  [ RunTime:0.0005s ]
SQL: SELECT `id`,`pid`,`title`,`url`,`tip` FROM `jm_menu` WHERE `group` = '系统设置' AND `pid` = 68 AND `hide` = 0 ORDER BY sort asc  [ RunTime:0.0007s ]
SQL: SELECT `id`,`pid`,`title`,`url`,`tip` FROM `jm_menu` WHERE `group` = '数据备份' AND `pid` = 68 AND `hide` = 0 ORDER BY sort asc  [ RunTime:0.0007s ]
SQL: SELECT `id`,`title` FROM `jm_menu`  [ RunTime:0.0011s ]
SQL: SELECT `id`,`title`,`pid`,`sort`,`url`,`hide`,`tip`,`group`,`is_dev`,`status` FROM `jm_menu` WHERE `pid` = 0 ORDER BY sort asc,id asc  [ RunTime:0.0051s ]
INFO: [ view_parse ] --START--
INFO: [ template_filter ] --START--
INFO: Run Behavior\ContentReplaceBehavior [ RunTime:0.000239s ]
INFO: [ template_filter ] --END-- [ RunTime:0.000386s ]
INFO: Run Behavior\ParseTemplateBehavior [ RunTime:0.067350s ]
INFO: [ view_parse ] --END-- [ RunTime:0.067539s ]
INFO: [ view_filter ] --START--
INFO: Run Behavior\WriteHtmlCacheBehavior [ RunTime:0.000906s ]
INFO: [ view_filter ] --END-- [ RunTime:0.001043s ]
INFO: [ app_end ] --START--
INFO: Run Behavior\ShowPageTraceBehavior [ RunTime:0.002555s ]
INFO: [ app_end ] --END-- [ RunTime:0.002869s ]

[ 2015-07-02T10:26:41+08:00 ] ::1 /admin.php?s=/Menu/add/pid/0.html
INFO: [ app_init ] --START--
INFO: Run Behavior\BuildLiteBehavior [ RunTime:0.000028s ]
INFO: Run Common\Behavior\InitHookBehavior [ RunTime:0.003234s ]
INFO: [ app_init ] --END-- [ RunTime:0.003989s ]
INFO: [ app_begin ] --START--
INFO: Run Behavior\ReadHtmlCacheBehavior [ RunTime:0.001421s ]
INFO: [ app_begin ] --END-- [ RunTime:0.001586s ]
SQL: SHOW COLUMNS FROM `jm_menu` [ RunTime:0.0094s ]
SQL: SELECT `id`,`title`,`pid`,`sort`,`url`,`hide`,`tip`,`group`,`is_dev`,`status` FROM `jm_menu`  [ RunTime:0.0017s ]
INFO: [ view_parse ] --START--
INFO: [ template_filter ] --START--
INFO: Run Behavior\ContentReplaceBehavior [ RunTime:0.000220s ]
INFO: [ template_filter ] --END-- [ RunTime:0.000368s ]
INFO: Run Behavior\ParseTemplateBehavior [ RunTime:0.042340s ]
INFO: [ view_parse ] --END-- [ RunTime:0.042506s ]
INFO: [ view_filter ] --START--
INFO: Run Behavior\WriteHtmlCacheBehavior [ RunTime:0.000878s ]
INFO: [ view_filter ] --END-- [ RunTime:0.001017s ]
INFO: [ app_end ] --START--
INFO: Run Behavior\ShowPageTraceBehavior [ RunTime:0.001913s ]
INFO: [ app_end ] --END-- [ RunTime:0.002310s ]

[ 2015-07-02T10:30:28+08:00 ] ::1 /admin.php
INFO: [ app_init ] --START--
INFO: Run Behavior\BuildLiteBehavior [ RunTime:0.000058s ]
INFO: Run Common\Behavior\InitHookBehavior [ RunTime:0.008432s ]
INFO: [ app_init ] --END-- [ RunTime:0.009507s ]
INFO: [ app_begin ] --START--
INFO: Run Behavior\ReadHtmlCacheBehavior [ RunTime:0.001101s ]
INFO: [ app_begin ] --END-- [ RunTime:0.001281s ]
INFO: [ view_parse ] --START--
INFO: [ template_filter ] --START--
INFO: Run Behavior\ContentReplaceBehavior [ RunTime:0.000182s ]
INFO: [ template_filter ] --END-- [ RunTime:0.000338s ]
INFO: [ AdminIndex ] --START--
SQL: SHOW COLUMNS FROM `jm_addons` [ RunTime:0.0408s ]
SQL: SELECT `config` FROM `jm_addons` WHERE `name` = 'SiteStat' AND `status` = 1 LIMIT 1   [ RunTime:0.0008s ]
SQL: SHOW COLUMNS FROM `jm_member` [ RunTime:0.0481s ]
SQL: SELECT COUNT(*) AS tp_count FROM `jm_member` LIMIT 1   [ RunTime:0.0002s ]
SQL: SHOW COLUMNS FROM `jm_action_log` [ RunTime:0.0337s ]
SQL: SELECT COUNT(*) AS tp_count FROM `jm_action_log` LIMIT 1   [ RunTime:0.0013s ]
SQL: SHOW COLUMNS FROM `jm_document` [ RunTime:0.0404s ]
SQL: SELECT COUNT(*) AS tp_count FROM `jm_document` LIMIT 1   [ RunTime:0.0003s ]
SQL: SHOW COLUMNS FROM `jm_category` [ RunTime:0.0321s ]
SQL: SELECT COUNT(*) AS tp_count FROM `jm_category` LIMIT 1   [ RunTime:0.0002s ]
SQL: SHOW COLUMNS FROM `jm_model` [ RunTime:0.0445s ]
SQL: SELECT COUNT(*) AS tp_count FROM `jm_model` LIMIT 1   [ RunTime:0.0003s ]
INFO: [ view_parse ] --START--
INFO: [ template_filter ] --START--
INFO: Run Behavior\ContentReplaceBehavior [ RunTime:0.000242s ]
INFO: [ template_filter ] --END-- [ RunTime:-0.327253s ]
INFO: Run Behavior\ParseTemplateBehavior [ RunTime:0.013874s ]
INFO: [ view_parse ] --END-- [ RunTime:0.014121s ]
INFO: [ view_filter ] --START--
INFO: Run Behavior\WriteHtmlCacheBehavior [ RunTime:0.001098s ]
INFO: [ view_filter ] --END-- [ RunTime:0.001303s ]
INFO: Run Addons\SiteStat\SiteStatAddon [ RunTime:0.325484s ]
SQL: SELECT `config` FROM `jm_addons` WHERE `name` = 'SystemInfo' AND `status` = 1 LIMIT 1   [ RunTime:0.0004s ]
INFO: [ view_parse ] --START--
INFO: [ template_filter ] --START--
INFO: Run Behavior\ContentReplaceBehavior [ RunTime:0.000084s ]
INFO: [ template_filter ] --END-- [ RunTime:-0.382269s ]
SQL: select version() as v; [ RunTime:0.0002s ]
INFO: Run Behavior\ParseTemplateBehavior [ RunTime:0.005705s ]
INFO: [ view_parse ] --END-- [ RunTime:-0.048654s ]
INFO: [ view_filter ] --START--
INFO: Run Behavior\WriteHtmlCacheBehavior [ RunTime:0.000033s ]
INFO: [ view_filter ] --END-- [ RunTime:-0.053167s ]
INFO: Run Addons\SystemInfo\SystemInfoAddon [ RunTime:0.053227s ]
SQL: SELECT `config` FROM `jm_addons` WHERE `name` = 'DevTeam' AND `status` = 1 LIMIT 1   [ RunTime:0.0012s ]
INFO: [ view_parse ] --START--
INFO: [ template_filter ] --START--
INFO: Run Behavior\ContentReplaceBehavior [ RunTime:0.000093s ]
INFO: [ template_filter ] --END-- [ RunTime:-0.398083s ]
INFO: Run Behavior\ParseTemplateBehavior [ RunTime:0.004077s ]
INFO: [ view_parse ] --END-- [ RunTime:-0.064762s ]
INFO: [ view_filter ] --START--
INFO: Run Behavior\WriteHtmlCacheBehavior [ RunTime:0.000038s ]
INFO: [ view_filter ] --END-- [ RunTime:-0.067705s ]
INFO: Run Addons\DevTeam\DevTeamAddon [ RunTime:0.014506s ]
INFO: [ AdminIndex ] --END-- [ RunTime:0.393526s ]
INFO: Run Behavior\ParseTemplateBehavior [ RunTime:0.004723s ]
INFO: [ view_parse ] --END-- [ RunTime:-0.064762s ]
INFO: [ view_filter ] --START--
INFO: Run Behavior\WriteHtmlCacheBehavior [ RunTime:0.000033s ]
INFO: [ view_filter ] --END-- [ RunTime:-0.068323s ]
INFO: [ app_end ] --START--
INFO: Run Behavior\ShowPageTraceBehavior [ RunTime:0.002071s ]
INFO: [ app_end ] --END-- [ RunTime:0.002314s ]

[ 2015-07-02T10:30:30+08:00 ] ::1 /admin.php?s=/Config/group.html
INFO: [ app_init ] --START--
INFO: Run Behavior\BuildLiteBehavior [ RunTime:0.000027s ]
INFO: Run Common\Behavior\InitHookBehavior [ RunTime:0.003315s ]
INFO: [ app_init ] --END-- [ RunTime:0.003951s ]
INFO: [ app_begin ] --START--
INFO: Run Behavior\ReadHtmlCacheBehavior [ RunTime:0.001036s ]
INFO: [ app_begin ] --END-- [ RunTime:0.001180s ]
SQL: SHOW COLUMNS FROM `jm_config` [ RunTime:0.0286s ]
SQL: SELECT `id`,`name`,`title`,`extra`,`value`,`remark`,`type` FROM `jm_config` WHERE `status` = 1 AND `group` = 1 ORDER BY sort  [ RunTime:0.0007s ]
INFO: [ view_parse ] --START--
INFO: [ template_filter ] --START--
INFO: Run Behavior\ContentReplaceBehavior [ RunTime:0.000379s ]
INFO: [ template_filter ] --END-- [ RunTime:0.000643s ]
INFO: Run Behavior\ParseTemplateBehavior [ RunTime:0.045275s ]
INFO: [ view_parse ] --END-- [ RunTime:0.045510s ]
INFO: [ view_filter ] --START--
INFO: Run Behavior\WriteHtmlCacheBehavior [ RunTime:0.000910s ]
INFO: [ view_filter ] --END-- [ RunTime:0.001053s ]
INFO: [ app_end ] --START--
INFO: Run Behavior\ShowPageTraceBehavior [ RunTime:0.002794s ]
INFO: [ app_end ] --END-- [ RunTime:0.003216s ]

[ 2015-07-02T10:30:31+08:00 ] ::1 /admin.php?s=/Infomation/index.html
INFO: [ app_init ] --START--
INFO: Run Behavior\BuildLiteBehavior [ RunTime:0.000030s ]
INFO: Run Common\Behavior\InitHookBehavior [ RunTime:0.003286s ]
INFO: [ app_init ] --END-- [ RunTime:0.004631s ]
INFO: [ app_begin ] --START--
INFO: Run Behavior\ReadHtmlCacheBehavior [ RunTime:0.000911s ]
INFO: [ app_begin ] --END-- [ RunTime:0.001055s ]
SQL: SHOW COLUMNS FROM `jm_infomation` [ RunTime:0.0248s ]
SQL: SELECT * FROM `jm_infomation` ORDER BY status desc,level desc,id desc  [ RunTime:0.0006s ]
INFO: [ view_parse ] --START--
INFO: [ template_filter ] --START--
INFO: Run Behavior\ContentReplaceBehavior [ RunTime:0.000286s ]
INFO: [ template_filter ] --END-- [ RunTime:0.000493s ]
NOTIC: [8] Undefined variable: meta_title D:\wamp\www\Runtime\Cache\Admin\fd2b3db3d8a45fa3e6ed1d5571bd3739.php 第 5 行.
NOTIC: [8] Undefined variable: cate_id D:\wamp\www\Runtime\Cache\Admin\fd2b3db3d8a45fa3e6ed1d5571bd3739.php 第 98 行.
NOTIC: [8] Undefined variable: _page D:\wamp\www\Runtime\Cache\Admin\fd2b3db3d8a45fa3e6ed1d5571bd3739.php 第 145 行.
INFO: Run Behavior\ParseTemplateBehavior [ RunTime:0.043338s ]
INFO: [ view_parse ] --END-- [ RunTime:0.043539s ]
INFO: [ view_filter ] --START--
INFO: Run Behavior\WriteHtmlCacheBehavior [ RunTime:0.000961s ]
INFO: [ view_filter ] --END-- [ RunTime:0.001146s ]
INFO: [ app_end ] --START--
INFO: Run Behavior\ShowPageTraceBehavior [ RunTime:0.001712s ]
INFO: [ app_end ] --END-- [ RunTime:0.001976s ]

[ 2015-07-02T10:30:33+08:00 ] ::1 /admin.php?s=/Stock/index.html
INFO: [ app_init ] --START--
INFO: Run Behavior\BuildLiteBehavior [ RunTime:0.000028s ]
INFO: Run Common\Behavior\InitHookBehavior [ RunTime:0.003189s ]
INFO: [ app_init ] --END-- [ RunTime:0.003902s ]
INFO: [ app_begin ] --START--
INFO: Run Behavior\ReadHtmlCacheBehavior [ RunTime:0.000894s ]
INFO: [ app_begin ] --END-- [ RunTime:0.001043s ]
SQL: SHOW COLUMNS FROM `jm_menu` [ RunTime:0.0108s ]
SQL: SELECT `id`,`title`,`url` FROM `jm_menu` WHERE `pid` = 0 AND `hide` = 0 ORDER BY sort asc  [ RunTime:0.0005s ]
SQL: SELECT `pid` FROM `jm_menu` WHERE ( pid !=0 AND url like '%Stock/index%' ) LIMIT 1   [ RunTime:0.0020s ]
SQL: SELECT * FROM `jm_menu` WHERE `id` = 204 LIMIT 1   [ RunTime:0.0003s ]
SQL: SELECT DISTINCT  `group` FROM `jm_menu` WHERE `group` <> '' AND `pid` = 204  [ RunTime:0.0007s ]
SQL: SELECT `id`,`url` FROM `jm_menu` WHERE `pid` = 204 AND `hide` = 0  [ RunTime:0.0004s ]
SQL: SELECT `id`,`pid`,`title`,`url`,`tip` FROM `jm_menu` WHERE `group` = '股票基金' AND `pid` = 204 AND `hide` = 0 ORDER BY sort asc  [ RunTime:0.0005s ]
SQL: SHOW COLUMNS FROM `jm_stock` [ RunTime:0.0091s ]
SQL: SELECT * FROM `jm_stock` WHERE `status` >= 0  [ RunTime:0.0004s ]
NOTIC: [2] Invalid argument supplied for foreach() D:\wamp\www\Application\Admin\Controller\StockController.class.php 第 11 行.
INFO: [ view_parse ] --START--
INFO: [ template_filter ] --START--
INFO: Run Behavior\ContentReplaceBehavior [ RunTime:0.000210s ]
INFO: [ template_filter ] --END-- [ RunTime:0.000351s ]
NOTIC: [8] Undefined variable: meta_title D:\wamp\www\Runtime\Cache\Admin\a311e68862881e4d28d02eeef18b8907.php 第 5 行.
NOTIC: [8] Undefined variable: _page D:\wamp\www\Runtime\Cache\Admin\a311e68862881e4d28d02eeef18b8907.php 第 159 行.
INFO: Run Behavior\ParseTemplateBehavior [ RunTime:0.039906s ]
INFO: [ view_parse ] --END-- [ RunTime:0.040088s ]
INFO: [ view_filter ] --START--
INFO: Run Behavior\WriteHtmlCacheBehavior [ RunTime:0.000784s ]
INFO: [ view_filter ] --END-- [ RunTime:0.000909s ]
INFO: [ app_end ] --START--
INFO: Run Behavior\ShowPageTraceBehavior [ RunTime:0.001572s ]
INFO: [ app_end ] --END-- [ RunTime:0.001781s ]

[ 2015-07-02T10:33:36+08:00 ] ::1 /admin.php?s=/Account/index.html
INFO: [ app_init ] --START--
INFO: Run Behavior\BuildLiteBehavior [ RunTime:0.000027s ]
INFO: Run Common\Behavior\InitHookBehavior [ RunTime:0.006791s ]
INFO: [ app_init ] --END-- [ RunTime:0.007516s ]
INFO: [ app_begin ] --START--
INFO: Run Behavior\ReadHtmlCacheBehavior [ RunTime:0.001260s ]
INFO: [ app_begin ] --END-- [ RunTime:0.001402s ]
SQL: SHOW COLUMNS FROM `jm_menu` [ RunTime:0.0245s ]
SQL: SELECT `id`,`title`,`url` FROM `jm_menu` WHERE `pid` = 0 AND `hide` = 0 ORDER BY sort asc  [ RunTime:0.0007s ]
SQL: SELECT `pid` FROM `jm_menu` WHERE ( pid !=0 AND url like '%Account/index%' ) LIMIT 1   [ RunTime:0.0022s ]
SQL: SELECT * FROM `jm_menu` WHERE `id` = 141 LIMIT 1   [ RunTime:0.0003s ]
SQL: SELECT DISTINCT  `group` FROM `jm_menu` WHERE `group` <> '' AND `pid` = 141  [ RunTime:0.0005s ]
SQL: SELECT `id`,`url` FROM `jm_menu` WHERE `pid` = 141 AND `hide` = 0  [ RunTime:0.0003s ]
SQL: SELECT `id`,`pid`,`title`,`url`,`tip` FROM `jm_menu` WHERE `group` = '账户管理' AND `pid` = 141 AND `hide` = 0 ORDER BY sort asc  [ RunTime:0.0004s ]
SQL: SHOW COLUMNS FROM `jm_account_user` [ RunTime:0.0089s ]
SQL: SHOW COLUMNS FROM `jm_users_detail` [ RunTime:0.0105s ]
SQL: SELECT au.id AS id,au.uid AS uid,au.balance AS balance,au.use_able AS use_able,au.create_time AS create_time,u.name AS name,u.phone AS phone FROM jm_account_user au LEFT JOIN jm_users_detail u ON u.id=au.uid WHERE u.name LIKE '%%'  [ RunTime:0.0250s ]
INFO: [ view_parse ] --START--
INFO: [ template_filter ] --START--
INFO: Run Behavior\ContentReplaceBehavior [ RunTime:0.000189s ]
INFO: [ template_filter ] --END-- [ RunTime:0.000357s ]
NOTIC: [8] Undefined variable: meta_title D:\wamp\www\Runtime\Cache\Admin\c4921982ccba1d7effaada457f8c4abd.php 第 5 行.
NOTIC: [8] Undefined index: state D:\wamp\www\Runtime\Cache\Admin\c4921982ccba1d7effaada457f8c4abd.php 第 129 行.
NOTIC: [8] Use of undefined constant uid - assumed 'uid' D:\wamp\www\Runtime\Cache\Admin\c4921982ccba1d7effaada457f8c4abd.php 第 130 行.
NOTIC: [8] Undefined index: state D:\wamp\www\Runtime\Cache\Admin\c4921982ccba1d7effaada457f8c4abd.php 第 129 行.
NOTIC: [8] Use of undefined constant uid - assumed 'uid' D:\wamp\www\Runtime\Cache\Admin\c4921982ccba1d7effaada457f8c4abd.php 第 130 行.
NOTIC: [8] Undefined variable: _page D:\wamp\www\Runtime\Cache\Admin\c4921982ccba1d7effaada457f8c4abd.php 第 138 行.
INFO: Run Behavior\ParseTemplateBehavior [ RunTime:0.064590s ]
INFO: [ view_parse ] --END-- [ RunTime:0.064801s ]
INFO: [ view_filter ] --START--
INFO: Run Behavior\WriteHtmlCacheBehavior [ RunTime:0.001139s ]
INFO: [ view_filter ] --END-- [ RunTime:0.001272s ]
INFO: [ app_end ] --START--
INFO: Run Behavior\ShowPageTraceBehavior [ RunTime:0.001534s ]
INFO: [ app_end ] --END-- [ RunTime:0.001746s ]

[ 2015-07-02T10:33:37+08:00 ] ::1 /admin.php?s=/Stock/index.html
INFO: [ app_init ] --START--
INFO: Run Behavior\BuildLiteBehavior [ RunTime:0.000053s ]
INFO: Run Common\Behavior\InitHookBehavior [ RunTime:0.009579s ]
INFO: [ app_init ] --END-- [ RunTime:0.011013s ]
INFO: [ app_begin ] --START--
INFO: Run Behavior\ReadHtmlCacheBehavior [ RunTime:0.001024s ]
INFO: [ app_begin ] --END-- [ RunTime:0.001180s ]
SQL: SHOW COLUMNS FROM `jm_stock` [ RunTime:0.0196s ]
SQL: SELECT * FROM `jm_stock` WHERE `status` >= 0  [ RunTime:0.0005s ]
NOTIC: [2] Invalid argument supplied for foreach() D:\wamp\www\Application\Admin\Controller\StockController.class.php 第 11 行.
INFO: [ view_parse ] --START--
INFO: [ template_filter ] --START--
INFO: Run Behavior\ContentReplaceBehavior [ RunTime:0.000229s ]
INFO: [ template_filter ] --END-- [ RunTime:0.000390s ]
NOTIC: [8] Undefined variable: meta_title D:\wamp\www\Runtime\Cache\Admin\a311e68862881e4d28d02eeef18b8907.php 第 5 行.
NOTIC: [8] Undefined variable: _page D:\wamp\www\Runtime\Cache\Admin\a311e68862881e4d28d02eeef18b8907.php 第 159 行.
INFO: Run Behavior\ParseTemplateBehavior [ RunTime:0.038607s ]
INFO: [ view_parse ] --END-- [ RunTime:0.038869s ]
INFO: [ view_filter ] --START--
INFO: Run Behavior\WriteHtmlCacheBehavior [ RunTime:0.001561s ]
INFO: [ view_filter ] --END-- [ RunTime:0.001730s ]
INFO: [ app_end ] --START--
INFO: Run Behavior\ShowPageTraceBehavior [ RunTime:0.001525s ]
INFO: [ app_end ] --END-- [ RunTime:0.001728s ]

[ 2015-07-02T10:33:39+08:00 ] ::1 /admin.php?s=/Account/index.html
INFO: [ app_init ] --START--
INFO: Run Behavior\BuildLiteBehavior [ RunTime:0.000032s ]
INFO: Run Common\Behavior\InitHookBehavior [ RunTime:0.005832s ]
INFO: [ app_init ] --END-- [ RunTime:0.006757s ]
INFO: [ app_begin ] --START--
INFO: Run Behavior\ReadHtmlCacheBehavior [ RunTime:0.001387s ]
INFO: [ app_begin ] --END-- [ RunTime:0.001558s ]
SQL: SHOW COLUMNS FROM `jm_account_user` [ RunTime:0.0092s ]
SQL: SHOW COLUMNS FROM `jm_users_detail` [ RunTime:0.0122s ]
SQL: SELECT au.id AS id,au.uid AS uid,au.balance AS balance,au.use_able AS use_able,au.create_time AS create_time,u.name AS name,u.phone AS phone FROM jm_account_user au LEFT JOIN jm_users_detail u ON u.id=au.uid WHERE u.name LIKE '%%'  [ RunTime:0.0004s ]
INFO: [ view_parse ] --START--
INFO: [ template_filter ] --START--
INFO: Run Behavior\ContentReplaceBehavior [ RunTime:0.000192s ]
INFO: [ template_filter ] --END-- [ RunTime:0.000329s ]
NOTIC: [8] Undefined variable: meta_title D:\wamp\www\Runtime\Cache\Admin\c4921982ccba1d7effaada457f8c4abd.php 第 5 行.
NOTIC: [8] Undefined index: state D:\wamp\www\Runtime\Cache\Admin\c4921982ccba1d7effaada457f8c4abd.php 第 129 行.
NOTIC: [8] Use of undefined constant uid - assumed 'uid' D:\wamp\www\Runtime\Cache\Admin\c4921982ccba1d7effaada457f8c4abd.php 第 130 行.
NOTIC: [8] Undefined index: state D:\wamp\www\Runtime\Cache\Admin\c4921982ccba1d7effaada457f8c4abd.php 第 129 行.
NOTIC: [8] Use of undefined constant uid - assumed 'uid' D:\wamp\www\Runtime\Cache\Admin\c4921982ccba1d7effaada457f8c4abd.php 第 130 行.
NOTIC: [8] Undefined variable: _page D:\wamp\www\Runtime\Cache\Admin\c4921982ccba1d7effaada457f8c4abd.php 第 138 行.
INFO: Run Behavior\ParseTemplateBehavior [ RunTime:0.033437s ]
INFO: [ view_parse ] --END-- [ RunTime:0.033731s ]
INFO: [ view_filter ] --START--
INFO: Run Behavior\WriteHtmlCacheBehavior [ RunTime:0.001085s ]
INFO: [ view_filter ] --END-- [ RunTime:0.001276s ]
INFO: [ app_end ] --START--
INFO: Run Behavior\ShowPageTraceBehavior [ RunTime:0.001728s ]
INFO: [ app_end ] --END-- [ RunTime:0.001937s ]

[ 2015-07-02T10:33:41+08:00 ] ::1 /admin.php?s=/Stock/index.html
INFO: [ app_init ] --START--
INFO: Run Behavior\BuildLiteBehavior [ RunTime:0.000030s ]
INFO: Run Common\Behavior\InitHookBehavior [ RunTime:0.003665s ]
INFO: [ app_init ] --END-- [ RunTime:0.004418s ]
INFO: [ app_begin ] --START--
INFO: Run Behavior\ReadHtmlCacheBehavior [ RunTime:0.001063s ]
INFO: [ app_begin ] --END-- [ RunTime:0.001221s ]
SQL: SHOW COLUMNS FROM `jm_stock` [ RunTime:0.0096s ]
SQL: SELECT * FROM `jm_stock` WHERE `status` >= 0  [ RunTime:0.0004s ]
NOTIC: [2] Invalid argument supplied for foreach() D:\wamp\www\Application\Admin\Controller\StockController.class.php 第 11 行.
INFO: [ view_parse ] --START--
INFO: [ template_filter ] --START--
INFO: Run Behavior\ContentReplaceBehavior [ RunTime:0.000227s ]
INFO: [ template_filter ] --END-- [ RunTime:0.000370s ]
NOTIC: [8] Undefined variable: meta_title D:\wamp\www\Runtime\Cache\Admin\a311e68862881e4d28d02eeef18b8907.php 第 5 行.
NOTIC: [8] Undefined variable: _page D:\wamp\www\Runtime\Cache\Admin\a311e68862881e4d28d02eeef18b8907.php 第 159 行.
INFO: Run Behavior\ParseTemplateBehavior [ RunTime:0.037212s ]
INFO: [ view_parse ] --END-- [ RunTime:0.037404s ]
INFO: [ view_filter ] --START--
INFO: Run Behavior\WriteHtmlCacheBehavior [ RunTime:0.001504s ]
INFO: [ view_filter ] --END-- [ RunTime:0.001914s ]
INFO: [ app_end ] --START--
INFO: Run Behavior\ShowPageTraceBehavior [ RunTime:0.002460s ]
INFO: [ app_end ] --END-- [ RunTime:0.002743s ]

[ 2015-07-02T10:55:24+08:00 ] ::1 /admin.php?s=/Account/index.html
INFO: [ app_init ] --START--
INFO: Run Behavior\BuildLiteBehavior [ RunTime:0.000033s ]
INFO: Run Common\Behavior\InitHookBehavior [ RunTime:0.006667s ]
INFO: [ app_init ] --END-- [ RunTime:0.007599s ]
INFO: [ app_begin ] --START--
INFO: Run Behavior\ReadHtmlCacheBehavior [ RunTime:0.001046s ]
INFO: [ app_begin ] --END-- [ RunTime:0.001199s ]
SQL: SHOW COLUMNS FROM `jm_account_user` [ RunTime:0.0199s ]
SQL: SHOW COLUMNS FROM `jm_users_detail` [ RunTime:0.0122s ]
SQL: SELECT au.id AS id,au.uid AS uid,au.balance AS balance,au.use_able AS use_able,au.create_time AS create_time,u.name AS name,u.phone AS phone FROM jm_account_user au LEFT JOIN jm_users_detail u ON u.id=au.uid WHERE u.name LIKE '%%'  [ RunTime:0.0007s ]
INFO: [ view_parse ] --START--
INFO: [ template_filter ] --START--
INFO: Run Behavior\ContentReplaceBehavior [ RunTime:0.000241s ]
INFO: [ template_filter ] --END-- [ RunTime:0.000424s ]
NOTIC: [8] Undefined variable: meta_title D:\wamp\www\Runtime\Cache\Admin\c4921982ccba1d7effaada457f8c4abd.php 第 5 行.
NOTIC: [8] Undefined index: state D:\wamp\www\Runtime\Cache\Admin\c4921982ccba1d7effaada457f8c4abd.php 第 129 行.
NOTIC: [8] Use of undefined constant uid - assumed 'uid' D:\wamp\www\Runtime\Cache\Admin\c4921982ccba1d7effaada457f8c4abd.php 第 130 行.
NOTIC: [8] Undefined index: state D:\wamp\www\Runtime\Cache\Admin\c4921982ccba1d7effaada457f8c4abd.php 第 129 行.
NOTIC: [8] Use of undefined constant uid - assumed 'uid' D:\wamp\www\Runtime\Cache\Admin\c4921982ccba1d7effaada457f8c4abd.php 第 130 行.
NOTIC: [8] Undefined variable: _page D:\wamp\www\Runtime\Cache\Admin\c4921982ccba1d7effaada457f8c4abd.php 第 138 行.
INFO: Run Behavior\ParseTemplateBehavior [ RunTime:0.029386s ]
INFO: [ view_parse ] --END-- [ RunTime:0.029515s ]
INFO: [ view_filter ] --START--
INFO: Run Behavior\WriteHtmlCacheBehavior [ RunTime:0.000870s ]
INFO: [ view_filter ] --END-- [ RunTime:0.001017s ]
INFO: [ app_end ] --START--
INFO: Run Behavior\ShowPageTraceBehavior [ RunTime:0.002402s ]
INFO: [ app_end ] --END-- [ RunTime:0.002618s ]

[ 2015-07-02T13:42:20+08:00 ] ::1 /admin.php?s=/Infomation/index.html
INFO: [ app_init ] --START--
INFO: Run Behavior\BuildLiteBehavior [ RunTime:0.000028s ]
INFO: Run Common\Behavior\InitHookBehavior [ RunTime:0.003402s ]
INFO: [ app_init ] --END-- [ RunTime:0.004147s ]
INFO: [ app_begin ] --START--
INFO: Run Behavior\ReadHtmlCacheBehavior [ RunTime:0.001040s ]
INFO: [ app_begin ] --END-- [ RunTime:0.001175s ]
SQL: SHOW COLUMNS FROM `jm_infomation` [ RunTime:0.0479s ]
SQL: SELECT * FROM `jm_infomation` ORDER BY status desc,level desc,id desc  [ RunTime:0.0078s ]
INFO: [ view_parse ] --START--
INFO: [ template_filter ] --START--
INFO: Run Behavior\ContentReplaceBehavior [ RunTime:0.000279s ]
INFO: [ template_filter ] --END-- [ RunTime:0.000412s ]
NOTIC: [8] Undefined variable: meta_title D:\wamp\www\Runtime\Cache\Admin\fd2b3db3d8a45fa3e6ed1d5571bd3739.php 第 5 行.
NOTIC: [8] Undefined variable: cate_id D:\wamp\www\Runtime\Cache\Admin\fd2b3db3d8a45fa3e6ed1d5571bd3739.php 第 98 行.
NOTIC: [8] Undefined variable: _page D:\wamp\www\Runtime\Cache\Admin\fd2b3db3d8a45fa3e6ed1d5571bd3739.php 第 145 行.
INFO: Run Behavior\ParseTemplateBehavior [ RunTime:0.032297s ]
INFO: [ view_parse ] --END-- [ RunTime:0.032468s ]
INFO: [ view_filter ] --START--
INFO: Run Behavior\WriteHtmlCacheBehavior [ RunTime:0.000952s ]
INFO: [ view_filter ] --END-- [ RunTime:0.001090s ]
INFO: [ app_end ] --START--
INFO: Run Behavior\ShowPageTraceBehavior [ RunTime:0.001445s ]
INFO: [ app_end ] --END-- [ RunTime:0.001604s ]

[ 2015-07-02T13:42:23+08:00 ] ::1 /admin.php?s=/Notice/index.html
INFO: [ app_init ] --START--
INFO: Run Behavior\BuildLiteBehavior [ RunTime:0.000035s ]
INFO: Run Common\Behavior\InitHookBehavior [ RunTime:0.006411s ]
INFO: [ app_init ] --END-- [ RunTime:0.007746s ]
INFO: [ app_begin ] --START--
INFO: Run Behavior\ReadHtmlCacheBehavior [ RunTime:0.001497s ]
INFO: [ app_begin ] --END-- [ RunTime:0.001757s ]
SQL: SHOW COLUMNS FROM `jm_menu` [ RunTime:0.0293s ]
SQL: SELECT `id`,`title`,`url` FROM `jm_menu` WHERE `pid` = 0 AND `hide` = 0 ORDER BY sort asc  [ RunTime:0.0007s ]
SQL: SELECT `pid` FROM `jm_menu` WHERE ( pid !=0 AND url like '%Notice/index%' ) LIMIT 1   [ RunTime:0.0025s ]
SQL: SELECT * FROM `jm_menu` WHERE `id` = 186 LIMIT 1   [ RunTime:0.0003s ]
SQL: SELECT DISTINCT  `group` FROM `jm_menu` WHERE `group` <> '' AND `pid` = 186  [ RunTime:0.0008s ]
SQL: SELECT `id`,`url` FROM `jm_menu` WHERE `pid` = 186 AND `hide` = 0  [ RunTime:0.0006s ]
SQL: SELECT `id`,`pid`,`title`,`url`,`tip` FROM `jm_menu` WHERE `group` = '文案管理' AND `pid` = 186 AND `hide` = 0 ORDER BY sort asc  [ RunTime:0.0004s ]
SQL: SELECT `id`,`pid`,`title`,`url`,`tip` FROM `jm_menu` WHERE `group` = '协议管理' AND `pid` = 186 AND `hide` = 0 ORDER BY sort asc  [ RunTime:0.0004s ]
SQL: SELECT `id`,`pid`,`title`,`url`,`tip` FROM `jm_menu` WHERE `group` = '短信服务' AND `pid` = 186 AND `hide` = 0 ORDER BY sort asc  [ RunTime:0.0011s ]
SQL: SELECT `id`,`pid`,`title`,`url`,`tip` FROM `jm_menu` WHERE `group` = '第三方平台' AND `pid` = 186 AND `hide` = 0 ORDER BY sort asc  [ RunTime:0.0004s ]
SQL: SHOW COLUMNS FROM `jm_notice` [ RunTime:0.0720s ]
SQL: SELECT * FROM `jm_notice` WHERE ( status = 0 ) ORDER BY is_top desc,update_time desc  [ RunTime:0.0936s ]
INFO: [ view_parse ] --START--
INFO: [ template_filter ] --START--
INFO: Run Behavior\ContentReplaceBehavior [ RunTime:0.000425s ]
INFO: [ template_filter ] --END-- [ RunTime:0.000726s ]
INFO: Run Behavior\ParseTemplateBehavior [ RunTime:0.087181s ]
INFO: [ view_parse ] --END-- [ RunTime:0.087355s ]
INFO: [ view_filter ] --START--
INFO: Run Behavior\WriteHtmlCacheBehavior [ RunTime:0.000974s ]
INFO: [ view_filter ] --END-- [ RunTime:0.001118s ]
INFO: [ app_end ] --START--
INFO: Run Behavior\ShowPageTraceBehavior [ RunTime:0.001877s ]
INFO: [ app_end ] --END-- [ RunTime:0.002090s ]

[ 2015-07-02T13:42:25+08:00 ] ::1 /admin.php?s=/Notice/index.html
INFO: [ app_init ] --START--
INFO: Run Behavior\BuildLiteBehavior [ RunTime:0.000029s ]
INFO: Run Common\Behavior\InitHookBehavior [ RunTime:0.003380s ]
INFO: [ app_init ] --END-- [ RunTime:0.004097s ]
INFO: [ app_begin ] --START--
INFO: Run Behavior\ReadHtmlCacheBehavior [ RunTime:0.003349s ]
INFO: [ app_begin ] --END-- [ RunTime:0.003551s ]
SQL: SHOW COLUMNS FROM `jm_notice` [ RunTime:0.0087s ]
SQL: SELECT * FROM `jm_notice` WHERE ( status = 0 ) ORDER BY is_top desc,update_time desc  [ RunTime:0.0004s ]
INFO: [ view_parse ] --START--
INFO: [ template_filter ] --START--
INFO: Run Behavior\ContentReplaceBehavior [ RunTime:0.000185s ]
INFO: [ template_filter ] --END-- [ RunTime:0.000324s ]
INFO: Run Behavior\ParseTemplateBehavior [ RunTime:0.039759s ]
INFO: [ view_parse ] --END-- [ RunTime:0.039985s ]
INFO: [ view_filter ] --START--
INFO: Run Behavior\WriteHtmlCacheBehavior [ RunTime:0.000945s ]
INFO: [ view_filter ] --END-- [ RunTime:0.001117s ]
INFO: [ app_end ] --START--
INFO: Run Behavior\ShowPageTraceBehavior [ RunTime:0.001332s ]
INFO: [ app_end ] --END-- [ RunTime:0.001488s ]

[ 2015-07-02T13:42:27+08:00 ] ::1 /admin.php?s=/Notice/Edit/id/2.html
INFO: [ app_init ] --START--
INFO: Run Behavior\BuildLiteBehavior [ RunTime:0.000033s ]
INFO: Run Common\Behavior\InitHookBehavior [ RunTime:0.003789s ]
INFO: [ app_init ] --END-- [ RunTime:0.004724s ]
INFO: [ app_begin ] --START--
INFO: Run Behavior\ReadHtmlCacheBehavior [ RunTime:0.001070s ]
INFO: [ app_begin ] --END-- [ RunTime:0.001227s ]
SQL: SHOW COLUMNS FROM `jm_notice` [ RunTime:0.0143s ]
SQL: SELECT `id`,`title`,`content`,`is_top`,`create_time`,`create_id`,`update_time`,`update_id`,`status` FROM `jm_notice` WHERE `id` = 2 LIMIT 1   [ RunTime:0.0005s ]
INFO: [ view_parse ] --START--
INFO: [ template_filter ] --START--
INFO: Run Behavior\ContentReplaceBehavior [ RunTime:0.000178s ]
INFO: [ template_filter ] --END-- [ RunTime:0.000317s ]
NOTIC: [8] Undefined variable: meta_title D:\wamp\www\Runtime\Cache\Admin\b6a1649072129924dd266ca48b000c45.php 第 5 行.
NOTIC: [8] Undefined variable: field D:\wamp\www\Runtime\Cache\Admin\b6a1649072129924dd266ca48b000c45.php 第 104 行.
NOTIC: [8] Use of undefined constant content - assumed 'content' D:\wamp\www\Runtime\Cache\Admin\b6a1649072129924dd266ca48b000c45.php 第 104 行.
NOTIC: [8] Array to string conversion D:\wamp\www\Runtime\Cache\Admin\b6a1649072129924dd266ca48b000c45.php 第 104 行.
INFO: [ adminArticleEdit ] --START--
SQL: SHOW COLUMNS FROM `jm_addons` [ RunTime:0.0102s ]
SQL: SELECT `config` FROM `jm_addons` WHERE `name` = 'EditorForAdmin' AND `status` = 1 LIMIT 1   [ RunTime:0.0004s ]
INFO: [ view_parse ] --START--
INFO: [ template_filter ] --START--
INFO: Run Behavior\ContentReplaceBehavior [ RunTime:0.000124s ]
INFO: [ template_filter ] --END-- [ RunTime:-0.037645s ]
INFO: Run Behavior\ParseTemplateBehavior [ RunTime:0.009557s ]
INFO: [ view_parse ] --END-- [ RunTime:0.009771s ]
INFO: [ view_filter ] --START--
INFO: Run Behavior\WriteHtmlCacheBehavior [ RunTime:0.001274s ]
INFO: [ view_filter ] --END-- [ RunTime:0.001468s ]
INFO: Run Addons\EditorForAdmin\EditorForAdminAddon [ RunTime:0.035020s ]
INFO: [ adminArticleEdit ] --END-- [ RunTime:0.035156s ]
INFO: Run Behavior\ParseTemplateBehavior [ RunTime:0.012024s ]
INFO: [ view_parse ] --END-- [ RunTime:0.009771s ]
INFO: [ view_filter ] --START--
INFO: Run Behavior\WriteHtmlCacheBehavior [ RunTime:0.000062s ]
INFO: [ view_filter ] --END-- [ RunTime:-0.000956s ]
INFO: [ app_end ] --START--
INFO: Run Behavior\ShowPageTraceBehavior [ RunTime:0.002794s ]
INFO: [ app_end ] --END-- [ RunTime:0.003120s ]

[ 2015-07-02T13:50:29+08:00 ] ::1 /admin.php?s=/Config/group.html
INFO: [ app_init ] --START--
INFO: Run Behavior\BuildLiteBehavior [ RunTime:0.000028s ]
INFO: Run Common\Behavior\InitHookBehavior [ RunTime:0.003631s ]
INFO: [ app_init ] --END-- [ RunTime:0.004356s ]
INFO: [ app_begin ] --START--
INFO: Run Behavior\ReadHtmlCacheBehavior [ RunTime:0.001042s ]
INFO: [ app_begin ] --END-- [ RunTime:0.001188s ]
SQL: SHOW COLUMNS FROM `jm_config` [ RunTime:0.0526s ]
SQL: SELECT `id`,`name`,`title`,`extra`,`value`,`remark`,`type` FROM `jm_config` WHERE `status` = 1 AND `group` = 1 ORDER BY sort  [ RunTime:0.0144s ]
INFO: [ view_parse ] --START--
INFO: [ template_filter ] --START--
INFO: Run Behavior\ContentReplaceBehavior [ RunTime:0.000218s ]
INFO: [ template_filter ] --END-- [ RunTime:0.000398s ]
INFO: Run Behavior\ParseTemplateBehavior [ RunTime:0.035492s ]
INFO: [ view_parse ] --END-- [ RunTime:0.035920s ]
INFO: [ view_filter ] --START--
INFO: Run Behavior\WriteHtmlCacheBehavior [ RunTime:0.001383s ]
INFO: [ view_filter ] --END-- [ RunTime:0.001640s ]
INFO: [ app_end ] --START--
INFO: Run Behavior\ShowPageTraceBehavior [ RunTime:0.001558s ]
INFO: [ app_end ] --END-- [ RunTime:0.001710s ]

[ 2015-07-02T13:50:30+08:00 ] ::1 /admin.php?s=/Menu/index.html
INFO: [ app_init ] --START--
INFO: Run Behavior\BuildLiteBehavior [ RunTime:0.000027s ]
INFO: Run Common\Behavior\InitHookBehavior [ RunTime:0.003821s ]
INFO: [ app_init ] --END-- [ RunTime:0.004503s ]
INFO: [ app_begin ] --START--
INFO: Run Behavior\ReadHtmlCacheBehavior [ RunTime:0.002007s ]
INFO: [ app_begin ] --END-- [ RunTime:0.002240s ]
SQL: SHOW COLUMNS FROM `jm_menu` [ RunTime:0.0167s ]
SQL: SELECT `id`,`title` FROM `jm_menu`  [ RunTime:0.0012s ]
SQL: SELECT `id`,`title`,`pid`,`sort`,`url`,`hide`,`tip`,`group`,`is_dev`,`status` FROM `jm_menu` WHERE `pid` = 0 ORDER BY sort asc,id asc  [ RunTime:0.0008s ]
INFO: [ view_parse ] --START--
INFO: [ template_filter ] --START--
INFO: Run Behavior\ContentReplaceBehavior [ RunTime:0.000473s ]
INFO: [ template_filter ] --END-- [ RunTime:0.000732s ]
INFO: Run Behavior\ParseTemplateBehavior [ RunTime:0.043577s ]
INFO: [ view_parse ] --END-- [ RunTime:0.043876s ]
INFO: [ view_filter ] --START--
INFO: Run Behavior\WriteHtmlCacheBehavior [ RunTime:0.001830s ]
INFO: [ view_filter ] --END-- [ RunTime:0.001992s ]
INFO: [ app_end ] --START--
INFO: Run Behavior\ShowPageTraceBehavior [ RunTime:0.001785s ]
INFO: [ app_end ] --END-- [ RunTime:0.002021s ]

[ 2015-07-02T13:50:34+08:00 ] ::1 /admin.php?s=/Menu/index/pid/186.html
INFO: [ app_init ] --START--
INFO: Run Behavior\BuildLiteBehavior [ RunTime:0.000027s ]
INFO: Run Common\Behavior\InitHookBehavior [ RunTime:0.003944s ]
INFO: [ app_init ] --END-- [ RunTime:0.004617s ]
INFO: [ app_begin ] --START--
INFO: Run Behavior\ReadHtmlCacheBehavior [ RunTime:0.000902s ]
INFO: [ app_begin ] --END-- [ RunTime:0.001034s ]
SQL: SHOW COLUMNS FROM `jm_menu` [ RunTime:0.0250s ]
SQL: SELECT `id`,`title`,`pid`,`sort`,`url`,`hide`,`tip`,`group`,`is_dev`,`status` FROM `jm_menu` WHERE ( id=186 ) LIMIT 1   [ RunTime:0.0005s ]
SQL: SELECT `id`,`title` FROM `jm_menu`  [ RunTime:0.0012s ]
SQL: SELECT `id`,`title`,`pid`,`sort`,`url`,`hide`,`tip`,`group`,`is_dev`,`status` FROM `jm_menu` WHERE `pid` = 186 ORDER BY sort asc,id asc  [ RunTime:0.0007s ]
INFO: [ view_parse ] --START--
INFO: [ template_filter ] --START--
INFO: Run Behavior\ContentReplaceBehavior [ RunTime:0.000247s ]
INFO: [ template_filter ] --END-- [ RunTime:0.000378s ]
INFO: Run Behavior\ParseTemplateBehavior [ RunTime:0.038968s ]
INFO: [ view_parse ] --END-- [ RunTime:0.039124s ]
INFO: [ view_filter ] --START--
INFO: Run Behavior\WriteHtmlCacheBehavior [ RunTime:0.000952s ]
INFO: [ view_filter ] --END-- [ RunTime:0.001092s ]
INFO: [ app_end ] --START--
INFO: Run Behavior\ShowPageTraceBehavior [ RunTime:0.002098s ]
INFO: [ app_end ] --END-- [ RunTime:0.002528s ]

[ 2015-07-02T13:50:55+08:00 ] ::1 /admin.php?s=/Infomation/index.html
INFO: [ app_init ] --START--
INFO: Run Behavior\BuildLiteBehavior [ RunTime:0.000027s ]
INFO: Run Common\Behavior\InitHookBehavior [ RunTime:0.004749s ]
INFO: [ app_init ] --END-- [ RunTime:0.005595s ]
INFO: [ app_begin ] --START--
INFO: Run Behavior\ReadHtmlCacheBehavior [ RunTime:0.000895s ]
INFO: [ app_begin ] --END-- [ RunTime:0.001095s ]
SQL: SHOW COLUMNS FROM `jm_infomation` [ RunTime:0.0224s ]
SQL: SELECT * FROM `jm_infomation` ORDER BY status desc,level desc,id desc  [ RunTime:0.0005s ]
INFO: [ view_parse ] --START--
INFO: [ template_filter ] --START--
INFO: Run Behavior\ContentReplaceBehavior [ RunTime:0.000323s ]
INFO: [ template_filter ] --END-- [ RunTime:0.000553s ]
NOTIC: [8] Undefined variable: meta_title D:\wamp\www\Runtime\Cache\Admin\fd2b3db3d8a45fa3e6ed1d5571bd3739.php 第 5 行.
NOTIC: [8] Undefined variable: cate_id D:\wamp\www\Runtime\Cache\Admin\fd2b3db3d8a45fa3e6ed1d5571bd3739.php 第 98 行.
NOTIC: [8] Undefined variable: _page D:\wamp\www\Runtime\Cache\Admin\fd2b3db3d8a45fa3e6ed1d5571bd3739.php 第 145 行.
INFO: Run Behavior\ParseTemplateBehavior [ RunTime:0.031251s ]
INFO: [ view_parse ] --END-- [ RunTime:0.031443s ]
INFO: [ view_filter ] --START--
INFO: Run Behavior\WriteHtmlCacheBehavior [ RunTime:0.000976s ]
INFO: [ view_filter ] --END-- [ RunTime:0.001119s ]
INFO: [ app_end ] --START--
INFO: Run Behavior\ShowPageTraceBehavior [ RunTime:0.001685s ]
INFO: [ app_end ] --END-- [ RunTime:0.001896s ]

[ 2015-07-02T13:51:04+08:00 ] ::1 /admin.php?s=/Config/group.html
INFO: [ app_init ] --START--
INFO: Run Behavior\BuildLiteBehavior [ RunTime:0.000032s ]
INFO: Run Common\Behavior\InitHookBehavior [ RunTime:0.003604s ]
INFO: [ app_init ] --END-- [ RunTime:0.004438s ]
INFO: [ app_begin ] --START--
INFO: Run Behavior\ReadHtmlCacheBehavior [ RunTime:0.001139s ]
INFO: [ app_begin ] --END-- [ RunTime:0.001309s ]
SQL: SHOW COLUMNS FROM `jm_config` [ RunTime:0.0089s ]
SQL: SELECT `id`,`name`,`title`,`extra`,`value`,`remark`,`type` FROM `jm_config` WHERE `status` = 1 AND `group` = 1 ORDER BY sort  [ RunTime:0.0005s ]
INFO: [ view_parse ] --START--
INFO: [ template_filter ] --START--
INFO: Run Behavior\ContentReplaceBehavior [ RunTime:0.000188s ]
INFO: [ template_filter ] --END-- [ RunTime:0.000318s ]
INFO: Run Behavior\ParseTemplateBehavior [ RunTime:0.036880s ]
INFO: [ view_parse ] --END-- [ RunTime:0.037028s ]
INFO: [ view_filter ] --START--
INFO: Run Behavior\WriteHtmlCacheBehavior [ RunTime:0.000972s ]
INFO: [ view_filter ] --END-- [ RunTime:0.001111s ]
INFO: [ app_end ] --START--
INFO: Run Behavior\ShowPageTraceBehavior [ RunTime:0.003302s ]
INFO: [ app_end ] --END-- [ RunTime:0.003721s ]

[ 2015-07-02T13:51:07+08:00 ] ::1 /admin.php?s=/Menu/index.html
INFO: [ app_init ] --START--
INFO: Run Behavior\BuildLiteBehavior [ RunTime:0.000050s ]
INFO: Run Common\Behavior\InitHookBehavior [ RunTime:0.004383s ]
INFO: [ app_init ] --END-- [ RunTime:0.005345s ]
INFO: [ app_begin ] --START--
INFO: Run Behavior\ReadHtmlCacheBehavior [ RunTime:0.001075s ]
INFO: [ app_begin ] --END-- [ RunTime:0.001256s ]
SQL: SHOW COLUMNS FROM `jm_menu` [ RunTime:0.0138s ]
SQL: SELECT `id`,`title` FROM `jm_menu`  [ RunTime:0.0012s ]
SQL: SELECT `id`,`title`,`pid`,`sort`,`url`,`hide`,`tip`,`group`,`is_dev`,`status` FROM `jm_menu` WHERE `pid` = 0 ORDER BY sort asc,id asc  [ RunTime:0.0011s ]
INFO: [ view_parse ] --START--
INFO: [ template_filter ] --START--
INFO: Run Behavior\ContentReplaceBehavior [ RunTime:0.000240s ]
INFO: [ template_filter ] --END-- [ RunTime:0.000392s ]
INFO: Run Behavior\ParseTemplateBehavior [ RunTime:0.061342s ]
INFO: [ view_parse ] --END-- [ RunTime:0.061602s ]
INFO: [ view_filter ] --START--
INFO: Run Behavior\WriteHtmlCacheBehavior [ RunTime:0.001266s ]
INFO: [ view_filter ] --END-- [ RunTime:0.001498s ]
INFO: [ app_end ] --START--
INFO: Run Behavior\ShowPageTraceBehavior [ RunTime:0.006685s ]
INFO: [ app_end ] --END-- [ RunTime:0.006958s ]

[ 2015-07-02T13:51:09+08:00 ] ::1 /admin.php?s=/Menu/index/pid/186.html
INFO: [ app_init ] --START--
INFO: Run Behavior\BuildLiteBehavior [ RunTime:0.000028s ]
INFO: Run Common\Behavior\InitHookBehavior [ RunTime:0.003736s ]
INFO: [ app_init ] --END-- [ RunTime:0.004475s ]
INFO: [ app_begin ] --START--
INFO: Run Behavior\ReadHtmlCacheBehavior [ RunTime:0.001525s ]
INFO: [ app_begin ] --END-- [ RunTime:0.001735s ]
SQL: SHOW COLUMNS FROM `jm_menu` [ RunTime:0.0084s ]
SQL: SELECT `id`,`title`,`pid`,`sort`,`url`,`hide`,`tip`,`group`,`is_dev`,`status` FROM `jm_menu` WHERE ( id=186 ) LIMIT 1   [ RunTime:0.0003s ]
SQL: SELECT `id`,`title` FROM `jm_menu`  [ RunTime:0.0011s ]
SQL: SELECT `id`,`title`,`pid`,`sort`,`url`,`hide`,`tip`,`group`,`is_dev`,`status` FROM `jm_menu` WHERE `pid` = 186 ORDER BY sort asc,id asc  [ RunTime:0.0016s ]
INFO: [ view_parse ] --START--
INFO: [ template_filter ] --START--
INFO: Run Behavior\ContentReplaceBehavior [ RunTime:0.000209s ]
INFO: [ template_filter ] --END-- [ RunTime:0.000341s ]
INFO: Run Behavior\ParseTemplateBehavior [ RunTime:0.039498s ]
INFO: [ view_parse ] --END-- [ RunTime:0.039849s ]
INFO: [ view_filter ] --START--
INFO: Run Behavior\WriteHtmlCacheBehavior [ RunTime:0.001064s ]
INFO: [ view_filter ] --END-- [ RunTime:0.001269s ]
INFO: [ app_end ] --START--
INFO: Run Behavior\ShowPageTraceBehavior [ RunTime:0.001950s ]
INFO: [ app_end ] --END-- [ RunTime:0.002172s ]

[ 2015-07-02T13:51:12+08:00 ] ::1 /admin.php?s=/Menu/edit/id/187.html
INFO: [ app_init ] --START--
INFO: Run Behavior\BuildLiteBehavior [ RunTime:0.000029s ]
INFO: Run Common\Behavior\InitHookBehavior [ RunTime:0.003412s ]
INFO: [ app_init ] --END-- [ RunTime:0.004127s ]
INFO: [ app_begin ] --START--
INFO: Run Behavior\ReadHtmlCacheBehavior [ RunTime:0.001013s ]
INFO: [ app_begin ] --END-- [ RunTime:0.001160s ]
SQL: SHOW COLUMNS FROM `jm_menu` [ RunTime:0.0236s ]
SQL: SELECT `id`,`title`,`pid`,`sort`,`url`,`hide`,`tip`,`group`,`is_dev`,`status` FROM `jm_menu` WHERE `id` = 187 LIMIT 1   [ RunTime:0.0004s ]
SQL: SELECT `id`,`title`,`pid`,`sort`,`url`,`hide`,`tip`,`group`,`is_dev`,`status` FROM `jm_menu`  [ RunTime:0.0014s ]
INFO: [ view_parse ] --START--
INFO: [ template_filter ] --START--
INFO: Run Behavior\ContentReplaceBehavior [ RunTime:0.000475s ]
INFO: [ template_filter ] --END-- [ RunTime:0.000741s ]
INFO: Run Behavior\ParseTemplateBehavior [ RunTime:0.032600s ]
INFO: [ view_parse ] --END-- [ RunTime:0.032737s ]
INFO: [ view_filter ] --START--
INFO: Run Behavior\WriteHtmlCacheBehavior [ RunTime:0.000878s ]
INFO: [ view_filter ] --END-- [ RunTime:0.001010s ]
INFO: [ app_end ] --START--
INFO: Run Behavior\ShowPageTraceBehavior [ RunTime:0.001730s ]
INFO: [ app_end ] --END-- [ RunTime:0.002396s ]

[ 2015-07-02T13:51:30+08:00 ] ::1 /admin.php?s=/Infomation/index.html
INFO: [ app_init ] --START--
INFO: Run Behavior\BuildLiteBehavior [ RunTime:0.000047s ]
INFO: Run Common\Behavior\InitHookBehavior [ RunTime:0.003843s ]
INFO: [ app_init ] --END-- [ RunTime:0.004585s ]
INFO: [ app_begin ] --START--
INFO: Run Behavior\ReadHtmlCacheBehavior [ RunTime:0.000928s ]
INFO: [ app_begin ] --END-- [ RunTime:0.001067s ]
SQL: SHOW COLUMNS FROM `jm_infomation` [ RunTime:0.0180s ]
SQL: SELECT * FROM `jm_infomation` ORDER BY status desc,level desc,id desc  [ RunTime:0.0005s ]
INFO: [ view_parse ] --START--
INFO: [ template_filter ] --START--
INFO: Run Behavior\ContentReplaceBehavior [ RunTime:0.000193s ]
INFO: [ template_filter ] --END-- [ RunTime:0.000324s ]
NOTIC: [8] Undefined variable: meta_title D:\wamp\www\Runtime\Cache\Admin\fd2b3db3d8a45fa3e6ed1d5571bd3739.php 第 5 行.
NOTIC: [8] Undefined variable: cate_id D:\wamp\www\Runtime\Cache\Admin\fd2b3db3d8a45fa3e6ed1d5571bd3739.php 第 98 行.
NOTIC: [8] Undefined variable: _page D:\wamp\www\Runtime\Cache\Admin\fd2b3db3d8a45fa3e6ed1d5571bd3739.php 第 145 行.
INFO: Run Behavior\ParseTemplateBehavior [ RunTime:0.034994s ]
INFO: [ view_parse ] --END-- [ RunTime:0.035553s ]
INFO: [ view_filter ] --START--
INFO: Run Behavior\WriteHtmlCacheBehavior [ RunTime:0.001328s ]
INFO: [ view_filter ] --END-- [ RunTime:0.001624s ]
INFO: [ app_end ] --START--
INFO: Run Behavior\ShowPageTraceBehavior [ RunTime:0.001791s ]
INFO: [ app_end ] --END-- [ RunTime:0.002044s ]

[ 2015-07-02T13:51:32+08:00 ] ::1 /admin.php?s=/Account/index.html
INFO: [ app_init ] --START--
INFO: Run Behavior\BuildLiteBehavior [ RunTime:0.000034s ]
INFO: Run Common\Behavior\InitHookBehavior [ RunTime:0.006818s ]
INFO: [ app_init ] --END-- [ RunTime:0.007733s ]
INFO: [ app_begin ] --START--
INFO: Run Behavior\ReadHtmlCacheBehavior [ RunTime:0.001047s ]
INFO: [ app_begin ] --END-- [ RunTime:0.001210s ]
SQL: SHOW COLUMNS FROM `jm_account_user` [ RunTime:0.0144s ]
SQL: SHOW COLUMNS FROM `jm_users_detail` [ RunTime:0.0859s ]
SQL: SELECT au.id AS id,au.uid AS uid,au.balance AS balance,au.use_able AS use_able,au.create_time AS create_time,u.name AS name,u.phone AS phone FROM jm_account_user au LEFT JOIN jm_users_detail u ON u.id=au.uid WHERE u.name LIKE '%%'  [ RunTime:0.0006s ]
INFO: [ view_parse ] --START--
INFO: [ template_filter ] --START--
INFO: Run Behavior\ContentReplaceBehavior [ RunTime:0.000221s ]
INFO: [ template_filter ] --END-- [ RunTime:0.000355s ]
NOTIC: [8] Undefined variable: meta_title D:\wamp\www\Runtime\Cache\Admin\c4921982ccba1d7effaada457f8c4abd.php 第 5 行.
NOTIC: [8] Undefined index: state D:\wamp\www\Runtime\Cache\Admin\c4921982ccba1d7effaada457f8c4abd.php 第 129 行.
NOTIC: [8] Use of undefined constant uid - assumed 'uid' D:\wamp\www\Runtime\Cache\Admin\c4921982ccba1d7effaada457f8c4abd.php 第 130 行.
NOTIC: [8] Undefined index: state D:\wamp\www\Runtime\Cache\Admin\c4921982ccba1d7effaada457f8c4abd.php 第 129 行.
NOTIC: [8] Use of undefined constant uid - assumed 'uid' D:\wamp\www\Runtime\Cache\Admin\c4921982ccba1d7effaada457f8c4abd.php 第 130 行.
NOTIC: [8] Undefined variable: _page D:\wamp\www\Runtime\Cache\Admin\c4921982ccba1d7effaada457f8c4abd.php 第 138 行.
INFO: Run Behavior\ParseTemplateBehavior [ RunTime:0.039956s ]
INFO: [ view_parse ] --END-- [ RunTime:0.040323s ]
INFO: [ view_filter ] --START--
INFO: Run Behavior\WriteHtmlCacheBehavior [ RunTime:0.001018s ]
INFO: [ view_filter ] --END-- [ RunTime:0.001165s ]
INFO: [ app_end ] --START--
INFO: Run Behavior\ShowPageTraceBehavior [ RunTime:0.001616s ]
INFO: [ app_end ] --END-- [ RunTime:0.001819s ]

[ 2015-07-02T13:51:34+08:00 ] ::1 /admin.php?s=/Stock/index.html
INFO: [ app_init ] --START--
INFO: Run Behavior\BuildLiteBehavior [ RunTime:0.000028s ]
INFO: Run Common\Behavior\InitHookBehavior [ RunTime:0.006032s ]
INFO: [ app_init ] --END-- [ RunTime:0.006688s ]
INFO: [ app_begin ] --START--
INFO: Run Behavior\ReadHtmlCacheBehavior [ RunTime:0.000924s ]
INFO: [ app_begin ] --END-- [ RunTime:0.001056s ]
SQL: SHOW COLUMNS FROM `jm_stock` [ RunTime:0.0611s ]
SQL: SELECT * FROM `jm_stock` WHERE `status` >= 0  [ RunTime:0.0005s ]
NOTIC: [2] Invalid argument supplied for foreach() D:\wamp\www\Application\Admin\Controller\StockController.class.php 第 11 行.
INFO: [ view_parse ] --START--
INFO: [ template_filter ] --START--
INFO: Run Behavior\ContentReplaceBehavior [ RunTime:0.000236s ]
INFO: [ template_filter ] --END-- [ RunTime:0.000385s ]
NOTIC: [8] Undefined variable: meta_title D:\wamp\www\Runtime\Cache\Admin\a311e68862881e4d28d02eeef18b8907.php 第 5 行.
NOTIC: [8] Undefined variable: _page D:\wamp\www\Runtime\Cache\Admin\a311e68862881e4d28d02eeef18b8907.php 第 159 行.
INFO: Run Behavior\ParseTemplateBehavior [ RunTime:0.039939s ]
INFO: [ view_parse ] --END-- [ RunTime:0.040136s ]
INFO: [ view_filter ] --START--
INFO: Run Behavior\WriteHtmlCacheBehavior [ RunTime:0.001241s ]
INFO: [ view_filter ] --END-- [ RunTime:0.001449s ]
INFO: [ app_end ] --START--
INFO: Run Behavior\ShowPageTraceBehavior [ RunTime:0.002240s ]
INFO: [ app_end ] --END-- [ RunTime:0.002489s ]

[ 2015-07-02T13:51:37+08:00 ] ::1 /admin.php?s=/Infomation/index.html
INFO: [ app_init ] --START--
INFO: Run Behavior\BuildLiteBehavior [ RunTime:0.000028s ]
INFO: Run Common\Behavior\InitHookBehavior [ RunTime:0.003468s ]
INFO: [ app_init ] --END-- [ RunTime:0.004106s ]
INFO: [ app_begin ] --START--
INFO: Run Behavior\ReadHtmlCacheBehavior [ RunTime:0.000912s ]
INFO: [ app_begin ] --END-- [ RunTime:0.001068s ]
SQL: SHOW COLUMNS FROM `jm_infomation` [ RunTime:0.0211s ]
SQL: SELECT * FROM `jm_infomation` ORDER BY status desc,level desc,id desc  [ RunTime:0.0006s ]
INFO: [ view_parse ] --START--
INFO: [ template_filter ] --START--
INFO: Run Behavior\ContentReplaceBehavior [ RunTime:0.000221s ]
INFO: [ template_filter ] --END-- [ RunTime:0.000369s ]
NOTIC: [8] Undefined variable: meta_title D:\wamp\www\Runtime\Cache\Admin\fd2b3db3d8a45fa3e6ed1d5571bd3739.php 第 5 行.
NOTIC: [8] Undefined variable: cate_id D:\wamp\www\Runtime\Cache\Admin\fd2b3db3d8a45fa3e6ed1d5571bd3739.php 第 98 行.
NOTIC: [8] Undefined variable: _page D:\wamp\www\Runtime\Cache\Admin\fd2b3db3d8a45fa3e6ed1d5571bd3739.php 第 145 行.
INFO: Run Behavior\ParseTemplateBehavior [ RunTime:0.040788s ]
INFO: [ view_parse ] --END-- [ RunTime:0.040983s ]
INFO: [ view_filter ] --START--
INFO: Run Behavior\WriteHtmlCacheBehavior [ RunTime:0.000921s ]
INFO: [ view_filter ] --END-- [ RunTime:0.001058s ]
INFO: [ app_end ] --START--
INFO: Run Behavior\ShowPageTraceBehavior [ RunTime:0.001618s ]
INFO: [ app_end ] --END-- [ RunTime:0.001826s ]

[ 2015-07-02T14:16:43+08:00 ] ::1 /admin.php?s=/Config/group.html
INFO: [ app_init ] --START--
INFO: Run Behavior\BuildLiteBehavior [ RunTime:0.000030s ]
INFO: Run Common\Behavior\InitHookBehavior [ RunTime:0.006610s ]
INFO: [ app_init ] --END-- [ RunTime:0.007514s ]
INFO: [ app_begin ] --START--
INFO: Run Behavior\ReadHtmlCacheBehavior [ RunTime:0.001096s ]
INFO: [ app_begin ] --END-- [ RunTime:0.001264s ]
SQL: SHOW COLUMNS FROM `jm_config` [ RunTime:0.0109s ]
SQL: SELECT `id`,`name`,`title`,`extra`,`value`,`remark`,`type` FROM `jm_config` WHERE `status` = 1 AND `group` = 1 ORDER BY sort  [ RunTime:0.0007s ]
INFO: [ view_parse ] --START--
INFO: [ template_filter ] --START--
INFO: Run Behavior\ContentReplaceBehavior [ RunTime:0.000188s ]
INFO: [ template_filter ] --END-- [ RunTime:0.000319s ]
INFO: Run Behavior\ParseTemplateBehavior [ RunTime:0.036899s ]
INFO: [ view_parse ] --END-- [ RunTime:0.037097s ]
INFO: [ view_filter ] --START--
INFO: Run Behavior\WriteHtmlCacheBehavior [ RunTime:0.000871s ]
INFO: [ view_filter ] --END-- [ RunTime:0.000992s ]
INFO: [ app_end ] --START--
INFO: Run Behavior\ShowPageTraceBehavior [ RunTime:0.001520s ]
INFO: [ app_end ] --END-- [ RunTime:0.001722s ]

[ 2015-07-02T14:16:45+08:00 ] ::1 /admin.php?s=/Menu/index.html
INFO: [ app_init ] --START--
INFO: Run Behavior\BuildLiteBehavior [ RunTime:0.000028s ]
INFO: Run Common\Behavior\InitHookBehavior [ RunTime:0.003394s ]
INFO: [ app_init ] --END-- [ RunTime:0.004140s ]
INFO: [ app_begin ] --START--
INFO: Run Behavior\ReadHtmlCacheBehavior [ RunTime:0.001721s ]
INFO: [ app_begin ] --END-- [ RunTime:0.002179s ]
SQL: SHOW COLUMNS FROM `jm_menu` [ RunTime:0.0094s ]
SQL: SELECT `id`,`title` FROM `jm_menu`  [ RunTime:0.0008s ]
SQL: SELECT `id`,`title`,`pid`,`sort`,`url`,`hide`,`tip`,`group`,`is_dev`,`status` FROM `jm_menu` WHERE `pid` = 0 ORDER BY sort asc,id asc  [ RunTime:0.0006s ]
INFO: [ view_parse ] --START--
INFO: [ template_filter ] --START--
INFO: Run Behavior\ContentReplaceBehavior [ RunTime:0.000513s ]
INFO: [ template_filter ] --END-- [ RunTime:0.000710s ]
INFO: Run Behavior\ParseTemplateBehavior [ RunTime:0.051198s ]
INFO: [ view_parse ] --END-- [ RunTime:0.051388s ]
INFO: [ view_filter ] --START--
INFO: Run Behavior\WriteHtmlCacheBehavior [ RunTime:0.001770s ]
INFO: [ view_filter ] --END-- [ RunTime:0.001916s ]
INFO: [ app_end ] --START--
INFO: Run Behavior\ShowPageTraceBehavior [ RunTime:0.002052s ]
INFO: [ app_end ] --END-- [ RunTime:0.002312s ]

[ 2015-07-02T14:16:46+08:00 ] ::1 /admin.php?s=/Menu/sort/pid/0/ids/
INFO: [ app_init ] --START--
INFO: Run Behavior\BuildLiteBehavior [ RunTime:0.000030s ]
INFO: Run Common\Behavior\InitHookBehavior [ RunTime:0.003325s ]
INFO: [ app_init ] --END-- [ RunTime:0.004052s ]
INFO: [ app_begin ] --START--
INFO: Run Behavior\ReadHtmlCacheBehavior [ RunTime:0.002177s ]
INFO: [ app_begin ] --END-- [ RunTime:0.002437s ]
SQL: SHOW COLUMNS FROM `jm_menu` [ RunTime:0.0226s ]
SQL: SELECT `id`,`title` FROM `jm_menu` WHERE `status` > -1 AND `pid` = 0 ORDER BY sort asc,id asc  [ RunTime:0.0007s ]
INFO: [ view_parse ] --START--
INFO: [ template_filter ] --START--
INFO: Run Behavior\ContentReplaceBehavior [ RunTime:0.000193s ]
INFO: [ template_filter ] --END-- [ RunTime:0.000370s ]
INFO: Run Behavior\ParseTemplateBehavior [ RunTime:0.046177s ]
INFO: [ view_parse ] --END-- [ RunTime:0.046384s ]
INFO: [ view_filter ] --START--
INFO: Run Behavior\WriteHtmlCacheBehavior [ RunTime:0.001352s ]
INFO: [ view_filter ] --END-- [ RunTime:0.001557s ]
INFO: [ app_end ] --START--
INFO: Run Behavior\ShowPageTraceBehavior [ RunTime:0.004627s ]
INFO: [ app_end ] --END-- [ RunTime:0.004952s ]

[ 2015-07-02T16:47:53+08:00 ] ::1 /admin.php?s=/Menu/index.html
INFO: [ app_init ] --START--
INFO: Run Behavior\BuildLiteBehavior [ RunTime:0.000031s ]
INFO: Run Common\Behavior\InitHookBehavior [ RunTime:0.004530s ]
INFO: [ app_init ] --END-- [ RunTime:0.005342s ]
INFO: [ app_begin ] --START--
INFO: Run Behavior\ReadHtmlCacheBehavior [ RunTime:0.001120s ]
INFO: [ app_begin ] --END-- [ RunTime:0.001301s ]
SQL: SHOW COLUMNS FROM `jm_menu` [ RunTime:0.1012s ]
SQL: SELECT `id`,`title` FROM `jm_menu`  [ RunTime:0.0084s ]
SQL: SELECT `id`,`title`,`pid`,`sort`,`url`,`hide`,`tip`,`group`,`is_dev`,`status` FROM `jm_menu` WHERE `pid` = 0 ORDER BY sort asc,id asc  [ RunTime:0.0006s ]
INFO: [ view_parse ] --START--
INFO: [ template_filter ] --START--
INFO: Run Behavior\ContentReplaceBehavior [ RunTime:0.000283s ]
INFO: [ template_filter ] --END-- [ RunTime:0.000418s ]
INFO: Run Behavior\ParseTemplateBehavior [ RunTime:0.076492s ]
INFO: [ view_parse ] --END-- [ RunTime:0.076835s ]
INFO: [ view_filter ] --START--
INFO: Run Behavior\WriteHtmlCacheBehavior [ RunTime:0.002098s ]
INFO: [ view_filter ] --END-- [ RunTime:0.002403s ]
INFO: [ app_end ] --START--
INFO: Run Behavior\ShowPageTraceBehavior [ RunTime:0.001818s ]
INFO: [ app_end ] --END-- [ RunTime:0.002081s ]

[ 2015-07-02T16:48:19+08:00 ] ::1 /admin.php?s=/Project/appointed.html
INFO: [ app_init ] --START--
INFO: Run Behavior\BuildLiteBehavior [ RunTime:0.000032s ]
INFO: Run Common\Behavior\InitHookBehavior [ RunTime:0.004419s ]
INFO: [ app_init ] --END-- [ RunTime:0.005162s ]
INFO: [ app_begin ] --START--
INFO: Run Behavior\ReadHtmlCacheBehavior [ RunTime:0.000959s ]
INFO: [ app_begin ] --END-- [ RunTime:0.001089s ]
SQL: SHOW COLUMNS FROM `jm_menu` [ RunTime:0.0668s ]
SQL: SELECT `id`,`title`,`url` FROM `jm_menu` WHERE `pid` = 0 AND `hide` = 0 ORDER BY sort asc  [ RunTime:0.0161s ]
SQL: SELECT `pid` FROM `jm_menu` WHERE ( pid !=0 AND url like '%Project/appointed%' ) LIMIT 1   [ RunTime:0.0021s ]
SQL: SELECT * FROM `jm_menu` WHERE `id` = 124 LIMIT 1   [ RunTime:0.0003s ]
SQL: SELECT DISTINCT  `group` FROM `jm_menu` WHERE `group` <> '' AND `pid` = 124  [ RunTime:0.0104s ]
SQL: SELECT `id`,`url` FROM `jm_menu` WHERE `pid` = 124 AND `hide` = 0  [ RunTime:0.0004s ]
SQL: SELECT `id`,`pid`,`title`,`url`,`tip` FROM `jm_menu` WHERE `group` = '项目管理' AND `pid` = 124 AND `hide` = 0 ORDER BY sort asc  [ RunTime:0.0004s ]
SQL: SELECT `id`,`pid`,`title`,`url`,`tip` FROM `jm_menu` WHERE `group` = '股权项目' AND `pid` = 124 AND `hide` = 0 ORDER BY sort asc  [ RunTime:0.0006s ]
SQL: SHOW COLUMNS FROM `jm_project` [ RunTime:0.0776s ]
SQL: SHOW COLUMNS FROM `jm_ucenter_member` [ RunTime:0.0690s ]
SQL: SHOW COLUMNS FROM `jm_users_detail` [ RunTime:0.0341s ]
SQL: SELECT p.id AS id,p.industry AS industry,p.project_name AS project_name,p.uid AS uid,p.cover AS cover,p.province AS province,p.city AS city,p.create_time AS create_time,p.stage AS stage,p.is_appointed AS is_appointed,p.status AS status,p.oid AS oid,p.mid AS mid,u.username AS username,u.mobile AS mobile,d.name AS name FROM jm_project p LEFT JOIN jm_ucenter_member u ON u.id=p.uid LEFT JOIN jm_users_detail d ON u.id=d.id WHERE p.is_appointed = 0 AND p.status >= 1 ORDER BY p.create_time desc  [ RunTime:0.0623s ]
INFO: [ view_parse ] --START--
INFO: [ template_filter ] --START--
INFO: Run Behavior\ContentReplaceBehavior [ RunTime:0.000224s ]
INFO: [ template_filter ] --END-- [ RunTime:0.000374s ]
NOTIC: [8] Undefined variable: meta_title D:\wamp\www\Runtime\Cache\Admin\13a9cd513c7a21979511c4f19423a865.php 第 5 行.
NOTIC: [8] Use of undefined constant city - assumed 'city' D:\wamp\www\Runtime\Cache\Admin\13a9cd513c7a21979511c4f19423a865.php 第 113 行.
NOTIC: [8] Undefined variable: _page D:\wamp\www\Runtime\Cache\Admin\13a9cd513c7a21979511c4f19423a865.php 第 129 行.
INFO: Run Behavior\ParseTemplateBehavior [ RunTime:0.082494s ]
INFO: [ view_parse ] --END-- [ RunTime:0.082738s ]
INFO: [ view_filter ] --START--
INFO: Run Behavior\WriteHtmlCacheBehavior [ RunTime:0.000836s ]
INFO: [ view_filter ] --END-- [ RunTime:0.000990s ]
INFO: [ app_end ] --START--
INFO: Run Behavior\ShowPageTraceBehavior [ RunTime:0.002811s ]
INFO: [ app_end ] --END-- [ RunTime:0.003059s ]

[ 2015-07-02T16:48:21+08:00 ] ::1 /admin.php?s=/Product/index.html
INFO: [ app_init ] --START--
INFO: Run Behavior\BuildLiteBehavior [ RunTime:0.000030s ]
INFO: Run Common\Behavior\InitHookBehavior [ RunTime:0.005979s ]
INFO: [ app_init ] --END-- [ RunTime:0.006931s ]
INFO: [ app_begin ] --START--
INFO: Run Behavior\ReadHtmlCacheBehavior [ RunTime:0.001060s ]
INFO: [ app_begin ] --END-- [ RunTime:0.001293s ]
SQL: SHOW COLUMNS FROM `jm_product` [ RunTime:0.0523s ]
SQL: SELECT * FROM `jm_product` ORDER BY update_time desc LIMIT 0,10   [ RunTime:0.0105s ]
SQL: SELECT COUNT(*) AS tp_count FROM `jm_product` LIMIT 1   [ RunTime:0.0002s ]
INFO: [ view_parse ] --START--
INFO: [ template_filter ] --START--
INFO: Run Behavior\ContentReplaceBehavior [ RunTime:0.000207s ]
INFO: [ template_filter ] --END-- [ RunTime:0.000351s ]
NOTIC: [8] Undefined variable: meta_title D:\wamp\www\Runtime\Cache\Admin\34e4b095905075aaede5ee9039415509.php 第 5 行.
INFO: Run Behavior\ParseTemplateBehavior [ RunTime:0.050091s ]
INFO: [ view_parse ] --END-- [ RunTime:0.050291s ]
INFO: [ view_filter ] --START--
INFO: Run Behavior\WriteHtmlCacheBehavior [ RunTime:0.000751s ]
INFO: [ view_filter ] --END-- [ RunTime:0.000884s ]
INFO: [ app_end ] --START--
INFO: Run Behavior\ShowPageTraceBehavior [ RunTime:0.001883s ]
INFO: [ app_end ] --END-- [ RunTime:0.002087s ]

[ 2015-07-02T16:48:29+08:00 ] ::1 /admin.php?s=/Infomation/index.html
INFO: [ app_init ] --START--
INFO: Run Behavior\BuildLiteBehavior [ RunTime:0.000028s ]
INFO: Run Common\Behavior\InitHookBehavior [ RunTime:0.003384s ]
INFO: [ app_init ] --END-- [ RunTime:0.004049s ]
INFO: [ app_begin ] --START--
INFO: Run Behavior\ReadHtmlCacheBehavior [ RunTime:0.001049s ]
INFO: [ app_begin ] --END-- [ RunTime:0.001187s ]
SQL: SHOW COLUMNS FROM `jm_infomation` [ RunTime:0.0632s ]
SQL: SELECT * FROM `jm_infomation` ORDER BY status desc,level desc,id desc  [ RunTime:0.0161s ]
INFO: [ view_parse ] --START--
INFO: [ template_filter ] --START--
INFO: Run Behavior\ContentReplaceBehavior [ RunTime:0.000235s ]
INFO: [ template_filter ] --END-- [ RunTime:0.000388s ]
NOTIC: [8] Undefined variable: meta_title D:\wamp\www\Runtime\Cache\Admin\fd2b3db3d8a45fa3e6ed1d5571bd3739.php 第 5 行.
NOTIC: [8] Undefined variable: cate_id D:\wamp\www\Runtime\Cache\Admin\fd2b3db3d8a45fa3e6ed1d5571bd3739.php 第 98 行.
NOTIC: [8] Undefined variable: _page D:\wamp\www\Runtime\Cache\Admin\fd2b3db3d8a45fa3e6ed1d5571bd3739.php 第 145 行.
INFO: Run Behavior\ParseTemplateBehavior [ RunTime:0.035808s ]
INFO: [ view_parse ] --END-- [ RunTime:0.036038s ]
INFO: [ view_filter ] --START--
INFO: Run Behavior\WriteHtmlCacheBehavior [ RunTime:0.003672s ]
INFO: [ view_filter ] --END-- [ RunTime:0.003912s ]
INFO: [ app_end ] --START--
INFO: Run Behavior\ShowPageTraceBehavior [ RunTime:0.001897s ]
INFO: [ app_end ] --END-- [ RunTime:0.002149s ]

[ 2015-07-02T16:51:06+08:00 ] ::1 /admin.php?s=/Account/index.html
INFO: [ app_init ] --START--
INFO: Run Behavior\BuildLiteBehavior [ RunTime:0.000033s ]
INFO: Run Common\Behavior\InitHookBehavior [ RunTime:0.004740s ]
INFO: [ app_init ] --END-- [ RunTime:0.005483s ]
INFO: [ app_begin ] --START--
INFO: Run Behavior\ReadHtmlCacheBehavior [ RunTime:0.002054s ]
INFO: [ app_begin ] --END-- [ RunTime:0.002372s ]
SQL: SHOW COLUMNS FROM `jm_account_user` [ RunTime:0.0506s ]
SQL: SHOW COLUMNS FROM `jm_users_detail` [ RunTime:0.0146s ]
SQL: SELECT au.id AS id,au.uid AS uid,au.balance AS balance,au.use_able AS use_able,au.create_time AS create_time,u.name AS name,u.phone AS phone FROM jm_account_user au LEFT JOIN jm_users_detail u ON u.id=au.uid WHERE u.name LIKE '%%'  [ RunTime:0.0063s ]
INFO: [ view_parse ] --START--
INFO: [ template_filter ] --START--
INFO: Run Behavior\ContentReplaceBehavior [ RunTime:0.000192s ]
INFO: [ template_filter ] --END-- [ RunTime:0.000324s ]
NOTIC: [8] Undefined variable: meta_title D:\wamp\www\Runtime\Cache\Admin\c4921982ccba1d7effaada457f8c4abd.php 第 5 行.
NOTIC: [8] Undefined index: state D:\wamp\www\Runtime\Cache\Admin\c4921982ccba1d7effaada457f8c4abd.php 第 129 行.
NOTIC: [8] Use of undefined constant uid - assumed 'uid' D:\wamp\www\Runtime\Cache\Admin\c4921982ccba1d7effaada457f8c4abd.php 第 130 行.
NOTIC: [8] Undefined index: state D:\wamp\www\Runtime\Cache\Admin\c4921982ccba1d7effaada457f8c4abd.php 第 129 行.
NOTIC: [8] Use of undefined constant uid - assumed 'uid' D:\wamp\www\Runtime\Cache\Admin\c4921982ccba1d7effaada457f8c4abd.php 第 130 行.
NOTIC: [8] Undefined variable: _page D:\wamp\www\Runtime\Cache\Admin\c4921982ccba1d7effaada457f8c4abd.php 第 138 行.
INFO: Run Behavior\ParseTemplateBehavior [ RunTime:0.029342s ]
INFO: [ view_parse ] --END-- [ RunTime:0.029526s ]
INFO: [ view_filter ] --START--
INFO: Run Behavior\WriteHtmlCacheBehavior [ RunTime:0.000835s ]
INFO: [ view_filter ] --END-- [ RunTime:0.000987s ]
INFO: [ app_end ] --START--
INFO: Run Behavior\ShowPageTraceBehavior [ RunTime:0.001938s ]
INFO: [ app_end ] --END-- [ RunTime:0.002740s ]

[ 2015-07-02T16:51:21+08:00 ] ::1 /admin.php?s=/Stock/index.html
INFO: [ app_init ] --START--
INFO: Run Behavior\BuildLiteBehavior [ RunTime:0.000031s ]
INFO: Run Common\Behavior\InitHookBehavior [ RunTime:0.003274s ]
INFO: [ app_init ] --END-- [ RunTime:0.004183s ]
INFO: [ app_begin ] --START--
INFO: Run Behavior\ReadHtmlCacheBehavior [ RunTime:0.001607s ]
INFO: [ app_begin ] --END-- [ RunTime:0.001815s ]
SQL: SHOW COLUMNS FROM `jm_stock` [ RunTime:0.0368s ]
SQL: SELECT * FROM `jm_stock` WHERE `status` >= 0  [ RunTime:0.0003s ]
NOTIC: [2] Invalid argument supplied for foreach() D:\wamp\www\Application\Admin\Controller\StockController.class.php 第 11 行.
INFO: [ view_parse ] --START--
INFO: [ template_filter ] --START--
INFO: Run Behavior\ContentReplaceBehavior [ RunTime:0.000346s ]
INFO: [ template_filter ] --END-- [ RunTime:0.000574s ]
NOTIC: [8] Undefined variable: meta_title D:\wamp\www\Runtime\Cache\Admin\a311e68862881e4d28d02eeef18b8907.php 第 5 行.
NOTIC: [8] Undefined variable: _page D:\wamp\www\Runtime\Cache\Admin\a311e68862881e4d28d02eeef18b8907.php 第 159 行.
INFO: Run Behavior\ParseTemplateBehavior [ RunTime:0.032280s ]
INFO: [ view_parse ] --END-- [ RunTime:0.032469s ]
INFO: [ view_filter ] --START--
INFO: Run Behavior\WriteHtmlCacheBehavior [ RunTime:0.000886s ]
INFO: [ view_filter ] --END-- [ RunTime:0.001022s ]
INFO: [ app_end ] --START--
INFO: Run Behavior\ShowPageTraceBehavior [ RunTime:0.004128s ]
INFO: [ app_end ] --END-- [ RunTime:0.004434s ]

[ 2015-07-02T16:51:24+08:00 ] ::1 /admin.php?s=/Config/group.html
INFO: [ app_init ] --START--
INFO: Run Behavior\BuildLiteBehavior [ RunTime:0.000029s ]
INFO: Run Common\Behavior\InitHookBehavior [ RunTime:0.003332s ]
INFO: [ app_init ] --END-- [ RunTime:0.003968s ]
INFO: [ app_begin ] --START--
INFO: Run Behavior\ReadHtmlCacheBehavior [ RunTime:0.001125s ]
INFO: [ app_begin ] --END-- [ RunTime:0.001291s ]
SQL: SHOW COLUMNS FROM `jm_config` [ RunTime:0.0358s ]
SQL: SELECT `id`,`name`,`title`,`extra`,`value`,`remark`,`type` FROM `jm_config` WHERE `status` = 1 AND `group` = 1 ORDER BY sort  [ RunTime:0.0005s ]
INFO: [ view_parse ] --START--
INFO: [ template_filter ] --START--
INFO: Run Behavior\ContentReplaceBehavior [ RunTime:0.000216s ]
INFO: [ template_filter ] --END-- [ RunTime:0.000347s ]
INFO: Run Behavior\ParseTemplateBehavior [ RunTime:0.032904s ]
INFO: [ view_parse ] --END-- [ RunTime:0.033045s ]
INFO: [ view_filter ] --START--
INFO: Run Behavior\WriteHtmlCacheBehavior [ RunTime:0.000871s ]
INFO: [ view_filter ] --END-- [ RunTime:0.000991s ]
INFO: [ app_end ] --START--
INFO: Run Behavior\ShowPageTraceBehavior [ RunTime:0.002350s ]
INFO: [ app_end ] --END-- [ RunTime:0.002630s ]

