[ 2015-07-21T00:04:17+08:00 ] 218.65.62.186 http://my.37.com/api/login.php?callback=jQuery18306987853845391776_1421401535020&action=login&login_account=15246657603&password=15309678256l&ajax=0&remember_me=0&save_state=0&ltype=2&gameid=1&backUrl=%2Fzt%2Fweixin%2F&_=
INFO: [ app_init ] --START--
INFO: Run Behavior\BuildLiteBehavior [ RunTime:0.000000s ]
INFO: Run Common\Behavior\InitHookBehavior [ RunTime:0.000000s ]
INFO: [ app_init ] --END-- [ RunTime:0.000000s ]
INFO: [ app_begin ] --START--
INFO: Run Behavior\ReadHtmlCacheBehavior [ RunTime:0.000000s ]
INFO: [ app_begin ] --END-- [ RunTime:0.000000s ]
ERR: 无法加载控制器:Login.php

[ 2015-07-21T00:13:36+08:00 ] 117.42.62.212 http://my.37.com/api/login.php?callback=jQuery18306987853845391776_1421401535020&action=login&login_account=fjlaifjl&password=fjlaifjl520&ajax=0&remember_me=0&save_state=0&ltype=2&gameid=1&backUrl=%2Fzt%2Fweixin%2F&_=
INFO: [ app_init ] --START--
INFO: Run Behavior\BuildLiteBehavior [ RunTime:0.000000s ]
INFO: Run Common\Behavior\InitHookBehavior [ RunTime:0.000000s ]
INFO: [ app_init ] --END-- [ RunTime:0.000000s ]
INFO: [ app_begin ] --START--
INFO: Run Behavior\ReadHtmlCacheBehavior [ RunTime:0.000000s ]
INFO: [ app_begin ] --END-- [ RunTime:0.000000s ]
ERR: 无法加载控制器:Login.php

[ 2015-07-21T00:14:14+08:00 ] 218.65.62.186 http://my.37.com/api/login.php?callback=jQuery18306987853845391776_1421401535020&action=login&login_account=15843027891&password=lwp159357&ajax=0&remember_me=0&save_state=0&ltype=2&gameid=1&backUrl=%2Fzt%2Fweixin%2F&_=
INFO: [ app_init ] --START--
INFO: Run Behavior\BuildLiteBehavior [ RunTime:0.000000s ]
INFO: Run Common\Behavior\InitHookBehavior [ RunTime:0.000000s ]
INFO: [ app_init ] --END-- [ RunTime:0.015600s ]
INFO: [ app_begin ] --START--
INFO: Run Behavior\ReadHtmlCacheBehavior [ RunTime:0.000000s ]
INFO: [ app_begin ] --END-- [ RunTime:0.000000s ]
ERR: 无法加载控制器:Login.php

[ 2015-07-21T00:15:37+08:00 ] 120.27.101.16 http://m.baidu.com/api?action=redirect&token=duoku&from=1631a&type=app&dltype=new&tj=game_7839882_1503016_%E5%A4%AA%E7%A9%BA%E5%8E%86%E9%99%A9%E8%AE%B0&blink=9926687474703a2f2f612e67646f776e2e62616964752e636f6d2f646174612f7769736567616d652f313937613062373633333666326337382f7461696b6f6e676c697869616e6a695f312e61706b3f66726f6d3d6131313031aa55&crversion=1&r=1437408885191
INFO: [ app_init ] --START--
INFO: Run Behavior\BuildLiteBehavior [ RunTime:0.000000s ]
INFO: Run Common\Behavior\InitHookBehavior [ RunTime:0.000000s ]
INFO: [ app_init ] --END-- [ RunTime:0.000000s ]
INFO: [ app_begin ] --START--
INFO: Run Behavior\ReadHtmlCacheBehavior [ RunTime:0.000000s ]
INFO: [ app_begin ] --END-- [ RunTime:0.000000s ]
ERR: 无法加载控制器:Index

[ 2015-07-21T00:18:32+08:00 ] 117.42.62.212 http://my.37.com/api/login.php?callback=jQuery18306987853845391776_1421401535020&action=login&login_account=bohaojing&password=273644615482&ajax=0&remember_me=0&save_state=0&ltype=2&gameid=1&backUrl=%2Fzt%2Fweixin%2F&_=
INFO: [ app_init ] --START--
INFO: Run Behavior\BuildLiteBehavior [ RunTime:0.000000s ]
INFO: Run Common\Behavior\InitHookBehavior [ RunTime:0.000000s ]
INFO: [ app_init ] --END-- [ RunTime:0.000000s ]
INFO: [ app_begin ] --START--
INFO: Run Behavior\ReadHtmlCacheBehavior [ RunTime:0.000000s ]
INFO: [ app_begin ] --END-- [ RunTime:0.000000s ]
ERR: 无法加载控制器:Login.php

[ 2015-07-21T00:21:32+08:00 ] 218.65.62.186 http://my.37.com/api/login.php?callback=jQuery18306987853845391776_1421401535020&action=login&login_account=18282956387&password=l1987h717j&ajax=0&remember_me=0&save_state=0&ltype=2&gameid=1&backUrl=%2Fzt%2Fweixin%2F&_=
INFO: [ app_init ] --START--
INFO: Run Behavior\BuildLiteBehavior [ RunTime:0.000000s ]
INFO: Run Common\Behavior\InitHookBehavior [ RunTime:0.000000s ]
INFO: [ app_init ] --END-- [ RunTime:0.000000s ]
INFO: [ app_begin ] --START--
INFO: Run Behavior\ReadHtmlCacheBehavior [ RunTime:0.000000s ]
INFO: [ app_begin ] --END-- [ RunTime:0.000000s ]
ERR: 无法加载控制器:Login.php

[ 2015-07-21T00:25:22+08:00 ] 120.27.101.16 http://m.baidu.com/api?action=redirect&token=duoku&from=1631a&type=app&dltype=new&tj=game_7831837_1499551_%E9%97%AA%E8%BA%B2%E5%B0%8F%E7%90%83&blink=6526687474703a2f2f612e67646f776e2e62616964752e636f6d2f646174612f7769736567616d652f376161353034333330353331303331362f7368616e64756f7869616f7169755f322e61706b3f66726f6d3d6131313031aa55&crversion=1&r=1437409468420
INFO: [ app_init ] --START--
INFO: Run Behavior\BuildLiteBehavior [ RunTime:0.000000s ]
INFO: Run Common\Behavior\InitHookBehavior [ RunTime:0.000000s ]
INFO: [ app_init ] --END-- [ RunTime:0.000000s ]
INFO: [ app_begin ] --START--
INFO: Run Behavior\ReadHtmlCacheBehavior [ RunTime:0.000000s ]
INFO: [ app_begin ] --END-- [ RunTime:0.000000s ]
ERR: 无法加载控制器:Index

[ 2015-07-21T00:26:43+08:00 ] 117.42.62.212 http://my.37.com/api/login.php?callback=jQuery18306987853845391776_1421401535020&action=login&login_account=draw1979&password=shangxin&ajax=0&remember_me=0&save_state=0&ltype=2&gameid=1&backUrl=%2Fzt%2Fweixin%2F&_=
INFO: [ app_init ] --START--
INFO: Run Behavior\BuildLiteBehavior [ RunTime:0.000000s ]
INFO: Run Common\Behavior\InitHookBehavior [ RunTime:0.000000s ]
INFO: [ app_init ] --END-- [ RunTime:0.000000s ]
INFO: [ app_begin ] --START--
INFO: Run Behavior\ReadHtmlCacheBehavior [ RunTime:0.000000s ]
INFO: [ app_begin ] --END-- [ RunTime:0.000000s ]
ERR: 无法加载控制器:Login.php

[ 2015-07-21T00:29:55+08:00 ] 117.42.62.212 http://my.37.com/api/login.php?callback=jQuery18306987853845391776_1421401535020&action=login&login_account=a274785761&password=83616709&ajax=0&remember_me=0&save_state=0&ltype=2&gameid=1&backUrl=%2Fzt%2Fweixin%2F&_=
INFO: [ app_init ] --START--
INFO: Run Behavior\BuildLiteBehavior [ RunTime:0.000000s ]
INFO: Run Common\Behavior\InitHookBehavior [ RunTime:0.000000s ]
INFO: [ app_init ] --END-- [ RunTime:0.000000s ]
INFO: [ app_begin ] --START--
INFO: Run Behavior\ReadHtmlCacheBehavior [ RunTime:0.000000s ]
INFO: [ app_begin ] --END-- [ RunTime:0.000000s ]
ERR: 无法加载控制器:Login.php

[ 2015-07-21T00:36:53+08:00 ] 218.65.62.186 http://my.37.com/api/login.php?callback=jQuery18306987853845391776_1421401535020&action=login&login_account=13515568950&password=zhanghui43&ajax=0&remember_me=0&save_state=0&ltype=2&gameid=1&backUrl=%2Fzt%2Fweixin%2F&_=
INFO: [ app_init ] --START--
INFO: Run Behavior\BuildLiteBehavior [ RunTime:0.000000s ]
INFO: Run Common\Behavior\InitHookBehavior [ RunTime:0.000000s ]
INFO: [ app_init ] --END-- [ RunTime:0.015600s ]
INFO: [ app_begin ] --START--
INFO: Run Behavior\ReadHtmlCacheBehavior [ RunTime:0.000000s ]
INFO: [ app_begin ] --END-- [ RunTime:0.000000s ]
ERR: 无法加载控制器:Login.php

[ 2015-07-21T00:41:56+08:00 ] 117.42.62.212 http://my.37.com/api/login.php?callback=jQuery18306987853845391776_1421401535020&action=login&login_account=twotwogo&password=6332255&ajax=0&remember_me=0&save_state=0&ltype=2&gameid=1&backUrl=%2Fzt%2Fweixin%2F&_=
INFO: [ app_init ] --START--
INFO: Run Behavior\BuildLiteBehavior [ RunTime:0.000000s ]
INFO: Run Common\Behavior\InitHookBehavior [ RunTime:0.000000s ]
INFO: [ app_init ] --END-- [ RunTime:0.015600s ]
INFO: [ app_begin ] --START--
INFO: Run Behavior\ReadHtmlCacheBehavior [ RunTime:0.000000s ]
INFO: [ app_begin ] --END-- [ RunTime:0.000000s ]
ERR: 无法加载控制器:Login.php

[ 2015-07-21T00:43:03+08:00 ] 120.27.101.16 http://m.baidu.com/api?action=redirect&token=duoku&from=1631a&type=app&dltype=new&tj=game_7832582_1499904_%E8%90%8C%E5%AE%A0%E6%B3%A1%E6%B3%A1%E9%BE%99%E5%A4%A7%E4%BD%9C%E6%88%98&blink=7d24687474703a2f2f612e67646f776e2e62616964752e636f6d2f646174612f7769736567616d652f663863343633613933643236663335372f6d656e6763686f6e6770616f70616f6c6f6e6764617a756f7a68616e5f312e61706b3f66726f6d3d6131313031aa55&crversion=1&r=1437410527888
INFO: [ app_init ] --START--
INFO: Run Behavior\BuildLiteBehavior [ RunTime:0.000000s ]
INFO: Run Common\Behavior\InitHookBehavior [ RunTime:0.000000s ]
INFO: [ app_init ] --END-- [ RunTime:0.000000s ]
INFO: [ app_begin ] --START--
INFO: Run Behavior\ReadHtmlCacheBehavior [ RunTime:0.000000s ]
INFO: [ app_begin ] --END-- [ RunTime:0.000000s ]
ERR: 无法加载控制器:Index

[ 2015-07-21T00:49:11+08:00 ] 117.42.62.212 http://my.37.com/api/login.php?callback=jQuery18306987853845391776_1421401535020&action=login&login_account=cenkaitao28&password=5732197abc&ajax=0&remember_me=0&save_state=0&ltype=2&gameid=1&backUrl=%2Fzt%2Fweixin%2F&_=
INFO: [ app_init ] --START--
INFO: Run Behavior\BuildLiteBehavior [ RunTime:0.000000s ]
INFO: Run Common\Behavior\InitHookBehavior [ RunTime:0.000000s ]
INFO: [ app_init ] --END-- [ RunTime:0.000000s ]
INFO: [ app_begin ] --START--
INFO: Run Behavior\ReadHtmlCacheBehavior [ RunTime:0.000000s ]
INFO: [ app_begin ] --END-- [ RunTime:0.000000s ]
ERR: 无法加载控制器:Login.php

[ 2015-07-21T00:53:18+08:00 ] 117.42.62.212 http://my.37.com/api/login.php?callback=jQuery18306987853845391776_1421401535020&action=login&login_account=aga851216&password=000000&ajax=0&remember_me=0&save_state=0&ltype=2&gameid=1&backUrl=%2Fzt%2Fweixin%2F&_=
INFO: [ app_init ] --START--
INFO: Run Behavior\BuildLiteBehavior [ RunTime:0.000000s ]
INFO: Run Common\Behavior\InitHookBehavior [ RunTime:0.000000s ]
INFO: [ app_init ] --END-- [ RunTime:0.000000s ]
INFO: [ app_begin ] --START--
INFO: Run Behavior\ReadHtmlCacheBehavior [ RunTime:0.000000s ]
INFO: [ app_begin ] --END-- [ RunTime:0.000000s ]
ERR: 无法加载控制器:Login.php

[ 2015-07-21T02:08:31+08:00 ] 120.27.101.16 http://m.baidu.com/api?action=redirect&token=duoku&from=1631a&type=app&dltype=new&tj=game_7839882_1503016_%E5%A4%AA%E7%A9%BA%E5%8E%86%E9%99%A9%E8%AE%B0&blink=9926687474703a2f2f612e67646f776e2e62616964752e636f6d2f646174612f7769736567616d652f313937613062373633333666326337382f7461696b6f6e676c697869616e6a695f312e61706b3f66726f6d3d6131313031aa55&crversion=1&r=1437415707087
INFO: [ app_init ] --START--
INFO: Run Behavior\BuildLiteBehavior [ RunTime:0.000000s ]
INFO: Run Common\Behavior\InitHookBehavior [ RunTime:0.000000s ]
INFO: [ app_init ] --END-- [ RunTime:0.000000s ]
INFO: [ app_begin ] --START--
INFO: Run Behavior\ReadHtmlCacheBehavior [ RunTime:0.000000s ]
INFO: [ app_begin ] --END-- [ RunTime:0.000000s ]
ERR: 无法加载控制器:Index

[ 2015-07-21T02:28:53+08:00 ] 120.27.101.16 http://m.baidu.com/api?action=redirect&token=duoku&from=1631a&type=app&dltype=new&tj=game_7839882_1503016_%E5%A4%AA%E7%A9%BA%E5%8E%86%E9%99%A9%E8%AE%B0&blink=9926687474703a2f2f612e67646f776e2e62616964752e636f6d2f646174612f7769736567616d652f313937613062373633333666326337382f7461696b6f6e676c697869616e6a695f312e61706b3f66726f6d3d6131313031aa55&crversion=1&r=1437416926334
INFO: [ app_init ] --START--
INFO: Run Behavior\BuildLiteBehavior [ RunTime:0.000000s ]
INFO: Run Common\Behavior\InitHookBehavior [ RunTime:0.000000s ]
INFO: [ app_init ] --END-- [ RunTime:0.015600s ]
INFO: [ app_begin ] --START--
INFO: Run Behavior\ReadHtmlCacheBehavior [ RunTime:0.000000s ]
INFO: [ app_begin ] --END-- [ RunTime:0.000000s ]
ERR: 无法加载控制器:Index

[ 2015-07-21T03:01:09+08:00 ] 120.27.101.16 http://m.baidu.com/api?action=redirect&token=duoku&from=1631a&type=app&dltype=new&tj=game_7831837_1499551_%E9%97%AA%E8%BA%B2%E5%B0%8F%E7%90%83&blink=6526687474703a2f2f612e67646f776e2e62616964752e636f6d2f646174612f7769736567616d652f376161353034333330353331303331362f7368616e64756f7869616f7169755f322e61706b3f66726f6d3d6131313031aa55&crversion=1&r=1437418859208
INFO: [ app_init ] --START--
INFO: Run Behavior\BuildLiteBehavior [ RunTime:0.000000s ]
INFO: Run Common\Behavior\InitHookBehavior [ RunTime:0.015600s ]
INFO: [ app_init ] --END-- [ RunTime:0.015600s ]
INFO: [ app_begin ] --START--
INFO: Run Behavior\ReadHtmlCacheBehavior [ RunTime:0.000000s ]
INFO: [ app_begin ] --END-- [ RunTime:0.000000s ]
ERR: 无法加载控制器:Index

[ 2015-07-21T03:05:20+08:00 ] 120.27.101.16 http://m.baidu.com/api?action=redirect&token=duoku&from=1631a&type=app&dltype=new&tj=game_7831837_1499551_%E9%97%AA%E8%BA%B2%E5%B0%8F%E7%90%83&blink=6526687474703a2f2f612e67646f776e2e62616964752e636f6d2f646174612f7769736567616d652f376161353034333330353331303331362f7368616e64756f7869616f7169755f322e61706b3f66726f6d3d6131313031aa55&crversion=1&r=1437419110223
INFO: [ app_init ] --START--
INFO: Run Behavior\BuildLiteBehavior [ RunTime:0.000000s ]
INFO: Run Common\Behavior\InitHookBehavior [ RunTime:0.000000s ]
INFO: [ app_init ] --END-- [ RunTime:0.000000s ]
INFO: [ app_begin ] --START--
INFO: Run Behavior\ReadHtmlCacheBehavior [ RunTime:0.000000s ]
INFO: [ app_begin ] --END-- [ RunTime:0.000000s ]
ERR: 无法加载控制器:Index

[ 2015-07-21T04:08:03+08:00 ] 120.27.101.16 http://m.baidu.com/api?action=redirect&token=duoku&from=1631a&type=app&dltype=new&tj=game_7832582_1499904_%E8%90%8C%E5%AE%A0%E6%B3%A1%E6%B3%A1%E9%BE%99%E5%A4%A7%E4%BD%9C%E6%88%98&blink=7d24687474703a2f2f612e67646f776e2e62616964752e636f6d2f646174612f7769736567616d652f663863343633613933643236663335372f6d656e6763686f6e6770616f70616f6c6f6e6764617a756f7a68616e5f312e61706b3f66726f6d3d6131313031aa55&crversion=1&r=1437422866365
INFO: [ app_init ] --START--
INFO: Run Behavior\BuildLiteBehavior [ RunTime:0.000000s ]
INFO: Run Common\Behavior\InitHookBehavior [ RunTime:0.015600s ]
INFO: [ app_init ] --END-- [ RunTime:0.015600s ]
INFO: [ app_begin ] --START--
INFO: Run Behavior\ReadHtmlCacheBehavior [ RunTime:0.000000s ]
INFO: [ app_begin ] --END-- [ RunTime:0.000000s ]
ERR: 无法加载控制器:Index

[ 2015-07-21T04:22:23+08:00 ] 120.27.101.16 http://m.baidu.com/api?action=redirect&token=duoku&from=1631a&type=app&dltype=new&tj=game_7831837_1499551_%E9%97%AA%E8%BA%B2%E5%B0%8F%E7%90%83&blink=6526687474703a2f2f612e67646f776e2e62616964752e636f6d2f646174612f7769736567616d652f376161353034333330353331303331362f7368616e64756f7869616f7169755f322e61706b3f66726f6d3d6131313031aa55&crversion=1&r=1437423724262
INFO: [ app_init ] --START--
INFO: Run Behavior\BuildLiteBehavior [ RunTime:0.000000s ]
INFO: Run Common\Behavior\InitHookBehavior [ RunTime:0.000000s ]
INFO: [ app_init ] --END-- [ RunTime:0.000000s ]
INFO: [ app_begin ] --START--
INFO: Run Behavior\ReadHtmlCacheBehavior [ RunTime:0.000000s ]
INFO: [ app_begin ] --END-- [ RunTime:0.000000s ]
ERR: 无法加载控制器:Index

[ 2015-07-21T04:58:36+08:00 ] 120.27.101.16 http://m.baidu.com/api?action=redirect&token=duoku&from=1631a&type=app&dltype=new&tj=game_7831837_1499551_%E9%97%AA%E8%BA%B2%E5%B0%8F%E7%90%83&blink=6526687474703a2f2f612e67646f776e2e62616964752e636f6d2f646174612f7769736567616d652f376161353034333330353331303331362f7368616e64756f7869616f7169755f322e61706b3f66726f6d3d6131313031aa55&crversion=1&r=1437425893479
INFO: [ app_init ] --START--
INFO: Run Behavior\BuildLiteBehavior [ RunTime:0.000000s ]
INFO: Run Common\Behavior\InitHookBehavior [ RunTime:0.000000s ]
INFO: [ app_init ] --END-- [ RunTime:0.000000s ]
INFO: [ app_begin ] --START--
INFO: Run Behavior\ReadHtmlCacheBehavior [ RunTime:0.000000s ]
INFO: [ app_begin ] --END-- [ RunTime:0.000000s ]
ERR: 无法加载控制器:Index

[ 2015-07-21T05:16:54+08:00 ] 120.27.101.16 http://m.baidu.com/api?action=redirect&token=duoku&from=1631a&type=app&dltype=new&tj=game_7832582_1499904_%E8%90%8C%E5%AE%A0%E6%B3%A1%E6%B3%A1%E9%BE%99%E5%A4%A7%E4%BD%9C%E6%88%98&blink=7d24687474703a2f2f612e67646f776e2e62616964752e636f6d2f646174612f7769736567616d652f663863343633613933643236663335372f6d656e6763686f6e6770616f70616f6c6f6e6764617a756f7a68616e5f312e61706b3f66726f6d3d6131313031aa55&crversion=1&r=1437426990049
INFO: [ app_init ] --START--
INFO: Run Behavior\BuildLiteBehavior [ RunTime:0.000000s ]
INFO: Run Common\Behavior\InitHookBehavior [ RunTime:0.000000s ]
INFO: [ app_init ] --END-- [ RunTime:0.000000s ]
INFO: [ app_begin ] --START--
INFO: Run Behavior\ReadHtmlCacheBehavior [ RunTime:0.000000s ]
INFO: [ app_begin ] --END-- [ RunTime:0.000000s ]
ERR: 无法加载控制器:Index

[ 2015-07-21T05:28:27+08:00 ] 111.73.182.140 http://my.37.com/api/login.php?callback=jQuery18306987853845391776_1421401535020&action=login&login_account=sddysk&password=b0e5t4r6y&ajax=0&remember_me=0&save_state=0&ltype=2&gameid=1&backUrl=%2Fzt%2Fweixin%2F&_=
INFO: [ app_init ] --START--
INFO: Run Behavior\BuildLiteBehavior [ RunTime:0.000000s ]
INFO: Run Common\Behavior\InitHookBehavior [ RunTime:0.000000s ]
INFO: [ app_init ] --END-- [ RunTime:0.000000s ]
INFO: [ app_begin ] --START--
INFO: Run Behavior\ReadHtmlCacheBehavior [ RunTime:0.000000s ]
INFO: [ app_begin ] --END-- [ RunTime:0.000000s ]
ERR: 无法加载控制器:Login.php

[ 2015-07-21T05:40:12+08:00 ] 182.86.188.100 http://my.37.com/api/login.php?callback=jQuery18306987853845391776_1421401535020&action=login&login_account=kikotrtr&password=huanglgd&ajax=0&remember_me=0&save_state=0&ltype=2&gameid=1&backUrl=%2Fzt%2Fweixin%2F&_=
INFO: [ app_init ] --START--
INFO: Run Behavior\BuildLiteBehavior [ RunTime:0.000000s ]
INFO: Run Common\Behavior\InitHookBehavior [ RunTime:0.002000s ]
INFO: [ app_init ] --END-- [ RunTime:0.003000s ]
INFO: [ app_begin ] --START--
INFO: Run Behavior\ReadHtmlCacheBehavior [ RunTime:0.001000s ]
INFO: [ app_begin ] --END-- [ RunTime:0.001000s ]
ERR: 无法加载控制器:Login.php

[ 2015-07-21T05:45:12+08:00 ] 182.86.188.100 http://my.37.com/api/login.php?callback=jQuery18306987853845391776_1421401535020&action=login&login_account=zhang84033496&password=zzk1977342603&ajax=0&remember_me=0&save_state=0&ltype=2&gameid=1&backUrl=%2Fzt%2Fweixin%2F&_=
INFO: [ app_init ] --START--
INFO: Run Behavior\BuildLiteBehavior [ RunTime:0.000000s ]
INFO: Run Common\Behavior\InitHookBehavior [ RunTime:0.000000s ]
INFO: [ app_init ] --END-- [ RunTime:0.000000s ]
INFO: [ app_begin ] --START--
INFO: Run Behavior\ReadHtmlCacheBehavior [ RunTime:0.000000s ]
INFO: [ app_begin ] --END-- [ RunTime:0.000000s ]
ERR: 无法加载控制器:Login.php

[ 2015-07-21T05:48:24+08:00 ] 182.86.188.100 http://my.37.com/api/login.php?callback=jQuery18306987853845391776_1421401535020&action=login&login_account=zwhset&password=zuoloveyou&ajax=0&remember_me=0&save_state=0&ltype=2&gameid=1&backUrl=%2Fzt%2Fweixin%2F&_=
INFO: [ app_init ] --START--
INFO: Run Behavior\BuildLiteBehavior [ RunTime:0.000000s ]
INFO: Run Common\Behavior\InitHookBehavior [ RunTime:0.000000s ]
INFO: [ app_init ] --END-- [ RunTime:0.000000s ]
INFO: [ app_begin ] --START--
INFO: Run Behavior\ReadHtmlCacheBehavior [ RunTime:0.000000s ]
INFO: [ app_begin ] --END-- [ RunTime:0.000000s ]
ERR: 无法加载控制器:Login.php

[ 2015-07-21T05:57:18+08:00 ] 111.73.182.140 http://my.37.com/api/login.php?callback=jQuery18306987853845391776_1421401535020&action=login&login_account=xiner13145200&password=1314520886&ajax=0&remember_me=0&save_state=0&ltype=2&gameid=1&backUrl=%2Fzt%2Fweixin%2F&_=
INFO: [ app_init ] --START--
INFO: Run Behavior\BuildLiteBehavior [ RunTime:0.000000s ]
INFO: Run Common\Behavior\InitHookBehavior [ RunTime:0.000000s ]
INFO: [ app_init ] --END-- [ RunTime:0.000000s ]
INFO: [ app_begin ] --START--
INFO: Run Behavior\ReadHtmlCacheBehavior [ RunTime:0.000000s ]
INFO: [ app_begin ] --END-- [ RunTime:0.000000s ]
ERR: 无法加载控制器:Login.php

[ 2015-07-21T06:10:35+08:00 ] 182.86.188.100 http://my.37.com/api/login.php?callback=jQuery18306987853845391776_1421401535020&action=login&login_account=zhao114100&password=zhao114100&ajax=0&remember_me=0&save_state=0&ltype=2&gameid=1&backUrl=%2Fzt%2Fweixin%2F&_=
INFO: [ app_init ] --START--
INFO: Run Behavior\BuildLiteBehavior [ RunTime:0.000000s ]
INFO: Run Common\Behavior\InitHookBehavior [ RunTime:0.000000s ]
INFO: [ app_init ] --END-- [ RunTime:0.000000s ]
INFO: [ app_begin ] --START--
INFO: Run Behavior\ReadHtmlCacheBehavior [ RunTime:0.000000s ]
INFO: [ app_begin ] --END-- [ RunTime:0.000000s ]
ERR: 无法加载控制器:Login.php

[ 2015-07-21T06:11:58+08:00 ] 111.73.182.140 http://my.37.com/api/login.php?callback=jQuery18306987853845391776_1421401535020&action=login&login_account=zhuchunfa1988&password=zhuchunfa&ajax=0&remember_me=0&save_state=0&ltype=2&gameid=1&backUrl=%2Fzt%2Fweixin%2F&_=
INFO: [ app_init ] --START--
INFO: Run Behavior\BuildLiteBehavior [ RunTime:0.000000s ]
INFO: Run Common\Behavior\InitHookBehavior [ RunTime:0.015600s ]
INFO: [ app_init ] --END-- [ RunTime:0.015600s ]
INFO: [ app_begin ] --START--
INFO: Run Behavior\ReadHtmlCacheBehavior [ RunTime:0.000000s ]
INFO: [ app_begin ] --END-- [ RunTime:0.000000s ]
ERR: 无法加载控制器:Login.php

[ 2015-07-21T06:14:54+08:00 ] 120.27.101.16 http://m.baidu.com/api?action=redirect&token=duoku&from=1631a&type=app&dltype=new&tj=game_7831837_1499551_%E9%97%AA%E8%BA%B2%E5%B0%8F%E7%90%83&blink=6526687474703a2f2f612e67646f776e2e62616964752e636f6d2f646174612f7769736567616d652f376161353034333330353331303331362f7368616e64756f7869616f7169755f322e61706b3f66726f6d3d6131313031aa55&crversion=1&r=1437430463754
INFO: [ app_init ] --START--
INFO: Run Behavior\BuildLiteBehavior [ RunTime:0.000000s ]
INFO: Run Common\Behavior\InitHookBehavior [ RunTime:0.015600s ]
INFO: [ app_init ] --END-- [ RunTime:0.015600s ]
INFO: [ app_begin ] --START--
INFO: Run Behavior\ReadHtmlCacheBehavior [ RunTime:0.000000s ]
INFO: [ app_begin ] --END-- [ RunTime:0.000000s ]
ERR: 无法加载控制器:Index

[ 2015-07-21T06:15:53+08:00 ] 182.86.188.100 http://my.37.com/api/login.php?callback=jQuery18306987853845391776_1421401535020&action=login&login_account=zhengyang547&password=19911021&ajax=0&remember_me=0&save_state=0&ltype=2&gameid=1&backUrl=%2Fzt%2Fweixin%2F&_=
INFO: [ app_init ] --START--
INFO: Run Behavior\BuildLiteBehavior [ RunTime:0.000000s ]
INFO: Run Common\Behavior\InitHookBehavior [ RunTime:0.015600s ]
INFO: [ app_init ] --END-- [ RunTime:0.015600s ]
INFO: [ app_begin ] --START--
INFO: Run Behavior\ReadHtmlCacheBehavior [ RunTime:0.000000s ]
INFO: [ app_begin ] --END-- [ RunTime:0.000000s ]
ERR: 无法加载控制器:Login.php

[ 2015-07-21T06:22:57+08:00 ] 182.86.188.100 http://my.37.com/api/login.php?callback=jQuery18306987853845391776_1421401535020&action=login&login_account=zzcweige1&password=zzc20050&ajax=0&remember_me=0&save_state=0&ltype=2&gameid=1&backUrl=%2Fzt%2Fweixin%2F&_=
INFO: [ app_init ] --START--
INFO: Run Behavior\BuildLiteBehavior [ RunTime:0.000000s ]
INFO: Run Common\Behavior\InitHookBehavior [ RunTime:0.000000s ]
INFO: [ app_init ] --END-- [ RunTime:0.000000s ]
INFO: [ app_begin ] --START--
INFO: Run Behavior\ReadHtmlCacheBehavior [ RunTime:0.000000s ]
INFO: [ app_begin ] --END-- [ RunTime:0.000000s ]
ERR: 无法加载控制器:Login.php

[ 2015-07-21T06:30:41+08:00 ] 111.73.182.140 http://my.37.com/api/login.php?callback=jQuery18306987853845391776_1421401535020&action=login&login_account=zsdk007&password=8428889630&ajax=0&remember_me=0&save_state=0&ltype=2&gameid=1&backUrl=%2Fzt%2Fweixin%2F&_=
INFO: [ app_init ] --START--
INFO: Run Behavior\BuildLiteBehavior [ RunTime:0.000000s ]
INFO: Run Common\Behavior\InitHookBehavior [ RunTime:0.000000s ]
INFO: [ app_init ] --END-- [ RunTime:0.000000s ]
INFO: [ app_begin ] --START--
INFO: Run Behavior\ReadHtmlCacheBehavior [ RunTime:0.000000s ]
INFO: [ app_begin ] --END-- [ RunTime:0.000000s ]
ERR: 无法加载控制器:Login.php

[ 2015-07-21T06:30:57+08:00 ] 182.86.188.100 http://my.37.com/api/login.php?callback=jQuery18306987853845391776_1421401535020&action=login&login_account=zcqi769500180&password=zcqi530756&ajax=0&remember_me=0&save_state=0&ltype=2&gameid=1&backUrl=%2Fzt%2Fweixin%2F&_=
INFO: [ app_init ] --START--
INFO: Run Behavior\BuildLiteBehavior [ RunTime:0.000000s ]
INFO: Run Common\Behavior\InitHookBehavior [ RunTime:0.000000s ]
INFO: [ app_init ] --END-- [ RunTime:0.000000s ]
INFO: [ app_begin ] --START--
INFO: Run Behavior\ReadHtmlCacheBehavior [ RunTime:0.000000s ]
INFO: [ app_begin ] --END-- [ RunTime:0.000000s ]
ERR: 无法加载控制器:Login.php

[ 2015-07-21T06:33:05+08:00 ] 182.86.188.100 http://my.37.com/api/login.php?callback=jQuery18306987853845391776_1421401535020&action=login&login_account=zhangyn431&password=zhang1979&ajax=0&remember_me=0&save_state=0&ltype=2&gameid=1&backUrl=%2Fzt%2Fweixin%2F&_=
INFO: [ app_init ] --START--
INFO: Run Behavior\BuildLiteBehavior [ RunTime:0.000000s ]
INFO: Run Common\Behavior\InitHookBehavior [ RunTime:0.000000s ]
INFO: [ app_init ] --END-- [ RunTime:0.000000s ]
INFO: [ app_begin ] --START--
INFO: Run Behavior\ReadHtmlCacheBehavior [ RunTime:0.000000s ]
INFO: [ app_begin ] --END-- [ RunTime:0.000000s ]
ERR: 无法加载控制器:Login.php

[ 2015-07-21T06:33:19+08:00 ] 120.27.101.16 http://m.baidu.com/api?action=redirect&token=duoku&from=1631a&type=app&dltype=new&tj=game_7831837_1499551_%E9%97%AA%E8%BA%B2%E5%B0%8F%E7%90%83&blink=6526687474703a2f2f612e67646f776e2e62616964752e636f6d2f646174612f7769736567616d652f376161353034333330353331303331362f7368616e64756f7869616f7169755f322e61706b3f66726f6d3d6131313031aa55&crversion=1&r=1437431566638
INFO: [ app_init ] --START--
INFO: Run Behavior\BuildLiteBehavior [ RunTime:0.000000s ]
INFO: Run Common\Behavior\InitHookBehavior [ RunTime:0.000000s ]
INFO: [ app_init ] --END-- [ RunTime:0.000000s ]
INFO: [ app_begin ] --START--
INFO: Run Behavior\ReadHtmlCacheBehavior [ RunTime:0.000000s ]
INFO: [ app_begin ] --END-- [ RunTime:0.000000s ]
ERR: 无法加载控制器:Index

[ 2015-07-21T06:41:45+08:00 ] 111.73.182.140 http://my.37.com/api/login.php?callback=jQuery18306987853845391776_1421401535020&action=login&login_account=zzfly555&password=13547925030&ajax=0&remember_me=0&save_state=0&ltype=2&gameid=1&backUrl=%2Fzt%2Fweixin%2F&_=
INFO: [ app_init ] --START--
INFO: Run Behavior\BuildLiteBehavior [ RunTime:0.000000s ]
INFO: Run Common\Behavior\InitHookBehavior [ RunTime:0.000000s ]
INFO: [ app_init ] --END-- [ RunTime:0.000000s ]
INFO: [ app_begin ] --START--
INFO: Run Behavior\ReadHtmlCacheBehavior [ RunTime:0.000000s ]
INFO: [ app_begin ] --END-- [ RunTime:0.000000s ]
ERR: 无法加载控制器:Login.php

[ 2015-07-21T06:43:28+08:00 ] 111.73.182.140 http://my.37.com/api/login.php?callback=jQuery18306987853845391776_1421401535020&action=login&login_account=zzlyyfyzx&password=789456123yzx&ajax=0&remember_me=0&save_state=0&ltype=2&gameid=1&backUrl=%2Fzt%2Fweixin%2F&_=
INFO: [ app_init ] --START--
INFO: Run Behavior\BuildLiteBehavior [ RunTime:0.000000s ]
INFO: Run Common\Behavior\InitHookBehavior [ RunTime:0.000000s ]
INFO: [ app_init ] --END-- [ RunTime:0.015600s ]
INFO: [ app_begin ] --START--
INFO: Run Behavior\ReadHtmlCacheBehavior [ RunTime:0.000000s ]
INFO: [ app_begin ] --END-- [ RunTime:0.000000s ]
ERR: 无法加载控制器:Login.php

[ 2015-07-21T06:45:01+08:00 ] 111.73.182.140 http://my.37.com/api/login.php?callback=jQuery18306987853845391776_1421401535020&action=login&login_account=shenyouhong421&password=6854099acm&ajax=0&remember_me=0&save_state=0&ltype=2&gameid=1&backUrl=%2Fzt%2Fweixin%2F&_=
INFO: [ app_init ] --START--
INFO: Run Behavior\BuildLiteBehavior [ RunTime:0.000000s ]
INFO: Run Common\Behavior\InitHookBehavior [ RunTime:0.000000s ]
INFO: [ app_init ] --END-- [ RunTime:0.000000s ]
INFO: [ app_begin ] --START--
INFO: Run Behavior\ReadHtmlCacheBehavior [ RunTime:0.000000s ]
INFO: [ app_begin ] --END-- [ RunTime:0.000000s ]
ERR: 无法加载控制器:Login.php

[ 2015-07-21T06:52:42+08:00 ] 120.27.101.16 http://m.baidu.com/api?action=redirect&token=duoku&from=1631a&type=app&dltype=new&tj=game_7831837_1499551_%E9%97%AA%E8%BA%B2%E5%B0%8F%E7%90%83&blink=6526687474703a2f2f612e67646f776e2e62616964752e636f6d2f646174612f7769736567616d652f376161353034333330353331303331362f7368616e64756f7869616f7169755f322e61706b3f66726f6d3d6131313031aa55&crversion=1&r=1437432727184
INFO: [ app_init ] --START--
INFO: Run Behavior\BuildLiteBehavior [ RunTime:0.000000s ]
INFO: Run Common\Behavior\InitHookBehavior [ RunTime:0.015600s ]
INFO: [ app_init ] --END-- [ RunTime:0.015600s ]
INFO: [ app_begin ] --START--
INFO: Run Behavior\ReadHtmlCacheBehavior [ RunTime:0.000000s ]
INFO: [ app_begin ] --END-- [ RunTime:0.000000s ]
ERR: 无法加载控制器:Index

[ 2015-07-21T06:53:59+08:00 ] 182.86.188.100 http://my.37.com/api/login.php?callback=jQuery18306987853845391776_1421401535020&action=login&login_account=zhangkaiwm&password=84312029&ajax=0&remember_me=0&save_state=0&ltype=2&gameid=1&backUrl=%2Fzt%2Fweixin%2F&_=
INFO: [ app_init ] --START--
INFO: Run Behavior\BuildLiteBehavior [ RunTime:0.000000s ]
INFO: Run Common\Behavior\InitHookBehavior [ RunTime:0.000000s ]
INFO: [ app_init ] --END-- [ RunTime:0.000000s ]
INFO: [ app_begin ] --START--
INFO: Run Behavior\ReadHtmlCacheBehavior [ RunTime:0.000000s ]
INFO: [ app_begin ] --END-- [ RunTime:0.000000s ]
ERR: 无法加载控制器:Login.php

[ 2015-07-21T06:54:53+08:00 ] 111.73.182.140 http://my.37.com/api/login.php?callback=jQuery18306987853845391776_1421401535020&action=login&login_account=huaisideshen&password=405192598&ajax=0&remember_me=0&save_state=0&ltype=2&gameid=1&backUrl=%2Fzt%2Fweixin%2F&_=
INFO: [ app_init ] --START--
INFO: Run Behavior\BuildLiteBehavior [ RunTime:0.000000s ]
INFO: Run Common\Behavior\InitHookBehavior [ RunTime:0.000000s ]
INFO: [ app_init ] --END-- [ RunTime:0.000000s ]
INFO: [ app_begin ] --START--
INFO: Run Behavior\ReadHtmlCacheBehavior [ RunTime:0.000000s ]
INFO: [ app_begin ] --END-- [ RunTime:0.000000s ]
ERR: 无法加载控制器:Login.php

[ 2015-07-21T07:01:48+08:00 ] 111.73.182.140 http://my.37.com/api/login.php?callback=jQuery18306987853845391776_1421401535020&action=login&login_account=babo-vivi&password=hxt19862163&ajax=0&remember_me=0&save_state=0&ltype=2&gameid=1&backUrl=%2Fzt%2Fweixin%2F&_=
INFO: [ app_init ] --START--
INFO: Run Behavior\BuildLiteBehavior [ RunTime:0.000000s ]
INFO: Run Common\Behavior\InitHookBehavior [ RunTime:0.000000s ]
INFO: [ app_init ] --END-- [ RunTime:0.000000s ]
INFO: [ app_begin ] --START--
INFO: Run Behavior\ReadHtmlCacheBehavior [ RunTime:0.000000s ]
INFO: [ app_begin ] --END-- [ RunTime:0.000000s ]
ERR: 无法加载控制器:Login.php

[ 2015-07-21T07:04:36+08:00 ] 182.86.188.100 http://my.37.com/api/login.php?callback=jQuery18306987853845391776_1421401535020&action=login&login_account=zhang028859&password=3383747&ajax=0&remember_me=0&save_state=0&ltype=2&gameid=1&backUrl=%2Fzt%2Fweixin%2F&_=
INFO: [ app_init ] --START--
INFO: Run Behavior\BuildLiteBehavior [ RunTime:0.000000s ]
INFO: Run Common\Behavior\InitHookBehavior [ RunTime:0.015600s ]
INFO: [ app_init ] --END-- [ RunTime:0.015600s ]
INFO: [ app_begin ] --START--
INFO: Run Behavior\ReadHtmlCacheBehavior [ RunTime:0.000000s ]
INFO: [ app_begin ] --END-- [ RunTime:0.000000s ]
ERR: 无法加载控制器:Login.php

[ 2015-07-21T07:07:43+08:00 ] 182.86.188.100 http://my.37.com/api/login.php?callback=jQuery18306987853845391776_1421401535020&action=login&login_account=zhoujing2585&password=5748349&ajax=0&remember_me=0&save_state=0&ltype=2&gameid=1&backUrl=%2Fzt%2Fweixin%2F&_=
INFO: [ app_init ] --START--
INFO: Run Behavior\BuildLiteBehavior [ RunTime:0.000000s ]
INFO: Run Common\Behavior\InitHookBehavior [ RunTime:0.000000s ]
INFO: [ app_init ] --END-- [ RunTime:0.000000s ]
INFO: [ app_begin ] --START--
INFO: Run Behavior\ReadHtmlCacheBehavior [ RunTime:0.000000s ]
INFO: [ app_begin ] --END-- [ RunTime:0.000000s ]
ERR: 无法加载控制器:Login.php

[ 2015-07-21T07:08:43+08:00 ] 111.73.182.140 http://my.37.com/api/login.php?callback=jQuery18306987853845391776_1421401535020&action=login&login_account=songyong19870813&password=13507349&ajax=0&remember_me=0&save_state=0&ltype=2&gameid=1&backUrl=%2Fzt%2Fweixin%2F&_=
INFO: [ app_init ] --START--
INFO: Run Behavior\BuildLiteBehavior [ RunTime:0.000000s ]
INFO: Run Common\Behavior\InitHookBehavior [ RunTime:0.000000s ]
INFO: [ app_init ] --END-- [ RunTime:0.000000s ]
INFO: [ app_begin ] --START--
INFO: Run Behavior\ReadHtmlCacheBehavior [ RunTime:0.000000s ]
INFO: [ app_begin ] --END-- [ RunTime:0.000000s ]
ERR: 无法加载控制器:Login.php

[ 2015-07-21T07:11:20+08:00 ] 111.73.182.140 http://my.37.com/api/login.php?callback=jQuery18306987853845391776_1421401535020&action=login&login_account=sroth1&password=songyang&ajax=0&remember_me=0&save_state=0&ltype=2&gameid=1&backUrl=%2Fzt%2Fweixin%2F&_=
INFO: [ app_init ] --START--
INFO: Run Behavior\BuildLiteBehavior [ RunTime:0.000000s ]
INFO: Run Common\Behavior\InitHookBehavior [ RunTime:0.000000s ]
INFO: [ app_init ] --END-- [ RunTime:0.000000s ]
INFO: [ app_begin ] --START--
INFO: Run Behavior\ReadHtmlCacheBehavior [ RunTime:0.000000s ]
INFO: [ app_begin ] --END-- [ RunTime:0.000000s ]
ERR: 无法加载控制器:Login.php

[ 2015-07-21T07:17:05+08:00 ] 120.27.101.16 http://m.baidu.com/api?action=redirect&token=duoku&from=1631a&type=app&dltype=new&tj=game_7832582_1499904_%E8%90%8C%E5%AE%A0%E6%B3%A1%E6%B3%A1%E9%BE%99%E5%A4%A7%E4%BD%9C%E6%88%98&blink=7d24687474703a2f2f612e67646f776e2e62616964752e636f6d2f646174612f7769736567616d652f663863343633613933643236663335372f6d656e6763686f6e6770616f70616f6c6f6e6764617a756f7a68616e5f312e61706b3f66726f6d3d6131313031aa55&crversion=1&r=1437434187797
INFO: [ app_init ] --START--
INFO: Run Behavior\BuildLiteBehavior [ RunTime:0.000000s ]
INFO: Run Common\Behavior\InitHookBehavior [ RunTime:0.000000s ]
INFO: [ app_init ] --END-- [ RunTime:0.000000s ]
INFO: [ app_begin ] --START--
INFO: Run Behavior\ReadHtmlCacheBehavior [ RunTime:0.000000s ]
INFO: [ app_begin ] --END-- [ RunTime:0.000000s ]
ERR: 无法加载控制器:Index

[ 2015-07-21T07:19:15+08:00 ] 182.86.188.100 http://my.37.com/api/login.php?callback=jQuery18306987853845391776_1421401535020&action=login&login_account=zazzaa19&password=za19840806&ajax=0&remember_me=0&save_state=0&ltype=2&gameid=1&backUrl=%2Fzt%2Fweixin%2F&_=
INFO: [ app_init ] --START--
INFO: Run Behavior\BuildLiteBehavior [ RunTime:0.000000s ]
INFO: Run Common\Behavior\InitHookBehavior [ RunTime:0.000000s ]
INFO: [ app_init ] --END-- [ RunTime:0.000000s ]
INFO: [ app_begin ] --START--
INFO: Run Behavior\ReadHtmlCacheBehavior [ RunTime:0.000000s ]
INFO: [ app_begin ] --END-- [ RunTime:0.000000s ]
ERR: 无法加载控制器:Login.php

[ 2015-07-21T07:27:11+08:00 ] 182.86.188.100 http://my.37.com/api/login.php?callback=jQuery18306987853845391776_1421401535020&action=login&login_account=ptluna&password=ningning&ajax=0&remember_me=0&save_state=0&ltype=2&gameid=1&backUrl=%2Fzt%2Fweixin%2F&_=
INFO: [ app_init ] --START--
INFO: Run Behavior\BuildLiteBehavior [ RunTime:0.000000s ]
INFO: Run Common\Behavior\InitHookBehavior [ RunTime:0.000000s ]
INFO: [ app_init ] --END-- [ RunTime:0.000000s ]
INFO: [ app_begin ] --START--
INFO: Run Behavior\ReadHtmlCacheBehavior [ RunTime:0.000000s ]
INFO: [ app_begin ] --END-- [ RunTime:0.000000s ]
ERR: 无法加载控制器:Login.php

[ 2015-07-21T07:29:35+08:00 ] 111.73.182.140 http://my.37.com/api/login.php?callback=jQuery18306987853845391776_1421401535020&action=login&login_account=2008sxzhuzhu&password=6123241989&ajax=0&remember_me=0&save_state=0&ltype=2&gameid=1&backUrl=%2Fzt%2Fweixin%2F&_=
INFO: [ app_init ] --START--
INFO: Run Behavior\BuildLiteBehavior [ RunTime:0.000000s ]
INFO: Run Common\Behavior\InitHookBehavior [ RunTime:0.000000s ]
INFO: [ app_init ] --END-- [ RunTime:0.000000s ]
INFO: [ app_begin ] --START--
INFO: Run Behavior\ReadHtmlCacheBehavior [ RunTime:0.000000s ]
INFO: [ app_begin ] --END-- [ RunTime:0.000000s ]
ERR: 无法加载控制器:Login.php

[ 2015-07-21T07:30:27+08:00 ] 182.86.188.100 http://my.37.com/api/login.php?callback=jQuery18306987853845391776_1421401535020&action=login&login_account=kent0208&password=289791576&ajax=0&remember_me=0&save_state=0&ltype=2&gameid=1&backUrl=%2Fzt%2Fweixin%2F&_=
INFO: [ app_init ] --START--
INFO: Run Behavior\BuildLiteBehavior [ RunTime:0.000000s ]
INFO: Run Common\Behavior\InitHookBehavior [ RunTime:0.015600s ]
INFO: [ app_init ] --END-- [ RunTime:0.015600s ]
INFO: [ app_begin ] --START--
INFO: Run Behavior\ReadHtmlCacheBehavior [ RunTime:0.000000s ]
INFO: [ app_begin ] --END-- [ RunTime:0.000000s ]
ERR: 无法加载控制器:Login.php

[ 2015-07-21T07:33:25+08:00 ] 111.73.182.140 http://my.37.com/api/login.php?callback=jQuery18306987853845391776_1421401535020&action=login&login_account=tan.ya.lin&password=7467tanlin2011&ajax=0&remember_me=0&save_state=0&ltype=2&gameid=1&backUrl=%2Fzt%2Fweixin%2F&_=
INFO: [ app_init ] --START--
INFO: Run Behavior\BuildLiteBehavior [ RunTime:0.000000s ]
INFO: Run Common\Behavior\InitHookBehavior [ RunTime:0.000000s ]
INFO: [ app_init ] --END-- [ RunTime:0.015600s ]
INFO: [ app_begin ] --START--
INFO: Run Behavior\ReadHtmlCacheBehavior [ RunTime:0.000000s ]
INFO: [ app_begin ] --END-- [ RunTime:0.000000s ]
ERR: 无法加载控制器:Login.php

[ 2015-07-21T07:37:04+08:00 ] 111.73.182.140 http://my.37.com/api/login.php?callback=jQuery18306987853845391776_1421401535020&action=login&login_account=18tailong1&password=a23881809&ajax=0&remember_me=0&save_state=0&ltype=2&gameid=1&backUrl=%2Fzt%2Fweixin%2F&_=
INFO: [ app_init ] --START--
INFO: Run Behavior\BuildLiteBehavior [ RunTime:0.000000s ]
INFO: Run Common\Behavior\InitHookBehavior [ RunTime:0.000000s ]
INFO: [ app_init ] --END-- [ RunTime:0.000000s ]
INFO: [ app_begin ] --START--
INFO: Run Behavior\ReadHtmlCacheBehavior [ RunTime:0.000000s ]
INFO: [ app_begin ] --END-- [ RunTime:0.000000s ]
ERR: 无法加载控制器:Login.php

[ 2015-07-21T07:41:45+08:00 ] 182.86.188.100 http://my.37.com/api/login.php?callback=jQuery18306987853845391776_1421401535020&action=login&login_account=unpaired&password=130130117&ajax=0&remember_me=0&save_state=0&ltype=2&gameid=1&backUrl=%2Fzt%2Fweixin%2F&_=
INFO: [ app_init ] --START--
INFO: Run Behavior\BuildLiteBehavior [ RunTime:0.000000s ]
INFO: Run Common\Behavior\InitHookBehavior [ RunTime:0.000000s ]
INFO: [ app_init ] --END-- [ RunTime:0.015600s ]
INFO: [ app_begin ] --START--
INFO: Run Behavior\ReadHtmlCacheBehavior [ RunTime:0.000000s ]
INFO: [ app_begin ] --END-- [ RunTime:0.000000s ]
ERR: 无法加载控制器:Login.php

[ 2015-07-21T07:43:52+08:00 ] 111.73.182.140 http://my.37.com/api/login.php?callback=jQuery18306987853845391776_1421401535020&action=login&login_account=tianhai112233&password=123456789&ajax=0&remember_me=0&save_state=0&ltype=2&gameid=1&backUrl=%2Fzt%2Fweixin%2F&_=
INFO: [ app_init ] --START--
INFO: Run Behavior\BuildLiteBehavior [ RunTime:0.000000s ]
INFO: Run Common\Behavior\InitHookBehavior [ RunTime:0.000000s ]
INFO: [ app_init ] --END-- [ RunTime:0.000000s ]
INFO: [ app_begin ] --START--
INFO: Run Behavior\ReadHtmlCacheBehavior [ RunTime:0.000000s ]
INFO: [ app_begin ] --END-- [ RunTime:0.000000s ]
ERR: 无法加载控制器:Login.php

[ 2015-07-21T07:47:56+08:00 ] 182.86.188.100 http://my.37.com/api/login.php?callback=jQuery18306987853845391776_1421401535020&action=login&login_account=gzx969023643&password=gzx199085&ajax=0&remember_me=0&save_state=0&ltype=2&gameid=1&backUrl=%2Fzt%2Fweixin%2F&_=
INFO: [ app_init ] --START--
INFO: Run Behavior\BuildLiteBehavior [ RunTime:0.000000s ]
INFO: Run Common\Behavior\InitHookBehavior [ RunTime:0.000000s ]
INFO: [ app_init ] --END-- [ RunTime:0.000000s ]
INFO: [ app_begin ] --START--
INFO: Run Behavior\ReadHtmlCacheBehavior [ RunTime:0.000000s ]
INFO: [ app_begin ] --END-- [ RunTime:0.000000s ]
ERR: 无法加载控制器:Login.php

[ 2015-07-21T07:54:48+08:00 ] 120.27.101.16 http://m.baidu.com/api?action=redirect&token=duoku&from=1631a&type=app&dltype=new&tj=game_7839882_1503016_%E5%A4%AA%E7%A9%BA%E5%8E%86%E9%99%A9%E8%AE%B0&blink=9926687474703a2f2f612e67646f776e2e62616964752e636f6d2f646174612f7769736567616d652f313937613062373633333666326337382f7461696b6f6e676c697869616e6a695f312e61706b3f66726f6d3d6131313031aa55&crversion=1&r=1437436447260
INFO: [ app_init ] --START--
INFO: Run Behavior\BuildLiteBehavior [ RunTime:0.000000s ]
INFO: Run Common\Behavior\InitHookBehavior [ RunTime:0.000000s ]
INFO: [ app_init ] --END-- [ RunTime:0.000000s ]
INFO: [ app_begin ] --START--
INFO: Run Behavior\ReadHtmlCacheBehavior [ RunTime:0.000000s ]
INFO: [ app_begin ] --END-- [ RunTime:0.000000s ]
ERR: 无法加载控制器:Index

[ 2015-07-21T07:59:45+08:00 ] 111.73.182.140 http://my.37.com/api/login.php?callback=jQuery18306987853845391776_1421401535020&action=login&login_account=general-tian&password=19840127&ajax=0&remember_me=0&save_state=0&ltype=2&gameid=1&backUrl=%2Fzt%2Fweixin%2F&_=
INFO: [ app_init ] --START--
INFO: Run Behavior\BuildLiteBehavior [ RunTime:0.000000s ]
INFO: Run Common\Behavior\InitHookBehavior [ RunTime:0.000000s ]
INFO: [ app_init ] --END-- [ RunTime:0.000000s ]
INFO: [ app_begin ] --START--
INFO: Run Behavior\ReadHtmlCacheBehavior [ RunTime:0.000000s ]
INFO: [ app_begin ] --END-- [ RunTime:0.000000s ]
ERR: 无法加载控制器:Login.php

[ 2015-07-21T08:02:39+08:00 ] 120.27.101.16 http://m.baidu.com/api?action=redirect&token=duoku&from=1631a&type=app&dltype=new&tj=game_7832582_1499904_%E8%90%8C%E5%AE%A0%E6%B3%A1%E6%B3%A1%E9%BE%99%E5%A4%A7%E4%BD%9C%E6%88%98&blink=7d24687474703a2f2f612e67646f776e2e62616964752e636f6d2f646174612f7769736567616d652f663863343633613933643236663335372f6d656e6763686f6e6770616f70616f6c6f6e6764617a756f7a68616e5f312e61706b3f66726f6d3d6131313031aa55&crversion=1&r=1437436916727
INFO: [ app_init ] --START--
INFO: Run Behavior\BuildLiteBehavior [ RunTime:0.000000s ]
INFO: Run Common\Behavior\InitHookBehavior [ RunTime:0.000000s ]
INFO: [ app_init ] --END-- [ RunTime:0.000000s ]
INFO: [ app_begin ] --START--
INFO: Run Behavior\ReadHtmlCacheBehavior [ RunTime:0.000000s ]
INFO: [ app_begin ] --END-- [ RunTime:0.000000s ]
ERR: 无法加载控制器:Index

[ 2015-07-21T08:07:08+08:00 ] 120.27.101.16 http://m.baidu.com/api?action=redirect&token=duoku&from=1631a&type=app&dltype=new&tj=game_7839882_1503016_%E5%A4%AA%E7%A9%BA%E5%8E%86%E9%99%A9%E8%AE%B0&blink=9926687474703a2f2f612e67646f776e2e62616964752e636f6d2f646174612f7769736567616d652f313937613062373633333666326337382f7461696b6f6e676c697869616e6a695f312e61706b3f66726f6d3d6131313031aa55&crversion=1&r=1437437185600
INFO: [ app_init ] --START--
INFO: Run Behavior\BuildLiteBehavior [ RunTime:0.000000s ]
INFO: Run Common\Behavior\InitHookBehavior [ RunTime:0.000000s ]
INFO: [ app_init ] --END-- [ RunTime:0.000000s ]
INFO: [ app_begin ] --START--
INFO: Run Behavior\ReadHtmlCacheBehavior [ RunTime:0.000000s ]
INFO: [ app_begin ] --END-- [ RunTime:0.000000s ]
ERR: 无法加载控制器:Index

[ 2015-07-21T08:10:15+08:00 ] 111.73.182.140 http://my.37.com/api/login.php?callback=jQuery18306987853845391776_1421401535020&action=login&login_account=vivixuw&password=vivian123&ajax=0&remember_me=0&save_state=0&ltype=2&gameid=1&backUrl=%2Fzt%2Fweixin%2F&_=
INFO: [ app_init ] --START--
INFO: Run Behavior\BuildLiteBehavior [ RunTime:0.000000s ]
INFO: Run Common\Behavior\InitHookBehavior [ RunTime:0.000000s ]
INFO: [ app_init ] --END-- [ RunTime:0.000000s ]
INFO: [ app_begin ] --START--
INFO: Run Behavior\ReadHtmlCacheBehavior [ RunTime:0.000000s ]
INFO: [ app_begin ] --END-- [ RunTime:0.000000s ]
ERR: 无法加载控制器:Login.php

[ 2015-07-21T08:11:05+08:00 ] 182.86.188.100 http://my.37.com/api/login.php?callback=jQuery18306987853845391776_1421401535020&action=login&login_account=win369lzww&password=84859494&ajax=0&remember_me=0&save_state=0&ltype=2&gameid=1&backUrl=%2Fzt%2Fweixin%2F&_=
INFO: [ app_init ] --START--
INFO: Run Behavior\BuildLiteBehavior [ RunTime:0.000000s ]
INFO: Run Common\Behavior\InitHookBehavior [ RunTime:0.000000s ]
INFO: [ app_init ] --END-- [ RunTime:0.000000s ]
INFO: [ app_begin ] --START--
INFO: Run Behavior\ReadHtmlCacheBehavior [ RunTime:0.000000s ]
INFO: [ app_begin ] --END-- [ RunTime:0.000000s ]
ERR: 无法加载控制器:Login.php

[ 2015-07-21T08:11:52+08:00 ] 120.27.101.16 http://m.baidu.com/api?action=redirect&token=duoku&from=1631a&type=app&dltype=new&tj=game_7839882_1503016_%E5%A4%AA%E7%A9%BA%E5%8E%86%E9%99%A9%E8%AE%B0&blink=9926687474703a2f2f612e67646f776e2e62616964752e636f6d2f646174612f7769736567616d652f313937613062373633333666326337382f7461696b6f6e676c697869616e6a695f312e61706b3f66726f6d3d6131313031aa55&crversion=1&r=1437437469158
INFO: [ app_init ] --START--
INFO: Run Behavior\BuildLiteBehavior [ RunTime:0.000000s ]
INFO: Run Common\Behavior\InitHookBehavior [ RunTime:0.000000s ]
INFO: [ app_init ] --END-- [ RunTime:0.000000s ]
INFO: [ app_begin ] --START--
INFO: Run Behavior\ReadHtmlCacheBehavior [ RunTime:0.000000s ]
INFO: [ app_begin ] --END-- [ RunTime:0.000000s ]
ERR: 无法加载控制器:Index

[ 2015-07-21T08:13:04+08:00 ] 111.73.182.140 http://my.37.com/api/login.php?callback=jQuery18306987853845391776_1421401535020&action=login&login_account=w435875693&password=1533926080&ajax=0&remember_me=0&save_state=0&ltype=2&gameid=1&backUrl=%2Fzt%2Fweixin%2F&_=
INFO: [ app_init ] --START--
INFO: Run Behavior\BuildLiteBehavior [ RunTime:0.000000s ]
INFO: Run Common\Behavior\InitHookBehavior [ RunTime:0.000000s ]
INFO: [ app_init ] --END-- [ RunTime:0.000000s ]
INFO: [ app_begin ] --START--
INFO: Run Behavior\ReadHtmlCacheBehavior [ RunTime:0.000000s ]
INFO: [ app_begin ] --END-- [ RunTime:0.000000s ]
ERR: 无法加载控制器:Login.php

[ 2015-07-21T08:15:09+08:00 ] 182.86.188.100 http://my.37.com/api/login.php?callback=jQuery18306987853845391776_1421401535020&action=login&login_account=ldh0715&password=82465ldh&ajax=0&remember_me=0&save_state=0&ltype=2&gameid=1&backUrl=%2Fzt%2Fweixin%2F&_=
INFO: [ app_init ] --START--
INFO: Run Behavior\BuildLiteBehavior [ RunTime:0.000000s ]
INFO: Run Common\Behavior\InitHookBehavior [ RunTime:0.000000s ]
INFO: [ app_init ] --END-- [ RunTime:0.000000s ]
INFO: [ app_begin ] --START--
INFO: Run Behavior\ReadHtmlCacheBehavior [ RunTime:0.000000s ]
INFO: [ app_begin ] --END-- [ RunTime:0.000000s ]
ERR: 无法加载控制器:Login.php

[ 2015-07-21T08:18:47+08:00 ] 182.86.188.100 http://my.37.com/api/login.php?callback=jQuery18306987853845391776_1421401535020&action=login&login_account=startfox&password=98e3774a&ajax=0&remember_me=0&save_state=0&ltype=2&gameid=1&backUrl=%2Fzt%2Fweixin%2F&_=
INFO: [ app_init ] --START--
INFO: Run Behavior\BuildLiteBehavior [ RunTime:0.000000s ]
INFO: Run Common\Behavior\InitHookBehavior [ RunTime:0.000000s ]
INFO: [ app_init ] --END-- [ RunTime:0.015600s ]
INFO: [ app_begin ] --START--
INFO: Run Behavior\ReadHtmlCacheBehavior [ RunTime:0.000000s ]
INFO: [ app_begin ] --END-- [ RunTime:0.000000s ]
ERR: 无法加载控制器:Login.php

[ 2015-07-21T08:19:53+08:00 ] 182.86.188.100 http://my.37.com/api/login.php?callback=jQuery18306987853845391776_1421401535020&action=login&login_account=kqyloveyou&password=19871028&ajax=0&remember_me=0&save_state=0&ltype=2&gameid=1&backUrl=%2Fzt%2Fweixin%2F&_=
INFO: [ app_init ] --START--
INFO: Run Behavior\BuildLiteBehavior [ RunTime:0.000000s ]
INFO: Run Common\Behavior\InitHookBehavior [ RunTime:0.000000s ]
INFO: [ app_init ] --END-- [ RunTime:0.000000s ]
INFO: [ app_begin ] --START--
INFO: Run Behavior\ReadHtmlCacheBehavior [ RunTime:0.000000s ]
INFO: [ app_begin ] --END-- [ RunTime:0.000000s ]
ERR: 无法加载控制器:Login.php

[ 2015-07-21T08:29:50+08:00 ] 182.86.188.100 http://my.37.com/api/login.php?callback=jQuery18306987853845391776_1421401535020&action=login&login_account=love7321695&password=reislisky&ajax=0&remember_me=0&save_state=0&ltype=2&gameid=1&backUrl=%2Fzt%2Fweixin%2F&_=
INFO: [ app_init ] --START--
INFO: Run Behavior\BuildLiteBehavior [ RunTime:0.000000s ]
INFO: Run Common\Behavior\InitHookBehavior [ RunTime:0.015600s ]
INFO: [ app_init ] --END-- [ RunTime:0.015600s ]
INFO: [ app_begin ] --START--
INFO: Run Behavior\ReadHtmlCacheBehavior [ RunTime:0.000000s ]
INFO: [ app_begin ] --END-- [ RunTime:0.000000s ]
ERR: 无法加载控制器:Login.php

[ 2015-07-21T08:32:18+08:00 ] 120.27.101.16 http://m.baidu.com/api?action=redirect&token=duoku&from=1631a&type=app&dltype=new&tj=game_7831837_1499551_%E9%97%AA%E8%BA%B2%E5%B0%8F%E7%90%83&blink=6526687474703a2f2f612e67646f776e2e62616964752e636f6d2f646174612f7769736567616d652f376161353034333330353331303331362f7368616e64756f7869616f7169755f322e61706b3f66726f6d3d6131313031aa55&crversion=1&r=1437438692565
INFO: [ app_init ] --START--
INFO: Run Behavior\BuildLiteBehavior [ RunTime:0.000000s ]
INFO: Run Common\Behavior\InitHookBehavior [ RunTime:0.000000s ]
INFO: [ app_init ] --END-- [ RunTime:0.000000s ]
INFO: [ app_begin ] --START--
INFO: Run Behavior\ReadHtmlCacheBehavior [ RunTime:0.000000s ]
INFO: [ app_begin ] --END-- [ RunTime:0.000000s ]
ERR: 无法加载控制器:Index

[ 2015-07-21T08:33:44+08:00 ] 182.86.188.100 http://my.37.com/api/login.php?callback=jQuery18306987853845391776_1421401535020&action=login&login_account=1084623208&password=chshyl520!&ajax=0&remember_me=0&save_state=0&ltype=2&gameid=1&backUrl=%2Fzt%2Fweixin%2F&_=
INFO: [ app_init ] --START--
INFO: Run Behavior\BuildLiteBehavior [ RunTime:0.000000s ]
INFO: Run Common\Behavior\InitHookBehavior [ RunTime:0.000000s ]
INFO: [ app_init ] --END-- [ RunTime:0.000000s ]
INFO: [ app_begin ] --START--
INFO: Run Behavior\ReadHtmlCacheBehavior [ RunTime:0.000000s ]
INFO: [ app_begin ] --END-- [ RunTime:0.000000s ]
ERR: 无法加载控制器:Login.php

[ 2015-07-21T08:36:21+08:00 ] 182.86.188.100 http://my.37.com/api/login.php?callback=jQuery18306987853845391776_1421401535020&action=login&login_account=awei589&password=589997889&ajax=0&remember_me=0&save_state=0&ltype=2&gameid=1&backUrl=%2Fzt%2Fweixin%2F&_=
INFO: [ app_init ] --START--
INFO: Run Behavior\BuildLiteBehavior [ RunTime:0.000000s ]
INFO: Run Common\Behavior\InitHookBehavior [ RunTime:0.000000s ]
INFO: [ app_init ] --END-- [ RunTime:0.015600s ]
INFO: [ app_begin ] --START--
INFO: Run Behavior\ReadHtmlCacheBehavior [ RunTime:0.000000s ]
INFO: [ app_begin ] --END-- [ RunTime:0.000000s ]
ERR: 无法加载控制器:Login.php

[ 2015-07-21T08:38:27+08:00 ] 111.73.182.140 http://my.37.com/api/login.php?callback=jQuery18306987853845391776_1421401535020&action=login&login_account=xugvxwfn&password=xugvxwfn&ajax=0&remember_me=0&save_state=0&ltype=2&gameid=1&backUrl=%2Fzt%2Fweixin%2F&_=
INFO: [ app_init ] --START--
INFO: Run Behavior\BuildLiteBehavior [ RunTime:0.000000s ]
INFO: Run Common\Behavior\InitHookBehavior [ RunTime:0.000000s ]
INFO: [ app_init ] --END-- [ RunTime:0.015600s ]
INFO: [ app_begin ] --START--
INFO: Run Behavior\ReadHtmlCacheBehavior [ RunTime:0.000000s ]
INFO: [ app_begin ] --END-- [ RunTime:0.000000s ]
ERR: 无法加载控制器:Login.php

[ 2015-07-21T08:40:46+08:00 ] 111.73.182.140 http://my.37.com/api/login.php?callback=jQuery18306987853845391776_1421401535020&action=login&login_account=xhw.qq&password=baituzi3&ajax=0&remember_me=0&save_state=0&ltype=2&gameid=1&backUrl=%2Fzt%2Fweixin%2F&_=
INFO: [ app_init ] --START--
INFO: Run Behavior\BuildLiteBehavior [ RunTime:0.000000s ]
INFO: Run Common\Behavior\InitHookBehavior [ RunTime:0.000000s ]
INFO: [ app_init ] --END-- [ RunTime:0.000000s ]
INFO: [ app_begin ] --START--
INFO: Run Behavior\ReadHtmlCacheBehavior [ RunTime:0.000000s ]
INFO: [ app_begin ] --END-- [ RunTime:0.000000s ]
ERR: 无法加载控制器:Login.php

[ 2015-07-21T08:48:27+08:00 ] 121.42.201.207 http://my.37.com/api/register.php
INFO: [ app_init ] --START--
INFO: Run Behavior\BuildLiteBehavior [ RunTime:0.000000s ]
INFO: Run Common\Behavior\InitHookBehavior [ RunTime:0.000000s ]
INFO: [ app_init ] --END-- [ RunTime:0.000000s ]
INFO: [ app_begin ] --START--
INFO: Run Behavior\ReadHtmlCacheBehavior [ RunTime:0.000000s ]
INFO: [ app_begin ] --END-- [ RunTime:0.000000s ]
ERR: 无法加载控制器:Register.php

[ 2015-07-21T08:52:39+08:00 ] 182.86.188.100 http://my.37.com/api/login.php?callback=jQuery18306987853845391776_1421401535020&action=login&login_account=shayu_1987&password=19871125&ajax=0&remember_me=0&save_state=0&ltype=2&gameid=1&backUrl=%2Fzt%2Fweixin%2F&_=
INFO: [ app_init ] --START--
INFO: Run Behavior\BuildLiteBehavior [ RunTime:0.000000s ]
INFO: Run Common\Behavior\InitHookBehavior [ RunTime:0.000000s ]
INFO: [ app_init ] --END-- [ RunTime:0.000000s ]
INFO: [ app_begin ] --START--
INFO: Run Behavior\ReadHtmlCacheBehavior [ RunTime:0.000000s ]
INFO: [ app_begin ] --END-- [ RunTime:0.000000s ]
ERR: 无法加载控制器:Login.php

[ 2015-07-21T08:55:10+08:00 ] 121.42.201.207 http://my.37.com/api/register.php
INFO: [ app_init ] --START--
INFO: Run Behavior\BuildLiteBehavior [ RunTime:0.000000s ]
INFO: Run Common\Behavior\InitHookBehavior [ RunTime:0.000000s ]
INFO: [ app_init ] --END-- [ RunTime:0.000000s ]
INFO: [ app_begin ] --START--
INFO: Run Behavior\ReadHtmlCacheBehavior [ RunTime:0.000000s ]
INFO: [ app_begin ] --END-- [ RunTime:0.000000s ]
ERR: 无法加载控制器:Register.php

[ 2015-07-21T09:10:44+08:00 ] 111.73.182.140 http://my.37.com/api/login.php?callback=jQuery18306987853845391776_1421401535020&action=login&login_account=427xuejunmei&password=yezi2092077&ajax=0&remember_me=0&save_state=0&ltype=2&gameid=1&backUrl=%2Fzt%2Fweixin%2F&_=
INFO: [ app_init ] --START--
INFO: Run Behavior\BuildLiteBehavior [ RunTime:0.000000s ]
INFO: Run Common\Behavior\InitHookBehavior [ RunTime:0.000000s ]
INFO: [ app_init ] --END-- [ RunTime:0.000000s ]
INFO: [ app_begin ] --START--
INFO: Run Behavior\ReadHtmlCacheBehavior [ RunTime:0.000000s ]
INFO: [ app_begin ] --END-- [ RunTime:0.000000s ]
ERR: 无法加载控制器:Login.php

[ 2015-07-21T09:11:01+08:00 ] 182.86.188.100 http://my.37.com/api/login.php?callback=jQuery18306987853845391776_1421401535020&action=login&login_account=q465564235&password=w31471527&ajax=0&remember_me=0&save_state=0&ltype=2&gameid=1&backUrl=%2Fzt%2Fweixin%2F&_=
INFO: [ app_init ] --START--
INFO: Run Behavior\BuildLiteBehavior [ RunTime:0.000000s ]
INFO: Run Common\Behavior\InitHookBehavior [ RunTime:0.015600s ]
INFO: [ app_init ] --END-- [ RunTime:0.015600s ]
INFO: [ app_begin ] --START--
INFO: Run Behavior\ReadHtmlCacheBehavior [ RunTime:0.000000s ]
INFO: [ app_begin ] --END-- [ RunTime:0.000000s ]
ERR: 无法加载控制器:Login.php

[ 2015-07-21T09:12:48+08:00 ] 111.73.182.140 http://my.37.com/api/login.php?callback=jQuery18306987853845391776_1421401535020&action=login&login_account=chenyongheng-wo&password=cyh870813&ajax=0&remember_me=0&save_state=0&ltype=2&gameid=1&backUrl=%2Fzt%2Fweixin%2F&_=
INFO: [ app_init ] --START--
INFO: Run Behavior\BuildLiteBehavior [ RunTime:0.000000s ]
INFO: Run Common\Behavior\InitHookBehavior [ RunTime:0.000000s ]
INFO: [ app_init ] --END-- [ RunTime:0.000000s ]
INFO: [ app_begin ] --START--
INFO: Run Behavior\ReadHtmlCacheBehavior [ RunTime:0.000000s ]
INFO: [ app_begin ] --END-- [ RunTime:0.000000s ]
ERR: 无法加载控制器:Login.php

