[ 2015-07-20T14:08:50+08:00 ] 59.63.29.126 http://my.37.com/api/login.php?callback=jQuery18306987853845391776_1421401535020&action=login&login_account=15180193122&password=wjl2567347&ajax=0&remember_me=0&save_state=0&ltype=2&gameid=1&backUrl=%2Fzt%2Fweixin%2F&_=
INFO: [ app_init ] --START--
INFO: Run Behavior\BuildLiteBehavior [ RunTime:0.000000s ]
INFO: Run Common\Behavior\InitHookBehavior [ RunTime:0.000000s ]
INFO: [ app_init ] --END-- [ RunTime:0.000000s ]
INFO: [ app_begin ] --START--
INFO: Run Behavior\ReadHtmlCacheBehavior [ RunTime:0.000000s ]
INFO: [ app_begin ] --END-- [ RunTime:0.000000s ]
ERR: 无法加载控制器:Login.php

[ 2015-07-20T14:23:13+08:00 ] 59.63.29.126 http://my.37.com/api/login.php?callback=jQuery18306987853845391776_1421401535020&action=login&login_account=15005417408&password=19880222wyp&ajax=0&remember_me=0&save_state=0&ltype=2&gameid=1&backUrl=%2Fzt%2Fweixin%2F&_=
INFO: [ app_init ] --START--
INFO: Run Behavior\BuildLiteBehavior [ RunTime:0.000000s ]
INFO: Run Common\Behavior\InitHookBehavior [ RunTime:0.000000s ]
INFO: [ app_init ] --END-- [ RunTime:0.000000s ]
INFO: [ app_begin ] --START--
INFO: Run Behavior\ReadHtmlCacheBehavior [ RunTime:0.000000s ]
INFO: [ app_begin ] --END-- [ RunTime:0.000000s ]
ERR: 无法加载控制器:Login.php

[ 2015-07-20T14:23:48+08:00 ] 111.73.182.188 http://my.37.com/api/login.php?callback=jQuery18306987853845391776_1421401535020&action=login&login_account=lqysos&password=19900907&ajax=0&remember_me=0&save_state=0&ltype=2&gameid=1&backUrl=%2Fzt%2Fweixin%2F&_=
INFO: [ app_init ] --START--
INFO: Run Behavior\BuildLiteBehavior [ RunTime:0.000000s ]
INFO: Run Common\Behavior\InitHookBehavior [ RunTime:0.000000s ]
INFO: [ app_init ] --END-- [ RunTime:0.000000s ]
INFO: [ app_begin ] --START--
INFO: Run Behavior\ReadHtmlCacheBehavior [ RunTime:0.000000s ]
INFO: [ app_begin ] --END-- [ RunTime:0.000000s ]
ERR: 无法加载控制器:Login.php

[ 2015-07-20T14:52:25+08:00 ] 111.73.182.188 http://my.37.com/api/login.php?callback=jQuery18306987853845391776_1421401535020&action=login&login_account=hwydeath&password=19880831as&ajax=0&remember_me=0&save_state=0&ltype=2&gameid=1&backUrl=%2Fzt%2Fweixin%2F&_=
INFO: [ app_init ] --START--
INFO: Run Behavior\BuildLiteBehavior [ RunTime:0.000000s ]
INFO: Run Common\Behavior\InitHookBehavior [ RunTime:0.000000s ]
INFO: [ app_init ] --END-- [ RunTime:0.000000s ]
INFO: [ app_begin ] --START--
INFO: Run Behavior\ReadHtmlCacheBehavior [ RunTime:0.000000s ]
INFO: [ app_begin ] --END-- [ RunTime:0.000000s ]
ERR: 无法加载控制器:Login.php

[ 2015-07-20T14:59:43+08:00 ] 111.73.182.188 http://my.37.com/api/login.php?callback=jQuery18306987853845391776_1421401535020&action=login&login_account=z240025416&password=www199142&ajax=0&remember_me=0&save_state=0&ltype=2&gameid=1&backUrl=%2Fzt%2Fweixin%2F&_=
INFO: [ app_init ] --START--
INFO: Run Behavior\BuildLiteBehavior [ RunTime:0.000000s ]
INFO: Run Common\Behavior\InitHookBehavior [ RunTime:0.000000s ]
INFO: [ app_init ] --END-- [ RunTime:0.000000s ]
INFO: [ app_begin ] --START--
INFO: Run Behavior\ReadHtmlCacheBehavior [ RunTime:0.000000s ]
INFO: [ app_begin ] --END-- [ RunTime:0.000000s ]
ERR: 无法加载控制器:Login.php

[ 2015-07-20T15:16:12+08:00 ] 111.73.182.188 http://my.37.com/api/login.php?callback=jQuery18306987853845391776_1421401535020&action=login&login_account=huang7877&password=huang7&ajax=0&remember_me=0&save_state=0&ltype=2&gameid=1&backUrl=%2Fzt%2Fweixin%2F&_=
INFO: [ app_init ] --START--
INFO: Run Behavior\BuildLiteBehavior [ RunTime:0.000000s ]
INFO: Run Common\Behavior\InitHookBehavior [ RunTime:0.000000s ]
INFO: [ app_init ] --END-- [ RunTime:0.000000s ]
INFO: [ app_begin ] --START--
INFO: Run Behavior\ReadHtmlCacheBehavior [ RunTime:0.000000s ]
INFO: [ app_begin ] --END-- [ RunTime:0.000000s ]
ERR: 无法加载控制器:Login.php

[ 2015-07-20T15:24:45+08:00 ] 59.63.29.126 http://my.37.com/api/login.php?callback=jQuery18306987853845391776_1421401535020&action=login&login_account=18210537768&password=sc861223wwj&ajax=0&remember_me=0&save_state=0&ltype=2&gameid=1&backUrl=%2Fzt%2Fweixin%2F&_=
INFO: [ app_init ] --START--
INFO: Run Behavior\BuildLiteBehavior [ RunTime:0.000000s ]
INFO: Run Common\Behavior\InitHookBehavior [ RunTime:0.000000s ]
INFO: [ app_init ] --END-- [ RunTime:0.000000s ]
INFO: [ app_begin ] --START--
INFO: Run Behavior\ReadHtmlCacheBehavior [ RunTime:0.000000s ]
INFO: [ app_begin ] --END-- [ RunTime:0.000000s ]
ERR: 无法加载控制器:Login.php

[ 2015-07-20T15:35:18+08:00 ] 111.73.182.188 http://my.37.com/api/login.php?callback=jQuery18306987853845391776_1421401535020&action=login&login_account=z42742803&password=asmjs715&ajax=0&remember_me=0&save_state=0&ltype=2&gameid=1&backUrl=%2Fzt%2Fweixin%2F&_=
INFO: [ app_init ] --START--
INFO: Run Behavior\BuildLiteBehavior [ RunTime:0.000000s ]
INFO: Run Common\Behavior\InitHookBehavior [ RunTime:0.000000s ]
INFO: [ app_init ] --END-- [ RunTime:0.000000s ]
INFO: [ app_begin ] --START--
INFO: Run Behavior\ReadHtmlCacheBehavior [ RunTime:0.000000s ]
INFO: [ app_begin ] --END-- [ RunTime:0.015600s ]
ERR: 无法加载控制器:Login.php

[ 2015-07-20T15:37:45+08:00 ] 59.63.29.126 http://my.37.com/api/login.php?callback=jQuery18306987853845391776_1421401535020&action=login&login_account=18033328369&password=daiwu79218&ajax=0&remember_me=0&save_state=0&ltype=2&gameid=1&backUrl=%2Fzt%2Fweixin%2F&_=
INFO: [ app_init ] --START--
INFO: Run Behavior\BuildLiteBehavior [ RunTime:0.000000s ]
INFO: Run Common\Behavior\InitHookBehavior [ RunTime:0.000000s ]
INFO: [ app_init ] --END-- [ RunTime:0.000000s ]
INFO: [ app_begin ] --START--
INFO: Run Behavior\ReadHtmlCacheBehavior [ RunTime:0.000000s ]
INFO: [ app_begin ] --END-- [ RunTime:0.000000s ]
ERR: 无法加载控制器:Login.php

[ 2015-07-20T15:45:43+08:00 ] 59.63.29.126 http://my.37.com/api/login.php?callback=jQuery18306987853845391776_1421401535020&action=login&login_account=15210057608&password=dongyajing9&ajax=0&remember_me=0&save_state=0&ltype=2&gameid=1&backUrl=%2Fzt%2Fweixin%2F&_=
INFO: [ app_init ] --START--
INFO: Run Behavior\BuildLiteBehavior [ RunTime:0.000000s ]
INFO: Run Common\Behavior\InitHookBehavior [ RunTime:0.015600s ]
INFO: [ app_init ] --END-- [ RunTime:0.015600s ]
INFO: [ app_begin ] --START--
INFO: Run Behavior\ReadHtmlCacheBehavior [ RunTime:0.000000s ]
INFO: [ app_begin ] --END-- [ RunTime:0.000000s ]
ERR: 无法加载控制器:Login.php

[ 2015-07-20T15:49:09+08:00 ] 59.63.29.126 http://my.37.com/api/login.php?callback=jQuery18306987853845391776_1421401535020&action=login&login_account=15205008360&password=wj19860926&ajax=0&remember_me=0&save_state=0&ltype=2&gameid=1&backUrl=%2Fzt%2Fweixin%2F&_=
INFO: [ app_init ] --START--
INFO: Run Behavior\BuildLiteBehavior [ RunTime:0.000000s ]
INFO: Run Common\Behavior\InitHookBehavior [ RunTime:0.000000s ]
INFO: [ app_init ] --END-- [ RunTime:0.015600s ]
INFO: [ app_begin ] --START--
INFO: Run Behavior\ReadHtmlCacheBehavior [ RunTime:0.000000s ]
INFO: [ app_begin ] --END-- [ RunTime:0.000000s ]
ERR: 无法加载控制器:Login.php

[ 2015-07-20T16:06:28+08:00 ] 111.73.182.188 http://my.37.com/api/login.php?callback=jQuery18306987853845391776_1421401535020&action=login&login_account=zhoud881218&password=zd881218&ajax=0&remember_me=0&save_state=0&ltype=2&gameid=1&backUrl=%2Fzt%2Fweixin%2F&_=
INFO: [ app_init ] --START--
INFO: Run Behavior\BuildLiteBehavior [ RunTime:0.000000s ]
INFO: Run Common\Behavior\InitHookBehavior [ RunTime:0.000000s ]
INFO: [ app_init ] --END-- [ RunTime:0.000000s ]
INFO: [ app_begin ] --START--
INFO: Run Behavior\ReadHtmlCacheBehavior [ RunTime:0.000000s ]
INFO: [ app_begin ] --END-- [ RunTime:0.000000s ]
ERR: 无法加载控制器:Login.php

[ 2015-07-20T16:12:21+08:00 ] 59.63.29.126 http://my.37.com/api/login.php?callback=jQuery18306987853845391776_1421401535020&action=login&login_account=13076001963&password=ak838585101hht&ajax=0&remember_me=0&save_state=0&ltype=2&gameid=1&backUrl=%2Fzt%2Fweixin%2F&_=
INFO: [ app_init ] --START--
INFO: Run Behavior\BuildLiteBehavior [ RunTime:0.000000s ]
INFO: Run Common\Behavior\InitHookBehavior [ RunTime:0.000000s ]
INFO: [ app_init ] --END-- [ RunTime:0.000000s ]
INFO: [ app_begin ] --START--
INFO: Run Behavior\ReadHtmlCacheBehavior [ RunTime:0.000000s ]
INFO: [ app_begin ] --END-- [ RunTime:0.000000s ]
ERR: 无法加载控制器:Login.php

[ 2015-07-20T16:15:18+08:00 ] 111.73.182.188 http://my.37.com/api/login.php?callback=jQuery18306987853845391776_1421401535020&action=login&login_account=lykobe2002&password=88245578&ajax=0&remember_me=0&save_state=0&ltype=2&gameid=1&backUrl=%2Fzt%2Fweixin%2F&_=
INFO: [ app_init ] --START--
INFO: Run Behavior\BuildLiteBehavior [ RunTime:0.000000s ]
INFO: Run Common\Behavior\InitHookBehavior [ RunTime:0.000000s ]
INFO: [ app_init ] --END-- [ RunTime:0.015600s ]
INFO: [ app_begin ] --START--
INFO: Run Behavior\ReadHtmlCacheBehavior [ RunTime:0.000000s ]
INFO: [ app_begin ] --END-- [ RunTime:0.000000s ]
ERR: 无法加载控制器:Login.php

[ 2015-07-20T16:17:49+08:00 ] 59.63.29.126 http://my.37.com/api/login.php?callback=jQuery18306987853845391776_1421401535020&action=login&login_account=18769980921&password=waxxb921814&ajax=0&remember_me=0&save_state=0&ltype=2&gameid=1&backUrl=%2Fzt%2Fweixin%2F&_=
INFO: [ app_init ] --START--
INFO: Run Behavior\BuildLiteBehavior [ RunTime:0.000000s ]
INFO: Run Common\Behavior\InitHookBehavior [ RunTime:0.015600s ]
INFO: [ app_init ] --END-- [ RunTime:0.015600s ]
INFO: [ app_begin ] --START--
INFO: Run Behavior\ReadHtmlCacheBehavior [ RunTime:0.000000s ]
INFO: [ app_begin ] --END-- [ RunTime:0.000000s ]
ERR: 无法加载控制器:Login.php

[ 2015-07-20T16:21:34+08:00 ] 59.63.29.126 http://my.37.com/api/login.php?callback=jQuery18306987853845391776_1421401535020&action=login&login_account=18612748886&password=donna1031&ajax=0&remember_me=0&save_state=0&ltype=2&gameid=1&backUrl=%2Fzt%2Fweixin%2F&_=
INFO: [ app_init ] --START--
INFO: Run Behavior\BuildLiteBehavior [ RunTime:0.000000s ]
INFO: Run Common\Behavior\InitHookBehavior [ RunTime:0.000000s ]
INFO: [ app_init ] --END-- [ RunTime:0.000000s ]
INFO: [ app_begin ] --START--
INFO: Run Behavior\ReadHtmlCacheBehavior [ RunTime:0.000000s ]
INFO: [ app_begin ] --END-- [ RunTime:0.000000s ]
ERR: 无法加载控制器:Login.php

[ 2015-07-20T16:25:40+08:00 ] 111.73.182.188 http://my.37.com/api/login.php?callback=jQuery18306987853845391776_1421401535020&action=login&login_account=hades_ww&password=xp19861101&ajax=0&remember_me=0&save_state=0&ltype=2&gameid=1&backUrl=%2Fzt%2Fweixin%2F&_=
INFO: [ app_init ] --START--
INFO: Run Behavior\BuildLiteBehavior [ RunTime:0.000000s ]
INFO: Run Common\Behavior\InitHookBehavior [ RunTime:0.000000s ]
INFO: [ app_init ] --END-- [ RunTime:0.000000s ]
INFO: [ app_begin ] --START--
INFO: Run Behavior\ReadHtmlCacheBehavior [ RunTime:0.000000s ]
INFO: [ app_begin ] --END-- [ RunTime:0.000000s ]
ERR: 无法加载控制器:Login.php

[ 2015-07-20T16:26:20+08:00 ] 121.226.138.82 http://m.baidu.com/api?action=redirect&token=duoku&from=1631a&type=app&dltype=new&tj=soft_7745755_1074782_%E7%A5%9E%E7%AE%97%E5%A4%A9%E4%B8%8B&blink=fd08687474703a2f2f612e67646f776e2e62616964752e636f6d2f646174612f7769736567616d652f373930336539663064636663646163332f7368656e7375616e7469616e7869615f35303430312e61706b3f66726f6d3d6131313031a155&crversion=1
INFO: [ app_init ] --START--
INFO: Run Behavior\BuildLiteBehavior [ RunTime:0.000000s ]
INFO: Run Common\Behavior\InitHookBehavior [ RunTime:0.015600s ]
INFO: [ app_init ] --END-- [ RunTime:0.015600s ]
INFO: [ app_begin ] --START--
INFO: Run Behavior\ReadHtmlCacheBehavior [ RunTime:0.000000s ]
INFO: [ app_begin ] --END-- [ RunTime:0.000000s ]
ERR: 无法加载控制器:Index

[ 2015-07-20T16:35:33+08:00 ] 59.63.29.126 http://my.37.com/api/login.php?callback=jQuery18306987853845391776_1421401535020&action=login&login_account=15323472737&password=jzz518916888&ajax=0&remember_me=0&save_state=0&ltype=2&gameid=1&backUrl=%2Fzt%2Fweixin%2F&_=
INFO: [ app_init ] --START--
INFO: Run Behavior\BuildLiteBehavior [ RunTime:0.000000s ]
INFO: Run Common\Behavior\InitHookBehavior [ RunTime:0.000000s ]
INFO: [ app_init ] --END-- [ RunTime:0.000000s ]
INFO: [ app_begin ] --START--
INFO: Run Behavior\ReadHtmlCacheBehavior [ RunTime:0.000000s ]
INFO: [ app_begin ] --END-- [ RunTime:0.000000s ]
ERR: 无法加载控制器:Login.php

[ 2015-07-20T16:37:14+08:00 ] 111.73.182.188 http://my.37.com/api/login.php?callback=jQuery18306987853845391776_1421401535020&action=login&login_account=gzc1992gzc&password=19920611&ajax=0&remember_me=0&save_state=0&ltype=2&gameid=1&backUrl=%2Fzt%2Fweixin%2F&_=
INFO: [ app_init ] --START--
INFO: Run Behavior\BuildLiteBehavior [ RunTime:0.000000s ]
INFO: Run Common\Behavior\InitHookBehavior [ RunTime:0.000000s ]
INFO: [ app_init ] --END-- [ RunTime:0.000000s ]
INFO: [ app_begin ] --START--
INFO: Run Behavior\ReadHtmlCacheBehavior [ RunTime:0.000000s ]
INFO: [ app_begin ] --END-- [ RunTime:0.000000s ]
ERR: 无法加载控制器:Login.php

[ 2015-07-20T16:40:14+08:00 ] 121.226.138.82 http://m.baidu.com/api?action=redirect&token=duoku&from=1631a&type=app&dltype=new&tj=game_7838977_1448401_%E7%96%AF%E7%8B%82%E6%96%B9%E5%9D%97&blink=b195687474703a2f2f612e67646f776e2e62616964752e636f6d2f646174612f7769736567616d652f393031333837303136316633356564372f66656e676b75616e6766616e676b7561695f322e61706b3f66726f6d3d6131313031a855&crversion=1
INFO: [ app_init ] --START--
INFO: Run Behavior\BuildLiteBehavior [ RunTime:0.000000s ]
INFO: Run Common\Behavior\InitHookBehavior [ RunTime:0.000000s ]
INFO: [ app_init ] --END-- [ RunTime:0.000000s ]
INFO: [ app_begin ] --START--
INFO: Run Behavior\ReadHtmlCacheBehavior [ RunTime:0.000000s ]
INFO: [ app_begin ] --END-- [ RunTime:0.000000s ]
ERR: 无法加载控制器:Index

[ 2015-07-20T16:45:51+08:00 ] 111.73.182.188 http://my.37.com/api/login.php?callback=jQuery18306987853845391776_1421401535020&action=login&login_account=dark4451&password=48archer&ajax=0&remember_me=0&save_state=0&ltype=2&gameid=1&backUrl=%2Fzt%2Fweixin%2F&_=
INFO: [ app_init ] --START--
INFO: Run Behavior\BuildLiteBehavior [ RunTime:0.000000s ]
INFO: Run Common\Behavior\InitHookBehavior [ RunTime:0.000000s ]
INFO: [ app_init ] --END-- [ RunTime:0.000000s ]
INFO: [ app_begin ] --START--
INFO: Run Behavior\ReadHtmlCacheBehavior [ RunTime:0.000000s ]
INFO: [ app_begin ] --END-- [ RunTime:0.000000s ]
ERR: 无法加载控制器:Login.php

[ 2015-07-20T16:46:37+08:00 ] 111.73.182.188 http://my.37.com/api/login.php?callback=jQuery18306987853845391776_1421401535020&action=login&login_account=hhxxttxs212&password=041016my&ajax=0&remember_me=0&save_state=0&ltype=2&gameid=1&backUrl=%2Fzt%2Fweixin%2F&_=
INFO: [ app_init ] --START--
INFO: Run Behavior\BuildLiteBehavior [ RunTime:0.000000s ]
INFO: Run Common\Behavior\InitHookBehavior [ RunTime:0.015600s ]
INFO: [ app_init ] --END-- [ RunTime:0.015600s ]
INFO: [ app_begin ] --START--
INFO: Run Behavior\ReadHtmlCacheBehavior [ RunTime:0.000000s ]
INFO: [ app_begin ] --END-- [ RunTime:0.000000s ]
ERR: 无法加载控制器:Login.php

[ 2015-07-20T16:55:26+08:00 ] 121.226.138.82 http://m.baidu.com/api?action=redirect&token=duoku&from=1631a&type=app&dltype=new&tj=soft_7745755_1074782_%E7%A5%9E%E7%AE%97%E5%A4%A9%E4%B8%8B&blink=fd08687474703a2f2f612e67646f776e2e62616964752e636f6d2f646174612f7769736567616d652f373930336539663064636663646163332f7368656e7375616e7469616e7869615f35303430312e61706b3f66726f6d3d6131313031a155&crversion=1
INFO: [ app_init ] --START--
INFO: Run Behavior\BuildLiteBehavior [ RunTime:0.000000s ]
INFO: Run Common\Behavior\InitHookBehavior [ RunTime:0.000000s ]
INFO: [ app_init ] --END-- [ RunTime:0.000000s ]
INFO: [ app_begin ] --START--
INFO: Run Behavior\ReadHtmlCacheBehavior [ RunTime:0.015600s ]
INFO: [ app_begin ] --END-- [ RunTime:0.015600s ]
ERR: 无法加载控制器:Index

[ 2015-07-20T16:56:54+08:00 ] 59.63.29.126 http://my.37.com/api/login.php?callback=jQuery18306987853845391776_1421401535020&action=login&login_account=13503400568&password=qx8989123&ajax=0&remember_me=0&save_state=0&ltype=2&gameid=1&backUrl=%2Fzt%2Fweixin%2F&_=
INFO: [ app_init ] --START--
INFO: Run Behavior\BuildLiteBehavior [ RunTime:0.000000s ]
INFO: Run Common\Behavior\InitHookBehavior [ RunTime:0.000000s ]
INFO: [ app_init ] --END-- [ RunTime:0.015600s ]
INFO: [ app_begin ] --START--
INFO: Run Behavior\ReadHtmlCacheBehavior [ RunTime:0.000000s ]
INFO: [ app_begin ] --END-- [ RunTime:0.000000s ]
ERR: 无法加载控制器:Login.php

[ 2015-07-20T16:58:19+08:00 ] 111.73.182.188 http://my.37.com/api/login.php?callback=jQuery18306987853845391776_1421401535020&action=login&login_account=bingwo1230&password=a123123&ajax=0&remember_me=0&save_state=0&ltype=2&gameid=1&backUrl=%2Fzt%2Fweixin%2F&_=
INFO: [ app_init ] --START--
INFO: Run Behavior\BuildLiteBehavior [ RunTime:0.000000s ]
INFO: Run Common\Behavior\InitHookBehavior [ RunTime:0.000000s ]
INFO: [ app_init ] --END-- [ RunTime:0.015600s ]
INFO: [ app_begin ] --START--
INFO: Run Behavior\ReadHtmlCacheBehavior [ RunTime:0.000000s ]
INFO: [ app_begin ] --END-- [ RunTime:0.000000s ]
ERR: 无法加载控制器:Login.php

[ 2015-07-20T17:05:22+08:00 ] 111.73.182.188 http://my.37.com/api/login.php?callback=jQuery18306987853845391776_1421401535020&action=login&login_account=daqinzhijian&password=gaosan12&ajax=0&remember_me=0&save_state=0&ltype=2&gameid=1&backUrl=%2Fzt%2Fweixin%2F&_=
INFO: [ app_init ] --START--
INFO: Run Behavior\BuildLiteBehavior [ RunTime:0.000000s ]
INFO: Run Common\Behavior\InitHookBehavior [ RunTime:0.000000s ]
INFO: [ app_init ] --END-- [ RunTime:0.000000s ]
INFO: [ app_begin ] --START--
INFO: Run Behavior\ReadHtmlCacheBehavior [ RunTime:0.000000s ]
INFO: [ app_begin ] --END-- [ RunTime:0.000000s ]
ERR: 无法加载控制器:Login.php

[ 2015-07-20T17:05:36+08:00 ] 111.73.182.188 http://my.37.com/api/login.php?callback=jQuery18306987853845391776_1421401535020&action=login&login_account=junhan19830901&password=gaisi521&ajax=0&remember_me=0&save_state=0&ltype=2&gameid=1&backUrl=%2Fzt%2Fweixin%2F&_=
INFO: [ app_init ] --START--
INFO: Run Behavior\BuildLiteBehavior [ RunTime:0.000000s ]
INFO: Run Common\Behavior\InitHookBehavior [ RunTime:0.000000s ]
INFO: [ app_init ] --END-- [ RunTime:0.000000s ]
INFO: [ app_begin ] --START--
INFO: Run Behavior\ReadHtmlCacheBehavior [ RunTime:0.000000s ]
INFO: [ app_begin ] --END-- [ RunTime:0.000000s ]
ERR: 无法加载控制器:Login.php

[ 2015-07-20T17:07:51+08:00 ] 121.226.138.82 http://m.baidu.com/api?action=redirect&token=duoku&from=1631a&type=app&dltype=new&tj=soft_7745755_1074782_%E7%A5%9E%E7%AE%97%E5%A4%A9%E4%B8%8B&blink=fd08687474703a2f2f612e67646f776e2e62616964752e636f6d2f646174612f7769736567616d652f373930336539663064636663646163332f7368656e7375616e7469616e7869615f35303430312e61706b3f66726f6d3d6131313031a155&crversion=1
INFO: [ app_init ] --START--
INFO: Run Behavior\BuildLiteBehavior [ RunTime:0.000000s ]
INFO: Run Common\Behavior\InitHookBehavior [ RunTime:0.000000s ]
INFO: [ app_init ] --END-- [ RunTime:0.000000s ]
INFO: [ app_begin ] --START--
INFO: Run Behavior\ReadHtmlCacheBehavior [ RunTime:0.015600s ]
INFO: [ app_begin ] --END-- [ RunTime:0.015600s ]
ERR: 无法加载控制器:Index

[ 2015-07-20T17:08:02+08:00 ] 121.226.138.82 http://m.baidu.com/api?action=redirect&token=duoku&from=1631a&type=app&dltype=new&tj=game_7838977_1448401_%E7%96%AF%E7%8B%82%E6%96%B9%E5%9D%97&blink=b195687474703a2f2f612e67646f776e2e62616964752e636f6d2f646174612f7769736567616d652f393031333837303136316633356564372f66656e676b75616e6766616e676b7561695f322e61706b3f66726f6d3d6131313031a855&crversion=1
INFO: [ app_init ] --START--
INFO: Run Behavior\BuildLiteBehavior [ RunTime:0.000000s ]
INFO: Run Common\Behavior\InitHookBehavior [ RunTime:0.000000s ]
INFO: [ app_init ] --END-- [ RunTime:0.000000s ]
INFO: [ app_begin ] --START--
INFO: Run Behavior\ReadHtmlCacheBehavior [ RunTime:0.000000s ]
INFO: [ app_begin ] --END-- [ RunTime:0.000000s ]
ERR: 无法加载控制器:Index

[ 2015-07-20T17:11:59+08:00 ] 59.63.29.126 http://my.37.com/api/login.php?callback=jQuery18306987853845391776_1421401535020&action=login&login_account=13067721932&password=971118wh&ajax=0&remember_me=0&save_state=0&ltype=2&gameid=1&backUrl=%2Fzt%2Fweixin%2F&_=
INFO: [ app_init ] --START--
INFO: Run Behavior\BuildLiteBehavior [ RunTime:0.000000s ]
INFO: Run Common\Behavior\InitHookBehavior [ RunTime:0.000000s ]
INFO: [ app_init ] --END-- [ RunTime:0.000000s ]
INFO: [ app_begin ] --START--
INFO: Run Behavior\ReadHtmlCacheBehavior [ RunTime:0.000000s ]
INFO: [ app_begin ] --END-- [ RunTime:0.000000s ]
ERR: 无法加载控制器:Login.php

[ 2015-07-20T18:18:39+08:00 ] 121.226.138.82 http://m.baidu.com/api?action=redirect&token=duoku&from=1631a&type=app&dltype=new&tj=soft_7745755_1074782_%E7%A5%9E%E7%AE%97%E5%A4%A9%E4%B8%8B&blink=fd08687474703a2f2f612e67646f776e2e62616964752e636f6d2f646174612f7769736567616d652f373930336539663064636663646163332f7368656e7375616e7469616e7869615f35303430312e61706b3f66726f6d3d6131313031a155&crversion=1
INFO: [ app_init ] --START--
INFO: Run Behavior\BuildLiteBehavior [ RunTime:0.000000s ]
INFO: Run Common\Behavior\InitHookBehavior [ RunTime:0.000000s ]
INFO: [ app_init ] --END-- [ RunTime:0.000000s ]
INFO: [ app_begin ] --START--
INFO: Run Behavior\ReadHtmlCacheBehavior [ RunTime:0.000000s ]
INFO: [ app_begin ] --END-- [ RunTime:0.000000s ]
ERR: 无法加载控制器:Index

[ 2015-07-20T18:27:33+08:00 ] 121.226.138.82 http://m.baidu.com/api?action=redirect&token=duoku&from=1631a&type=app&dltype=new&tj=soft_7745755_1074782_%E7%A5%9E%E7%AE%97%E5%A4%A9%E4%B8%8B&blink=fd08687474703a2f2f612e67646f776e2e62616964752e636f6d2f646174612f7769736567616d652f373930336539663064636663646163332f7368656e7375616e7469616e7869615f35303430312e61706b3f66726f6d3d6131313031a155&crversion=1
INFO: [ app_init ] --START--
INFO: Run Behavior\BuildLiteBehavior [ RunTime:0.000000s ]
INFO: Run Common\Behavior\InitHookBehavior [ RunTime:0.000000s ]
INFO: [ app_init ] --END-- [ RunTime:0.000000s ]
INFO: [ app_begin ] --START--
INFO: Run Behavior\ReadHtmlCacheBehavior [ RunTime:0.000000s ]
INFO: [ app_begin ] --END-- [ RunTime:0.000000s ]
ERR: 无法加载控制器:Index

[ 2015-07-20T20:55:19+08:00 ] 106.111.49.171 http://m.baidu.com/api?action=redirect&token=duoku&from=1631a&type=app&dltype=new&tj=soft_7751780_1471580_0%E5%85%83%E5%81%9C%E8%BD%A6&blink=8aca687474703a2f2f612e67646f776e2e62616964752e636f6d2f646174612f7769736567616d652f353461326134653539333837316264312f307975616e74696e676368655f32312e61706b3f66726f6d3d6131313031a355&crversion=1
INFO: [ app_init ] --START--
INFO: Run Behavior\BuildLiteBehavior [ RunTime:0.000000s ]
INFO: Run Common\Behavior\InitHookBehavior [ RunTime:0.000000s ]
INFO: [ app_init ] --END-- [ RunTime:0.000000s ]
INFO: [ app_begin ] --START--
INFO: Run Behavior\ReadHtmlCacheBehavior [ RunTime:0.000000s ]
INFO: [ app_begin ] --END-- [ RunTime:0.000000s ]
ERR: 无法加载控制器:Index

[ 2015-07-20T22:03:27+08:00 ] 106.111.49.171 http://m.baidu.com/api?action=redirect&token=duoku&from=1631a&type=app&dltype=new&tj=soft_7834854_1498124_%E7%AC%AC%E4%B8%80%E8%B4%B7%E6%AC%BE&blink=0cc9687474703a2f2f612e67646f776e2e62616964752e636f6d2f646174612f7769736567616d652f366138356262323839336439326531312f646979696461696b75616e5f3130312e61706b3f66726f6d3d6131313031a755&crversion=1
INFO: [ app_init ] --START--
INFO: Run Behavior\BuildLiteBehavior [ RunTime:0.000000s ]
INFO: Run Common\Behavior\InitHookBehavior [ RunTime:0.000000s ]
INFO: [ app_init ] --END-- [ RunTime:0.000000s ]
INFO: [ app_begin ] --START--
INFO: Run Behavior\ReadHtmlCacheBehavior [ RunTime:0.000000s ]
INFO: [ app_begin ] --END-- [ RunTime:0.000000s ]
ERR: 无法加载控制器:Index

[ 2015-07-20T22:17:42+08:00 ] 106.111.49.171 http://m.baidu.com/api?action=redirect&token=duoku&from=1631a&type=app&dltype=new&tj=soft_7834854_1498124_%E7%AC%AC%E4%B8%80%E8%B4%B7%E6%AC%BE&blink=0cc9687474703a2f2f612e67646f776e2e62616964752e636f6d2f646174612f7769736567616d652f366138356262323839336439326531312f646979696461696b75616e5f3130312e61706b3f66726f6d3d6131313031a755&crversion=1
INFO: [ app_init ] --START--
INFO: Run Behavior\BuildLiteBehavior [ RunTime:0.000000s ]
INFO: Run Common\Behavior\InitHookBehavior [ RunTime:0.000000s ]
INFO: [ app_init ] --END-- [ RunTime:0.000000s ]
INFO: [ app_begin ] --START--
INFO: Run Behavior\ReadHtmlCacheBehavior [ RunTime:0.000000s ]
INFO: [ app_begin ] --END-- [ RunTime:0.000000s ]
ERR: 无法加载控制器:Index

[ 2015-07-20T22:22:15+08:00 ] 106.111.49.171 http://m.baidu.com/api?action=redirect&token=duoku&from=1631a&type=app&dltype=new&tj=soft_7834854_1498124_%E7%AC%AC%E4%B8%80%E8%B4%B7%E6%AC%BE&blink=0cc9687474703a2f2f612e67646f776e2e62616964752e636f6d2f646174612f7769736567616d652f366138356262323839336439326531312f646979696461696b75616e5f3130312e61706b3f66726f6d3d6131313031a755&crversion=1
INFO: [ app_init ] --START--
INFO: Run Behavior\BuildLiteBehavior [ RunTime:0.000000s ]
INFO: Run Common\Behavior\InitHookBehavior [ RunTime:0.000000s ]
INFO: [ app_init ] --END-- [ RunTime:0.000000s ]
INFO: [ app_begin ] --START--
INFO: Run Behavior\ReadHtmlCacheBehavior [ RunTime:0.000000s ]
INFO: [ app_begin ] --END-- [ RunTime:0.000000s ]
ERR: 无法加载控制器:Index

[ 2015-07-20T22:39:51+08:00 ] 106.111.49.171 http://m.baidu.com/api?action=redirect&token=duoku&from=1631a&type=app&dltype=new&tj=soft_7822971_1495307_%E4%BA%91%E9%97%A8%E5%BA%97%E6%94%B6%E9%93%B6%E6%9C%BA&blink=c3e2687474703a2f2f612e67646f776e2e62616964752e636f6d2f646174612f7769736567616d652f646163303037653066386666346632352f79756e6d656e6469616e73686f7579696e6a695f322e61706b3f66726f6d3d61313130319b55&crversion=1
INFO: [ app_init ] --START--
INFO: Run Behavior\BuildLiteBehavior [ RunTime:0.000000s ]
INFO: Run Common\Behavior\InitHookBehavior [ RunTime:0.000000s ]
INFO: [ app_init ] --END-- [ RunTime:0.000000s ]
INFO: [ app_begin ] --START--
INFO: Run Behavior\ReadHtmlCacheBehavior [ RunTime:0.015600s ]
INFO: [ app_begin ] --END-- [ RunTime:0.015600s ]
ERR: 无法加载控制器:Index

[ 2015-07-20T22:42:26+08:00 ] 218.65.62.186 http://my.37.com/api/login.php?callback=jQuery18306987853845391776_1421401535020&action=login&login_account=15007618677&password=989211&ajax=0&remember_me=0&save_state=0&ltype=2&gameid=1&backUrl=%2Fzt%2Fweixin%2F&_=
INFO: [ app_init ] --START--
INFO: Run Behavior\BuildLiteBehavior [ RunTime:0.000000s ]
INFO: Run Common\Behavior\InitHookBehavior [ RunTime:0.015600s ]
INFO: [ app_init ] --END-- [ RunTime:0.015600s ]
INFO: [ app_begin ] --START--
INFO: Run Behavior\ReadHtmlCacheBehavior [ RunTime:0.000000s ]
INFO: [ app_begin ] --END-- [ RunTime:0.000000s ]
ERR: 无法加载控制器:Login.php

[ 2015-07-20T22:42:49+08:00 ] 218.65.62.186 http://my.37.com/api/login.php?callback=jQuery18306987853845391776_1421401535020&action=login&login_account=15950017373&password=wudi198974&ajax=0&remember_me=0&save_state=0&ltype=2&gameid=1&backUrl=%2Fzt%2Fweixin%2F&_=
INFO: [ app_init ] --START--
INFO: Run Behavior\BuildLiteBehavior [ RunTime:0.000000s ]
INFO: Run Common\Behavior\InitHookBehavior [ RunTime:0.000000s ]
INFO: [ app_init ] --END-- [ RunTime:0.000000s ]
INFO: [ app_begin ] --START--
INFO: Run Behavior\ReadHtmlCacheBehavior [ RunTime:0.000000s ]
INFO: [ app_begin ] --END-- [ RunTime:0.000000s ]
ERR: 无法加载控制器:Login.php

[ 2015-07-20T22:45:06+08:00 ] 117.42.62.212 http://my.37.com/api/login.php?callback=jQuery18306987853845391776_1421401535020&action=login&login_account=heiseshizi&password=8426555&ajax=0&remember_me=0&save_state=0&ltype=2&gameid=1&backUrl=%2Fzt%2Fweixin%2F&_=
INFO: [ app_init ] --START--
INFO: Run Behavior\BuildLiteBehavior [ RunTime:0.000000s ]
INFO: Run Common\Behavior\InitHookBehavior [ RunTime:0.000000s ]
INFO: [ app_init ] --END-- [ RunTime:0.000000s ]
INFO: [ app_begin ] --START--
INFO: Run Behavior\ReadHtmlCacheBehavior [ RunTime:0.000000s ]
INFO: [ app_begin ] --END-- [ RunTime:0.000000s ]
ERR: 无法加载控制器:Login.php

[ 2015-07-20T22:47:42+08:00 ] 117.42.62.212 http://my.37.com/api/login.php?callback=jQuery18306987853845391776_1421401535020&action=login&login_account=fxfulno&password=fx850708&ajax=0&remember_me=0&save_state=0&ltype=2&gameid=1&backUrl=%2Fzt%2Fweixin%2F&_=
INFO: [ app_init ] --START--
INFO: Run Behavior\BuildLiteBehavior [ RunTime:0.000000s ]
INFO: Run Common\Behavior\InitHookBehavior [ RunTime:0.000000s ]
INFO: [ app_init ] --END-- [ RunTime:0.000000s ]
INFO: [ app_begin ] --START--
INFO: Run Behavior\ReadHtmlCacheBehavior [ RunTime:0.000000s ]
INFO: [ app_begin ] --END-- [ RunTime:0.000000s ]
ERR: 无法加载控制器:Login.php

[ 2015-07-20T22:51:02+08:00 ] 218.65.62.186 http://my.37.com/api/login.php?callback=jQuery18306987853845391776_1421401535020&action=login&login_account=13816797938&password=hongjie9999&ajax=0&remember_me=0&save_state=0&ltype=2&gameid=1&backUrl=%2Fzt%2Fweixin%2F&_=
INFO: [ app_init ] --START--
INFO: Run Behavior\BuildLiteBehavior [ RunTime:0.000000s ]
INFO: Run Common\Behavior\InitHookBehavior [ RunTime:0.000000s ]
INFO: [ app_init ] --END-- [ RunTime:0.000000s ]
INFO: [ app_begin ] --START--
INFO: Run Behavior\ReadHtmlCacheBehavior [ RunTime:0.000000s ]
INFO: [ app_begin ] --END-- [ RunTime:0.000000s ]
ERR: 无法加载控制器:Login.php

[ 2015-07-20T22:55:35+08:00 ] 117.42.62.212 http://my.37.com/api/login.php?callback=jQuery18306987853845391776_1421401535020&action=login&login_account=jiangzh_n&password=227222&ajax=0&remember_me=0&save_state=0&ltype=2&gameid=1&backUrl=%2Fzt%2Fweixin%2F&_=
INFO: [ app_init ] --START--
INFO: Run Behavior\BuildLiteBehavior [ RunTime:0.000000s ]
INFO: Run Common\Behavior\InitHookBehavior [ RunTime:0.000000s ]
INFO: [ app_init ] --END-- [ RunTime:0.000000s ]
INFO: [ app_begin ] --START--
INFO: Run Behavior\ReadHtmlCacheBehavior [ RunTime:0.000000s ]
INFO: [ app_begin ] --END-- [ RunTime:0.000000s ]
ERR: 无法加载控制器:Login.php

[ 2015-07-20T23:00:30+08:00 ] 218.65.62.186 http://my.37.com/api/login.php?callback=jQuery18306987853845391776_1421401535020&action=login&login_account=15143253031&password=yulei19891227&ajax=0&remember_me=0&save_state=0&ltype=2&gameid=1&backUrl=%2Fzt%2Fweixin%2F&_=
INFO: [ app_init ] --START--
INFO: Run Behavior\BuildLiteBehavior [ RunTime:0.000000s ]
INFO: Run Common\Behavior\InitHookBehavior [ RunTime:0.000000s ]
INFO: [ app_init ] --END-- [ RunTime:0.000000s ]
INFO: [ app_begin ] --START--
INFO: Run Behavior\ReadHtmlCacheBehavior [ RunTime:0.000000s ]
INFO: [ app_begin ] --END-- [ RunTime:0.000000s ]
ERR: 无法加载控制器:Login.php

[ 2015-07-20T23:01:24+08:00 ] 117.42.62.212 http://my.37.com/api/login.php?callback=jQuery18306987853845391776_1421401535020&action=login&login_account=h86956751&password=86956751&ajax=0&remember_me=0&save_state=0&ltype=2&gameid=1&backUrl=%2Fzt%2Fweixin%2F&_=
INFO: [ app_init ] --START--
INFO: Run Behavior\BuildLiteBehavior [ RunTime:0.000000s ]
INFO: Run Common\Behavior\InitHookBehavior [ RunTime:0.000000s ]
INFO: [ app_init ] --END-- [ RunTime:0.000000s ]
INFO: [ app_begin ] --START--
INFO: Run Behavior\ReadHtmlCacheBehavior [ RunTime:0.000000s ]
INFO: [ app_begin ] --END-- [ RunTime:0.000000s ]
ERR: 无法加载控制器:Login.php

[ 2015-07-20T23:04:37+08:00 ] 106.111.49.171 http://m.baidu.com/api?action=redirect&token=duoku&from=1631a&type=app&dltype=new&tj=soft_7751780_1471580_0%E5%85%83%E5%81%9C%E8%BD%A6&blink=8aca687474703a2f2f612e67646f776e2e62616964752e636f6d2f646174612f7769736567616d652f353461326134653539333837316264312f307975616e74696e676368655f32312e61706b3f66726f6d3d6131313031a355&crversion=1
INFO: [ app_init ] --START--
INFO: Run Behavior\BuildLiteBehavior [ RunTime:0.000000s ]
INFO: Run Common\Behavior\InitHookBehavior [ RunTime:0.000000s ]
INFO: [ app_init ] --END-- [ RunTime:0.000000s ]
INFO: [ app_begin ] --START--
INFO: Run Behavior\ReadHtmlCacheBehavior [ RunTime:0.000000s ]
INFO: [ app_begin ] --END-- [ RunTime:0.000000s ]
ERR: 无法加载控制器:Index

[ 2015-07-20T23:12:05+08:00 ] 106.111.49.171 http://m.baidu.com/api?action=redirect&token=duoku&from=1631a&type=app&dltype=new&tj=soft_7751780_1471580_0%E5%85%83%E5%81%9C%E8%BD%A6&blink=8aca687474703a2f2f612e67646f776e2e62616964752e636f6d2f646174612f7769736567616d652f353461326134653539333837316264312f307975616e74696e676368655f32312e61706b3f66726f6d3d6131313031a355&crversion=1
INFO: [ app_init ] --START--
INFO: Run Behavior\BuildLiteBehavior [ RunTime:0.000000s ]
INFO: Run Common\Behavior\InitHookBehavior [ RunTime:0.000000s ]
INFO: [ app_init ] --END-- [ RunTime:0.000000s ]
INFO: [ app_begin ] --START--
INFO: Run Behavior\ReadHtmlCacheBehavior [ RunTime:0.000000s ]
INFO: [ app_begin ] --END-- [ RunTime:0.000000s ]
ERR: 无法加载控制器:Index

[ 2015-07-20T23:14:11+08:00 ] 106.111.49.171 http://m.baidu.com/api?action=redirect&token=duoku&from=1631a&type=app&dltype=new&tj=soft_7822971_1495307_%E4%BA%91%E9%97%A8%E5%BA%97%E6%94%B6%E9%93%B6%E6%9C%BA&blink=c3e2687474703a2f2f612e67646f776e2e62616964752e636f6d2f646174612f7769736567616d652f646163303037653066386666346632352f79756e6d656e6469616e73686f7579696e6a695f322e61706b3f66726f6d3d61313130319b55&crversion=1
INFO: [ app_init ] --START--
INFO: Run Behavior\BuildLiteBehavior [ RunTime:0.000000s ]
INFO: Run Common\Behavior\InitHookBehavior [ RunTime:0.000000s ]
INFO: [ app_init ] --END-- [ RunTime:0.000000s ]
INFO: [ app_begin ] --START--
INFO: Run Behavior\ReadHtmlCacheBehavior [ RunTime:0.000000s ]
INFO: [ app_begin ] --END-- [ RunTime:0.000000s ]
ERR: 无法加载控制器:Index

[ 2015-07-20T23:14:23+08:00 ] 218.65.62.186 http://my.37.com/api/login.php?callback=jQuery18306987853845391776_1421401535020&action=login&login_account=18502796484&password=zhangpeng520&ajax=0&remember_me=0&save_state=0&ltype=2&gameid=1&backUrl=%2Fzt%2Fweixin%2F&_=
INFO: [ app_init ] --START--
INFO: Run Behavior\BuildLiteBehavior [ RunTime:0.000000s ]
INFO: Run Common\Behavior\InitHookBehavior [ RunTime:0.000000s ]
INFO: [ app_init ] --END-- [ RunTime:0.000000s ]
INFO: [ app_begin ] --START--
INFO: Run Behavior\ReadHtmlCacheBehavior [ RunTime:0.000000s ]
INFO: [ app_begin ] --END-- [ RunTime:0.000000s ]
ERR: 无法加载控制器:Login.php

[ 2015-07-20T23:16:01+08:00 ] 218.65.62.186 http://my.37.com/api/login.php?callback=jQuery18306987853845391776_1421401535020&action=login&login_account=18531163440&password=a19890313&ajax=0&remember_me=0&save_state=0&ltype=2&gameid=1&backUrl=%2Fzt%2Fweixin%2F&_=
INFO: [ app_init ] --START--
INFO: Run Behavior\BuildLiteBehavior [ RunTime:0.000000s ]
INFO: Run Common\Behavior\InitHookBehavior [ RunTime:0.000000s ]
INFO: [ app_init ] --END-- [ RunTime:0.000000s ]
INFO: [ app_begin ] --START--
INFO: Run Behavior\ReadHtmlCacheBehavior [ RunTime:0.000000s ]
INFO: [ app_begin ] --END-- [ RunTime:0.000000s ]
ERR: 无法加载控制器:Login.php

[ 2015-07-20T23:19:43+08:00 ] 218.65.62.186 http://my.37.com/api/login.php?callback=jQuery18306987853845391776_1421401535020&action=login&login_account=18910575287&password=6532007&ajax=0&remember_me=0&save_state=0&ltype=2&gameid=1&backUrl=%2Fzt%2Fweixin%2F&_=
INFO: [ app_init ] --START--
INFO: Run Behavior\BuildLiteBehavior [ RunTime:0.000000s ]
INFO: Run Common\Behavior\InitHookBehavior [ RunTime:0.000000s ]
INFO: [ app_init ] --END-- [ RunTime:0.000000s ]
INFO: [ app_begin ] --START--
INFO: Run Behavior\ReadHtmlCacheBehavior [ RunTime:0.000000s ]
INFO: [ app_begin ] --END-- [ RunTime:0.000000s ]
ERR: 无法加载控制器:Login.php

[ 2015-07-20T23:22:56+08:00 ] 106.111.49.171 http://m.baidu.com/api?action=redirect&token=duoku&from=1631a&type=app&dltype=new&tj=soft_7834854_1498124_%E7%AC%AC%E4%B8%80%E8%B4%B7%E6%AC%BE&blink=0cc9687474703a2f2f612e67646f776e2e62616964752e636f6d2f646174612f7769736567616d652f366138356262323839336439326531312f646979696461696b75616e5f3130312e61706b3f66726f6d3d6131313031a755&crversion=1
INFO: [ app_init ] --START--
INFO: Run Behavior\BuildLiteBehavior [ RunTime:0.000000s ]
INFO: Run Common\Behavior\InitHookBehavior [ RunTime:0.000000s ]
INFO: [ app_init ] --END-- [ RunTime:0.000000s ]
INFO: [ app_begin ] --START--
INFO: Run Behavior\ReadHtmlCacheBehavior [ RunTime:0.000000s ]
INFO: [ app_begin ] --END-- [ RunTime:0.000000s ]
ERR: 无法加载控制器:Index

[ 2015-07-20T23:24:29+08:00 ] 106.111.49.171 http://m.baidu.com/api?action=redirect&token=duoku&from=1631a&type=app&dltype=new&tj=soft_7751780_1471580_0%E5%85%83%E5%81%9C%E8%BD%A6&blink=8aca687474703a2f2f612e67646f776e2e62616964752e636f6d2f646174612f7769736567616d652f353461326134653539333837316264312f307975616e74696e676368655f32312e61706b3f66726f6d3d6131313031a355&crversion=1
INFO: [ app_init ] --START--
INFO: Run Behavior\BuildLiteBehavior [ RunTime:0.000000s ]
INFO: Run Common\Behavior\InitHookBehavior [ RunTime:0.000000s ]
INFO: [ app_init ] --END-- [ RunTime:0.000000s ]
INFO: [ app_begin ] --START--
INFO: Run Behavior\ReadHtmlCacheBehavior [ RunTime:0.000000s ]
INFO: [ app_begin ] --END-- [ RunTime:0.000000s ]
ERR: 无法加载控制器:Index

[ 2015-07-20T23:26:54+08:00 ] 218.65.62.186 http://my.37.com/api/login.php?callback=jQuery18306987853845391776_1421401535020&action=login&login_account=18392110946&password=fengyu123456&ajax=0&remember_me=0&save_state=0&ltype=2&gameid=1&backUrl=%2Fzt%2Fweixin%2F&_=
INFO: [ app_init ] --START--
INFO: Run Behavior\BuildLiteBehavior [ RunTime:0.000000s ]
INFO: Run Common\Behavior\InitHookBehavior [ RunTime:0.000000s ]
INFO: [ app_init ] --END-- [ RunTime:0.000000s ]
INFO: [ app_begin ] --START--
INFO: Run Behavior\ReadHtmlCacheBehavior [ RunTime:0.000000s ]
INFO: [ app_begin ] --END-- [ RunTime:0.000000s ]
ERR: 无法加载控制器:Login.php

[ 2015-07-20T23:30:30+08:00 ] 117.42.62.212 http://my.37.com/api/login.php?callback=jQuery18306987853845391776_1421401535020&action=login&login_account=djwen331&password=laodie61331&ajax=0&remember_me=0&save_state=0&ltype=2&gameid=1&backUrl=%2Fzt%2Fweixin%2F&_=
INFO: [ app_init ] --START--
INFO: Run Behavior\BuildLiteBehavior [ RunTime:0.000000s ]
INFO: Run Common\Behavior\InitHookBehavior [ RunTime:0.000000s ]
INFO: [ app_init ] --END-- [ RunTime:0.000000s ]
INFO: [ app_begin ] --START--
INFO: Run Behavior\ReadHtmlCacheBehavior [ RunTime:0.015600s ]
INFO: [ app_begin ] --END-- [ RunTime:0.015600s ]
ERR: 无法加载控制器:Login.php

[ 2015-07-20T23:36:05+08:00 ] 218.65.62.186 http://my.37.com/api/login.php?callback=jQuery18306987853845391776_1421401535020&action=login&login_account=13643884423&password=b10044518&ajax=0&remember_me=0&save_state=0&ltype=2&gameid=1&backUrl=%2Fzt%2Fweixin%2F&_=
INFO: [ app_init ] --START--
INFO: Run Behavior\BuildLiteBehavior [ RunTime:0.000000s ]
INFO: Run Common\Behavior\InitHookBehavior [ RunTime:0.000000s ]
INFO: [ app_init ] --END-- [ RunTime:0.000000s ]
INFO: [ app_begin ] --START--
INFO: Run Behavior\ReadHtmlCacheBehavior [ RunTime:0.015600s ]
INFO: [ app_begin ] --END-- [ RunTime:0.015600s ]
ERR: 无法加载控制器:Login.php

[ 2015-07-20T23:43:47+08:00 ] 218.65.62.186 http://my.37.com/api/login.php?callback=jQuery18306987853845391776_1421401535020&action=login&login_account=18922207714&password=kong1993&ajax=0&remember_me=0&save_state=0&ltype=2&gameid=1&backUrl=%2Fzt%2Fweixin%2F&_=
INFO: [ app_init ] --START--
INFO: Run Behavior\BuildLiteBehavior [ RunTime:0.000000s ]
INFO: Run Common\Behavior\InitHookBehavior [ RunTime:0.000000s ]
INFO: [ app_init ] --END-- [ RunTime:0.000000s ]
INFO: [ app_begin ] --START--
INFO: Run Behavior\ReadHtmlCacheBehavior [ RunTime:0.000000s ]
INFO: [ app_begin ] --END-- [ RunTime:0.000000s ]
ERR: 无法加载控制器:Login.php

[ 2015-07-20T23:46:46+08:00 ] 120.27.101.16 http://m.baidu.com/api?action=redirect&token=duoku&from=1631a&type=app&dltype=new&tj=game_7831837_1499551_%E9%97%AA%E8%BA%B2%E5%B0%8F%E7%90%83&blink=6526687474703a2f2f612e67646f776e2e62616964752e636f6d2f646174612f7769736567616d652f376161353034333330353331303331362f7368616e64756f7869616f7169755f322e61706b3f66726f6d3d6131313031aa55&crversion=1&r=1437407156758
INFO: [ app_init ] --START--
INFO: Run Behavior\BuildLiteBehavior [ RunTime:0.000000s ]
INFO: Run Common\Behavior\InitHookBehavior [ RunTime:0.000000s ]
INFO: [ app_init ] --END-- [ RunTime:0.000000s ]
INFO: [ app_begin ] --START--
INFO: Run Behavior\ReadHtmlCacheBehavior [ RunTime:0.000000s ]
INFO: [ app_begin ] --END-- [ RunTime:0.000000s ]
ERR: 无法加载控制器:Index

[ 2015-07-20T23:47:18+08:00 ] 218.65.62.186 http://my.37.com/api/login.php?callback=jQuery18306987853845391776_1421401535020&action=login&login_account=18221070024&password=feng19900830&ajax=0&remember_me=0&save_state=0&ltype=2&gameid=1&backUrl=%2Fzt%2Fweixin%2F&_=
INFO: [ app_init ] --START--
INFO: Run Behavior\BuildLiteBehavior [ RunTime:0.000000s ]
INFO: Run Common\Behavior\InitHookBehavior [ RunTime:0.015600s ]
INFO: [ app_init ] --END-- [ RunTime:0.015600s ]
INFO: [ app_begin ] --START--
INFO: Run Behavior\ReadHtmlCacheBehavior [ RunTime:0.000000s ]
INFO: [ app_begin ] --END-- [ RunTime:0.000000s ]
ERR: 无法加载控制器:Login.php

[ 2015-07-20T23:50:52+08:00 ] 117.42.62.212 http://my.37.com/api/login.php?callback=jQuery18306987853845391776_1421401535020&action=login&login_account=duxu3317&password=a6680480&ajax=0&remember_me=0&save_state=0&ltype=2&gameid=1&backUrl=%2Fzt%2Fweixin%2F&_=
INFO: [ app_init ] --START--
INFO: Run Behavior\BuildLiteBehavior [ RunTime:0.000000s ]
INFO: Run Common\Behavior\InitHookBehavior [ RunTime:0.015600s ]
INFO: [ app_init ] --END-- [ RunTime:0.015600s ]
INFO: [ app_begin ] --START--
INFO: Run Behavior\ReadHtmlCacheBehavior [ RunTime:0.000000s ]
INFO: [ app_begin ] --END-- [ RunTime:0.000000s ]
ERR: 无法加载控制器:Login.php

[ 2015-07-20T23:51:53+08:00 ] 218.65.62.186 http://my.37.com/api/login.php?callback=jQuery18306987853845391776_1421401535020&action=login&login_account=18170071769&password=19930610ri&ajax=0&remember_me=0&save_state=0&ltype=2&gameid=1&backUrl=%2Fzt%2Fweixin%2F&_=
INFO: [ app_init ] --START--
INFO: Run Behavior\BuildLiteBehavior [ RunTime:0.000000s ]
INFO: Run Common\Behavior\InitHookBehavior [ RunTime:0.015600s ]
INFO: [ app_init ] --END-- [ RunTime:0.015600s ]
INFO: [ app_begin ] --START--
INFO: Run Behavior\ReadHtmlCacheBehavior [ RunTime:0.000000s ]
INFO: [ app_begin ] --END-- [ RunTime:0.000000s ]
ERR: 无法加载控制器:Login.php

[ 2015-07-20T23:51:57+08:00 ] 120.27.101.16 http://m.baidu.com/api?action=redirect&token=duoku&from=1631a&type=app&dltype=new&tj=game_7831837_1499551_%E9%97%AA%E8%BA%B2%E5%B0%8F%E7%90%83&blink=6526687474703a2f2f612e67646f776e2e62616964752e636f6d2f646174612f7769736567616d652f376161353034333330353331303331362f7368616e64756f7869616f7169755f322e61706b3f66726f6d3d6131313031aa55&crversion=1&r=1437407467481
INFO: [ app_init ] --START--
INFO: Run Behavior\BuildLiteBehavior [ RunTime:0.000000s ]
INFO: Run Common\Behavior\InitHookBehavior [ RunTime:0.000000s ]
INFO: [ app_init ] --END-- [ RunTime:0.015600s ]
INFO: [ app_begin ] --START--
INFO: Run Behavior\ReadHtmlCacheBehavior [ RunTime:0.000000s ]
INFO: [ app_begin ] --END-- [ RunTime:0.000000s ]
ERR: 无法加载控制器:Index

[ 2015-07-20T23:52:03+08:00 ] 218.65.62.186 http://my.37.com/api/login.php?callback=jQuery18306987853845391776_1421401535020&action=login&login_account=18627155373&password=ghc105924&ajax=0&remember_me=0&save_state=0&ltype=2&gameid=1&backUrl=%2Fzt%2Fweixin%2F&_=
INFO: [ app_init ] --START--
INFO: Run Behavior\BuildLiteBehavior [ RunTime:0.000000s ]
INFO: Run Common\Behavior\InitHookBehavior [ RunTime:0.000000s ]
INFO: [ app_init ] --END-- [ RunTime:0.000000s ]
INFO: [ app_begin ] --START--
INFO: Run Behavior\ReadHtmlCacheBehavior [ RunTime:0.000000s ]
INFO: [ app_begin ] --END-- [ RunTime:0.000000s ]
ERR: 无法加载控制器:Login.php

[ 2015-07-20T23:56:14+08:00 ] 117.42.62.212 http://my.37.com/api/login.php?callback=jQuery18306987853845391776_1421401535020&action=login&login_account=hieili&password=honey0330&ajax=0&remember_me=0&save_state=0&ltype=2&gameid=1&backUrl=%2Fzt%2Fweixin%2F&_=
INFO: [ app_init ] --START--
INFO: Run Behavior\BuildLiteBehavior [ RunTime:0.000000s ]
INFO: Run Common\Behavior\InitHookBehavior [ RunTime:0.015600s ]
INFO: [ app_init ] --END-- [ RunTime:0.015600s ]
INFO: [ app_begin ] --START--
INFO: Run Behavior\ReadHtmlCacheBehavior [ RunTime:0.000000s ]
INFO: [ app_begin ] --END-- [ RunTime:0.000000s ]
ERR: 无法加载控制器:Login.php

[ 2015-07-20T23:58:19+08:00 ] 106.111.49.171 http://m.baidu.com/api?action=redirect&token=duoku&from=1631a&type=app&dltype=new&tj=soft_7822971_1495307_%E4%BA%91%E9%97%A8%E5%BA%97%E6%94%B6%E9%93%B6%E6%9C%BA&blink=c3e2687474703a2f2f612e67646f776e2e62616964752e636f6d2f646174612f7769736567616d652f646163303037653066386666346632352f79756e6d656e6469616e73686f7579696e6a695f322e61706b3f66726f6d3d61313130319b55&crversion=1
INFO: [ app_init ] --START--
INFO: Run Behavior\BuildLiteBehavior [ RunTime:0.000000s ]
INFO: Run Common\Behavior\InitHookBehavior [ RunTime:0.000000s ]
INFO: [ app_init ] --END-- [ RunTime:0.000000s ]
INFO: [ app_begin ] --START--
INFO: Run Behavior\ReadHtmlCacheBehavior [ RunTime:0.000000s ]
INFO: [ app_begin ] --END-- [ RunTime:0.000000s ]
ERR: 无法加载控制器:Index

